1
 
 
 
 
                     THIS PROGRAM IS CONFIDENTIAL AND A TRADE SECRET OF MSC.SOFTWARE CORPORATION.  THE RECEIPT OR    
                  POSSESSION OF THIS PROGRAM DOES NOT CONVEY ANY RIGHTS TO REPRODUCE OR DISCLOSE ITS CONTENTS, OR TO 
                 MANUFACTURE, USE, OR SELL ANYTHING HEREIN, IN WHOLE OR IN PART, WITHOUT THE SPECIFIC WRITTEN CONSENT
                                                    OF MSC.SOFTWARE CORPORATION.                                     
 
 
                                              * * * * * * * * * * * * * * * * * * * *
                                              * * * * * * * * * * * * * * * * * * * *
                                              * *                                 * *
                                              * *           MSC.SOFTWARE          * *
                                              * *               CORP              * *
                                              * *                                 * *
                                              * *      M S C . N a s t r a n      * *
                                              * *                                 * *
                                              * *                                 * *
                                              * *                                 * *
                                              * *        Version 2005.1.0         * *
                                              * *             2005R2              * *
                                              * *                                 * *
                                              * *                                 * *
                                              * *          JUN 17, 2005           * *
                                              * *                                 * *
                                              * *              Intel              * *
                                              * *MODEL PentiumIII/2525 (sdoyle-de * *
                                              * *   Windows XP 6.1 (Build 7601)   * *
                                              * *                                 * *
                                              * *                                 * *
                                              * * * * * * * * * * * * * * * * * * * *
                                              * * * * * * * * * * * * * * * * * * * *
1                                                                              JULY  12, 2016  MSC.NASTRAN  6/17/05   PAGE     1
                                                                                                                                    
0        N A S T R A N    F I L E    A N D    S Y S T E M    P A R A M E T E R    E C H O                                           
0                                                                                                                                   
                                                                                                                                    
                                                                                                                                    
     NASTRAN OP2NEW=0 $ MSC.NASTRAN .LCL FILE                                        
     NASTRAN BUFFSIZE=8193 $(C:/MSC.SOFTWARE/MSC.NASTRAN/CONF/NAST20051.RCF[2])      
     NASTRAN REAL=2144075776 $(PROGRAM DEFAULT)                                      
     $ SYSTEM DESCRIPTION                                                            
     $ ==================                                                            
     $                                                    ACTUATOR                   
     $                  ________              _______      _____    _______          
     $   /|     K1     |        |     K2     |       |    |  |     |       |         
     $   /|---/\/\/\---|   M1   |---/\/\/\---|   M2  |----|  |-----|   M3  |         
     $   /|            |________|            |_______|    |__|__   |_______|         
     $                                                                               
     $                                                                               
     $   THE ACTUATOR IS DEFINED BY THE FOLLOWING TRANSFER FUNCTIONS:                
     $                                                                               
     $          DELTA = H_DELTA(S) * DELTA_COMMANDED + H_F(S) * F_ACTUATOR           
     $                                                                               
     $   WHERE:                                                                      
     $    - DELTA IS THE ACTUATOR ELONGATION ( DELTA = X_3 - X_2 )                   
     $    - DELTA_COMMANDED IS THE ACTUATOR COMMANDED POSITION (THAT IS AN INPUT OF T
     $      IF A CONTROL SYSTEM WERE IMPLEMENTED, IT WOULD BE LINKED TO SOME SENSORS 
     $      OF SOME OTHER TRANSFER FUNCTIONS)                                        
     $    - F_ACTUATOR IS THE FORCE EXERTED BY THE ACTUATOR.                         
     $                                                                               
     $   IN THIS PARTICULAR EXAMPLE                                                  
     $                                                                               
     $                            1                                                  
     $          H_DELTA(S) = -----------                                             
     $                        1 + 0.1 S                                              
     $                     1                                                         
     $          H_F(S) = -----                                                       
     $                    100                                                        
     $                                                                               
     $   AN SPOINT WAS USED TO MEASURE THE ACTUATOR ELONGATION                       
     $                                                                               
     $     S_1001 = X_3 - X_2    (THAT IS A MEASURE OF DELTA)                        
     $                                                                               
     $                                                                               
     $   AN EPOINT WAS ADDED IN ORDER TO MODEL H_DELTA(S), AS:                       
     $                                                                               
     $                        1                                                      
     $          E_2001 = ----------- * DELTA_COMMANDED(S)                            
     $                    1 + 0.1 S                                                  
     $                                                                               
     $   THE EPOINT IS NEEDED WHENEVER THE IMPLEMENTATION OF A TRANSFER FUNCTIONS NEE
     $   INTRODUCTION OF NEW STATES.                                                 
     $   THE DECLARATION OF AN EPOINT ADDS AN EMPTY ROW TO THE MATRICES OF THE DYNAMI
     $   SYSTEM.                                                                     
     $                                                                               
     $   THE RELATION (5) IS CONVERTED IN THE TIME DOMAIN AS                         
     $                                                                               
1                                                                              JULY  12, 2016  MSC.NASTRAN  6/17/05   PAGE     2
                                                                                                                                    
0        N A S T R A N    F I L E    A N D    S Y S T E M    P A R A M E T E R    E C H O                                           
0                                                                                                                                   
                                                                                                                                    
                                                                                                                                    
     $                .                                                              
     $          0.1 * E_2001 + E_2001 = DELTA_COMMANDED                              
     $                                                                               
     $   AND IT IS INSERTED IN THE EMPTY ROW CREATED BY DECLARING THE EPOINT BY USING
     $   TF CARD AT LINE 167 OF THE PRESENT BDF FILE.                                
     $                                                                               
     $                                                                               
     $   THE TF CARD AT LINE 174 IS FINALLY USED TO IMPOSE THE ACTUATOR FORCE ON THE 
     $   DYNAMIC SYSTEM, BY REVERTING RELATION (1) AS:                               
     $                                                                               
     $                       /   1   \-1     /                 \                     
     $          F_ACTUATOR = | ----- |    *  | S_1001 - E_2001 |                     
     $                       \  100  /       \                 /                     
     $                                                                               
     $=*=*=*=*=*=*=*=*=*=*=*=*=*=*=*=*=*=*=*=*=*=*=*=*=*=*=*=*=*=*=*=*=*=*=*=*=*=*=$ 
     $                                                                             $ 
     $                               EXECUTIVE CONTROL                             $ 
     $                                                                             $ 
     $ - - - - - - - - - - - - - - - - - - - - - - - - - - - - - - - - - - - - - - $ 
1                                                                              JULY  12, 2016  MSC.NASTRAN  6/17/05   PAGE     3
                                                                                                                                    
0        N A S T R A N    E X E C U T I V E    C O N T R O L    E C H O                                                             
0                                                                                                                                   
                                                                                                                                    
                                                                                                                                    
     SOL 110                                                                                 
     TIME 100                                                                                
     CEND                                                                                    
1    ACTUATOR TF MODELING                                                      JULY  12, 2016  MSC.NASTRAN  6/17/05   PAGE     4
                                                                                                                                    
0                                                                                                                                   
0                                        C A S E    C O N T R O L    E C H O                                                        
                 COMMAND                                                                                                            
                 COUNT                                                                                                              
                  1                                                                                              
                  2                                                                                              
                  3                                                                                              
                  4      $=*=*=*=*=*=*=*=*=*=*=*=*=*=*=*=*=*=*=*=*=*=*=*=*=*=*=*=*=*=*=*=*=*=*=*=        *=*=*=$ 
                  5      $                                                                                     $ 
                  6      $                                 CASE CONTROL                                        $ 
                  7      $                                                                                     $ 
                  8      $ - - - - - - - - - - - - - - - - - - - - - - - - - - - - - - - - - - -         - - - $ 
                  9                                                                                              
                 10      TITLE   = ACTUATOR TF MODELING                                                          
                 11      ECHO    = SORT                                                                          
                 12      DISP(PLOT) = ALL                                                                        
                 13      STRESS(PLOT) = ALL                                                                      
                 14      AUTOSPC = NO                                                                            
                 15      MPC     = 100                                                                           
                 16      TFL     = 101                                                                           
                 17      METHOD  = 301                                                                           
                 18      CMETHOD = 302                                                                           
                 19                                                                                              
                 20                                                                                              
                 21                                                                                              
                 22      $=*=*=*=*=*=*=*=*=*=*=*=*=*=*=*=*=*=*=*=*=*=*=*=*=*=*=*=*=*=*=*=*=*=*=*=        *=*=*=$ 
                 23      $                                                                                     $ 
                 24      $                                  BULK DATA                                          $ 
                 25      $                                                                                     $ 
                 26      $ - - - - - - - - - - - - - - - - - - - - - - - - - - - - - - - - - - -         - - - $ 
                 27                                                                                              
                 28      BEGIN BULK                                                                              
 *** USER WARNING MESSAGE 324 (XSORSO)
     BLANK ENTRIES ENCOUNTERED WILL BE IGNORED.
0                             INPUT BULK DATA ENTRY COUNT =      73
1    ACTUATOR TF MODELING                                                      JULY  12, 2016  MSC.NASTRAN  6/17/05   PAGE     5
                                                                                                                                    
0                                                                                                                                   
0                                                 S O R T E D   B U L K   D A T A   E C H O                                         
                 ENTRY                                                                                                              
                 COUNT        .   1  ..   2  ..   3  ..   4  ..   5  ..   6  ..   7  ..   8  ..   9  ..  10  .                      
                    1-        CELAS2  21      1.0     1       1                                               
                    2-        CELAS2  22      1.5     1       1       2       1                               
                    3-        CONM2   11      1               1.0                                             
                    4-        CONM2   12      2               2.0                                             
                    5-        CONM2   13      3               0.4                                             
                    6-        EIGC    302     HESS    MAX                             8                       
                    7-        EIGR    301     LAN                             3                        +000001
                    8-        ++000001MAX                                                              +000002
                    9-        EPOINT  2001                                                                    
                   10-        GRID    1               1.000   0.000   0.000           23456                   
                   11-        GRID    2               2.000   0.000   0.000           23456                   
                   12-        GRID    3               3.000   0.000   0.000           23456                   
                   13-        MPC     100     1001            1.0     3       1       -1.0             +000005
                   14-        ++000005        2       1       1.0                                      +000006
                   15-        PARAM   POST    -1                                                              
                   16-        SPOINT  1001                                                                    
                   17-        TF      101     1001            100.    0.0     0.0                      +000003
                   18-        ++0000032001            -100.   0.0     0.0                              +000004
                   19-        TF      101     2001            1.0     0.1     0.0                             
                              ENDDATA 
0                       TOTAL COUNT=        20


                                        M O D E L   S U M M A R Y

                                   NUMBER OF GRID     POINTS   =        3
                                   NUMBER OF SPOINT   ENTRIES  =        1
 
                                   NUMBER OF CELAS2   ELEMENTS =        2
                                   NUMBER OF CONM2    ELEMENTS =        3
 
 *** USER INFORMATION MESSAGE 4109 (OUTPX2)
     THE LABEL IS XXXXXXXX FOR FORTRAN UNIT 12
     (MAXIMUM SIZE OF FORTRAN RECORDS WRITTEN =        7 WORDS.)
     (NUMBER OF FORTRAN RECORDS WRITTEN =          8 RECORDS.)
     (TOTAL DATA WRITTEN FOR TAPE LABEL = WORDS.)
 *** USER INFORMATION MESSAGE 4114 (OUTPX2)
     DATA BLOCK GEOM1X   WRITTEN ON FORTRAN UNIT 12, TRL =
                    101                 0                 0                 8                 0                 0                 0
     NAME OF DATA BLOCK WRITTEN ON FORTRAN UNIT IS GEOM1.
        (MAXIMUM POSSIBLE FORTRAN RECORD SIZE =       16386 WORDS.)
     (MAXIMUM SIZE OF FORTRAN RECORDS WRITTEN =          27 WORDS.)
           (NUMBER OF FORTRAN RECORDS WRITTEN =          20 RECORDS.)
           (TOTAL DATA WRITTEN FOR DATA BLOCK =          58 WORDS.)
1    ACTUATOR TF MODELING                                                      JULY  12, 2016  MSC.NASTRAN  6/17/05   PAGE     6
                                                                                                                                    
0                                                                                                                                   
0                                                                                                                                   
                                                                                                                                    
                                                                                                                                    
 *** USER INFORMATION MESSAGE 4114 (OUTPX2)
     DATA BLOCK GEOM2X   WRITTEN ON FORTRAN UNIT 12, TRL =
                    102               514                 0                 0             32768                 0                 0
     NAME OF DATA BLOCK WRITTEN ON FORTRAN UNIT IS GEOM2.
        (MAXIMUM POSSIBLE FORTRAN RECORD SIZE =       16386 WORDS.)
     (MAXIMUM SIZE OF FORTRAN RECORDS WRITTEN =          42 WORDS.)
           (NUMBER OF FORTRAN RECORDS WRITTEN =          30 RECORDS.)
           (TOTAL DATA WRITTEN FOR DATA BLOCK =         104 WORDS.)
 *** USER INFORMATION MESSAGE 4114 (OUTPX2)
     DATA BLOCK GEOM4X   WRITTEN ON FORTRAN UNIT 12, TRL =
                    104                 0                 0                 0             32768                 0                 0
     NAME OF DATA BLOCK WRITTEN ON FORTRAN UNIT IS GEOM4.
        (MAXIMUM POSSIBLE FORTRAN RECORD SIZE =       16386 WORDS.)
     (MAXIMUM SIZE OF FORTRAN RECORDS WRITTEN =          16 WORDS.)
           (NUMBER OF FORTRAN RECORDS WRITTEN =          20 RECORDS.)
           (TOTAL DATA WRITTEN FOR DATA BLOCK =          47 WORDS.)
 *** USER INFORMATION MESSAGE 4114 (OUTPX2)
     DATA BLOCK DYNAMICS WRITTEN ON FORTRAN UNIT 12, TRL =
                    103             25088                 0                 0                 4                 0                 0
     NAME OF DATA BLOCK WRITTEN ON FORTRAN UNIT IS DYNAMICS.
        (MAXIMUM POSSIBLE FORTRAN RECORD SIZE =       16386 WORDS.)
     (MAXIMUM SIZE OF FORTRAN RECORDS WRITTEN =          30 WORDS.)
           (NUMBER OF FORTRAN RECORDS WRITTEN =          35 RECORDS.)
           (TOTAL DATA WRITTEN FOR DATA BLOCK =         111 WORDS.)
1    ACTUATOR TF MODELING                                                      JULY  12, 2016  MSC.NASTRAN  6/17/05   PAGE     7
                                                                                                                                    
0                                                                                                                                   
 *** USER INFORMATION MESSAGE 7310 (VECPRN)
     ORIGIN OF SUPERELEMENT BASIC COORDINATE SYSTEM WILL BE USED AS REFERENCE LOCATION.
     RESULTANTS ABOUT ORIGIN OF SUPERELEMENT BASIC COORDINATE SYSTEM IN SUPERELEMENT BASIC SYSTEM COORDINATES.
0                                                  OLOAD    RESULTANT       
  SUBCASE/    LOAD
  DAREA ID    TYPE       T1            T2            T3            R1            R2            R3
0        1     FX    0.000000E+00     ----          ----          ----       0.000000E+00  0.000000E+00                             
               FY       ----       0.000000E+00     ----       0.000000E+00     ----       0.000000E+00                             
               FZ       ----          ----       0.000000E+00  0.000000E+00  0.000000E+00     ----                                  
               MX       ----          ----          ----       0.000000E+00     ----          ----                                  
               MY       ----          ----          ----          ----       0.000000E+00     ----                                  
               MZ       ----          ----          ----          ----          ----       0.000000E+00                             
             TOTALS  0.000000E+00  0.000000E+00  0.000000E+00  0.000000E+00  0.000000E+00  0.000000E+00
1    ACTUATOR TF MODELING                                                      JULY  12, 2016  MSC.NASTRAN  6/17/05   PAGE     8
                                                                                                                                    
0                                                                                                                                   
0                                         G R I D   P O I N T   S I N G U L A R I T Y   T A B L E
0                             POINT    TYPE   FAILED      STIFFNESS       OLD USET           NEW USET
                               ID            DIRECTION      RATIO     EXCLUSIVE  UNION   EXCLUSIVE  UNION
                                3        G      1         0.00E+00          B        F         B        F     
 *** USER INFORMATION MESSAGE 5458 (REIG)
     QL HOUSEHOLDER METHOD IS AUTOMATICALLY SELECTED .
1    ACTUATOR TF MODELING                                                      JULY  12, 2016  MSC.NASTRAN  6/17/05   PAGE     9
                                                                                                                                    
0                                                                                                                                   
 
                                              R E A L   E I G E N V A L U E S
                                         (BEFORE AUGMENTATION OF RESIDUAL VECTORS)
   MODE    EXTRACTION      EIGENVALUE            RADIANS             CYCLES            GENERALIZED         GENERALIZED
    NO.       ORDER                                                                       MASS              STIFFNESS
        1         1        0.0                 0.0                 0.0                 4.000000E-01        0.0
        2         2        2.500000E-01        5.000000E-01        7.957747E-02        2.444444E+00        6.111111E-01
        3         3        3.000000E+00        1.732051E+00        2.756644E-01        1.222222E+00        3.666667E+00
1    ACTUATOR TF MODELING                                                      JULY  12, 2016  MSC.NASTRAN  6/17/05   PAGE    10
                                                                                                                                    
0                                                                                                                                   
  
 *** SYSTEM INFORMATION MESSAGE 4159 (DFMSA)
     THE DECOMPOSITION OF KYY      YIELDS A MAXIMUM MATRIX-TO-FACTOR-DIAGONAL RATIO OF    2.500000E+00
 *** USER WARNING MESSAGE 4698 (DCMPD)
     STATISTICS FOR DECOMPOSITION OF MATRIX KYY.
     THE FOLLOWING DEGREES OF FREEDOM HAVE FACTOR DIAGONAL RATIOS GREATER THAN
     1.000000E+07 OR HAVE NEGATIVE TERMS ON THE FACTOR DIAGONAL.
     USER INFORMATION:
     THIS MESSAGE MAY BE IGNORED IF NO GRID POINT IDS OR HIGH RATIO MESSAGES APPEAR IN THE TABLE ON THE NEXT PAGE.
 ^^^     
 ^^^ USER INFORMATION MESSAGE 9035 (RESLOAD )    
 ^^^ THE NUMBER OF MODES IS EQUAL TO THE NUMBER OF DOFS. 
 ^^^ RESIDUAL VECTORS WILL NOT BE CALCULATED.    
 ^^^     
1    ACTUATOR TF MODELING                                                      JULY  12, 2016  MSC.NASTRAN  6/17/05   PAGE    11
                                                                                                                                    
0                                                                                                                                   
1    ACTUATOR TF MODELING                                                      JULY  12, 2016  MSC.NASTRAN  6/17/05   PAGE    12
                                                                                                                                    
0                                                                                                                                   
 *** USER INFORMATION MESSAGE 5218 (CLASD*)
         1 INFINITE ROOTS AND     0 INDETERMINATE ROOTS HAVE BEEN FOUND, FOR A PROBLEM SIZE OF     8.
     EIGENSOLUTIONS ARE NOT PROVIDED FOR INFINITE OR INDETERMINATE ROOTS.
 *** USER INFORMATION MESSAGE 5444 (CLASD*)
     REQUIRED NUMBER OF ROOTS HAVE BEEN FOUND.
 *** USER INFORMATION MESSAGE 7382 (CLASD*)
     LARGEST NORMALIZED RESIDUAL FOR COMPLEX EIGENSOLUTION IS .417E-15
1    ACTUATOR TF MODELING                                                      JULY  12, 2016  MSC.NASTRAN  6/17/05   PAGE    13
                                                                                                                                    
0                                                                                                                                   
1    ACTUATOR TF MODELING                                                      JULY  12, 2016  MSC.NASTRAN  6/17/05   PAGE    14
                                                                                                                                    
0                                                                                                                                   
 
                                        C O M P L E X   E I G E N V A L U E   S U M M A R Y
0                ROOT     EXTRACTION                  EIGENVALUE                     FREQUENCY              DAMPING
                  NO.        ORDER             (REAL)           (IMAG)                (CYCLES)            COEFFICIENT
                      1           3          0.0             -4.633926E-01          7.375123E-02          0.0
                      2           4          0.0              4.633926E-01          7.375123E-02          0.0
                      3           5          0.0             -1.705689E+00          2.714688E-01          0.0
                      4           6          0.0              1.705689E+00          2.714688E-01          0.0
                      5           7         -1.000000E+01     0.0                   0.0                   0.0
                      6           1          0.0             -1.732414E+01          2.757223E+00          0.0
                      7           2          0.0              1.732414E+01          2.757223E+00          0.0
1    ACTUATOR TF MODELING                                                      JULY  12, 2016  MSC.NASTRAN  6/17/05   PAGE    15
                                                                                                                                    
0                                                                                                                                   
 *** USER INFORMATION MESSAGE 4114 (OUTPX2)
     DATA BLOCK OUGV1    WRITTEN ON FORTRAN UNIT 12, TRL =
                    101                 0               392                 0                 0                 0                 2
     NAME OF DATA BLOCK WRITTEN ON FORTRAN UNIT IS OUGV1.
        (MAXIMUM POSSIBLE FORTRAN RECORD SIZE =       16386 WORDS.)
     (MAXIMUM SIZE OF FORTRAN RECORDS WRITTEN =         146 WORDS.)
           (NUMBER OF FORTRAN RECORDS WRITTEN =          80 RECORDS.)
           (TOTAL DATA WRITTEN FOR DATA BLOCK =        1495 WORDS.)
1    ACTUATOR TF MODELING                                                      JULY  12, 2016  MSC.NASTRAN  6/17/05   PAGE    16
                                                                                                                                    
0                                                                                                                                   
1    ACTUATOR TF MODELING                                                      JULY  12, 2016  MSC.NASTRAN  6/17/05   PAGE    17
                                                                                                                                    
0                                                                                                                                   
 *** USER INFORMATION MESSAGE 4114 (OUTPX2)
     DATA BLOCK OES1X    WRITTEN ON FORTRAN UNIT 12, TRL =
                    101                63                 7                12                16                 0                 2
     NAME OF DATA BLOCK WRITTEN ON FORTRAN UNIT IS OES1X.
        (MAXIMUM POSSIBLE FORTRAN RECORD SIZE =       16386 WORDS.)
     (MAXIMUM SIZE OF FORTRAN RECORDS WRITTEN =         146 WORDS.)
           (NUMBER OF FORTRAN RECORDS WRITTEN =          80 RECORDS.)
           (TOTAL DATA WRITTEN FOR DATA BLOCK =        1145 WORDS.)
 *** USER INFORMATION MESSAGE 4110 (OUTPX2)
                                 END-OF-DATA SIMULATION ON FORTRAN UNIT 12
                                 (MAXIMUM SIZE OF FORTRAN RECORDS WRITTEN =      1 WORDS.)
                                       (NUMBER OF FORTRAN RECORDS WRITTEN =      1 RECORDS.)
                                       (TOTAL DATA WRITTEN FOR EOF MARKER =      1 WORDS.)
1    ACTUATOR TF MODELING                                                      JULY  12, 2016  MSC.NASTRAN  6/17/05   PAGE    18
                                                                                                                                    
0                                                                                                                                   
 * * * *  D B D I C T   P R I N T  * * * *      SUBDMAP = PRTSUM  ,  DMAP STATEMENT NO.     30



0                                   * * * *  A N A L Y S I S  S U M M A R Y  T A B L E  * * * *
0 SEID  PEID PROJ VERS APRCH      SEMG SEMR SEKR SELG SELR MODES DYNRED SOLLIN PVALID SOLNL LOOPID DESIGN CYCLE SENSITIVITY
 --------------------------------------------------------------------------------------------------------------------------
     0     0    1    1 '        '    T    T    T    T    T     T      F      T      0     F     -1            0           F
0SEID = SUPERELEMENT ID.
 PEID = PRIMARY SUPERELEMENT ID OF IMAGE SUPERELEMENT.
 PROJ = PROJECT ID NUMBER.
 VERS = VERSION ID.
 APRCH = BLANK FOR STRUCTURAL ANALYSIS.  HEAT FOR HEAT TRANSFER ANALYSIS.
 SEMG = STIFFNESS AND MASS MATRIX GENERATION STEP.
 SEMR = MASS MATRIX REDUCTION STEP (INCLUDES EIGENVALUE SOLUTION FOR MODES).
 SEKR = STIFFNESS MATRIX REDUCTION STEP.
 SELG = LOAD MATRIX GENERATION STEP.
 SELR = LOAD MATRIX REDUCTION STEP. 
 MODES = T (TRUE) IF NORMAL MODES OR BUCKLING MODES CALCULATED.
 DYNRED = T (TRUE) MEANS GENERALIZED DYNAMIC AND/OR COMPONENT MODE REDUCTION PERFORMED.
 SOLLIN = T (TRUE) IF LINEAR SOLUTION EXISTS IN DATABASE.
 PVALID = P-DISTRIBUTION ID OF P-VALUE FOR P-ELEMENTS
 LOOPID = THE LAST LOOPID VALUE USED IN THE NONLINEAR ANALYSIS.  USEFUL FOR RESTARTS.
 SOLNL = T (TRUE) IF NONLINEAR SOLUTION EXISTS IN DATABASE.
 DESIGN CYCLE = THE LAST DESIGN CYCLE (ONLY VALID IN OPTIMIZATION).
 SENSITIVITY = SENSITIVITY MATRIX GENERATION FLAG.
 
 No PARAM values were set in the Control File.
 
1                                        * * * END OF JOB * * *
 
 
