1
 
 
 
 
                                                             
                 Copyright 2018 Siemens Product Lifecycle    
                        Management Software Inc.             
                         All Rights Reserved.                
                                                             
               This software and related documentation are   
                 proprietary to Siemens Product Lifecycle    
                        Management Software Inc.             
                                                             
              Siemens and the Siemens logo are registered    
           trademarks of Siemens AG. Simcenter is a trademark
              or registered trademark of Siemens Product     
               Lifecycle Management Software Inc. or its     
             subsidiaries in the United States and in other  
             countries.  NASTRAN is a registered trademark   
                 of the National Aeronautics and Space       
                 Administration.  All other trademarks,      
              registered trademarks or service marks belong  
                      to their respective holders.           
                                                             
           LIMITATIONS TO U.S. GOVERNMENT RIGHTS. UNPUBLISHED
           - RIGHTS RESERVED UNDER THE COPYRIGHT LAWS OF THE 
            UNITED STATES. This computer software and related
               computer software documentation have been     
            developed exclusively at private expense and are 
           provided subject to the following rights:  If this
               computer software and computer  software      
            documentation qualify as "commercial items" (as  
             that term is defined in FAR 2.101), their use,  
            duplication or disclosure by the U.S. Government 
           is subject to the protections and restrictions as 
            set forth in the Siemens commercial license for  
            software and/or documentation, as prescribed in  
           FAR 12.212 and FAR 27.405(b)(2)(i) (for civilian  
             agencies) and in DFARS 227.7202-1(a) and DFARS  
           227.7202-3(a) (for the Department of Defense), or 
           any successor or similar regulation, as applicable
           or as amended from time to time.  If this computer
           software and computer documentation do not qualify
            as "commercial items", then they are "restricted 
           computer software" and are provided with "restric-
            tive rights", and their use, duplication or dis- 
            closure by the U.S. Government is subject to the 
            protections and restrictions as set forth in FAR 
           27.404(b) and FAR 52-227-14 (for civilian agencies
           ), and DFARS 227.7203-5(c) and DFARS 252.227-7014 
           (for the Department of Defense), or any successor 
           or similar regulation, as applicable or as amended
              from time to time.  Siemens PLM Software Inc.  
            5800 Granite Parkway, Suite 600, Plano, TX 75024 

                * * * * * * * * * * * * * * * * * * * *
                * * * * * * * * * * * * * * * * * * * *
                * *                                 * *
                * *                                 * *
                * *                                 * *
                * *                                 * *
                * *     Simcenter Nastran 2019.2    * *
                * *                                 * *
                * *       VERSION - 1872.0150       * *
                * *                                 * *
                * *          MAY  9, 2019           * *
                * *                                 * *
                * *                                 * *
                * *Intel64 Family 6 Model 158 Stepp * *
                * *                                 * *
                * *MODEL Intel(R) Core(TM) i7-7820H * *
                * *                                 * *
                * *           Windows 10            * *
                * *                                 * *
                * *       Compiled for X86-64       * *
                * *                                 * *
                * * * * * * * * * * * * * * * * * * * *
                * * * * * * * * * * * * * * * * * * * *
1 
  
                  Welcome to Simcenter Nastran 2019.1
                  -----------------------------------
  
  
 This "news" information can be turned off by setting "news=no" in the runtime
 configuration (RC) file.  The "news" keyword can be set in the system RC file
 for global, or multi-user control, and in a local file for local control.
 Individual jobs can be controlled by setting news to yes or no on the command
 line.
1                                                                         SEPTEMBER   3, 2021  SIMCENTER NASTRAN  5/ 9/19   PAGE     1
                                                                                                                                    
0        N A S T R A N    F I L E    A N D    S Y S T E M    P A R A M E T E R    E C H O                                           
0                                                                                                                                   
                                                                                                                                    
                                                                                                                                    
     NASTRAN BUFFSIZE=32769 $(C:/PROGRAM FILES/SIEMENS/SIMCENTERNASTRAN_2019.2/CONF/N
     NASTRAN BUFFPOOL=11738                                                          
     NASTRAN DIAGA=128 DIAGB=0 $(C:/PROGRAM FILES/SIEMENS/SIMCENTERNASTRAN_2019.2/CON
     NASTRAN REAL=4273602560 $(MEMORY LIMIT FOR MPI AND OTHER SPECIALIZED MODULES)   
     $ASSIGN MASTER='S:\BEAM_RA.MASTER', DELETE                                      
     $ASSIGN DBALL='S:\BEAM_RA.DBALL', DELETE                                        
     $*                                                                              
1                                                                         SEPTEMBER   3, 2021  SIMCENTER NASTRAN  5/ 9/19   PAGE     2
                                                                                                                                    
0        N A S T R A N    E X E C U T I V E    C O N T R O L    E C H O                                                             
0                                                                                                                                   
                                                                                                                                    
                                                                                                                                    
     SOL SEMODES                                                                             
     $                                                                                       
     $INCLUDE 'PCHDISPA.ALT'                                                                 
     $*                                                                                      
     CEND                                                                                    
1    SIMPLE BEAM EXAMPLE                                                  SEPTEMBER   3, 2021  SIMCENTER NASTRAN  5/ 9/19   PAGE     3
      MODES                                                                                                                         
0                                                                                                                                   
0                                        C A S E    C O N T R O L    E C H O                                                        
                 COMMAND                                                                                                            
                 COUNT                                                                                                              
                  1      $*                                                                                      
                  2      $*$$$$$$$$$$$$$$$$$$$$$$$$$$$$$$$$$$$$$$                                                
                  3      $*                                                                                      
                  4      $*  CASE CONTROL                                                                        
                  5      $*                                                                                      
                  6      $*$$$$$$$$$$$$$$$$$$$$$$$$$$$$$$$$$$$$$$                                                
                  7      $*                                                                                      
                  8      TITLE    = SIMPLE BEAM EXAMPLE                                                          
                  9      SUBTITLE = MODES                                                                        
                 10      ECHO     = SORT                                                                         
                 11      $*                                                                                      
                 12      $* GLOBAL CASE                                                                          
                 13      $*                                                                                      
                 14      SPC = 1                                                                                 
                 15      ELFOR(PLOT)=ALL                                                                         
                 16      STRESS(PLOT)=ALL                                                                        
                 17      METHOD = 1                                                                              
                 18      DISP = ALL                                                                              
                 19      OUTPUT(XYPLOT)                                                                          
                 20      XYPRINT DISP / 1(T2), 2(T2), 3(T2), 4(T2)                                               
                 21      $*                                                                                      
                 22      $*$$$$$$$$$$$$$$$$$$$$$$$$$$$$$$$$$$$$$$                                                
                 23      $*                                                                                      
                 24      $*  BULK DATA                                                                           
                 25      $*                                                                                      
                 26      $*$$$$$$$$$$$$$$$$$$$$$$$$$$$$$$$$$$$$$$                                                
                 27      $*                                                                                      
                 28      BEGIN BULK                                                                              
 *** USER WARNING MESSAGE 324 (XSORSO)
     BLANK ENTRIES ENCOUNTERED WILL BE IGNORED.
0                             INPUT BULK DATA ENTRY COUNT =          79
1    SIMPLE BEAM EXAMPLE                                                  SEPTEMBER   3, 2021  SIMCENTER NASTRAN  5/ 9/19   PAGE     4
      MODES                                                                                                                         
0                                                                                                                                   
0                                                 S O R T E D   B U L K   D A T A   E C H O                                         
                 ENTRY                                                                                                              
                 COUNT        .   1  ..   2  ..   3  ..   4  ..   5  ..   6  ..   7  ..   8  ..   9  ..  10  .                      
                    1-        CBAR    1       1       1       2       0.0     1.0000000.0                     
                    2-        CBAR    2       1       2       3       0.0     1.0000000.0                     
                    3-        CBAR    3       1       3       4       0.0     1.0000000.0                     
                    4-        CBAR    4       1       4       5       0.0     1.0000000.0                     
                    5-        CBAR    5       1       5       6       0.0     1.0000000.0                     
                    6-        CBAR    6       1       6       7       0.0     1.0000000.0                     
                    7-        CBAR    7       1       7       8       0.0     1.0000000.0                     
                    8-        CBAR    8       1       8       9       0.0     1.0000000.0                     
                    9-        CBAR    9       1       9       10      0.0     1.0000000.0                     
                   10-        CBEAM   10      3       10      11      0.0     1.0000000.0                     
                   11-        CONM2   21      11      0       2.5900-30.0     0.0     0.0             +0000001
                   12-        +00000012.5900-30.0     2.5900-30.0     0.0     2.5900-3                 0000002
                   13-        EIGRL   1                       10                              MAX             
                   14-        GRID    1       0       0.0     0.0     0.0     0                               
                   15-        GRID    2       0       1.00000 0.0     0.0     0                               
                   16-        GRID    3       0       2.00000 0.0     0.0     0                               
                   17-        GRID    4       0       3.00000 0.0     0.0     0                               
                   18-        GRID    5       0       4.00000 0.0     0.0     0                               
                   19-        GRID    6       0       5.00000 0.0     0.0     0                               
                   20-        GRID    7       0       6.00000 0.0     0.0     0                               
                   21-        GRID    8       0       7.00000 0.0     0.0     0                               
                   22-        GRID    9       0       8.00000 0.0     0.0     0                               
                   23-        GRID    10      0       9.00000 0.0     0.0     0                               
                   24-        GRID    11      0       10.0000 0.0     0.0     0                               
                   25-        GRID    12      0       5.49607 0.0     0.0     0                               
                   26-        MAT1    2       3.0000+71.1628+7.29000007.4851-40.0             0.0             
                   27-        PARAM   AUTOSPC YES                                                             
                   28-        PARAM   GRDPNT  0                                                               
                   29-        PARAM   K6ROT   100.0000                                                        
                   30-        PARAM   OUGCORD GLOBAL                                                          
                   31-        PARAM   POST    -2                                                              
                   32-        PARAM   POSTEXT YES                                                             
                   33-        PBARL   1       2       MSCBML0 ROD                                     +0000003
                   34-        +00000031.0000000.0                                                      0000004
                   35-        PBEAML  3       2       MSCBML0 ROD                                     +0000005
                   36-        +00000051.0000000.0                                                      0000006
                   37-        PROD    2       2       1.0                                                     
                   38-        SPC     1       1       123456  0.0                                             
                   39-        USET    U2      1       123                                                     
                              ENDDATA 
0                       TOTAL COUNT=        40
1    SIMPLE BEAM EXAMPLE                                                  SEPTEMBER   3, 2021  SIMCENTER NASTRAN  5/ 9/19   PAGE     5
      MODES                                                                                                                         
0                                                                                                                                   
0
0
0
 


                                        M O D E L   S U M M A R Y

                                   NUMBER OF GRID     POINTS   =       12
 
 
                                   NUMBER OF CBAR     ELEMENTS =        9
                                   NUMBER OF CBEAM    ELEMENTS =        1
                                   NUMBER OF CONM2    ELEMENTS =        1
 
 *** USER INFORMATION MESSAGE 4379 (IFP9A)
     THE USER SUPPLIED PBARL BULK DATA ENTRIES ARE REPLACED BY THE FOLLOWING PBAR ENTRIES.
  PBAR               1           2  3.1416E+00  7.8540E-01  7.8540E-01  1.5708E+00  0.0000E+00
            1.0000E+00  0.0000E+00  0.0000E+00  1.0000E+00 -1.0000E+00  0.0000E+00  0.0000E+00 -1.0000E+00
            9.0000E-01  9.0000E-01  0.0000E+00
 *** USER INFORMATION MESSAGE 4379 (IFP9A)
     THE USER SUPPLIED PBEAML BULK DATA ENTRIES ARE REPLACED BY THE FOLLOWING PBEAM ENTRIES.
  PBEAM              3           2  3.1416E+00  7.8540E-01  7.8540E-01  0.0000E+00  1.5708E+00  0.0000E+00
            1.0000E+00  0.0000E+00  0.0000E+00  1.0000E+00 -1.0000E+00  0.0000E+00  0.0000E+00 -1.0000E+00
            9.0000E-01  9.0000E-01  0.0000E+00  0.0000E+00  0.0000E+00  0.0000E+00  0.0000E+00  0.0000E+00
            0.0000E+00  0.0000E+00  0.0000E+00  0.0000E+00  0.0000E+00  0.0000E+00  0.0000E+00  0.0000E+00
 *** USER INFORMATION MESSAGE 4109 (OUTPBN2)
     THE LABEL IS NX2019.2 FOR FORTRAN UNIT 12
     (MAXIMUM SIZE OF FORTRAN RECORDS WRITTEN =        7 WORDS.)
     (NUMBER OF FORTRAN RECORDS WRITTEN =        8 RECORDS.)
     (TOTAL DATA WRITTEN FOR TAPE LABEL =       17 WORDS.)
 *** USER INFORMATION MESSAGE 4114 (OUTPBN2)
     DATA BLOCK PVT0     WRITTEN ON FORTRAN UNIT  12, TRL =
                    101                27                 0                 0                 0                 0                 0
     (MAXIMUM POSSIBLE FORTRAN RECORD SIZE =    65538 WORDS.)
     (MAXIMUM SIZE OF FORTRAN RECORDS WRITTEN =       27 WORDS.)
     (NUMBER OF FORTRAN RECORDS WRITTEN =       19 RECORDS.)
     (TOTAL DATA WRITTEN FOR DATA BLOCK =       53 WORDS.)
 *** USER INFORMATION MESSAGE 4114 (OUTPBN2)
     DATA BLOCK GPL      WRITTEN ON FORTRAN UNIT  12, TRL =
                    101                12                 0                 0                 0                 0                 0
     (MAXIMUM POSSIBLE FORTRAN RECORD SIZE =    65538 WORDS.)
     (MAXIMUM SIZE OF FORTRAN RECORDS WRITTEN =       24 WORDS.)
     (NUMBER OF FORTRAN RECORDS WRITTEN =       24 RECORDS.)
     (TOTAL DATA WRITTEN FOR DATA BLOCK =       67 WORDS.)
 *** USER INFORMATION MESSAGE 4114 (OUTPBN2)
     DATA BLOCK GPDT     WRITTEN ON FORTRAN UNIT  12, TRL =
                    102                12                 0                 0                 0                 0                 0
     (MAXIMUM POSSIBLE FORTRAN RECORD SIZE =    65538 WORDS.)
     (MAXIMUM SIZE OF FORTRAN RECORDS WRITTEN =       84 WORDS.)
     (NUMBER OF FORTRAN RECORDS WRITTEN =       19 RECORDS.)
     (TOTAL DATA WRITTEN FOR DATA BLOCK =      110 WORDS.)
1    SIMPLE BEAM EXAMPLE                                                  SEPTEMBER   3, 2021  SIMCENTER NASTRAN  5/ 9/19   PAGE     6
      MODES                                                                                                                         
0                                                                                                                                   
0                                                                                                                                   
                                                                                                                                    
                                                                                                                                    
 *** USER INFORMATION MESSAGE 4114 (OUTPBN2)
     DATA BLOCK EPT      WRITTEN ON FORTRAN UNIT  12, TRL =
                    101               128              4096                 0              1024                 0                48
     (MAXIMUM POSSIBLE FORTRAN RECORD SIZE =    65538 WORDS.)
     (MAXIMUM SIZE OF FORTRAN RECORDS WRITTEN =      200 WORDS.)
     (NUMBER OF FORTRAN RECORDS WRITTEN =       44 RECORDS.)
     (TOTAL DATA WRITTEN FOR DATA BLOCK =      346 WORDS.)
 *** USER INFORMATION MESSAGE 4114 (OUTPBN2)
     DATA BLOCK MPT      WRITTEN ON FORTRAN UNIT  12, TRL =
                    101             32768                 0                 0                 0                 0                 0
     (MAXIMUM POSSIBLE FORTRAN RECORD SIZE =    65538 WORDS.)
     (MAXIMUM SIZE OF FORTRAN RECORDS WRITTEN =       15 WORDS.)
     (NUMBER OF FORTRAN RECORDS WRITTEN =       24 RECORDS.)
     (TOTAL DATA WRITTEN FOR DATA BLOCK =       48 WORDS.)
 *** USER INFORMATION MESSAGE 4114 (OUTPBN2)
     DATA BLOCK GEOM2    WRITTEN ON FORTRAN UNIT  12, TRL =
                    101                 2               256                 0              1024                 0                 0
     (MAXIMUM POSSIBLE FORTRAN RECORD SIZE =    65538 WORDS.)
     (MAXIMUM SIZE OF FORTRAN RECORDS WRITTEN =      147 WORDS.)
     (NUMBER OF FORTRAN RECORDS WRITTEN =       34 RECORDS.)
     (TOTAL DATA WRITTEN FOR DATA BLOCK =      225 WORDS.)
 *** USER INFORMATION MESSAGE 4114 (OUTPBN2)
     DATA BLOCK GEOM4    WRITTEN ON FORTRAN UNIT  12, TRL =
                    103                 0              4096                 0               512                 0                 0
     (MAXIMUM POSSIBLE FORTRAN RECORD SIZE =    65538 WORDS.)
     (MAXIMUM SIZE OF FORTRAN RECORDS WRITTEN =        7 WORDS.)
     (NUMBER OF FORTRAN RECORDS WRITTEN =       29 RECORDS.)
     (TOTAL DATA WRITTEN FOR DATA BLOCK =       50 WORDS.)
 *** USER INFORMATION MESSAGE 4114 (OUTPBN2)
     DATA BLOCK GEOM1    WRITTEN ON FORTRAN UNIT  12, TRL =
                    104                 0                 0                 8                 0                 0                 0
     (MAXIMUM POSSIBLE FORTRAN RECORD SIZE =    65538 WORDS.)
     (MAXIMUM SIZE OF FORTRAN RECORDS WRITTEN =       99 WORDS.)
     (NUMBER OF FORTRAN RECORDS WRITTEN =       24 RECORDS.)
     (TOTAL DATA WRITTEN FOR DATA BLOCK =      132 WORDS.)
 *** USER INFORMATION MESSAGE 4114 (OUTPBN2)
     DATA BLOCK BGPDT    WRITTEN ON FORTRAN UNIT  12, TRL =
                    105                12                 0                 0                 0                 0                 0
     (MAXIMUM POSSIBLE FORTRAN RECORD SIZE =    65538 WORDS.)
     (MAXIMUM SIZE OF FORTRAN RECORDS WRITTEN =       48 WORDS.)
     (NUMBER OF FORTRAN RECORDS WRITTEN =       19 RECORDS.)
     (TOTAL DATA WRITTEN FOR DATA BLOCK =       74 WORDS.)
 *** USER INFORMATION MESSAGE 4114 (OUTPBN2)
     DATA BLOCK DYNAMICS WRITTEN ON FORTRAN UNIT  12, TRL =
                    102               256                 0                 0                 0                 0                 0
     (MAXIMUM POSSIBLE FORTRAN RECORD SIZE =    65538 WORDS.)
     (MAXIMUM SIZE OF FORTRAN RECORDS WRITTEN =       30 WORDS.)
     (NUMBER OF FORTRAN RECORDS WRITTEN =       24 RECORDS.)
     (TOTAL DATA WRITTEN FOR DATA BLOCK =       63 WORDS.)
1    SIMPLE BEAM EXAMPLE                                                  SEPTEMBER   3, 2021  SIMCENTER NASTRAN  5/ 9/19   PAGE     7
      MODES                                                                                                                         
0                                                                                                                                   
0                                                                                                                                   
                                                                                                                                    
                                                                                                                                    
 *** USER INFORMATION MESSAGE 4114 (OUTPBN2)
     DATA BLOCK CASECC   WRITTEN ON FORTRAN UNIT  12, TRL =
                    103                 1                 0              1200                 0                 0                 0
     (MAXIMUM POSSIBLE FORTRAN RECORD SIZE =    65538 WORDS.)
     (MAXIMUM SIZE OF FORTRAN RECORDS WRITTEN =     1200 WORDS.)
     (NUMBER OF FORTRAN RECORDS WRITTEN =       19 RECORDS.)
     (TOTAL DATA WRITTEN FOR DATA BLOCK =     1226 WORDS.)
 *** USER INFORMATION MESSAGE 4114 (OUTPBN2)
     DATA BLOCK EQEXIN   WRITTEN ON FORTRAN UNIT  12, TRL =
                    101                12                 0                 0                 0                 0                 0
     (MAXIMUM POSSIBLE FORTRAN RECORD SIZE =    65538 WORDS.)
     (MAXIMUM SIZE OF FORTRAN RECORDS WRITTEN =       24 WORDS.)
     (NUMBER OF FORTRAN RECORDS WRITTEN =       24 RECORDS.)
     (TOTAL DATA WRITTEN FOR DATA BLOCK =       78 WORDS.)
1    SIMPLE BEAM EXAMPLE                                                  SEPTEMBER   3, 2021  SIMCENTER NASTRAN  5/ 9/19   PAGE     8
      MODES                                                                                                                         
0                                                                                                                                   
                           O U T P U T   F R O M   G R I D   P O I N T   W E I G H T   G E N E R A T O R
0                                                     REFERENCE POINT =        0
                                                                M O
                      *  2.610514E-02  0.000000E+00  0.000000E+00  0.000000E+00  0.000000E+00  0.000000E+00 *
                      *  0.000000E+00  2.610514E-02  0.000000E+00  0.000000E+00  0.000000E+00  1.434757E-01 *
                      *  0.000000E+00  0.000000E+00  2.610514E-02  0.000000E+00 -1.434757E-01  0.000000E+00 *
                      *  0.000000E+00  0.000000E+00  0.000000E+00  3.765757E-03  0.000000E+00  0.000000E+00 *
                      *  0.000000E+00  0.000000E+00 -1.434757E-01  0.000000E+00  1.049347E+00  0.000000E+00 *
                      *  0.000000E+00  1.434757E-01  0.000000E+00  0.000000E+00  0.000000E+00  1.049347E+00 *
                                                                 S
                                           *  1.000000E+00  0.000000E+00  0.000000E+00 *
                                           *  0.000000E+00  1.000000E+00  0.000000E+00 *
                                           *  0.000000E+00  0.000000E+00  1.000000E+00 *
                               DIRECTION
                          MASS AXIS SYSTEM (S)     MASS              X-C.G.        Y-C.G.        Z-C.G.
                                  X            2.610514E-02      0.000000E+00  0.000000E+00  0.000000E+00
                                  Y            2.610514E-02      5.496071E+00  0.000000E+00  0.000000E+00
                                  Z            2.610514E-02      5.496071E+00  0.000000E+00  0.000000E+00
                                                                I(S)
                                           *  3.765757E-03  0.000000E+00  0.000000E+00 *
                                           *  0.000000E+00  2.607945E-01  0.000000E+00 *
                                           *  0.000000E+00  0.000000E+00  2.607945E-01 *
                                                                I(Q)
                                           *  3.765757E-03                             *
                                           *                2.607945E-01               *
                                           *                              2.607945E-01 *
                                                                 Q
                                           *  1.000000E+00  0.000000E+00  0.000000E+00 *
                                           *  0.000000E+00  1.000000E+00  0.000000E+00 *
                                           *  0.000000E+00  0.000000E+00  1.000000E+00 *

1    SIMPLE BEAM EXAMPLE                                                  SEPTEMBER   3, 2021  SIMCENTER NASTRAN  5/ 9/19   PAGE     9
      MODES                                                                                                                         
0                                                                                                                                   
 *** USER INFORMATION MESSAGE 4114 (OUTPBN2)
     DATA BLOCK OGPWG    WRITTEN ON FORTRAN UNIT  12, TRL =
                    101                 0                 0                 0                 0                 0                 1
     (MAXIMUM POSSIBLE FORTRAN RECORD SIZE =    65538 WORDS.)
     (MAXIMUM SIZE OF FORTRAN RECORDS WRITTEN =      146 WORDS.)
     (NUMBER OF FORTRAN RECORDS WRITTEN =       24 RECORDS.)
     (TOTAL DATA WRITTEN FOR DATA BLOCK =      254 WORDS.)
1    SIMPLE BEAM EXAMPLE                                                  SEPTEMBER   3, 2021  SIMCENTER NASTRAN  5/ 9/19   PAGE    10
      MODES                                                                                                                         
0                                                                                                                                   
0 RESULTANTS ABOUT ORIGIN OF SUPERELEMENT BASIC COORDINATE SYSTEM IN SUPERELEMENT BASIC SYSTEM COORDINATES.

0                                                  OLOAD    RESULTANT       
  SUBCASE/    LOAD
  DAREA ID    TYPE       T1            T2            T3            R1            R2            R3
0        1     FX    0.000000E+00     ----          ----          ----       0.000000E+00  0.000000E+00                             
               FY       ----       0.000000E+00     ----       0.000000E+00     ----       0.000000E+00                             
               FZ       ----          ----       0.000000E+00  0.000000E+00  0.000000E+00     ----                                  
               MX       ----          ----          ----       0.000000E+00     ----          ----                                  
               MY       ----          ----          ----          ----       0.000000E+00     ----                                  
               MZ       ----          ----          ----          ----          ----       0.000000E+00                             
             TOTALS  0.000000E+00  0.000000E+00  0.000000E+00  0.000000E+00  0.000000E+00  0.000000E+00                             
 *** USER INFORMATION MESSAGE - SINGULARITIES FOUND USING EIGENVALUE METHOD
 ***       6 SINGULARITIES FOUND         6 SINGULARITIES ELIMINATED
 *** SYSTEM INFORMATION MESSAGE 6916 (DFMSYN)
     DECOMP ORDERING METHOD CHOSEN: DEFAULT, ORDERING METHOD USED: MMD
 *** USER INFORMATION MESSAGE 5010 (LNCILS)
     STURM SEQUENCE DATA FOR EIGENVALUE EXTRACTION.
     TRIAL EIGENVALUE =  8.698882E+07, CYCLES =  1.484403E+03 NUMBER OF EIGENVALUES BELOW THIS VALUE =     2
 *** USER INFORMATION MESSAGE 5010 (LNCILS)
     STURM SEQUENCE DATA FOR EIGENVALUE EXTRACTION.
     TRIAL EIGENVALUE =  6.031004E+09, CYCLES =  1.235990E+04 NUMBER OF EIGENVALUES BELOW THIS VALUE =    10

 TABLE OF SHIFTS:  (LNNRIGL)
 SHIFT #        SHIFT VALUE         FREQUENCY, CYCLES     # EIGENVALUES BELOW    # NEW EIGENVALUES FOUND
     1.        8.6988817E+07          1.4844031E+03                 2                       34
     2.        6.0310038E+09          1.2359899E+04                10                        0

1    SIMPLE BEAM EXAMPLE                                                  SEPTEMBER   3, 2021  SIMCENTER NASTRAN  5/ 9/19   PAGE    11
      MODES                                                                                                                         
0                                                                                                                                   
0


                          E I G E N V A L U E  A N A L Y S I S   S U M M A R Y   (READ MODULE) 



                                     BLOCK SIZE USED ......................    7

                                     NUMBER OF DECOMPOSITIONS .............    2

                                     NUMBER OF ROOTS FOUND ................   10

                                     NUMBER OF SOLVES REQUIRED ............    7

1    SIMPLE BEAM EXAMPLE                                                  SEPTEMBER   3, 2021  SIMCENTER NASTRAN  5/ 9/19   PAGE    12
      MODES                                                                                                                         
0                                                                                                                                   
 
                                              R E A L   E I G E N V A L U E S
   MODE    EXTRACTION      EIGENVALUE            RADIANS             CYCLES            GENERALIZED         GENERALIZED
    NO.       ORDER                                                                       MASS              STIFFNESS
        1         1        8.232777E+06        2.869282E+03        4.566603E+02        8.801022E-03        7.245685E+04
        2         2        8.232777E+06        2.869282E+03        4.566603E+02        8.801022E-03        7.245685E+04
        3         3        2.824056E+08        1.680493E+04        2.674588E+03        1.383258E-02        3.906398E+06
        4         4        2.824056E+08        1.680493E+04        2.674588E+03        1.383258E-02        3.906398E+06
        5         5        4.989076E+08        2.233624E+04        3.554923E+03        3.668128E-03        1.830057E+06
        6         6        8.021004E+08        2.832138E+04        4.507487E+03        1.334596E-02        1.070480E+07
        7         7        1.733310E+09        4.163304E+04        6.626104E+03        1.790228E-02        3.103020E+07
        8         8        1.733310E+09        4.163304E+04        6.626104E+03        1.790228E-02        3.103020E+07
        9         9        4.874295E+09        6.981615E+04        1.111159E+04        2.216687E-02        1.080479E+08
       10        10        4.874295E+09        6.981615E+04        1.111159E+04        2.216687E-02        1.080479E+08
1    SIMPLE BEAM EXAMPLE                                                  SEPTEMBER   3, 2021  SIMCENTER NASTRAN  5/ 9/19   PAGE    13
      MODES                                                                                                                         
0                                                                                                                                   
 *** USER INFORMATION MESSAGE 4114 (OUTPBN2)
     DATA BLOCK LAMA     WRITTEN ON FORTRAN UNIT  12, TRL =
                    101                10                 0                 0                 0                 0                 0
     (MAXIMUM POSSIBLE FORTRAN RECORD SIZE =    65538 WORDS.)
     (MAXIMUM SIZE OF FORTRAN RECORDS WRITTEN =      146 WORDS.)
     (NUMBER OF FORTRAN RECORDS WRITTEN =       24 RECORDS.)
     (TOTAL DATA WRITTEN FOR DATA BLOCK =      246 WORDS.)
 *** USER INFORMATION MESSAGE 4114 (OUTPBN2)
     DATA BLOCK OUGV1    WRITTEN ON FORTRAN UNIT  12, TRL =
                    101                 0               960                 3                21                 0                 1
     (MAXIMUM POSSIBLE FORTRAN RECORD SIZE =    65538 WORDS.)
     (MAXIMUM SIZE OF FORTRAN RECORDS WRITTEN =      146 WORDS.)
     (NUMBER OF FORTRAN RECORDS WRITTEN =      114 RECORDS.)
     (TOTAL DATA WRITTEN FOR DATA BLOCK =     2527 WORDS.)
 *** USER INFORMATION MESSAGE 4114 (OUTPBN2)
     DATA BLOCK OES1     WRITTEN ON FORTRAN UNIT  12, TRL =
                    101                63                 9                 3                21                 0                 1
     (MAXIMUM POSSIBLE FORTRAN RECORD SIZE =    65538 WORDS.)
     (MAXIMUM SIZE OF FORTRAN RECORDS WRITTEN =      146 WORDS.)
     (NUMBER OF FORTRAN RECORDS WRITTEN =      214 RECORDS.)
     (TOTAL DATA WRITTEN FOR DATA BLOCK =     5657 WORDS.)
 *** USER INFORMATION MESSAGE 4114 (OUTPBN2)
     DATA BLOCK OEF1     WRITTEN ON FORTRAN UNIT  12, TRL =
                    101                63                 9                 3                21                 0                 1
     (MAXIMUM POSSIBLE FORTRAN RECORD SIZE =    65538 WORDS.)
     (MAXIMUM SIZE OF FORTRAN RECORDS WRITTEN =      146 WORDS.)
     (NUMBER OF FORTRAN RECORDS WRITTEN =      214 RECORDS.)
     (TOTAL DATA WRITTEN FOR DATA BLOCK =     4917 WORDS.)
1    SIMPLE BEAM EXAMPLE                                                  SEPTEMBER   3, 2021  SIMCENTER NASTRAN  5/ 9/19   PAGE    14
      MODES                                                                                                                         
0                                                                                                                                   
      EIGENVALUE =  8.232777E+06
          CYCLES =  4.566603E+02         R E A L   E I G E N V E C T O R   N O .          1
 
      POINT ID.   TYPE          T1             T2             T3             R1             R2             R3
             1      G      0.0            0.0            0.0            0.0            0.0            0.0
             2      G      1.500483E-18  -3.315288E-03   1.857573E-02   5.360878E-18  -3.055872E-02  -5.453943E-03
             3      G      2.924209E-18  -1.171532E-02   6.564154E-02   1.072176E-17  -5.700458E-02  -1.017385E-02
             4      G      4.302095E-18  -2.446362E-02   1.370709E-01   1.608263E-17  -7.937218E-02  -1.416589E-02
             5      G      5.655451E-18  -4.083139E-02   2.287804E-01   2.144351E-17  -9.774480E-02  -1.744492E-02
             6      G      6.880714E-18  -6.010826E-02   3.367897E-01   2.680439E-17  -1.122727E-01  -2.003778E-02
             7      G      8.029411E-18  -8.161613E-02   4.572993E-01   3.216527E-17  -1.231883E-01  -2.198594E-02
             8      G      9.015042E-18  -1.047253E-01   5.867810E-01   3.752615E-17  -1.308178E-01  -2.334760E-02
             9      G      9.812406E-18  -1.288723E-01   7.220778E-01   4.288702E-17  -1.355901E-01  -2.419934E-02
            10      G      1.044905E-17  -1.535793E-01   8.605126E-01   4.824790E-17  -1.380430E-01  -2.463711E-02
            11      G      1.086305E-17  -1.784742E-01   1.000000E+00   5.277323E-17  -1.388265E-01  -2.477695E-02
            12      G      0.0            0.0            0.0            0.0            0.0            0.0
1    SIMPLE BEAM EXAMPLE                                                  SEPTEMBER   3, 2021  SIMCENTER NASTRAN  5/ 9/19   PAGE    15
      MODES                                                                                                                         
0                                                                                                                                   
      EIGENVALUE =  8.232777E+06
          CYCLES =  4.566603E+02         R E A L   E I G E N V E C T O R   N O .          2
 
      POINT ID.   TYPE          T1             T2             T3             R1             R2             R3
             1      G      0.0            0.0            0.0            0.0            0.0            0.0
             2      G      4.235028E-19   1.857573E-02   3.315288E-03   1.996860E-18  -5.453943E-03   3.055872E-02
             3      G      8.143830E-19   6.564154E-02   1.171532E-02   3.993720E-18  -1.017385E-02   5.700458E-02
             4      G      1.184073E-18   1.370709E-01   2.446362E-02   5.990580E-18  -1.416589E-02   7.937218E-02
             5      G      1.544041E-18   2.287804E-01   4.083139E-02   7.987440E-18  -1.744492E-02   9.774480E-02
             6      G      1.865215E-18   3.367897E-01   6.010826E-02   9.984300E-18  -2.003778E-02   1.122727E-01
             7      G      2.161214E-18   4.572993E-01   8.161613E-02   1.198116E-17  -2.198594E-02   1.231883E-01
             8      G      2.397734E-18   5.867810E-01   1.047253E-01   1.397802E-17  -2.334760E-02   1.308178E-01
             9      G      2.589068E-18   7.220778E-01   1.288723E-01   1.597488E-17  -2.419934E-02   1.355901E-01
            10      G      2.765108E-18   8.605126E-01   1.535793E-01   1.797174E-17  -2.463711E-02   1.380430E-01
            11      G      2.877779E-18   1.000000E+00   1.784742E-01   1.966523E-17  -2.477695E-02   1.388265E-01
            12      G      0.0            0.0            0.0            0.0            0.0            0.0
1    SIMPLE BEAM EXAMPLE                                                  SEPTEMBER   3, 2021  SIMCENTER NASTRAN  5/ 9/19   PAGE    16
      MODES                                                                                                                         
0                                                                                                                                   
      EIGENVALUE =  2.824056E+08
          CYCLES =  2.674588E+03         R E A L   E I G E N V E C T O R   N O .          3
 
      POINT ID.   TYPE          T1             T2             T3             R1             R2             R3
             1      G      0.0            0.0            0.0            0.0            0.0            0.0
             2      G     -1.704770E-17   1.574319E-01   4.787118E-02  -1.236536E-16  -4.893741E-02   1.609383E-01
             3      G     -3.579066E-17   4.252597E-01   1.293110E-01  -2.473073E-16  -6.929613E-02   2.278912E-01
             4      G     -5.348810E-17   7.075648E-01   2.151531E-01  -3.709609E-16  -6.357305E-02   2.090699E-01
             5      G     -7.128498E-17   9.201898E-01   2.798072E-01  -4.946145E-16  -3.662244E-02   1.204386E-01
             6      G     -8.567768E-17   1.000000E+00   3.040755E-01  -6.182681E-16   4.580609E-03  -1.506405E-02
             7      G     -9.881795E-17   9.118543E-01   2.772725E-01  -7.419218E-16   5.180788E-02  -1.703783E-01
             8      G     -1.095389E-16   6.513996E-01   1.980747E-01  -8.655754E-16   9.686689E-02  -3.185620E-01
             9      G     -1.191522E-16   2.426542E-01   7.378520E-02  -9.892290E-16   1.330589E-01  -4.375852E-01
            10      G     -1.275041E-16  -2.697058E-01  -8.201093E-02  -1.112883E-15   1.565529E-01  -5.148488E-01
            11      G     -1.320773E-16  -8.325591E-01  -2.531608E-01  -1.218361E-15   1.674647E-01  -5.507340E-01
            12      G      0.0            0.0            0.0            0.0            0.0            0.0
1    SIMPLE BEAM EXAMPLE                                                  SEPTEMBER   3, 2021  SIMCENTER NASTRAN  5/ 9/19   PAGE    17
      MODES                                                                                                                         
0                                                                                                                                   
      EIGENVALUE =  2.824056E+08
          CYCLES =  2.674588E+03         R E A L   E I G E N V E C T O R   N O .          4
 
      POINT ID.   TYPE          T1             T2             T3             R1             R2             R3
             1      G      0.0            0.0            0.0            0.0            0.0            0.0
             2      G     -1.793679E-17  -4.787118E-02   1.574319E-01  -6.685589E-17  -1.609383E-01  -4.893741E-02
             3      G     -3.454694E-17  -1.293110E-01   4.252597E-01  -1.337118E-16  -2.278912E-01  -6.929613E-02
             4      G     -5.189855E-17  -2.151531E-01   7.075648E-01  -2.005677E-16  -2.090699E-01  -6.357305E-02
             5      G     -6.747165E-17  -2.798072E-01   9.201898E-01  -2.674235E-16  -1.204386E-01  -3.662244E-02
             6      G     -8.186401E-17  -3.040755E-01   1.000000E+00  -3.342794E-16   1.506405E-02   4.580609E-03
             7      G     -9.435441E-17  -2.772725E-01   9.118543E-01  -4.011353E-16   1.703783E-01   5.180788E-02
             8      G     -1.067763E-16  -1.980747E-01   6.513996E-01  -4.679912E-16   3.185620E-01   9.686689E-02
             9      G     -1.162564E-16  -7.378520E-02   2.426542E-01  -5.348471E-16   4.375852E-01   1.330589E-01
            10      G     -1.246100E-16   8.201093E-02  -2.697058E-01  -6.017030E-16   5.148488E-01   1.565529E-01
            11      G     -1.291884E-16   2.531608E-01  -8.325591E-01  -6.601559E-16   5.507340E-01   1.674647E-01
            12      G      0.0            0.0            0.0            0.0            0.0            0.0
1    SIMPLE BEAM EXAMPLE                                                  SEPTEMBER   3, 2021  SIMCENTER NASTRAN  5/ 9/19   PAGE    18
      MODES                                                                                                                         
0                                                                                                                                   
      EIGENVALUE =  4.989076E+08
          CYCLES =  3.554923E+03         R E A L   E I G E N V E C T O R   N O .          5
 
      POINT ID.   TYPE          T1             T2             T3             R1             R2             R3
             1      G      0.0            0.0            0.0            0.0            0.0            0.0
             2      G      1.781851E-17   2.278102E-16   1.503516E-16   1.014664E-01  -1.432063E-16   2.134547E-16
             3      G      3.689602E-17   5.801516E-16   3.942592E-16   2.029328E-01  -1.883693E-16   2.875968E-16
             4      G      5.564062E-17   9.291135E-16   6.221823E-16   3.043991E-01  -1.470839E-16   2.470926E-16
             5      G      7.603103E-17   1.167702E-15   7.524229E-16   4.058655E-01  -4.761986E-17   1.217098E-16
             6      G      9.533270E-17   1.224278E-15   7.476473E-16   5.073319E-01   7.932204E-17  -5.071428E-17
             7      G      1.145993E-16   1.087249E-15   5.982551E-16   6.087983E-01   2.103333E-16  -2.422065E-16
             8      G      1.305900E-16   7.404717E-16   3.165179E-16   7.102647E-01   3.318328E-16  -4.342502E-16
             9      G      1.446283E-16   1.909994E-16  -8.534713E-17   8.117311E-01   4.352079E-16  -6.010675E-16
            10      G      1.552209E-16  -5.130949E-16  -5.855224E-16   9.131974E-01   5.098332E-16  -7.211285E-16
            11      G      1.618415E-16  -1.309645E-15  -1.142135E-15   1.000000E+00   5.507114E-16  -7.881095E-16
            12      G      0.0            0.0            0.0            0.0            0.0            0.0
1    SIMPLE BEAM EXAMPLE                                                  SEPTEMBER   3, 2021  SIMCENTER NASTRAN  5/ 9/19   PAGE    19
      MODES                                                                                                                         
0                                                                                                                                   
      EIGENVALUE =  8.021004E+08
          CYCLES =  4.507487E+03         R E A L   E I G E N V E C T O R   N O .          6
 
      POINT ID.   TYPE          T1             T2             T3             R1             R2             R3
             1      G      0.0            0.0            0.0            0.0            0.0            0.0
             2      G      1.428230E-01  -5.774825E-17  -1.613470E-17  -8.578036E-18  -1.348134E-17   7.564408E-17
             3      G      2.827877E-01   6.188272E-17  -1.206219E-17  -1.715607E-17  -6.244021E-17   2.325667E-16
             4      G      4.170931E-01   4.245241E-16   9.294255E-17  -2.573411E-17  -1.257657E-16   3.739083E-16
             5      G      5.430514E-01   9.462680E-16   3.217600E-16  -3.431215E-17  -1.142807E-16   3.910951E-16
             6      G      6.581417E-01   1.429868E-15   4.888561E-16  -4.289018E-17   4.934423E-17   2.054132E-16
             7      G      7.600609E-01   1.563606E-15   3.627096E-16  -5.146822E-17   3.399142E-16  -1.680082E-16
             8      G      8.467692E-01   1.147062E-15  -1.691797E-16  -6.004626E-17   6.502958E-16  -5.898038E-16
             9      G      9.165314E-01   2.856383E-16  -1.019206E-15  -6.862429E-17   8.867457E-16  -9.221806E-16
            10      G      9.679513E-01  -8.550205E-16  -2.064421E-15  -7.720233E-17   1.012512E-15  -1.111173E-15
            11      G      1.000000E+00  -2.100062E-15  -3.129649E-15  -8.824784E-17   1.060625E-15  -1.151659E-15
            12      G      0.0            0.0            0.0            0.0            0.0            0.0
1    SIMPLE BEAM EXAMPLE                                                  SEPTEMBER   3, 2021  SIMCENTER NASTRAN  5/ 9/19   PAGE    20
      MODES                                                                                                                         
0                                                                                                                                   
      EIGENVALUE =  1.733310E+09
          CYCLES =  6.626104E+03         R E A L   E I G E N V E C T O R   N O .          7
 
      POINT ID.   TYPE          T1             T2             T3             R1             R2             R3
             1      G      0.0            0.0            0.0            0.0            0.0            0.0
             2      G      8.886399E-17   3.873997E-01  -2.836039E-01   1.603982E-16   1.818460E-01   2.483995E-01
             3      G      1.861163E-16   8.218400E-01  -6.016448E-01   3.207965E-16   1.473689E-01   2.013042E-01
             4      G      2.692304E-16   1.000000E+00  -7.320705E-01   4.811947E-16  -2.686316E-02  -3.669477E-02
             5      G      3.380422E-16   7.851094E-01  -5.747554E-01   6.415930E-16  -2.254927E-01  -3.080204E-01
             6      G      3.976237E-16   2.507798E-01  -1.835885E-01   8.019912E-16  -3.354879E-01  -4.582727E-01
             7      G      4.753497E-16  -3.631716E-01   2.658672E-01   9.623895E-16  -2.912573E-01  -3.978542E-01
             8      G      5.314258E-16  -7.659709E-01   5.607447E-01   1.122788E-15  -9.991726E-02  -1.364859E-01
             9      G      5.467644E-16  -7.497572E-01   5.488751E-01   1.283186E-15   1.670357E-01   2.281689E-01
            10      G      5.614733E-16  -2.790381E-01   2.042756E-01   1.443584E-15   4.136269E-01   5.650097E-01
            11      G      5.783274E-16   5.087385E-01  -3.724324E-01   1.541766E-15   5.747139E-01   7.850527E-01
            12      G      0.0            0.0            0.0            0.0            0.0            0.0
1    SIMPLE BEAM EXAMPLE                                                  SEPTEMBER   3, 2021  SIMCENTER NASTRAN  5/ 9/19   PAGE    21
      MODES                                                                                                                         
0                                                                                                                                   
      EIGENVALUE =  1.733310E+09
          CYCLES =  6.626104E+03         R E A L   E I G E N V E C T O R   N O .          8
 
      POINT ID.   TYPE          T1             T2             T3             R1             R2             R3
             1      G      0.0            0.0            0.0            0.0            0.0            0.0
             2      G      5.759101E-16   2.836039E-01   3.873997E-01   2.773260E-16  -2.483995E-01   1.818460E-01
             3      G      1.106357E-15   6.016448E-01   8.218400E-01   5.546521E-16  -2.013042E-01   1.473689E-01
             4      G      1.544628E-15   7.320705E-01   1.000000E+00   8.319781E-16   3.669477E-02  -2.686316E-02
             5      G      1.864260E-15   5.747554E-01   7.851094E-01   1.109304E-15   3.080204E-01  -2.254927E-01
             6      G      2.072501E-15   1.835885E-01   2.507798E-01   1.386630E-15   4.582727E-01  -3.354879E-01
             7      G      2.186019E-15  -2.658672E-01  -3.631716E-01   1.663956E-15   3.978542E-01  -2.912573E-01
             8      G      2.227803E-15  -5.607447E-01  -7.659709E-01   1.941282E-15   1.364859E-01  -9.991726E-02
             9      G      2.217446E-15  -5.488751E-01  -7.497572E-01   2.218608E-15  -2.281689E-01   1.670357E-01
            10      G      2.187290E-15  -2.042756E-01  -2.790381E-01   2.495934E-15  -5.650097E-01   4.136269E-01
            11      G      2.160781E-15   3.724324E-01   5.087385E-01   2.714061E-15  -7.850527E-01   5.747139E-01
            12      G      0.0            0.0            0.0            0.0            0.0            0.0
1    SIMPLE BEAM EXAMPLE                                                  SEPTEMBER   3, 2021  SIMCENTER NASTRAN  5/ 9/19   PAGE    22
      MODES                                                                                                                         
0                                                                                                                                   
      EIGENVALUE =  4.874295E+09
          CYCLES =  1.111159E+04         R E A L   E I G E N V E C T O R   N O .          9
 
      POINT ID.   TYPE          T1             T2             T3             R1             R2             R3
             1      G      0.0            0.0            0.0            0.0            0.0            0.0
             2      G     -3.719921E-15  -6.166302E-01  -5.901043E-01   1.393214E-15   2.067604E-01  -2.160546E-01
             3      G     -6.925742E-15  -9.664560E-01  -9.248814E-01   2.786429E-15  -5.135722E-02   5.366579E-02
             4      G     -1.001408E-14  -6.200895E-01  -5.934148E-01   4.179643E-15  -4.058621E-01   4.241061E-01
             5      G     -1.289520E-14   1.954470E-01   1.870393E-01   5.572857E-15  -4.874583E-01   5.093701E-01
             6      G     -1.416302E-14   8.259550E-01   7.904244E-01   6.966072E-15  -1.973028E-01   2.061718E-01
             7      G     -1.377172E-14   7.618178E-01   7.290463E-01   8.359286E-15   2.268553E-01  -2.370527E-01
             8      G     -1.106050E-14   8.106683E-02   7.757953E-02   9.752500E-15   4.154343E-01  -4.341086E-01
             9      G     -7.393716E-15  -6.026965E-01  -5.767700E-01   1.114571E-14   1.722382E-01  -1.799805E-01
            10      G     -3.973230E-15  -6.356290E-01  -6.082858E-01   1.253893E-14  -3.813146E-01   3.984552E-01
            11      G     -1.239702E-15   1.687941E-01   1.615330E-01   1.189209E-14  -9.569825E-01   1.000000E+00
            12      G      0.0            0.0            0.0            0.0            0.0            0.0
1    SIMPLE BEAM EXAMPLE                                                  SEPTEMBER   3, 2021  SIMCENTER NASTRAN  5/ 9/19   PAGE    23
      MODES                                                                                                                         
0                                                                                                                                   
      EIGENVALUE =  4.874295E+09
          CYCLES =  1.111159E+04         R E A L   E I G E N V E C T O R   N O .         10
 
      POINT ID.   TYPE          T1             T2             T3             R1             R2             R3
             1      G      0.0            0.0            0.0            0.0            0.0            0.0
             2      G     -1.244782E-15  -5.901043E-01   6.166302E-01   7.618749E-16  -2.160546E-01  -2.067604E-01
             3      G     -3.269363E-15  -9.248814E-01   9.664560E-01   1.523750E-15   5.366579E-02   5.135722E-02
             4      G     -3.306560E-15  -5.934148E-01   6.200895E-01   2.285625E-15   4.241061E-01   4.058621E-01
             5      G     -3.697120E-15   1.870393E-01  -1.954470E-01   3.047499E-15   5.093701E-01   4.874583E-01
             6      G     -3.626614E-15   7.904244E-01  -8.259550E-01   3.809374E-15   2.061718E-01   1.973028E-01
             7      G     -3.159438E-15   7.290463E-01  -7.618178E-01   4.571249E-15  -2.370527E-01  -2.268553E-01
             8      G     -3.572625E-15   7.757953E-02  -8.106683E-02   5.333124E-15  -4.341086E-01  -4.154343E-01
             9      G     -2.546913E-15  -5.767700E-01   6.026965E-01   6.094999E-15  -1.799805E-01  -1.722382E-01
            10      G     -2.032181E-15  -6.082858E-01   6.356290E-01   6.856874E-15   3.984552E-01   3.813146E-01
            11      G     -2.052491E-16   1.615330E-01  -1.687941E-01   3.082738E-15   1.000000E+00   9.569825E-01
            12      G      0.0            0.0            0.0            0.0            0.0            0.0
1    SIMPLE BEAM EXAMPLE                                                  SEPTEMBER   3, 2021  SIMCENTER NASTRAN  5/ 9/19   PAGE    24
      MODES                                                                                                                         
0                                                                                                                                   
1    SIMPLE BEAM EXAMPLE                                                  SEPTEMBER   3, 2021  SIMCENTER NASTRAN  5/ 9/19   PAGE    25
      MODES                                                                                                                         
0                                                                                                                                   
1    SIMPLE BEAM EXAMPLE                                                  SEPTEMBER   3, 2021  SIMCENTER NASTRAN  5/ 9/19   PAGE    26
      MODES                                                                                                                         
0                                                                                                                                   
 *** USER INFORMATION MESSAGE 4110 (OUTPBN2)
                                 END-OF-DATA SIMULATION ON FORTRAN UNIT 12
                                 (MAXIMUM SIZE OF FORTRAN RECORDS WRITTEN =      1 WORDS.)
                                       (NUMBER OF FORTRAN RECORDS WRITTEN =      1 RECORDS.)
                                       (TOTAL DATA WRITTEN FOR EOF MARKER =      1 WORDS.)
1    SIMPLE BEAM EXAMPLE                                                  SEPTEMBER   3, 2021  SIMCENTER NASTRAN  5/ 9/19   PAGE    27
      MODES                                                                                                                         
0                                                                                                                                   
 * * * *  D B D I C T   P R I N T  * * * *      SUBDMAP = PRTSUM  ,  DMAP STATEMENT NO.     28



0                                   * * * *  A N A L Y S I S  S U M M A R Y  T A B L E  * * * *
0 SEID  PEID PROJ VERS APRCH      SEMG SEMR SEKR SELG SELR MODES DYNRED SOLLIN PVALID SOLNL LOOPID DESIGN CYCLE SENSITIVITY
 --------------------------------------------------------------------------------------------------------------------------
     0     0    1    1 '        '    T    T    T    T    T     T      F      T      0     F     -1            0           F
0SEID = SUPERELEMENT ID.
 PEID = PRIMARY SUPERELEMENT ID OF IMAGE SUPERELEMENT.
 PROJ = PROJECT ID NUMBER.
 VERS = VERSION ID.
 APRCH = BLANK FOR STRUCTURAL ANALYSIS.  HEAT FOR HEAT TRANSFER ANALYSIS.
 SEMG = STIFFNESS AND MASS MATRIX GENERATION STEP.
 SEMR = MASS MATRIX REDUCTION STEP (INCLUDES EIGENVALUE SOLUTION FOR MODES).
 SEKR = STIFFNESS MATRIX REDUCTION STEP.
 SELG = LOAD MATRIX GENERATION STEP.
 SELR = LOAD MATRIX REDUCTION STEP. 
 MODES = T (TRUE) IF NORMAL MODES OR BUCKLING MODES CALCULATED.
 DYNRED = T (TRUE) MEANS GENERALIZED DYNAMIC AND/OR COMPONENT MODE REDUCTION PERFORMED.
 SOLLIN = T (TRUE) IF LINEAR SOLUTION EXISTS IN DATABASE.
 PVALID = P-DISTRIBUTION ID OF P-VALUE FOR P-ELEMENTS
 LOOPID = THE LAST LOOPID VALUE USED IN THE NONLINEAR ANALYSIS.  USEFUL FOR RESTARTS.
 SOLNL = T (TRUE) IF NONLINEAR SOLUTION EXISTS IN DATABASE.
 DESIGN CYCLE = THE LAST DESIGN CYCLE (ONLY VALID IN OPTIMIZATION).
 SENSITIVITY = SENSITIVITY MATRIX GENERATION FLAG.
1                                        * * * END OF JOB * * *
 
 
