1
 
 
 
 
                                                             
                 Copyright 2011 Siemens Product Lifecycle    
                        Management Software Inc.             
                         All Rights Reserved.                
                                                             
               This software and related documentation are   
                 proprietary to Siemens Product Lifecycle    
                        Management Software Inc.             
                                                             
              Siemens and the Siemens logo are registered    
             trademarks of Siemens AG. NX is a trademark or  
                registered trademark of Siemens Product      
               Lifecycle Management Software Inc. or its     
             subsidiaries in the United States and in other  
             countries.  NASTRAN is a registered trademark   
                 of the National Aeronautics and Space       
                 Administration.  All other trademarks,      
              registered trademarks or service marks belong  
                      to their respective holders.           
                                                             
           LIMITATIONS TO U.S. GOVERNMENT RIGHTS. UNPUBLISHED
           - RIGHTS RESERVED UNDER THE COPYRIGHT LAWS OF THE 
            UNITED STATES. This computer software and related
               computer software documentation have been     
            developed exclusively at private expense and are 
           provided subject to the following rights:  If this
               computer software and computer  software      
            documentation qualify as "commercial items" (as  
             that term is defined in FAR 2.101), their use,  
            duplication or disclosure by the U.S. Government 
           is subject to the protections and restrictions as 
            set forth in the Siemens commercial license for  
            software and/or documentation, as prescribed in  
           FAR 12.212 and FAR 27.405(b)(2)(i) (for civilian  
             agencies) and in DFARS 227.7202-1(a) and DFARS  
           227.7202-3(a) (for the Department of Defense), or 
           any successor or similar regulation, as applicable
           or as amended from time to time.  If this computer
           software and computer documentation do not qualify
            as "commercial items", then they are "restricted 
           computer software" and are provided with "restric-
            tive rights", and their use, duplication or dis- 
            closure by the U.S. Government is subject to the 
            protections and restrictions as set forth in FAR 
           27.404(b) and FAR 52-227-14 (for civilian agencies
           ), and DFARS 227.7203-5(c) and DFARS 252.227-7014 
           (for the Department of Defense), or any successor 
           or similar regulation, as applicable or as amended
              from time to time.  Siemens PLM Software Inc.  
              5400 Legacy Drive, Plano, Texas 75024-3199.    

                * * * * * * * * * * * * * * * * * * * *
                * * * * * * * * * * * * * * * * * * * *
                * *                                 * *
                * *                                 * *
                * *                                 * *
                * *                                 * *
                * *       N X   N a s t r a n       * *
                * *                                 * *
                * *       VERSION -  8.5 MP1        * *
                * *                                 * *
                * *          JAN 24, 2013           * *
                * *                                 * *
                * *                                 * *
                * *Intel64 Family 6 Model 45 Steppi * *
                * *                                 * *
                * * Intel(R) Core(TM) i7-3820 CPU @ * *
                * *                                 * *
                * *            Windows 7            * *
                * *                                 * *
                * *       Compiled for X86-64       * *
                * *                                 * *
                * * * * * * * * * * * * * * * * * * * *
                * * * * * * * * * * * * * * * * * * * *
1                                                                         SEPTEMBER  26, 2016  NX NASTRAN  1/24/13   PAGE     1
                                                                                                                                    
0        N A S T R A N    F I L E    A N D    S Y S T E M    P A R A M E T E R    E C H O                                           
0                                                                                                                                   
                                                                                                                                    
                                                                                                                                    
     NASTRAN BUFFSIZE=8193 $(F:/PROGRAM FILES (X86)/FEMAPV1101/NASTRAN/CONF/NAST8.RCF
     NASTRAN DIAGA=128 DIAGB=0 $(F:/PROGRAM FILES (X86)/FEMAPV1101/NASTRAN/CONF/NAST8
     NASTRAN REAL=2147483647 $(PROGRAM DEFAULT)                                      
1                                                                         SEPTEMBER  26, 2016  NX NASTRAN  1/24/13   PAGE     2
                                                                                                                                    
0        N A S T R A N    E X E C U T I V E    C O N T R O L    E C H O                                                             
0                                                                                                                                   
                                                                                                                                    
                                                                                                                                    
     ID BAH WING                                                                             
     SOL 145                                                                                 
     TIME 100                                                                                
     CEND                                                                                    
1    BAH WING                                                             SEPTEMBER  26, 2016  NX NASTRAN  1/24/13   PAGE     3
      FLUTTER ANALYSIS                                                                                                              
0     PK METHOD                                                                                                                     
0                                        C A S E    C O N T R O L    E C H O                                                        
                 COMMAND                                                                                                            
                 COUNT                                                                                                              
                  1      $$$$$$$$$$$$$$$$$$$$$$$$$$$$$$$$$$$$$$$$$$$$$$$$$$$$$$$$$$$$$$$$$$$$$$$$        $$$$$$$$
                  2      $ CASE CONTROL SECTION                                                                  
                  3      TITLE = BAH WING                                                                        
                  4      SUBTITLE = FLUTTER ANALYSIS                                                             
                  5      LABEL = PK METHOD                                                                       
                  6      ECHO = NONE                                                                             
                  7                                                                                              
                  8      SPC = 101                                                                               
                  9      METHOD = 401                                                                            
                 10      FMETHOD = 501                                                                           
                 11      $                                                                                       
                 12      $OUTPUT                                                                                 
                 13      DISP(PLOT) = ALL                                                                        
                 14      SVECTOR(PLOT) = ALL                                                                     
                 15      $                                                                                       
                 16      $$$$$$$$$$$$$$$$$$$$$$$$$$$$$$$$$$$$$$$$$$$$$$$$$$$$$$$$$$$$$$$$$$$$$$$$        $$$$$$$$
                 17      $ BULK DATA SECTION                                                                     
                 18      BEGIN BULK                                                                              
 *** USER WARNING MESSAGE 324 (XSORSO)
     BLANK ENTRIES ENCOUNTERED WILL BE IGNORED.
0                             INPUT BULK DATA ENTRY COUNT =         160
0                       TOTAL COUNT=        90


                                        M O D E L   S U M M A R Y

                                   NUMBER OF GRID     POINTS   =       20
 
 
                                   NUMBER OF CBAR     ELEMENTS =        5
                                   NUMBER OF CONM2    ELEMENTS =       11
 
                                   NUMBER OF RBAR     ELEMENTS =        4
                                   NUMBER OF RBE2     ELEMENTS =        5
 *** USER INFORMATION MESSAGE 4109 (OUTPX2)
     THE LABEL IS NX8.5    FOR FORTRAN UNIT 12
     (MAXIMUM SIZE OF FORTRAN RECORDS WRITTEN =        7 WORDS.)
     (NUMBER OF FORTRAN RECORDS WRITTEN =        8 RECORDS.)
     (TOTAL DATA WRITTEN FOR TAPE LABEL =       17 WORDS.)
1    BAH WING                                                             SEPTEMBER  26, 2016  NX NASTRAN  1/24/13   PAGE     4
      FLUTTER ANALYSIS                                                                                                              
0     PK METHOD                                                                                                                     
0                                                                                                                                   
                                                                                                                                    
                                                                                                                                    
 *** USER INFORMATION MESSAGE 4114 (OUTPX2)
     DATA BLOCK PVT0     WRITTEN ON FORTRAN UNIT 12, TRL =
                    101                22                 0                 0                 0                 0                 0
     (MAXIMUM POSSIBLE FORTRAN RECORD SIZE =    16386 WORDS.)
     (MAXIMUM SIZE OF FORTRAN RECORDS WRITTEN =       22 WORDS.)
     (NUMBER OF FORTRAN RECORDS WRITTEN =       19 RECORDS.)
     (TOTAL DATA WRITTEN FOR DATA BLOCK =       46 WORDS.)
 *** USER INFORMATION MESSAGE 4114 (OUTPX2)
     DATA BLOCK GPL      WRITTEN ON FORTRAN UNIT 12, TRL =
                    101                20                 0                 0                 0                 0                 0
     (MAXIMUM POSSIBLE FORTRAN RECORD SIZE =    16386 WORDS.)
     (MAXIMUM SIZE OF FORTRAN RECORDS WRITTEN =       40 WORDS.)
     (NUMBER OF FORTRAN RECORDS WRITTEN =       24 RECORDS.)
     (TOTAL DATA WRITTEN FOR DATA BLOCK =       89 WORDS.)
 *** USER INFORMATION MESSAGE 4114 (OUTPX2)
     DATA BLOCK CSTM     WRITTEN ON FORTRAN UNIT 12, TRL =
                    101                20                 2                 0                 0                 0                 0
     (MAXIMUM POSSIBLE FORTRAN RECORD SIZE =    16386 WORDS.)
     (MAXIMUM SIZE OF FORTRAN RECORDS WRITTEN =       28 WORDS.)
     (NUMBER OF FORTRAN RECORDS WRITTEN =       19 RECORDS.)
     (TOTAL DATA WRITTEN FOR DATA BLOCK =       52 WORDS.)
 *** USER INFORMATION MESSAGE 4114 (OUTPX2)
     DATA BLOCK GPDT     WRITTEN ON FORTRAN UNIT 12, TRL =
                    102                20                 0                 0                 0                 0                 0
     (MAXIMUM POSSIBLE FORTRAN RECORD SIZE =    16386 WORDS.)
     (MAXIMUM SIZE OF FORTRAN RECORDS WRITTEN =      140 WORDS.)
     (NUMBER OF FORTRAN RECORDS WRITTEN =       19 RECORDS.)
     (TOTAL DATA WRITTEN FOR DATA BLOCK =      164 WORDS.)
 *** USER INFORMATION MESSAGE 4114 (OUTPX2)
     DATA BLOCK EPT      WRITTEN ON FORTRAN UNIT 12, TRL =
                    101                 0              4096                 0                 0                 0                 0
     (MAXIMUM POSSIBLE FORTRAN RECORD SIZE =    16386 WORDS.)
     (MAXIMUM SIZE OF FORTRAN RECORDS WRITTEN =       98 WORDS.)
     (NUMBER OF FORTRAN RECORDS WRITTEN =       24 RECORDS.)
     (TOTAL DATA WRITTEN FOR DATA BLOCK =      129 WORDS.)
 *** USER INFORMATION MESSAGE 4114 (OUTPX2)
     DATA BLOCK MPT      WRITTEN ON FORTRAN UNIT 12, TRL =
                    101             32768                 0                 0                 0                 0                 0
     (MAXIMUM POSSIBLE FORTRAN RECORD SIZE =    16386 WORDS.)
     (MAXIMUM SIZE OF FORTRAN RECORDS WRITTEN =       15 WORDS.)
     (NUMBER OF FORTRAN RECORDS WRITTEN =       24 RECORDS.)
     (TOTAL DATA WRITTEN FOR DATA BLOCK =       46 WORDS.)
 *** USER INFORMATION MESSAGE 4114 (OUTPX2)
     DATA BLOCK GEOM2    WRITTEN ON FORTRAN UNIT 12, TRL =
                    101                 2               256                 0                 0                 0                 0
     (MAXIMUM POSSIBLE FORTRAN RECORD SIZE =    16386 WORDS.)
     (MAXIMUM SIZE OF FORTRAN RECORDS WRITTEN =      146 WORDS.)
     (NUMBER OF FORTRAN RECORDS WRITTEN =       29 RECORDS.)
     (TOTAL DATA WRITTEN FOR DATA BLOCK =      264 WORDS.)
1    BAH WING                                                             SEPTEMBER  26, 2016  NX NASTRAN  1/24/13   PAGE     5
      FLUTTER ANALYSIS                                                                                                              
0     PK METHOD                                                                                                                     
0                                                                                                                                   
                                                                                                                                    
                                                                                                                                    
 *** USER INFORMATION MESSAGE 4114 (OUTPX2)
     DATA BLOCK GEOM4    WRITTEN ON FORTRAN UNIT 12, TRL =
                    103                 0                 0                 0                64             18432                 0
     (MAXIMUM POSSIBLE FORTRAN RECORD SIZE =    16386 WORDS.)
     (MAXIMUM SIZE OF FORTRAN RECORDS WRITTEN =       33 WORDS.)
     (NUMBER OF FORTRAN RECORDS WRITTEN =       34 RECORDS.)
     (TOTAL DATA WRITTEN FOR DATA BLOCK =      111 WORDS.)
 *** USER INFORMATION MESSAGE 4114 (OUTPX2)
     DATA BLOCK GEOM1    WRITTEN ON FORTRAN UNIT 12, TRL =
                    104                 0              2048                 8                 0                 0                 0
     (MAXIMUM POSSIBLE FORTRAN RECORD SIZE =    16386 WORDS.)
     (MAXIMUM SIZE OF FORTRAN RECORDS WRITTEN =      163 WORDS.)
     (NUMBER OF FORTRAN RECORDS WRITTEN =       29 RECORDS.)
     (TOTAL DATA WRITTEN FOR DATA BLOCK =      227 WORDS.)
 *** USER INFORMATION MESSAGE 4114 (OUTPX2)
     DATA BLOCK BGPDT    WRITTEN ON FORTRAN UNIT 12, TRL =
                    105                20                 0                 0                 0                 0                 0
     (MAXIMUM POSSIBLE FORTRAN RECORD SIZE =    16386 WORDS.)
     (MAXIMUM SIZE OF FORTRAN RECORDS WRITTEN =       80 WORDS.)
     (NUMBER OF FORTRAN RECORDS WRITTEN =       19 RECORDS.)
     (TOTAL DATA WRITTEN FOR DATA BLOCK =      104 WORDS.)
 *** USER INFORMATION MESSAGE 4114 (OUTPX2)
     DATA BLOCK DIT      WRITTEN ON FORTRAN UNIT 12, TRL =
                    101                 0              2048                 0                 0                 0                 0
     (MAXIMUM POSSIBLE FORTRAN RECORD SIZE =    16386 WORDS.)
     (MAXIMUM SIZE OF FORTRAN RECORDS WRITTEN =       17 WORDS.)
     (NUMBER OF FORTRAN RECORDS WRITTEN =       24 RECORDS.)
     (TOTAL DATA WRITTEN FOR DATA BLOCK =       48 WORDS.)
 *** USER INFORMATION MESSAGE 4114 (OUTPX2)
     DATA BLOCK DYNAMICS WRITTEN ON FORTRAN UNIT 12, TRL =
                    102              8192                 0                 0                 0                 0                 0
     (MAXIMUM POSSIBLE FORTRAN RECORD SIZE =    16386 WORDS.)
     (MAXIMUM SIZE OF FORTRAN RECORDS WRITTEN =       21 WORDS.)
     (NUMBER OF FORTRAN RECORDS WRITTEN =       24 RECORDS.)
     (TOTAL DATA WRITTEN FOR DATA BLOCK =       52 WORDS.)
 *** USER INFORMATION MESSAGE 4114 (OUTPX2)
     DATA BLOCK CASECC   WRITTEN ON FORTRAN UNIT 12, TRL =
                    103                 1                 0               600                 0                 0                 0
     (MAXIMUM POSSIBLE FORTRAN RECORD SIZE =    16386 WORDS.)
     (MAXIMUM SIZE OF FORTRAN RECORDS WRITTEN =      600 WORDS.)
     (NUMBER OF FORTRAN RECORDS WRITTEN =       19 RECORDS.)
     (TOTAL DATA WRITTEN FOR DATA BLOCK =      624 WORDS.)
 *** USER INFORMATION MESSAGE 4114 (OUTPX2)
     DATA BLOCK EDT      WRITTEN ON FORTRAN UNIT 12, TRL =
                    102                 0                 7             26240                 0                 0                 0
     (MAXIMUM POSSIBLE FORTRAN RECORD SIZE =    16386 WORDS.)
     (MAXIMUM SIZE OF FORTRAN RECORDS WRITTEN =       71 WORDS.)
     (NUMBER OF FORTRAN RECORDS WRITTEN =       59 RECORDS.)
     (TOTAL DATA WRITTEN FOR DATA BLOCK =      288 WORDS.)
1    BAH WING                                                             SEPTEMBER  26, 2016  NX NASTRAN  1/24/13   PAGE     6
      FLUTTER ANALYSIS                                                                                                              
0     PK METHOD                                                                                                                     
0                                                                                                                                   
                                                                                                                                    
                                                                                                                                    
 *** USER INFORMATION MESSAGE 4114 (OUTPX2)
     DATA BLOCK EQEXIN   WRITTEN ON FORTRAN UNIT 12, TRL =
                    101                20                 0                 0                 0                 0                 0
     (MAXIMUM POSSIBLE FORTRAN RECORD SIZE =    16386 WORDS.)
     (MAXIMUM SIZE OF FORTRAN RECORDS WRITTEN =       40 WORDS.)
     (NUMBER OF FORTRAN RECORDS WRITTEN =       24 RECORDS.)
     (TOTAL DATA WRITTEN FOR DATA BLOCK =      108 WORDS.)
 *** USER INFORMATION MESSAGE - SINGULARITIES FOUND USING EIGENVALUE METHOD
 ***       0 SINGULARITIES FOUND         0 SINGULARITIES ELIMINATED
 *** SYSTEM INFORMATION MESSAGE 6916 (DFMSYN)
     DECOMP ORDERING METHOD CHOSEN: BEND, ORDERING METHOD USED: BEND
 *** USER INFORMATION MESSAGE 5010 (LNCILD)
     STURM SEQUENCE DATA FOR EIGENVALUE EXTRACTION.
     TRIAL EIGENVALUE =  2.359678D+01, CYCLES =  7.731192D-01 NUMBER OF EIGENVALUES BELOW THIS VALUE =     2
 *** USER INFORMATION MESSAGE 5010 (LNCILD)
     STURM SEQUENCE DATA FOR EIGENVALUE EXTRACTION.
     TRIAL EIGENVALUE =  2.130344D+04, CYCLES =  2.322977D+01 NUMBER OF EIGENVALUES BELOW THIS VALUE =     8

 TABLE OF SHIFTS:  (LNNRIGL)
 SHIFT #        SHIFT VALUE         FREQUENCY, CYCLES     # EIGENVALUES BELOW    # NEW EIGENVALUES FOUND
     1.        2.3596775E+01          7.7311921E-01                 2                       27
     2.        2.1303438E+04          2.3229773E+01                 8                        0

1    BAH WING                                                             SEPTEMBER  26, 2016  NX NASTRAN  1/24/13   PAGE     7
      FLUTTER ANALYSIS                                                                                                              
0     PK METHOD                                                                                                                     
0


                          E I G E N V A L U E  A N A L Y S I S   S U M M A R Y   (READ MODULE) 



                                     BLOCK SIZE USED ......................    7

                                     NUMBER OF DECOMPOSITIONS .............    2

                                     NUMBER OF ROOTS FOUND ................    8

                                     NUMBER OF SOLVES REQUIRED ............    6

1    BAH WING                                                             SEPTEMBER  26, 2016  NX NASTRAN  1/24/13   PAGE     8
      FLUTTER ANALYSIS                                                                                                              
0     PK METHOD                                                                                                                     
 
                                              R E A L   E I G E N V A L U E S
   MODE    EXTRACTION      EIGENVALUE            RADIANS             CYCLES            GENERALIZED         GENERALIZED
    NO.       ORDER                                                                       MASS              STIFFNESS
        1         1        2.842171E-14        1.685874E-07        2.683152E-08        1.000000E+00        2.842171E-14
        2         2        5.019984E-12        2.240532E-06        3.565918E-07        1.000000E+00        5.019984E-12
        3         3        2.377467E+02        1.541904E+01        2.454016E+00        1.000000E+00        2.377467E+02
        4         4        5.563491E+02        2.358705E+01        3.753996E+00        1.000000E+00        5.563491E+02
        5         5        2.989911E+03        5.468008E+01        8.702604E+00        1.000000E+00        2.989911E+03
        6         6        3.199282E+03        5.656220E+01        9.002153E+00        1.000000E+00        3.199282E+03
        7         7        8.308047E+03        9.114849E+01        1.450673E+01        1.000000E+00        8.308047E+03
        8         8        1.938500E+04        1.392300E+02        2.215914E+01        1.000000E+00        1.938500E+04
1    BAH WING                                                             SEPTEMBER  26, 2016  NX NASTRAN  1/24/13   PAGE     9
      FLUTTER ANALYSIS                                                                                                              
0     PK METHOD                                                                                                                     
1    BAH WING                                                             SEPTEMBER  26, 2016  NX NASTRAN  1/24/13   PAGE    10
      FLUTTER ANALYSIS                                                                                                              
0     PK METHOD                                                                                                                     
1    BAH WING                                                             SEPTEMBER  26, 2016  NX NASTRAN  1/24/13   PAGE    11
      FLUTTER ANALYSIS                                                                                                              
0     PK METHOD                                                                                                                     
1    BAH WING                                                             SEPTEMBER  26, 2016  NX NASTRAN  1/24/13   PAGE    12
      FLUTTER ANALYSIS                                                                                                              
0     PK METHOD                                                                                                                     


 A ZERO FREQUENCY ROOT HAS EMERGED.  WHEN THE MACH NO., DENSITY AND VELOCITY ARE COMPATIBLE
 IT MAY BE INTERPRETED TWO WAYS DEPENDING ON THE SIGN OF THE REAL PART:
   1. (-) A MODE IS CRITICALLY DAMPED, OR,
   2. (+) THE SYSTEM IS DIVERGING.
 ONLY THE MOST CRITICAL ( I.E., MOST POSITIVE REAL ROOTS )  ARE PRINTED IN THE FLUTTER SUMMARY.
 FOR INFORMATIONAL PURPOSES, THE REMAINING REAL ROOTS ARE PRINTED HERE.

      LESS CRITICAL REAL ROOTS FOR LOOP    1      MACH        VELOCITY        DENSITY
                                              0.00000E+00    4.77430E+03    1.00000E+00

         KFREQ          DAMPING                 COMPLEX EIGENVALUE

        0.0000     -9.6980792E-01       -8.0233618E+02        0.0000000E+00
        0.0000     -1.5840639E-01       -1.3105191E+02        0.0000000E+00
        0.0000     -4.8846647E-04       -4.0411541E-01        0.0000000E+00

      LESS CRITICAL REAL ROOTS FOR LOOP    2      MACH        VELOCITY        DENSITY
                                              0.00000E+00    4.81556E+03    1.00000E+00

         KFREQ          DAMPING                 COMPLEX EIGENVALUE

        0.0000     -9.6991891E-01       -8.0936267E+02        0.0000000E+00
        0.0000     -1.5846619E-01       -1.3223438E+02        0.0000000E+00
        0.0000     -4.8854522E-04       -4.0767354E-01        0.0000000E+00

      LESS CRITICAL REAL ROOTS FOR LOOP    3      MACH        VELOCITY        DENSITY
                                              0.00000E+00    4.85629E+03    1.00000E+00

         KFREQ          DAMPING                 COMPLEX EIGENVALUE

        0.0000     -9.7002566E-01       -8.1629810E+02        0.0000000E+00
        0.0000     -1.5852408E-01       -1.3340154E+02        0.0000000E+00
        0.0000     -4.8866746E-04       -4.1122448E-01        0.0000000E+00

      LESS CRITICAL REAL ROOTS FOR LOOP    4      MACH        VELOCITY        DENSITY
                                              0.00000E+00    4.89702E+03    1.00000E+00

         KFREQ          DAMPING                 COMPLEX EIGENVALUE

        0.0000     -9.7012979E-01       -8.2323279E+02        0.0000000E+00
        0.0000     -1.5858090E-01       -1.3456859E+02        0.0000000E+00
        0.0000     -4.8839033E-04       -4.1443831E-01        0.0000000E+00

      LESS CRITICAL REAL ROOTS FOR LOOP    5      MACH        VELOCITY        DENSITY
                                              0.00000E+00    4.93721E+03    1.00000E+00

         KFREQ          DAMPING                 COMPLEX EIGENVALUE

1    BAH WING                                                             SEPTEMBER  26, 2016  NX NASTRAN  1/24/13   PAGE    13
      FLUTTER ANALYSIS                                                                                                              
0     PK METHOD                                                                                                                     

      LESS CRITICAL REAL ROOTS FOR LOOP    5      MACH        VELOCITY        DENSITY
                                              0.00000E+00    4.93721E+03    1.00000E+00

         KFREQ          DAMPING                 COMPLEX EIGENVALUE

        0.0000     -9.7022992E-01       -8.3007477E+02        0.0000000E+00
        0.0000     -1.5863594E-01       -1.3572009E+02        0.0000000E+00
        0.0000     -4.8855529E-04       -4.1798076E-01        0.0000000E+00

      LESS CRITICAL REAL ROOTS FOR LOOP    6      MACH        VELOCITY        DENSITY
                                              0.00000E+00    4.97687E+03    1.00000E+00

         KFREQ          DAMPING                 COMPLEX EIGENVALUE

        0.0000     -9.7032636E-01       -8.3682587E+02        0.0000000E+00
        0.0000     -1.5868925E-01       -1.3685629E+02        0.0000000E+00
        0.0000     -4.8874866E-04       -4.2150509E-01        0.0000000E+00

      LESS CRITICAL REAL ROOTS FOR LOOP    7      MACH        VELOCITY        DENSITY
                                              0.00000E+00    5.01652E+03    1.00000E+00

         KFREQ          DAMPING                 COMPLEX EIGENVALUE

        0.0000     -9.7042060E-01       -8.4357465E+02        0.0000000E+00
        0.0000     -1.5874167E-01       -1.3799217E+02        0.0000000E+00
        0.0000     -4.8858841E-04       -4.2472386E-01        0.0000000E+00

      LESS CRITICAL REAL ROOTS FOR LOOP    8      MACH        VELOCITY        DENSITY
                                              0.00000E+00    5.05564E+03    1.00000E+00

         KFREQ          DAMPING                 COMPLEX EIGENVALUE

        0.0000     -9.7051138E-01       -8.5023254E+02        0.0000000E+00
        0.0000     -1.5879244E-01       -1.3911275E+02        0.0000000E+00
        0.0000     -4.8865058E-04       -4.2809042E-01        0.0000000E+00

      LESS CRITICAL REAL ROOTS FOR LOOP    9      MACH        VELOCITY        DENSITY
                                              0.00000E+00    5.07494E+03    1.00000E+00

         KFREQ          DAMPING                 COMPLEX EIGENVALUE

        0.0000     -9.7055531E-01       -8.5351697E+02        0.0000000E+00
        0.0000     -1.5881719E-01       -1.3966557E+02        0.0000000E+00
        0.0000     -4.8840092E-04       -4.2950511E-01        0.0000000E+00
1    BAH WING                                                             SEPTEMBER  26, 2016  NX NASTRAN  1/24/13   PAGE    14
      FLUTTER ANALYSIS                                                                                                              
0     PK METHOD                                                                                                                     

      LESS CRITICAL REAL ROOTS FOR LOOP   10      MACH        VELOCITY        DENSITY
                                              0.00000E+00    5.13335E+03    1.00000E+00

         KFREQ          DAMPING                 COMPLEX EIGENVALUE

        0.0000     -9.7068548E-01       -8.6345630E+02        0.0000000E+00
        0.0000     -1.5889080E-01       -1.4133853E+02        0.0000000E+00
        0.0000     -4.8867171E-04       -4.3468940E-01        0.0000000E+00

      LESS CRITICAL REAL ROOTS FOR LOOP   11      MACH        VELOCITY        DENSITY
                                              0.00000E+00    5.17140E+03    1.00000E+00

         KFREQ          DAMPING                 COMPLEX EIGENVALUE

        0.0000     -9.7076786E-01       -8.6993030E+02        0.0000000E+00
        0.0000     -1.5893777E-01       -1.4242827E+02        0.0000000E+00
        0.0000     -4.8866204E-04       -4.3790278E-01        0.0000000E+00

      LESS CRITICAL REAL ROOTS FOR LOOP   12      MACH        VELOCITY        DENSITY
                                              0.00000E+00    5.20945E+03    1.00000E+00

         KFREQ          DAMPING                 COMPLEX EIGENVALUE

        0.0000     -9.7084844E-01       -8.7640387E+02        0.0000000E+00
        0.0000     -1.5898399E-01       -1.4351796E+02        0.0000000E+00
        0.0000     -4.8894947E-04       -4.4138423E-01        0.0000000E+00

      LESS CRITICAL REAL ROOTS FOR LOOP   13      MACH        VELOCITY        DENSITY
                                              0.00000E+00    5.24749E+03    1.00000E+00

         KFREQ          DAMPING                 COMPLEX EIGENVALUE

        0.0000     -9.7092730E-01       -8.8287518E+02        0.0000000E+00
        0.0000     -1.5902947E-01       -1.4460730E+02        0.0000000E+00
        0.0000     -4.8836460E-04       -4.4407547E-01        0.0000000E+00

      LESS CRITICAL REAL ROOTS FOR LOOP   14      MACH        VELOCITY        DENSITY
                                              0.00000E+00    5.28501E+03    1.00000E+00

         KFREQ          DAMPING                 COMPLEX EIGENVALUE

        0.0000     -9.7100335E-01       -8.8925739E+02        0.0000000E+00
        0.0000     -1.5907364E-01       -1.4568169E+02        0.0000000E+00
        0.0000     -4.8892817E-04       -4.4776669E-01        0.0000000E+00
1    BAH WING                                                             SEPTEMBER  26, 2016  NX NASTRAN  1/24/13   PAGE    15
      FLUTTER ANALYSIS                                                                                                              
0     PK METHOD                                                                                                                     

      LESS CRITICAL REAL ROOTS FOR LOOP   15      MACH        VELOCITY        DENSITY
                                              0.00000E+00    5.32198E+03    1.00000E+00

         KFREQ          DAMPING                 COMPLEX EIGENVALUE

        0.0000     -9.7107679E-01       -8.9554572E+02        0.0000000E+00
        0.0000     -1.5911649E-01       -1.4674030E+02        0.0000000E+00
        0.0000     -4.8842357E-04       -4.5043361E-01        0.0000000E+00

      LESS CRITICAL REAL ROOTS FOR LOOP   16      MACH        VELOCITY        DENSITY
                                              0.00000E+00    5.35896E+03    1.00000E+00

         KFREQ          DAMPING                 COMPLEX EIGENVALUE

        0.0000     -9.7114867E-01       -9.0183521E+02        0.0000000E+00
        0.0000     -1.5915872E-01       -1.4779913E+02        0.0000000E+00
        0.0000     -4.8845494E-04       -4.5359260E-01        0.0000000E+00

      LESS CRITICAL REAL ROOTS FOR LOOP   17      MACH        VELOCITY        DENSITY
                                              0.00000E+00    5.39647E+03    1.00000E+00

         KFREQ          DAMPING                 COMPLEX EIGENVALUE

        0.0000     -9.7122008E-01       -9.0821442E+02        0.0000000E+00
        0.0000     -1.5920091E-01       -1.4887311E+02        0.0000000E+00
        0.0000     -4.8878521E-04       -4.5707640E-01        0.0000000E+00

      LESS CRITICAL REAL ROOTS FOR LOOP   18      MACH        VELOCITY        DENSITY
                                              0.00000E+00    5.43431E+03    1.00000E+00

         KFREQ          DAMPING                 COMPLEX EIGENVALUE

        0.0000     -9.7129065E-01       -9.1464923E+02        0.0000000E+00
        0.0000     -1.5924279E-01       -1.4995645E+02        0.0000000E+00
        0.0000     -4.8900483E-04       -4.6048823E-01        0.0000000E+00

      LESS CRITICAL REAL ROOTS FOR LOOP   19      MACH        VELOCITY        DENSITY
                                              0.00000E+00    5.47056E+03    1.00000E+00

         KFREQ          DAMPING                 COMPLEX EIGENVALUE

        0.0000     -9.7135693E-01       -9.2081329E+02        0.0000000E+00
        0.0000     -1.5928239E-01       -1.5099428E+02        0.0000000E+00
        0.0000     -4.8846880E-04       -4.6305180E-01        0.0000000E+00
1    BAH WING                                                             SEPTEMBER  26, 2016  NX NASTRAN  1/24/13   PAGE    16
      FLUTTER ANALYSIS                                                                                                              
0     PK METHOD                                                                                                                     

      LESS CRITICAL REAL ROOTS FOR LOOP   20      MACH        VELOCITY        DENSITY
                                              0.00000E+00    5.50656E+03    1.00000E+00

         KFREQ          DAMPING                 COMPLEX EIGENVALUE

        0.0000     -9.7142130E-01       -9.2693433E+02        0.0000000E+00
        0.0000     -1.5932110E-01       -1.5202487E+02        0.0000000E+00
        0.0000     -4.8835273E-04       -4.6598822E-01        0.0000000E+00

      LESS CRITICAL REAL ROOTS FOR LOOP   21      MACH        VELOCITY        DENSITY
                                              0.00000E+00    5.54234E+03    1.00000E+00

         KFREQ          DAMPING                 COMPLEX EIGENVALUE

        0.0000     -9.7148418E-01       -9.3301758E+02        0.0000000E+00
        0.0000     -1.5935908E-01       -1.5304915E+02        0.0000000E+00
        0.0000     -4.8864871E-04       -4.6930033E-01        0.0000000E+00


                                               EIGENVECTOR FROM THE PK METHOD
   EIGENVALUE =     4.69492E-01    0.00000E+00

   EIGENVECTOR
                    3.51806E-02    0.00000E+00
                    1.00000E+00    0.00000E+00
                   -3.74657E-05    0.00000E+00
                    1.51619E-06    0.00000E+00
                   -9.74524E-19    0.00000E+00
                    7.46934E-07    0.00000E+00
                   -3.01537E-07    0.00000E+00
                    8.63726E-07    0.00000E+00


                                               EIGENVECTOR FROM THE PK METHOD
   EIGENVALUE =     9.24440E+01    0.00000E+00

   EIGENVECTOR
                    2.13854E-01    0.00000E+00
                    1.00000E+00    0.00000E+00
                   -2.68248E-01    0.00000E+00
                   -1.41494E-01    0.00000E+00
                   -7.81797E-14    0.00000E+00
                    4.73051E-01    0.00000E+00
                   -4.73725E-02    0.00000E+00
                   -4.90940E-02    0.00000E+00
1    BAH WING                                                             SEPTEMBER  26, 2016  NX NASTRAN  1/24/13   PAGE    17
      FLUTTER ANALYSIS                                                                                                              
0     PK METHOD                                                                                                                     


                                               EIGENVECTOR FROM THE PK METHOD
   EIGENVALUE =     5.75693E+02    0.00000E+00

   EIGENVECTOR
                    5.05421E-02    0.00000E+00
                    4.94597E-01    0.00000E+00
                    1.00000E+00    0.00000E+00
                   -9.91792E-02    0.00000E+00
                    4.92372E-14    0.00000E+00
                   -4.12393E-01    0.00000E+00
                    6.00630E-01    0.00000E+00
                   -1.96145E-01    0.00000E+00

      LESS CRITICAL REAL ROOTS FOR LOOP   22      MACH        VELOCITY        DENSITY
                                              0.00000E+00    5.54234E+03    1.00000E+00

         KFREQ          DAMPING                 COMPLEX EIGENVALUE

        0.0000     -9.7148418E-01       -9.3301758E+02        0.0000000E+00
        0.0000     -1.5935908E-01       -1.5304915E+02        0.0000000E+00
        0.0000     -4.8864871E-04       -4.6930033E-01        0.0000000E+00


                                               EIGENVECTOR FROM THE PK METHOD
   EIGENVALUE =     4.45158E-01    1.43529E+01

   EIGENVECTOR
                   -2.04567E-03   -2.53045E-03
                    1.93697E-01    3.98604E-02
                    1.00000E+00    0.00000E+00
                   -1.39366E-02   -3.31936E-03
                   -2.25968E-15   -8.08839E-16
                    1.51349E-02    5.18932E-03
                    1.89294E-03    1.54528E-03
                    2.67993E-03    2.06024E-03
1    BAH WING                                                             SEPTEMBER  26, 2016  NX NASTRAN  1/24/13   PAGE    18
      FLUTTER ANALYSIS                                                                                                              
0     PK METHOD                                                                                                                     


                                               EIGENVECTOR FROM THE PK METHOD
   EIGENVALUE =     0.00000E+00    5.46801E+01

   EIGENVECTOR
                   -4.40266E-15    9.79028E-16
                    1.16166E-14    3.92173E-15
                   -4.50432E-15   -1.82997E-15
                   -3.63129E-15   -1.06964E-17
                    1.00000E+00    0.00000E+00
                    1.17551E-13    7.39960E-15
                    8.80350E-16    5.31712E-17
                    2.79952E-15    4.85123E-16


                                               EIGENVECTOR FROM THE PK METHOD
   EIGENVALUE =    -7.45715E+00    7.03499E+01

   EIGENVECTOR
                    4.91016E-02   -5.28327E-03
                    1.12785E-01   -7.76967E-02
                    1.05995E-03    5.13715E-02
                   -6.41941E-02   -5.74334E-03
                   -1.36145E-13   -4.30878E-15
                    1.00000E+00    0.00000E+00
                   -3.18111E-03   -3.95625E-03
                   -7.11753E-02   -6.41785E-02


                                               EIGENVECTOR FROM THE PK METHOD
   EIGENVALUE =    -8.17164E+01    1.57320E+02

   EIGENVECTOR
                    1.00000E+00    0.00000E+00
                   -8.33798E-01    1.85889E-01
                    3.97410E-01   -5.84776E-02
                    4.54736E-01   -3.40369E-02
                   -4.78485E-15    2.04402E-14
                    1.26030E-01   -1.64765E-01
                    1.64007E-02   -1.25799E-02
                   -1.55058E-01   -1.39093E-01
1    BAH WING                                                             SEPTEMBER  26, 2016  NX NASTRAN  1/24/13   PAGE    19
      FLUTTER ANALYSIS                                                                                                              
0     PK METHOD                                                                                                                     


                                               EIGENVECTOR FROM THE PK METHOD
   EIGENVALUE =    -3.82996E+01    1.62627E+02

   EIGENVECTOR
                    1.30343E-01    1.03341E+00
                    4.26351E-01   -8.52020E-01
                   -2.03381E-01    3.91347E-01
                   -4.98349E-02    4.58642E-01
                   -8.37982E-14   -5.65051E-14
                    5.56919E-01    4.93614E-01
                   -1.22908E-02    1.36778E-02
                    1.00000E+00    0.00000E+00
1    BAH WING                                                             SEPTEMBER  26, 2016  NX NASTRAN  1/24/13   PAGE    20
      FLUTTER ANALYSIS                                                                                                              
0     PK METHOD                                                                                                                     
0                                                       FLUTTER  SUMMARY
                         CONFIGURATION = AEROSG2D     XY-SYMMETRY = ASYMMETRIC     XZ-SYMMETRY = SYMMETRIC
       POINT =    1     MACH NUMBER =  0.0000     DENSITY RATIO =  1.0000E+00     METHOD = PK  


       KFREQ            1./KFREQ         VELOCITY            DAMPING         FREQUENCY            COMPLEX   EIGENVALUE
        0.0000       9.9999996E+24     4.7742998E+03     4.8864936E-04     0.0000000E+00     4.0426669E-01     0.0000000E+00
        0.0000       9.9999996E+24     4.8155601E+03     4.8873352E-04     0.0000000E+00     4.0783066E-01     0.0000000E+00
        0.0000       9.9999996E+24     4.8562900E+03     4.8885384E-04     0.0000000E+00     4.1138136E-01     0.0000000E+00
        0.0000       9.9999996E+24     4.8970200E+03     4.8857398E-04     0.0000000E+00     4.1459414E-01     0.0000000E+00
        0.0000       9.9999996E+24     4.9372100E+03     4.8874342E-04     0.0000000E+00     4.1814169E-01     0.0000000E+00
        0.0000       9.9999996E+24     4.9768701E+03     4.8894499E-04     0.0000000E+00     4.2167443E-01     0.0000000E+00
        0.0000       9.9999996E+24     5.0165200E+03     4.8878189E-04     0.0000000E+00     4.2489204E-01     0.0000000E+00
        0.0000       9.9999996E+24     5.0556401E+03     4.8884074E-04     0.0000000E+00     4.2825702E-01     0.0000000E+00
        0.0000       9.9999996E+24     5.0749399E+03     4.8858608E-04     0.0000000E+00     4.2966792E-01     0.0000000E+00
        0.0000       9.9999996E+24     5.1333501E+03     4.8885850E-04     0.0000000E+00     4.3485552E-01     0.0000000E+00
        0.0000       9.9999996E+24     5.1713999E+03     4.8885844E-04     0.0000000E+00     4.3807873E-01     0.0000000E+00
        0.0000       9.9999996E+24     5.2094502E+03     4.8913970E-04     0.0000000E+00     4.4155598E-01     0.0000000E+00
        0.0000       9.9999996E+24     5.2474902E+03     4.8855331E-04     0.0000000E+00     4.4424707E-01     0.0000000E+00
        0.0000       9.9999996E+24     5.2850098E+03     4.8912276E-04     0.0000000E+00     4.4794491E-01     0.0000000E+00
        0.0000       9.9999996E+24     5.3219800E+03     4.8860733E-04     0.0000000E+00     4.5060310E-01     0.0000000E+00
        0.0000       9.9999996E+24     5.3589600E+03     4.8864668E-04     0.0000000E+00     4.5377067E-01     0.0000000E+00
        0.0000       9.9999996E+24     5.3964702E+03     4.8899144E-04     0.0000000E+00     4.5726925E-01     0.0000000E+00
        0.0000       9.9999996E+24     5.4343101E+03     4.8920943E-04     0.0000000E+00     4.6068087E-01     0.0000000E+00
        0.0000       9.9999996E+24     5.4705601E+03     4.8866152E-04     0.0000000E+00     4.6323451E-01     0.0000000E+00
        0.0000       9.9999996E+24     5.5065601E+03     4.8855628E-04     0.0000000E+00     4.6618244E-01     0.0000000E+00
        0.0000       9.9999996E+24     5.5423398E+03     4.8884866E-04     0.0000000E+00     4.6949235E-01     0.0000000E+00
        0.0000       9.9999996E+24     5.5423398E+03     4.8884866E-04     0.0000000E+00     4.6949235E-01     0.0000000E+00
1    BAH WING                                                             SEPTEMBER  26, 2016  NX NASTRAN  1/24/13   PAGE    21
      FLUTTER ANALYSIS                                                                                                              
0     PK METHOD                                                                                                                     
0                                                       FLUTTER  SUMMARY
                         CONFIGURATION = AEROSG2D     XY-SYMMETRY = ASYMMETRIC     XZ-SYMMETRY = SYMMETRIC
       POINT =    2     MACH NUMBER =  0.0000     DENSITY RATIO =  1.0000E+00     METHOD = PK  


       KFREQ            1./KFREQ         VELOCITY            DAMPING         FREQUENCY            COMPLEX   EIGENVALUE
        0.0000       9.9999996E+24     4.7742998E+03     9.5517740E-02     0.0000000E+00     7.9023209E+01     0.0000000E+00
        0.0000       9.9999996E+24     4.8155601E+03     9.5567197E-02     0.0000000E+00     7.9747414E+01     0.0000000E+00
        0.0000       9.9999996E+24     4.8562900E+03     9.5614664E-02     0.0000000E+00     8.0461861E+01     0.0000000E+00
        0.0000       9.9999996E+24     4.8970200E+03     9.5660865E-02     0.0000000E+00     8.1175903E+01     0.0000000E+00
        0.0000       9.9999996E+24     4.9372100E+03     9.5705196E-02     0.0000000E+00     8.1880043E+01     0.0000000E+00
        0.0000       9.9999996E+24     4.9768701E+03     9.5747821E-02     0.0000000E+00     8.2574539E+01     0.0000000E+00
        0.0000       9.9999996E+24     5.0165200E+03     9.5789373E-02     0.0000000E+00     8.3268517E+01     0.0000000E+00
        0.0000       9.9999996E+24     5.0556401E+03     9.5829330E-02     0.0000000E+00     8.3952873E+01     0.0000000E+00
        0.0000       9.9999996E+24     5.0749399E+03     9.5848687E-02     0.0000000E+00     8.4290382E+01     0.0000000E+00
        0.0000       9.9999996E+24     5.1333501E+03     9.5905855E-02     0.0000000E+00     8.5311378E+01     0.0000000E+00
        0.0000       9.9999996E+24     5.1713999E+03     9.5941998E-02     0.0000000E+00     8.5976120E+01     0.0000000E+00
        0.0000       9.9999996E+24     5.2094502E+03     9.5977329E-02     0.0000000E+00     8.6640610E+01     0.0000000E+00
        0.0000       9.9999996E+24     5.2474902E+03     9.6011855E-02     0.0000000E+00     8.7304665E+01     0.0000000E+00
        0.0000       9.9999996E+24     5.2850098E+03     9.6045151E-02     0.0000000E+00     8.7959389E+01     0.0000000E+00
        0.0000       9.9999996E+24     5.3219800E+03     9.6077271E-02     0.0000000E+00     8.8604309E+01     0.0000000E+00
        0.0000       9.9999996E+24     5.3589600E+03     9.6108697E-02     0.0000000E+00     8.9249161E+01     0.0000000E+00
        0.0000       9.9999996E+24     5.3964702E+03     9.6139900E-02     0.0000000E+00     8.9903046E+01     0.0000000E+00
        0.0000       9.9999996E+24     5.4343101E+03     9.6170723E-02     0.0000000E+00     9.0562469E+01     0.0000000E+00
        0.0000       9.9999996E+24     5.4705601E+03     9.6199684E-02     0.0000000E+00     9.1194023E+01     0.0000000E+00
        0.0000       9.9999996E+24     5.5065601E+03     9.6227825E-02     0.0000000E+00     9.1820999E+01     0.0000000E+00
        0.0000       9.9999996E+24     5.5423398E+03     9.6255295E-02     0.0000000E+00     9.2444000E+01     0.0000000E+00
        0.0000       9.9999996E+24     5.5423398E+03     9.6255295E-02     0.0000000E+00     9.2444000E+01     0.0000000E+00
1    BAH WING                                                             SEPTEMBER  26, 2016  NX NASTRAN  1/24/13   PAGE    22
      FLUTTER ANALYSIS                                                                                                              
0     PK METHOD                                                                                                                     
0                                                       FLUTTER  SUMMARY
                         CONFIGURATION = AEROSG2D     XY-SYMMETRY = ASYMMETRIC     XZ-SYMMETRY = SYMMETRIC
       POINT =    3     MACH NUMBER =  0.0000     DENSITY RATIO =  1.0000E+00     METHOD = PK  


       KFREQ            1./KFREQ         VELOCITY            DAMPING         FREQUENCY            COMPLEX   EIGENVALUE
        0.0000       9.9999996E+24     4.7742998E+03     5.9725964E-01     0.0000000E+00     4.9412155E+02     0.0000000E+00
        0.0000       9.9999996E+24     4.8155601E+03     5.9740329E-01     0.0000000E+00     4.9851169E+02     0.0000000E+00
        0.0000       9.9999996E+24     4.8562900E+03     5.9754145E-01     0.0000000E+00     5.0284439E+02     0.0000000E+00
        0.0000       9.9999996E+24     4.8970200E+03     5.9767622E-01     0.0000000E+00     5.0717615E+02     0.0000000E+00
        0.0000       9.9999996E+24     4.9372100E+03     5.9780586E-01     0.0000000E+00     5.1144946E+02     0.0000000E+00
        0.0000       9.9999996E+24     4.9768701E+03     5.9793073E-01     0.0000000E+00     5.1566559E+02     0.0000000E+00
        0.0000       9.9999996E+24     5.0165200E+03     5.9805262E-01     0.0000000E+00     5.1987976E+02     0.0000000E+00
        0.0000       9.9999996E+24     5.0556401E+03     5.9817010E-01     0.0000000E+00     5.2403680E+02     0.0000000E+00
        0.0000       9.9999996E+24     5.0749399E+03     5.9822696E-01     0.0000000E+00     5.2608734E+02     0.0000000E+00
        0.0000       9.9999996E+24     5.1333501E+03     5.9839535E-01     0.0000000E+00     5.3229211E+02     0.0000000E+00
        0.0000       9.9999996E+24     5.1713999E+03     5.9850192E-01     0.0000000E+00     5.3633313E+02     0.0000000E+00
        0.0000       9.9999996E+24     5.2094502E+03     5.9860617E-01     0.0000000E+00     5.4037347E+02     0.0000000E+00
        0.0000       9.9999996E+24     5.2474902E+03     5.9870809E-01     0.0000000E+00     5.4441205E+02     0.0000000E+00
        0.0000       9.9999996E+24     5.2850098E+03     5.9880644E-01     0.0000000E+00     5.4839465E+02     0.0000000E+00
        0.0000       9.9999996E+24     5.3219800E+03     5.9890139E-01     0.0000000E+00     5.5231842E+02     0.0000000E+00
        0.0000       9.9999996E+24     5.3589600E+03     5.9899437E-01     0.0000000E+00     5.5624255E+02     0.0000000E+00
        0.0000       9.9999996E+24     5.3964702E+03     5.9908664E-01     0.0000000E+00     5.6022229E+02     0.0000000E+00
        0.0000       9.9999996E+24     5.4343101E+03     5.9917790E-01     0.0000000E+00     5.6423645E+02     0.0000000E+00
        0.0000       9.9999996E+24     5.4705601E+03     5.9926355E-01     0.0000000E+00     5.6808142E+02     0.0000000E+00
        0.0000       9.9999996E+24     5.5065601E+03     5.9934676E-01     0.0000000E+00     5.7189923E+02     0.0000000E+00
        0.0000       9.9999996E+24     5.5423398E+03     5.9942806E-01     0.0000000E+00     5.7569330E+02     0.0000000E+00
        0.0000       9.9999996E+24     5.5423398E+03     5.9942806E-01     0.0000000E+00     5.7569330E+02     0.0000000E+00
1    BAH WING                                                             SEPTEMBER  26, 2016  NX NASTRAN  1/24/13   PAGE    23
      FLUTTER ANALYSIS                                                                                                              
0     PK METHOD                                                                                                                     
0                                                       FLUTTER  SUMMARY
                         CONFIGURATION = AEROSG2D     XY-SYMMETRY = ASYMMETRIC     XZ-SYMMETRY = SYMMETRIC
       POINT =    4     MACH NUMBER =  0.0000     DENSITY RATIO =  1.0000E+00     METHOD = PK  


       KFREQ            1./KFREQ         VELOCITY            DAMPING         FREQUENCY            COMPLEX   EIGENVALUE
        0.0061       1.6366168E+02     4.7742998E+03     6.8683632E-02     2.3214149E+00     5.0090563E-01     1.4585881E+01
        0.0061       1.6520619E+02     4.8155601E+03     6.8097912E-02     2.3195868E+00     4.9624288E-01     1.4574394E+01
        0.0060       1.6672737E+02     4.8562900E+03     6.7558959E-02     2.3178635E+00     4.9194971E-01     1.4563566E+01
        0.0059       1.6824416E+02     4.8970200E+03     6.7103468E-02     2.3162320E+00     4.8828894E-01     1.4553315E+01
        0.0059       1.6975104E+02     4.9372100E+03     6.6635944E-02     2.3145113E+00     4.8452669E-01     1.4542503E+01
        0.0058       1.7122168E+02     4.9768701E+03     6.6176534E-02     2.3130641E+00     4.8088536E-01     1.4533411E+01
        0.0058       1.7270975E+02     5.0165200E+03     6.5778583E-02     2.3114040E+00     4.7765049E-01     1.4522980E+01
        0.0057       1.7423868E+02     5.0556401E+03     6.5392226E-02     2.3089881E+00     4.7434872E-01     1.4507801E+01
        0.0057       1.7495905E+02     5.0749399E+03     6.5192662E-02     2.3082595E+00     4.7275183E-01     1.4503222E+01
        0.0056       1.7717833E+02     5.1333501E+03     6.4640187E-02     2.3055811E+00     4.6820155E-01     1.4486393E+01
        0.0056       1.7859509E+02     5.1713999E+03     6.4319916E-02     2.3042455E+00     4.6561193E-01     1.4478002E+01
        0.0056       1.8005812E+02     5.2094502E+03     6.4009964E-02     2.3023393E+00     4.6298483E-01     1.4466024E+01
        0.0055       1.8158675E+02     5.2474902E+03     6.3753359E-02     2.2996280E+00     4.6058583E-01     1.4448990E+01
        0.0055       1.8299750E+02     5.2850098E+03     6.3427262E-02     2.2982156E+00     4.5794848E-01     1.4440115E+01
        0.0054       1.8440240E+02     5.3219800E+03     6.3190557E-02     2.2966604E+00     4.5593074E-01     1.4430344E+01
        0.0054       1.8579614E+02     5.3589600E+03     6.2914565E-02     2.2952709E+00     4.5366475E-01     1.4421613E+01
        0.0053       1.8730109E+02     5.3964702E+03     6.2699676E-02     2.2927654E+00     4.5162165E-01     1.4405869E+01
        0.0053       1.8884094E+02     5.4343101E+03     6.2572271E-02     2.2900155E+00     4.5016342E-01     1.4388592E+01
        0.0053       1.9023169E+02     5.4705601E+03     6.2388323E-02     2.2884376E+00     4.4853082E-01     1.4378678E+01
        0.0052       1.9159718E+02     5.5065601E+03     6.2142596E-02     2.2870803E+00     4.4649920E-01     1.4370150E+01
        0.0052       1.9307330E+02     5.5423398E+03     6.2030263E-02     2.2843416E+00     4.4515839E-01     1.4352942E+01
        0.0052       1.9307330E+02     5.5423398E+03     6.2030263E-02     2.2843416E+00     4.4515839E-01     1.4352942E+01
1    BAH WING                                                             SEPTEMBER  26, 2016  NX NASTRAN  1/24/13   PAGE    24
      FLUTTER ANALYSIS                                                                                                              
0     PK METHOD                                                                                                                     
0                                                       FLUTTER  SUMMARY
                         CONFIGURATION = AEROSG2D     XY-SYMMETRY = ASYMMETRIC     XZ-SYMMETRY = SYMMETRIC
       POINT =    5     MACH NUMBER =  0.0000     DENSITY RATIO =  1.0000E+00     METHOD = PK  


       KFREQ            1./KFREQ         VELOCITY            DAMPING         FREQUENCY            COMPLEX   EIGENVALUE
        0.0229       4.3656666E+01     4.7742998E+03     0.0000000E+00     8.7026043E+00     0.0000000E+00     5.4680077E+01
        0.0227       4.4033955E+01     4.8155601E+03     0.0000000E+00     8.7026043E+00     0.0000000E+00     5.4680077E+01
        0.0225       4.4406395E+01     4.8562900E+03     0.0000000E+00     8.7026043E+00     0.0000000E+00     5.4680077E+01
        0.0223       4.4778835E+01     4.8970200E+03     0.0000000E+00     8.7026043E+00     0.0000000E+00     5.4680077E+01
        0.0222       4.5146336E+01     4.9372100E+03     0.0000000E+00     8.7026043E+00     0.0000000E+00     5.4680077E+01
        0.0220       4.5508987E+01     4.9768701E+03     0.0000000E+00     8.7026043E+00     0.0000000E+00     5.4680077E+01
        0.0218       4.5871552E+01     5.0165200E+03     0.0000000E+00     8.7026043E+00     0.0000000E+00     5.4680077E+01
        0.0216       4.6229271E+01     5.0556401E+03     0.0000000E+00     8.7026043E+00     0.0000000E+00     5.4680077E+01
        0.0215       4.6405750E+01     5.0749399E+03     0.0000000E+00     8.7026043E+00     0.0000000E+00     5.4680077E+01
        0.0213       4.6939857E+01     5.1333501E+03     0.0000000E+00     8.7026043E+00     0.0000000E+00     5.4680077E+01
        0.0211       4.7287792E+01     5.1713999E+03     0.0000000E+00     8.7026043E+00     0.0000000E+00     5.4680077E+01
        0.0210       4.7635723E+01     5.2094502E+03     0.0000000E+00     8.7026043E+00     0.0000000E+00     5.4680077E+01
        0.0208       4.7983562E+01     5.2474902E+03     0.0000000E+00     8.7026043E+00     0.0000000E+00     5.4680077E+01
        0.0207       4.8326653E+01     5.2850098E+03     0.0000000E+00     8.7026043E+00     0.0000000E+00     5.4680077E+01
        0.0205       4.8664707E+01     5.3219800E+03     0.0000000E+00     8.7026043E+00     0.0000000E+00     5.4680077E+01
        0.0204       4.9002857E+01     5.3589600E+03     0.0000000E+00     8.7026043E+00     0.0000000E+00     5.4680077E+01
        0.0203       4.9345856E+01     5.3964702E+03     0.0000000E+00     8.7026043E+00     0.0000000E+00     5.4680077E+01
        0.0201       4.9691864E+01     5.4343101E+03     0.0000000E+00     8.7026043E+00     0.0000000E+00     5.4680077E+01
        0.0200       5.0023342E+01     5.4705601E+03     0.0000000E+00     8.7026043E+00     0.0000000E+00     5.4680077E+01
        0.0199       5.0352531E+01     5.5065601E+03     0.0000000E+00     8.7026043E+00     0.0000000E+00     5.4680077E+01
        0.0197       5.0679703E+01     5.5423398E+03     0.0000000E+00     8.7026043E+00     0.0000000E+00     5.4680077E+01
        0.0197       5.0679703E+01     5.5423398E+03     0.0000000E+00     8.7026043E+00     0.0000000E+00     5.4680077E+01
1    BAH WING                                                             SEPTEMBER  26, 2016  NX NASTRAN  1/24/13   PAGE    25
      FLUTTER ANALYSIS                                                                                                              
0     PK METHOD                                                                                                                     
0                                                       FLUTTER  SUMMARY
                         CONFIGURATION = AEROSG2D     XY-SYMMETRY = ASYMMETRIC     XZ-SYMMETRY = SYMMETRIC
       POINT =    6     MACH NUMBER =  0.0000     DENSITY RATIO =  1.0000E+00     METHOD = PK  


       KFREQ            1./KFREQ         VELOCITY            DAMPING         FREQUENCY            COMPLEX   EIGENVALUE
        0.0285       3.5048431E+01     4.7742998E+03    -2.1415317E-01     1.0840048E+01    -7.2929897E+00     6.8110031E+01
        0.0283       3.5288776E+01     4.8155601E+03    -2.1417584E-01     1.0859262E+01    -7.3066897E+00     6.8230759E+01
        0.0281       3.5525459E+01     4.8562900E+03    -2.1419032E-01     1.0878150E+01    -7.3198934E+00     6.8349434E+01
        0.0280       3.5760822E+01     4.8970200E+03    -2.1416873E-01     1.0897189E+01    -7.3319659E+00     6.8469063E+01
        0.0278       3.5991600E+01     4.9372100E+03    -2.1412605E-01     1.0916177E+01    -7.3432775E+00     6.8588364E+01
        0.0276       3.6220207E+01     4.9768701E+03    -2.1411006E-01     1.0934414E+01    -7.3549962E+00     6.8702950E+01
        0.0274       3.6447495E+01     5.0165200E+03    -2.1403395E-01     1.0952796E+01    -7.3647423E+00     6.8818451E+01
        0.0273       3.6670456E+01     5.0556401E+03    -2.1396185E-01     1.0971095E+01    -7.3745618E+00     6.8933426E+01
        0.0272       3.6781166E+01     5.0749399E+03    -2.1394193E-01     1.0979828E+01    -7.3797445E+00     6.8988297E+01
        0.0269       3.7111973E+01     5.1333501E+03    -2.1379839E-01     1.1007202E+01    -7.3931799E+00     6.9160294E+01
        0.0268       3.7326881E+01     5.1713999E+03    -2.1368349E-01     1.1024949E+01    -7.4011197E+00     6.9271797E+01
        0.0266       3.7541924E+01     5.2094502E+03    -2.1357201E-01     1.1042451E+01    -7.4090018E+00     6.9381767E+01
        0.0265       3.7755314E+01     5.2474902E+03    -2.1341546E-01     1.1060218E+01    -7.4154830E+00     6.9493401E+01
        0.0263       3.7966362E+01     5.2850098E+03    -2.1329984E-01     1.1077377E+01    -7.4229646E+00     6.9601219E+01
        0.0262       3.8171974E+01     5.3219800E+03    -2.1312959E-01     1.1094782E+01    -7.4286928E+00     6.9710571E+01
        0.0261       3.8378262E+01     5.3589600E+03    -2.1298765E-01     1.1111824E+01    -7.4351482E+00     6.9817650E+01
        0.0259       3.8587009E+01     5.3964702E+03    -2.1277827E-01     1.1129067E+01    -7.4393663E+00     6.9925995E+01
        0.0258       3.8796074E+01     5.4343101E+03    -2.1259752E-01     1.1146711E+01    -7.4448309E+00     7.0036858E+01
        0.0256       3.8997131E+01     5.4705601E+03    -2.1240838E-01     1.1163215E+01    -7.4492202E+00     7.0140549E+01
        0.0255       3.9195347E+01     5.5065601E+03    -2.1221261E-01     1.1179852E+01    -7.4534459E+00     7.0245079E+01
        0.0254       3.9391224E+01     5.5423398E+03    -2.1200168E-01     1.1196539E+01    -7.4571519E+00     7.0349930E+01
        0.0254       3.9391224E+01     5.5423398E+03    -2.1200168E-01     1.1196539E+01    -7.4571519E+00     7.0349930E+01
1    BAH WING                                                             SEPTEMBER  26, 2016  NX NASTRAN  1/24/13   PAGE    26
      FLUTTER ANALYSIS                                                                                                              
0     PK METHOD                                                                                                                     
0                                                       FLUTTER  SUMMARY
                         CONFIGURATION = AEROSG2D     XY-SYMMETRY = ASYMMETRIC     XZ-SYMMETRY = SYMMETRIC
       POINT =    7     MACH NUMBER =  0.0000     DENSITY RATIO =  1.0000E+00     METHOD = PK  


       KFREQ            1./KFREQ         VELOCITY            DAMPING         FREQUENCY            COMPLEX   EIGENVALUE
        0.0570       1.7550781E+01     4.7742998E+03    -1.0857934E+00     2.1647282E+01    -7.3841492E+01     1.3601389E+02
        0.0569       1.7562065E+01     4.8155601E+03    -1.0840708E+00     2.1820332E+01    -7.4313705E+01     1.3710120E+02
        0.0569       1.7571255E+01     4.8562900E+03    -1.0821819E+00     2.1993378E+01    -7.4772537E+01     1.3818848E+02
        0.0569       1.7579609E+01     4.8970200E+03    -1.0801896E+00     2.2167299E+01    -7.5225075E+01     1.3928125E+02
        0.0568       1.7590366E+01     4.9372100E+03    -1.0783559E+00     2.2335560E+01    -7.5667412E+01     1.4033847E+02
        0.0568       1.7594206E+01     4.9768701E+03    -1.0760391E+00     2.2510067E+01    -7.6094749E+01     1.4143492E+02
        0.0568       1.7604698E+01     5.0165200E+03    -1.0741512E+00     2.2675879E+01    -7.6520782E+01     1.4247675E+02
        0.0568       1.7608952E+01     5.0556401E+03    -1.0718365E+00     2.2847189E+01    -7.6932739E+01     1.4355313E+02
        0.0568       1.7611780E+01     5.0749399E+03    -1.0707303E+00     2.2930723E+01    -7.7134338E+01     1.4407799E+02
        0.0568       1.7618444E+01     5.1333501E+03    -1.0672238E+00     2.3185873E+01    -7.7737190E+01     1.4568114E+02
        0.0567       1.7622948E+01     5.1713999E+03    -1.0649282E+00     2.3351765E+01    -7.8124977E+01     1.4672346E+02
        0.0567       1.7623569E+01     5.2094502E+03    -1.0623566E+00     2.3522751E+01    -7.8506989E+01     1.4779781E+02
        0.0567       1.7626825E+01     5.2474902E+03    -1.0599470E+00     2.3690142E+01    -7.8886314E+01     1.4884955E+02
        0.0567       1.7627100E+01     5.2850098E+03    -1.0573626E+00     2.3859156E+01    -7.9255402E+01     1.4991150E+02
        0.0567       1.7628796E+01     5.3219800E+03    -1.0549085E+00     2.4023745E+01    -7.9616928E+01     1.5094565E+02
        0.0567       1.7628689E+01     5.3589600E+03    -1.0523341E+00     2.4190823E+01    -7.9974983E+01     1.5199542E+02
        0.0567       1.7624901E+01     5.3964702E+03    -1.0494932E+00     2.4365381E+01    -8.0334618E+01     1.5309221E+02
        0.0567       1.7624289E+01     5.4343101E+03    -1.0468357E+00     2.4537085E+01    -8.0695877E+01     1.5417105E+02
        0.0568       1.7619553E+01     5.4705601E+03    -1.0440468E+00     2.4707401E+01    -8.1039528E+01     1.5524118E+02
        0.0568       1.7618107E+01     5.5065601E+03    -1.0414892E+00     2.4872034E+01    -8.1379677E+01     1.5627560E+02
        0.0568       1.7614807E+01     5.5423398E+03    -1.0388523E+00     2.5038332E+01    -8.1716377E+01     1.5732048E+02
        0.0568       1.7614807E+01     5.5423398E+03    -1.0388523E+00     2.5038332E+01    -8.1716377E+01     1.5732048E+02
1    BAH WING                                                             SEPTEMBER  26, 2016  NX NASTRAN  1/24/13   PAGE    27
      FLUTTER ANALYSIS                                                                                                              
0     PK METHOD                                                                                                                     
0                                                       FLUTTER  SUMMARY
                         CONFIGURATION = AEROSG2D     XY-SYMMETRY = ASYMMETRIC     XZ-SYMMETRY = SYMMETRIC
       POINT =    8     MACH NUMBER =  0.0000     DENSITY RATIO =  1.0000E+00     METHOD = PK  


       KFREQ            1./KFREQ         VELOCITY            DAMPING         FREQUENCY            COMPLEX   EIGENVALUE
        0.0658       1.5208234E+01     4.7742998E+03    -3.6447802E-01     2.4981646E+01    -2.8605021E+01     1.5696431E+02
        0.0653       1.5306511E+01     4.8155601E+03    -3.6962596E-01     2.5035757E+01    -2.9071877E+01     1.5730431E+02
        0.0649       1.5403216E+01     4.8562900E+03    -3.7477690E-01     2.5088997E+01    -2.9539694E+01     1.5763882E+02
        0.0645       1.5499795E+01     4.8970200E+03    -3.8000032E-01     2.5141783E+01    -3.0014420E+01     1.5797049E+02
        0.0641       1.5595125E+01     4.9372100E+03    -3.8522878E-01     2.5193172E+01    -3.0489582E+01     1.5829338E+02
        0.0637       1.5688941E+01     4.9768701E+03    -3.9044771E-01     2.5243687E+01    -3.0964603E+01     1.5861076E+02
        0.0634       1.5782665E+01     5.0165200E+03    -3.9573011E-01     2.5293697E+01    -3.1445702E+01     1.5892499E+02
        0.0630       1.5875231E+01     5.0556401E+03    -4.0100822E-01     2.5342314E+01    -3.1926359E+01     1.5923045E+02
        0.0628       1.5920763E+01     5.0749399E+03    -4.0362912E-01     2.5366302E+01    -3.2165443E+01     1.5938118E+02
        0.0623       1.6058929E+01     5.1333501E+03    -4.1166151E-01     2.5437498E+01    -3.2897625E+01     1.5982852E+02
        0.0619       1.6149158E+01     5.1713999E+03    -4.1696307E-01     2.5482870E+01    -3.3380730E+01     1.6011360E+02
        0.0616       1.6239380E+01     5.2094502E+03    -4.2231733E-01     2.5527752E+01    -3.3868919E+01     1.6039560E+02
        0.0612       1.6329739E+01     5.2474902E+03    -4.2772084E-01     2.5571871E+01    -3.4361553E+01     1.6067281E+02
        0.0609       1.6419033E+01     5.2850098E+03    -4.3309584E-01     2.5614647E+01    -3.4851562E+01     1.6094157E+02
        0.0606       1.6507210E+01     5.3219800E+03    -4.3843693E-01     2.5656042E+01    -3.5338383E+01     1.6120168E+02
        0.0603       1.6595961E+01     5.3589600E+03    -4.4382435E-01     2.5696161E+01    -3.5828552E+01     1.6145375E+02
        0.0599       1.6685839E+01     5.3964702E+03    -4.4932014E-01     2.5736643E+01    -3.6329353E+01     1.6170810E+02
        0.0596       1.6777323E+01     5.4343101E+03    -4.5490628E-01     2.5775785E+01    -3.6836956E+01     1.6195404E+02
        0.0593       1.6865013E+01     5.4705601E+03    -4.6028161E-01     2.5812809E+01    -3.7325768E+01     1.6218666E+02
        0.0590       1.6952677E+01     5.5065601E+03    -4.6565589E-01     2.5848316E+01    -3.7813530E+01     1.6240976E+02
        0.0587       1.7040062E+01     5.5423398E+03    -4.7101215E-01     2.5882851E+01    -3.8299587E+01     1.6262675E+02
        0.0587       1.7040062E+01     5.5423398E+03    -4.7101215E-01     2.5882851E+01    -3.8299587E+01     1.6262675E+02
 *** USER INFORMATION MESSAGE 4114 (OUTPX2)
     DATA BLOCK BOUGV1   WRITTEN ON FORTRAN UNIT 12, TRL =
                    101                 0              2240                 0                 0                 0                 0
     (MAXIMUM POSSIBLE FORTRAN RECORD SIZE =    16386 WORDS.)
     (MAXIMUM SIZE OF FORTRAN RECORDS WRITTEN =      280 WORDS.)
     (NUMBER OF FORTRAN RECORDS WRITTEN =       94 RECORDS.)
     (TOTAL DATA WRITTEN FOR DATA BLOCK =     3497 WORDS.)
1    BAH WING                                                             SEPTEMBER  26, 2016  NX NASTRAN  1/24/13   PAGE    28
      FLUTTER ANALYSIS                                                                                                              
0     PK METHOD                                                                                                                     
 *** USER INFORMATION MESSAGE 4110 (OUTPX2)
                                 END-OF-DATA SIMULATION ON FORTRAN UNIT 12
                                 (MAXIMUM SIZE OF FORTRAN RECORDS WRITTEN =      1 WORDS.)
                                       (NUMBER OF FORTRAN RECORDS WRITTEN =      1 RECORDS.)
                                       (TOTAL DATA WRITTEN FOR EOF MARKER =      1 WORDS.)
1    BAH WING                                                             SEPTEMBER  26, 2016  NX NASTRAN  1/24/13   PAGE    29
      FLUTTER ANALYSIS                                                                                                              
0     PK METHOD                                                                                                                     
 * * * *  D B D I C T   P R I N T  * * * *      SUBDMAP = PRTSUM  ,  DMAP STATEMENT NO.     29



0                                   * * * *  A N A L Y S I S  S U M M A R Y  T A B L E  * * * *
0 SEID  PEID PROJ VERS APRCH      SEMG SEMR SEKR SELG SELR MODES DYNRED SOLLIN PVALID SOLNL LOOPID DESIGN CYCLE SENSITIVITY
 --------------------------------------------------------------------------------------------------------------------------
     0     0    1    1 '        '    T    T    T    F    F     T      F      T      0     F     -1            0           F
0SEID = SUPERELEMENT ID.
 PEID = PRIMARY SUPERELEMENT ID OF IMAGE SUPERELEMENT.
 PROJ = PROJECT ID NUMBER.
 VERS = VERSION ID.
 APRCH = BLANK FOR STRUCTURAL ANALYSIS.  HEAT FOR HEAT TRANSFER ANALYSIS.
 SEMG = STIFFNESS AND MASS MATRIX GENERATION STEP.
 SEMR = MASS MATRIX REDUCTION STEP (INCLUDES EIGENVALUE SOLUTION FOR MODES).
 SEKR = STIFFNESS MATRIX REDUCTION STEP.
 SELG = LOAD MATRIX GENERATION STEP.
 SELR = LOAD MATRIX REDUCTION STEP. 
 MODES = T (TRUE) IF NORMAL MODES OR BUCKLING MODES CALCULATED.
 DYNRED = T (TRUE) MEANS GENERALIZED DYNAMIC AND/OR COMPONENT MODE REDUCTION PERFORMED.
 SOLLIN = T (TRUE) IF LINEAR SOLUTION EXISTS IN DATABASE.
 PVALID = P-DISTRIBUTION ID OF P-VALUE FOR P-ELEMENTS
 LOOPID = THE LAST LOOPID VALUE USED IN THE NONLINEAR ANALYSIS.  USEFUL FOR RESTARTS.
 SOLNL = T (TRUE) IF NONLINEAR SOLUTION EXISTS IN DATABASE.
 DESIGN CYCLE = THE LAST DESIGN CYCLE (ONLY VALID IN OPTIMIZATION).
 SENSITIVITY = SENSITIVITY MATRIX GENERATION FLAG.
1                                        * * * END OF JOB * * *
 
 
