1
 
 
 
 
                     THIS PROGRAM IS CONFIDENTIAL AND A TRADE SECRET OF MSC.SOFTWARE CORPORATION.  THE RECEIPT OR    
                  POSSESSION OF THIS PROGRAM DOES NOT CONVEY ANY RIGHTS TO REPRODUCE OR DISCLOSE ITS CONTENTS, OR TO 
                 MANUFACTURE, USE, OR SELL ANYTHING HEREIN, IN WHOLE OR IN PART, WITHOUT THE SPECIFIC WRITTEN CONSENT
                                                    OF MSC.SOFTWARE CORPORATION.                                     
 
 
                                              * * * * * * * * * * * * * * * * * * * *
                                              * * * * * * * * * * * * * * * * * * * *
                                              * *                                 * *
                                              * *           MSC.SOFTWARE          * *
                                              * *               CORP              * *
                                              * *                                 * *
                                              * *      M S C . N a s t r a n      * *
                                              * *                                 * *
                                              * *                                 * *
                                              * *                                 * *
                                              * *        Version 2005.1.0         * *
                                              * *             2005R2              * *
                                              * *                                 * *
                                              * *                                 * *
                                              * *          JUN 17, 2005           * *
                                              * *                                 * *
                                              * *              Intel              * *
                                              * *MODEL PentiumIII/1800 (sdoyle-de * *
                                              * *   Windows XP 6.1 (Build 7601)   * *
                                              * *                                 * *
                                              * *                                 * *
                                              * * * * * * * * * * * * * * * * * * * *
                                              * * * * * * * * * * * * * * * * * * * *
1                                                                           JANUARY  31, 2014  MSC.NASTRAN  6/17/05   PAGE     1
                                                                                                                                    
0        N A S T R A N    F I L E    A N D    S Y S T E M    P A R A M E T E R    E C H O                                           
0                                                                                                                                   
                                                                                                                                    
                                                                                                                                    
     NASTRAN OP2NEW=0 $ MSC.NASTRAN .LCL FILE                                        
     NASTRAN BUFFSIZE=8193 $(C:/MSC.SOFTWARE/MSC.NASTRAN/CONF/NAST20051.RCF[2])      
     NASTRAN REAL=2144075776 $(PROGRAM DEFAULT)                                      
     $ PERFORM SOLUTION 111                                                          
1                                                                           JANUARY  31, 2014  MSC.NASTRAN  6/17/05   PAGE     2
                                                                                                                                    
0        N A S T R A N    E X E C U T I V E    C O N T R O L    E C H O                                                             
0                                                                                                                                   
                                                                                                                                    
                                                                                                                                    
     SOL 111                                                                                 
     CEND                                                                                    
1                                                                           JANUARY  31, 2014  MSC.NASTRAN  6/17/05   PAGE     3
                                                                                                                                    
0                                                                                                                                   
0                                        C A S E    C O N T R O L    E C H O                                                        
                 COMMAND                                                                                                            
                 COUNT                                                                                                              
                  1                                                                                              
                  2      $ USE LSEQ 1                                                                            
                  3      LOADSET = 1                                                                             
                  4                                                                                              
                  5      $ MODE OUTPUT REQUESTS                                                                  
                  6      METHOD = 1                                                                              
                  7                                                                                              
                  8      $ FREQUENCY SWEEP REQUEST                                                               
                  9      FREQUENCY = 1                                                                           
                 10                                                                                              
                 11      $ CONSTRAINTS REQUEST                                                                   
                 12      SPC = 10                                                                                
                 13                                                                                              
                 14      $ LOADS                                                                                 
                 15      DLOAD = 2                                                                               
                 16                                                                                              
                 17      $ OUTPUT REQUEST                                                                        
                 18      VECTOR(PLOT,PRINT,SORT1,REAL)=ALL                                                       
                 19      ESE(PLOT,PRINT,SORT1,REAL)=ALL                                                          
                 20      ELFORCE(PLOT,PRINT,SORT1,REAL)=ALL                                                      
                 21      GPFORCE(PLOT,PRINT,SORT1,REAL)=ALL                                                      
                 22      STRESS(PLOT,PRINT,SORT1,REAL)=ALL                                                       
                 23      STRAIN(PLOT,PRINT,SORT1,REAL)=ALL                                                       
                 24                                                                                              
                 25      $ MAIN BULK DATA                                                                        
                 26      BEGIN BULK                                                                              
 *** USER WARNING MESSAGE 324 (XSORSO)
     BLANK ENTRIES ENCOUNTERED WILL BE IGNORED.
0                             INPUT BULK DATA ENTRY COUNT =      64
1                                                                           JANUARY  31, 2014  MSC.NASTRAN  6/17/05   PAGE     4
                                                                                                                                    
0                                                                                                                                   
0                                                 S O R T E D   B U L K   D A T A   E C H O                                         
                 ENTRY                                                                                                              
                 COUNT        .   1  ..   2  ..   3  ..   4  ..   5  ..   6  ..   7  ..   8  ..   9  ..  10  .                      
                    1-        CTETRA  1       1       2154    2161    2191    2503    2136    2486     +000005
                    2-        ++0000052487    2534    2259    2485                                     +000006
                    3-        CTETRA  2       1       2191    2161    2551    2503    2486    2260     +000007
                    4-        ++0000072488    2485    2259    2128                                     +000008
                    5-        DLOAD   2       1.      1.      10      1.      12                              
                    6-        EIGRL   1                       10      0                                       
                    7-        FORCE   30      2154    0       1.      1.      0.      0.                      
                    8-        FREQ1   1       0.      10.     2                                               
                    9-        GRID    2128            -.229769.102652 11.95                                   
                   10-        GRID    2136            -.344288.072701312.0375                                 
                   11-        GRID    2154            -.375018-.07100212.025                                  
                   12-        GRID    2161            -.313558.216405 12.05                                   
                   13-        GRID    2191            -.296663.003597211.9893                                 
                   14-        GRID    2259            -.322793.215361 12.                                     
                   15-        GRID    2260            -.220535.103696 12.                                     
                   16-        GRID    2485            -.314345.108957 11.9696                                 
                   17-        GRID    2486            -.305111.110001 12.0196                                 
                   18-        GRID    2487            -.33584 -.03370212.0071                                 
                   19-        GRID    2488            -.212087-.00270711.9696                                 
                   20-        GRID    2503            -.332027.214316 11.95                                   
                   21-        GRID    2534            -.360372.072087411.9835                                 
                   22-        GRID    2551            -.127511-.00901211.95                                   
                   23-        LSEQ    1       11      30                                                      
                   24-        LSEQ    1       13      32                                                      
                   25-        MAT1   *1               1.705+7                         .31              +000003
                   26-        *+0000034.14413-4                                                        +000004
                   27-        MOMENT  32      2154    0       0.      .57735  .57735  .57735                  
                   28-        PARAM   POST    -1                                                              
                   29-        PARAM   PRTMAXIMYES                                                             
                   30-        PSOLID  1       1       0                                                       
                   31-        RLOAD1  10      11              0.      1                                       
                   32-        RLOAD1  12      13                      1                                       
                   33-        SPC1    1       123456  2128    2260    2488    2551                            
                   34-        SPCADD  10      1                                                               
                   35-        TABLED1 1                                                                +000001
                   36-        ++0000010.      1.      1000.   1.      ENDT                             +000002
                              ENDDATA 
0                       TOTAL COUNT=        37
 *** USER WARNING MESSAGE 4124 (IFS3P)
     THE SPCADD OR MPCADD UNION CONSISTS OF A SINGLE SET.
1                                                                           JANUARY  31, 2014  MSC.NASTRAN  6/17/05   PAGE     5
                                                                                                                                    
0                                                                                                                                   
0
0
0
 


                                        M O D E L   S U M M A R Y

                                   NUMBER OF GRID     POINTS   =       14
 
                                   NUMBER OF CTETRA   ELEMENTS =        2
 
 *** USER INFORMATION MESSAGE 4109 (OUTPX2)
     THE LABEL IS XXXXXXXX FOR FORTRAN UNIT 12
     (MAXIMUM SIZE OF FORTRAN RECORDS WRITTEN =        7 WORDS.)
     (NUMBER OF FORTRAN RECORDS WRITTEN =          8 RECORDS.)
     (TOTAL DATA WRITTEN FOR TAPE LABEL = WORDS.)
 *** USER INFORMATION MESSAGE 4114 (OUTPX2)
     DATA BLOCK GEOM1X   WRITTEN ON FORTRAN UNIT 12, TRL =
                    101                 0                 0                 8                 0                 0                 0
     NAME OF DATA BLOCK WRITTEN ON FORTRAN UNIT IS GEOM1.
        (MAXIMUM POSSIBLE FORTRAN RECORD SIZE =       16386 WORDS.)
     (MAXIMUM SIZE OF FORTRAN RECORDS WRITTEN =         115 WORDS.)
           (NUMBER OF FORTRAN RECORDS WRITTEN =          20 RECORDS.)
           (TOTAL DATA WRITTEN FOR DATA BLOCK =         146 WORDS.)
 *** USER INFORMATION MESSAGE 4114 (OUTPX2)
     DATA BLOCK GEOM2X   WRITTEN ON FORTRAN UNIT 12, TRL =
                    102                 0                 0                 0               512                 0                 0
     NAME OF DATA BLOCK WRITTEN ON FORTRAN UNIT IS GEOM2.
        (MAXIMUM POSSIBLE FORTRAN RECORD SIZE =       16386 WORDS.)
     (MAXIMUM SIZE OF FORTRAN RECORDS WRITTEN =          27 WORDS.)
           (NUMBER OF FORTRAN RECORDS WRITTEN =          20 RECORDS.)
           (TOTAL DATA WRITTEN FOR DATA BLOCK =          58 WORDS.)
1                                                                           JANUARY  31, 2014  MSC.NASTRAN  6/17/05   PAGE     6
                                                                                                                                    
0                                                                                                                                   
0                                                                                                                                   
                                                                                                                                    
                                                                                                                                    
 *** USER INFORMATION MESSAGE 4114 (OUTPX2)
     DATA BLOCK GEOM3X   WRITTEN ON FORTRAN UNIT 12, TRL =
                    103                 0                 0              4161                 0                 0                 0
     NAME OF DATA BLOCK WRITTEN ON FORTRAN UNIT IS GEOM3.
        (MAXIMUM POSSIBLE FORTRAN RECORD SIZE =       16386 WORDS.)
     (MAXIMUM SIZE OF FORTRAN RECORDS WRITTEN =          13 WORDS.)
           (NUMBER OF FORTRAN RECORDS WRITTEN =          30 RECORDS.)
           (TOTAL DATA WRITTEN FOR DATA BLOCK =          72 WORDS.)
 *** USER INFORMATION MESSAGE 4114 (OUTPX2)
     DATA BLOCK GEOM4X   WRITTEN ON FORTRAN UNIT 12, TRL =
                    104                 0                 0                 0                96                 0                 0
     NAME OF DATA BLOCK WRITTEN ON FORTRAN UNIT IS GEOM4.
        (MAXIMUM POSSIBLE FORTRAN RECORD SIZE =       16386 WORDS.)
     (MAXIMUM SIZE OF FORTRAN RECORDS WRITTEN =          11 WORDS.)
           (NUMBER OF FORTRAN RECORDS WRITTEN =          25 RECORDS.)
           (TOTAL DATA WRITTEN FOR DATA BLOCK =          52 WORDS.)
 *** USER INFORMATION MESSAGE 4114 (OUTPX2)
     DATA BLOCK EPTX     WRITTEN ON FORTRAN UNIT 12, TRL =
                    105                 0               256                 0                 0                 0                 0
     NAME OF DATA BLOCK WRITTEN ON FORTRAN UNIT IS EPT.
        (MAXIMUM POSSIBLE FORTRAN RECORD SIZE =       16386 WORDS.)
     (MAXIMUM SIZE OF FORTRAN RECORDS WRITTEN =          10 WORDS.)
           (NUMBER OF FORTRAN RECORDS WRITTEN =          20 RECORDS.)
           (TOTAL DATA WRITTEN FOR DATA BLOCK =          41 WORDS.)
 *** USER INFORMATION MESSAGE 4114 (OUTPX2)
     DATA BLOCK MPTS     WRITTEN ON FORTRAN UNIT 12, TRL =
                    101             32768                 0                 0                 0                 0                 0
     NAME OF DATA BLOCK WRITTEN ON FORTRAN UNIT IS MPTS.
        (MAXIMUM POSSIBLE FORTRAN RECORD SIZE =       16386 WORDS.)
     (MAXIMUM SIZE OF FORTRAN RECORDS WRITTEN =          15 WORDS.)
           (NUMBER OF FORTRAN RECORDS WRITTEN =          20 RECORDS.)
           (TOTAL DATA WRITTEN FOR DATA BLOCK =          46 WORDS.)
 *** USER INFORMATION MESSAGE 4114 (OUTPX2)
     DATA BLOCK DYNAMICS WRITTEN ON FORTRAN UNIT 12, TRL =
                    103              2368                 0                 0              8192                 0                 0
     NAME OF DATA BLOCK WRITTEN ON FORTRAN UNIT IS DYNAMICS.
        (MAXIMUM POSSIBLE FORTRAN RECORD SIZE =       16386 WORDS.)
     (MAXIMUM SIZE OF FORTRAN RECORDS WRITTEN =          30 WORDS.)
           (NUMBER OF FORTRAN RECORDS WRITTEN =          35 RECORDS.)
           (TOTAL DATA WRITTEN FOR DATA BLOCK =         112 WORDS.)
 *** USER INFORMATION MESSAGE 4114 (OUTPX2)
     DATA BLOCK DIT      WRITTEN ON FORTRAN UNIT 12, TRL =
                    101                32                 0                 0                 0                 0                 0
     NAME OF DATA BLOCK WRITTEN ON FORTRAN UNIT IS DIT.
        (MAXIMUM POSSIBLE FORTRAN RECORD SIZE =       16386 WORDS.)
     (MAXIMUM SIZE OF FORTRAN RECORDS WRITTEN =          17 WORDS.)
           (NUMBER OF FORTRAN RECORDS WRITTEN =          20 RECORDS.)
           (TOTAL DATA WRITTEN FOR DATA BLOCK =          48 WORDS.)
1                                                                           JANUARY  31, 2014  MSC.NASTRAN  6/17/05   PAGE     7
                                                                                                                                    
0                                                                                                                                   
 *** USER INFORMATION MESSAGE 7310 (VECPRN)
     ORIGIN OF SUPERELEMENT BASIC COORDINATE SYSTEM WILL BE USED AS REFERENCE LOCATION.
     RESULTANTS ABOUT ORIGIN OF SUPERELEMENT BASIC COORDINATE SYSTEM IN SUPERELEMENT BASIC SYSTEM COORDINATES.
0                                                  OLOAD    RESULTANT       
  SUBCASE/    LOAD
  DAREA ID    TYPE       T1            T2            T3            R1            R2            R3
0       11     FX    1.000000E+00     ----          ----          ----       1.202500E+01  7.100200E-02                             
               FY       ----       0.000000E+00     ----       0.000000E+00     ----       0.000000E+00                             
               FZ       ----          ----       0.000000E+00  0.000000E+00  0.000000E+00     ----                                  
               MX       ----          ----          ----       0.000000E+00     ----          ----                                  
               MY       ----          ----          ----          ----       0.000000E+00     ----                                  
               MZ       ----          ----          ----          ----          ----       0.000000E+00                             
             TOTALS  1.000000E+00  0.000000E+00  0.000000E+00  0.000000E+00  1.202500E+01  7.100200E-02
0       13     FX    0.000000E+00     ----          ----          ----       0.000000E+00  0.000000E+00                             
               FY       ----       0.000000E+00     ----       0.000000E+00     ----       0.000000E+00                             
               FZ       ----          ----       0.000000E+00  0.000000E+00  0.000000E+00     ----                                  
               MX       ----          ----          ----       0.000000E+00     ----          ----                                  
               MY       ----          ----          ----          ----       0.000000E+00     ----                                  
               MZ       ----          ----          ----          ----          ----       0.000000E+00                             
             TOTALS  0.000000E+00  0.000000E+00  0.000000E+00  0.000000E+00  0.000000E+00  0.000000E+00
1                                                                           JANUARY  31, 2014  MSC.NASTRAN  6/17/05   PAGE     8
                                                                                                                                    
0                                                                                                                                   
0                                         G R I D   P O I N T   S I N G U L A R I T Y   T A B L E
0                             POINT    TYPE   FAILED      STIFFNESS       OLD USET           NEW USET
                               ID            DIRECTION      RATIO     EXCLUSIVE  UNION   EXCLUSIVE  UNION
                             2136        G      4         0.00E+00          B        F         SB       S    *
                             2136        G      5         0.00E+00          B        F         SB       S    *
                             2136        G      6         0.00E+00          B        F         SB       S    *
                             2154        G      4         0.00E+00          B        F         SB       S    *
                             2154        G      5         0.00E+00          B        F         SB       S    *
                             2154        G      6         0.00E+00          B        F         SB       S    *
                             2161        G      4         0.00E+00          B        F         SB       S    *
                             2161        G      5         0.00E+00          B        F         SB       S    *
                             2161        G      6         0.00E+00          B        F         SB       S    *
                             2191        G      4         0.00E+00          B        F         SB       S    *
                             2191        G      5         0.00E+00          B        F         SB       S    *
                             2191        G      6         0.00E+00          B        F         SB       S    *
                             2259        G      4         0.00E+00          B        F         SB       S    *
                             2259        G      5         0.00E+00          B        F         SB       S    *
                             2259        G      6         0.00E+00          B        F         SB       S    *
                             2485        G      4         0.00E+00          B        F         SB       S    *
                             2485        G      5         0.00E+00          B        F         SB       S    *
                             2485        G      6         0.00E+00          B        F         SB       S    *
                             2486        G      4         0.00E+00          B        F         SB       S    *
                             2486        G      5         0.00E+00          B        F         SB       S    *
                             2486        G      6         0.00E+00          B        F         SB       S    *
                             2487        G      4         0.00E+00          B        F         SB       S    *
                             2487        G      5         0.00E+00          B        F         SB       S    *
                             2487        G      6         0.00E+00          B        F         SB       S    *
                             2503        G      4         0.00E+00          B        F         SB       S    *
                             2503        G      5         0.00E+00          B        F         SB       S    *
                             2503        G      6         0.00E+00          B        F         SB       S    *
                             2534        G      4         0.00E+00          B        F         SB       S    *
                             2534        G      5         0.00E+00          B        F         SB       S    *
                             2534        G      6         0.00E+00          B        F         SB       S    *
 *** USER WARNING MESSAGE 2071 (DPD2)
     EXCITATION SET       13 REFERENCED IN DYNAMIC LOAD RLOAD1 ENTRY       12 DEFINES A NULL LOAD
 *** SYSTEM INFORMATION MESSAGE 6916 (DFMSYN)
     DECOMP ORDERING METHOD CHOSEN: BEND, ORDERING METHOD USED: BEND
 *** USER INFORMATION MESSAGE 5010 (LNCILD)
     STURM SEQUENCE DATA FOR EIGENVALUE EXTRACTION.
     TRIAL EIGENVALUE =  4.388743D+11, CYCLES =  1.054363D+05 NUMBER OF EIGENVALUES BELOW THIS VALUE =     3
 *** USER INFORMATION MESSAGE 5010 (LNCILD)
     STURM SEQUENCE DATA FOR EIGENVALUE EXTRACTION.
     TRIAL EIGENVALUE =  2.434126D+13, CYCLES =  7.852205D+05 NUMBER OF EIGENVALUES BELOW THIS VALUE =    10

 TABLE OF SHIFTS:  (LNNRIGL)
 SHIFT #        SHIFT VALUE         FREQUENCY, CYCLES     # EIGENVALUES BELOW    # NEW EIGENVALUES FOUND
     1.        4.3887434E+11          1.0543631E+05                 3                       18
     2.        2.4341257E+13          7.8522050E+05                10                        0

1                                                                           JANUARY  31, 2014  MSC.NASTRAN  6/17/05   PAGE     9
                                                                                                                                    
0                                                                                                                                   
0


                          E I G E N V A L U E  A N A L Y S I S   S U M M A R Y   (READ MODULE) 



                                     BLOCK SIZE USED ......................    7

                                     NUMBER OF DECOMPOSITIONS .............    2

                                     NUMBER OF ROOTS FOUND ................   10

                                     NUMBER OF SOLVES REQUIRED ............    5

1                                                                           JANUARY  31, 2014  MSC.NASTRAN  6/17/05   PAGE    10
                                                                                                                                    
0                                                                                                                                   
 
                                              R E A L   E I G E N V A L U E S
                                         (BEFORE AUGMENTATION OF RESIDUAL VECTORS)
   MODE    EXTRACTION      EIGENVALUE            RADIANS             CYCLES            GENERALIZED         GENERALIZED
    NO.       ORDER                                                                       MASS              STIFFNESS
        1         1        3.007285E+11        5.483871E+05        8.727852E+04        1.000000E+00        3.007285E+11
        2         2        3.269210E+11        5.717701E+05        9.100003E+04        1.000000E+00        3.269210E+11
        3         3        4.137910E+11        6.432659E+05        1.023789E+05        1.000000E+00        4.137910E+11
        4         4        2.811446E+12        1.676737E+06        2.668609E+05        1.000000E+00        2.811446E+12
        5         5        3.164506E+12        1.778906E+06        2.831217E+05        1.000000E+00        3.164506E+12
        6         6        4.658380E+12        2.158328E+06        3.435086E+05        1.000000E+00        4.658380E+12
        7         7        9.469630E+12        3.077276E+06        4.897638E+05        1.000000E+00        9.469630E+12
        8         8        9.925428E+12        3.150465E+06        5.014120E+05        1.000000E+00        9.925428E+12
        9         9        1.096105E+13        3.310747E+06        5.269218E+05        1.000000E+00        1.096105E+13
       10        10        2.166837E+13        4.654930E+06        7.408551E+05        1.000000E+00        2.166837E+13
1                                                                           JANUARY  31, 2014  MSC.NASTRAN  6/17/05   PAGE    11
                                                                                                                                    
0                                                                                                                                   
 *** SYSTEM INFORMATION MESSAGE 6916 (DFMSYN)
     DECOMP ORDERING METHOD CHOSEN: BEND, ORDERING METHOD USED: BEND
  
 *** SYSTEM INFORMATION MESSAGE 4159 (DFMSA)
     THE DECOMPOSITION OF KYY      YIELDS A MAXIMUM MATRIX-TO-FACTOR-DIAGONAL RATIO OF    5.630500E+01
 *** USER INFORMATION MESSAGE 5458 (REIG)
     QL HOUSEHOLDER METHOD IS AUTOMATICALLY SELECTED .
 *** USER INFORMATION MESSAGE 5458 (REIG)
     QL HOUSEHOLDER METHOD IS AUTOMATICALLY SELECTED .
 *** USER INFORMATION MESSAGE 5458 (REIG)
     QL HOUSEHOLDER METHOD IS AUTOMATICALLY SELECTED .
1                                                                           JANUARY  31, 2014  MSC.NASTRAN  6/17/05   PAGE    12
                                                                                                                                    
0                                                                                                                                   
 
                                              R E A L   E I G E N V A L U E S
                                         (AFTER AUGMENTATION OF RESIDUAL VECTORS)
   MODE    EXTRACTION      EIGENVALUE            RADIANS             CYCLES            GENERALIZED         GENERALIZED
    NO.       ORDER                                                                       MASS              STIFFNESS
        1         1        3.007285E+11        5.483871E+05        8.727852E+04        1.000000E+00        3.007285E+11
        2         2        3.269210E+11        5.717701E+05        9.100003E+04        1.000000E+00        3.269210E+11
        3         3        4.137910E+11        6.432659E+05        1.023789E+05        1.000000E+00        4.137910E+11
        4         4        2.811446E+12        1.676737E+06        2.668609E+05        1.000000E+00        2.811446E+12
        5         5        3.164506E+12        1.778906E+06        2.831217E+05        1.000000E+00        3.164506E+12
        6         6        4.658380E+12        2.158328E+06        3.435086E+05        1.000000E+00        4.658380E+12
        7         7        9.469630E+12        3.077276E+06        4.897638E+05        1.000000E+00        9.469630E+12
        8         8        9.925427E+12        3.150464E+06        5.014120E+05        1.000000E+00        9.925427E+12
        9         9        1.096105E+13        3.310748E+06        5.269218E+05        1.000000E+00        1.096105E+13
       10        10        2.166837E+13        4.654930E+06        7.408551E+05        1.000000E+00        2.166837E+13
       11        11        2.718811E+13        5.214222E+06        8.298691E+05        1.000000E+00        2.718811E+13
       12        12        3.541416E+13        5.950980E+06        9.471278E+05        1.000000E+00        3.541416E+13
       13        13        4.271019E+13        6.535304E+06        1.040126E+06        1.000000E+00        4.271019E+13
       14        14        4.353406E+13        6.598034E+06        1.050110E+06        1.000000E+00        4.353406E+13
       15        15        8.578093E+13        9.261799E+06        1.474061E+06        1.000000E+00        8.578093E+13
       16        16        1.001058E+15        3.163950E+07        5.035582E+06        1.000000E+00        1.001058E+15
1                                                                           JANUARY  31, 2014  MSC.NASTRAN  6/17/05   PAGE    13
                                                                                                                                    
0                                                                                                                                   
1                                                                           JANUARY  31, 2014  MSC.NASTRAN  6/17/05   PAGE    14
                                                                                                                                    
0                                                                                                                                   
1                                                                           JANUARY  31, 2014  MSC.NASTRAN  6/17/05   PAGE    15
                                                                                                                                    
0                                                                                                                                   
 *** USER INFORMATION MESSAGE 7559 (FRRD1A)
     THIS FREQUENCY RESPONSE ANALYSIS INVOLVES THE FOLLOWING TYPES OF EXCITATION --

     * APPLIED LOADS
 *** USER INFORMATION MESSAGE 5222 (SQFREQ)
     UN COUPLED SOLUTION ALGORITHM USED.
 *** USER INFORMATION MESSAGE 4114 (OUTPX2)
     DATA BLOCK OUGV1    WRITTEN ON FORTRAN UNIT 12, TRL =
                    101                 0               588                 0                 0                 0                 3
     NAME OF DATA BLOCK WRITTEN ON FORTRAN UNIT IS OUGV1.
        (MAXIMUM POSSIBLE FORTRAN RECORD SIZE =       16386 WORDS.)
     (MAXIMUM SIZE OF FORTRAN RECORDS WRITTEN =         196 WORDS.)
           (NUMBER OF FORTRAN RECORDS WRITTEN =          40 RECORDS.)
           (TOTAL DATA WRITTEN FOR DATA BLOCK =        1075 WORDS.)
1                                                                           JANUARY  31, 2014  MSC.NASTRAN  6/17/05   PAGE    16
                                                                                                                                    
0                                                                                                                                   
      FREQUENCY =  0.000000E+00
                                       C O M P L E X   D I S P L A C E M E N T   V E C T O R
                                                          (REAL/IMAGINARY)
 
      POINT ID.   TYPE          T1             T2             T3             R1             R2             R3
0         2128      G      0.0            0.0            0.0            0.0            0.0            0.0
                           0.0            0.0            0.0            0.0            0.0            0.0
0         2136      G      1.258036E-05   7.695964E-07   1.294139E-05   0.0            0.0            0.0
                           0.0            0.0            0.0            0.0            0.0            0.0
0         2154      G      4.340456E-05  -1.289517E-05   4.163720E-05   0.0            0.0            0.0
                           0.0            0.0            0.0            0.0            0.0            0.0
0         2161      G      1.790950E-06   3.298141E-06  -2.531172E-06   0.0            0.0            0.0
                           0.0            0.0            0.0            0.0            0.0            0.0
0         2191      G      8.735060E-06  -2.023279E-06   1.029112E-05   0.0            0.0            0.0
                           0.0            0.0            0.0            0.0            0.0            0.0
0         2259      G     -4.626278E-08  -8.466152E-07  -2.370280E-06   0.0            0.0            0.0
                           0.0            0.0            0.0            0.0            0.0            0.0
0         2260      G      0.0            0.0            0.0            0.0            0.0            0.0
                           0.0            0.0            0.0            0.0            0.0            0.0
0         2485      G     -1.601899E-06  -2.378052E-06   4.837875E-06   0.0            0.0            0.0
                           0.0            0.0            0.0            0.0            0.0            0.0
0         2486      G      4.112244E-06   1.731911E-06   4.172349E-06   0.0            0.0            0.0
                           0.0            0.0            0.0            0.0            0.0            0.0
0         2487      G      2.421974E-05  -4.759638E-06   2.368923E-05   0.0            0.0            0.0
                           0.0            0.0            0.0            0.0            0.0            0.0
0         2488      G      0.0            0.0            0.0            0.0            0.0            0.0
                           0.0            0.0            0.0            0.0            0.0            0.0
0         2503      G     -1.301535E-06  -4.054202E-06  -7.301098E-07   0.0            0.0            0.0
                           0.0            0.0            0.0            0.0            0.0            0.0
0         2534      G      3.151078E-06  -6.841077E-06   1.593433E-05   0.0            0.0            0.0
                           0.0            0.0            0.0            0.0            0.0            0.0
0         2551      G      0.0            0.0            0.0            0.0            0.0            0.0
                           0.0            0.0            0.0            0.0            0.0            0.0
1                                                                           JANUARY  31, 2014  MSC.NASTRAN  6/17/05   PAGE    17
                                                                                                                                    
0                                                                                                                                   
      FREQUENCY =  1.000000E+01
                                       C O M P L E X   D I S P L A C E M E N T   V E C T O R
                                                          (REAL/IMAGINARY)
 
      POINT ID.   TYPE          T1             T2             T3             R1             R2             R3
0         2128      G      0.0            0.0            0.0            0.0            0.0            0.0
                           0.0            0.0            0.0            0.0            0.0            0.0
0         2136      G      1.258036E-05   7.695964E-07   1.294139E-05   0.0            0.0            0.0
                           0.0            0.0            0.0            0.0            0.0            0.0
0         2154      G      4.340456E-05  -1.289517E-05   4.163720E-05   0.0            0.0            0.0
                           0.0            0.0            0.0            0.0            0.0            0.0
0         2161      G      1.790950E-06   3.298141E-06  -2.531172E-06   0.0            0.0            0.0
                           0.0            0.0            0.0            0.0            0.0            0.0
0         2191      G      8.735060E-06  -2.023279E-06   1.029112E-05   0.0            0.0            0.0
                           0.0            0.0            0.0            0.0            0.0            0.0
0         2259      G     -4.626281E-08  -8.466152E-07  -2.370280E-06   0.0            0.0            0.0
                           0.0            0.0            0.0            0.0            0.0            0.0
0         2260      G      0.0            0.0            0.0            0.0            0.0            0.0
                           0.0            0.0            0.0            0.0            0.0            0.0
0         2485      G     -1.601899E-06  -2.378052E-06   4.837875E-06   0.0            0.0            0.0
                           0.0            0.0            0.0            0.0            0.0            0.0
0         2486      G      4.112244E-06   1.731911E-06   4.172349E-06   0.0            0.0            0.0
                           0.0            0.0            0.0            0.0            0.0            0.0
0         2487      G      2.421974E-05  -4.759638E-06   2.368923E-05   0.0            0.0            0.0
                           0.0            0.0            0.0            0.0            0.0            0.0
0         2488      G      0.0            0.0            0.0            0.0            0.0            0.0
                           0.0            0.0            0.0            0.0            0.0            0.0
0         2503      G     -1.301535E-06  -4.054202E-06  -7.301098E-07   0.0            0.0            0.0
                           0.0            0.0            0.0            0.0            0.0            0.0
0         2534      G      3.151078E-06  -6.841077E-06   1.593433E-05   0.0            0.0            0.0
                           0.0            0.0            0.0            0.0            0.0            0.0
0         2551      G      0.0            0.0            0.0            0.0            0.0            0.0
                           0.0            0.0            0.0            0.0            0.0            0.0
1                                                                           JANUARY  31, 2014  MSC.NASTRAN  6/17/05   PAGE    18
                                                                                                                                    
0                                                                                                                                   
      FREQUENCY =  2.000000E+01
                                       C O M P L E X   D I S P L A C E M E N T   V E C T O R
                                                          (REAL/IMAGINARY)
 
      POINT ID.   TYPE          T1             T2             T3             R1             R2             R3
0         2128      G      0.0            0.0            0.0            0.0            0.0            0.0
                           0.0            0.0            0.0            0.0            0.0            0.0
0         2136      G      1.258036E-05   7.695965E-07   1.294139E-05   0.0            0.0            0.0
                           0.0            0.0            0.0            0.0            0.0            0.0
0         2154      G      4.340456E-05  -1.289517E-05   4.163720E-05   0.0            0.0            0.0
                           0.0            0.0            0.0            0.0            0.0            0.0
0         2161      G      1.790950E-06   3.298141E-06  -2.531172E-06   0.0            0.0            0.0
                           0.0            0.0            0.0            0.0            0.0            0.0
0         2191      G      8.735060E-06  -2.023279E-06   1.029112E-05   0.0            0.0            0.0
                           0.0            0.0            0.0            0.0            0.0            0.0
0         2259      G     -4.626291E-08  -8.466153E-07  -2.370280E-06   0.0            0.0            0.0
                           0.0            0.0            0.0            0.0            0.0            0.0
0         2260      G      0.0            0.0            0.0            0.0            0.0            0.0
                           0.0            0.0            0.0            0.0            0.0            0.0
0         2485      G     -1.601899E-06  -2.378052E-06   4.837875E-06   0.0            0.0            0.0
                           0.0            0.0            0.0            0.0            0.0            0.0
0         2486      G      4.112244E-06   1.731911E-06   4.172349E-06   0.0            0.0            0.0
                           0.0            0.0            0.0            0.0            0.0            0.0
0         2487      G      2.421974E-05  -4.759638E-06   2.368923E-05   0.0            0.0            0.0
                           0.0            0.0            0.0            0.0            0.0            0.0
0         2488      G      0.0            0.0            0.0            0.0            0.0            0.0
                           0.0            0.0            0.0            0.0            0.0            0.0
0         2503      G     -1.301535E-06  -4.054203E-06  -7.301098E-07   0.0            0.0            0.0
                           0.0            0.0            0.0            0.0            0.0            0.0
0         2534      G      3.151078E-06  -6.841077E-06   1.593433E-05   0.0            0.0            0.0
                           0.0            0.0            0.0            0.0            0.0            0.0
0         2551      G      0.0            0.0            0.0            0.0            0.0            0.0
                           0.0            0.0            0.0            0.0            0.0            0.0
1                                                                           JANUARY  31, 2014  MSC.NASTRAN  6/17/05   PAGE    19
                                                                                                                                    
0                                                                                                                                   
1                                                                           JANUARY  31, 2014  MSC.NASTRAN  6/17/05   PAGE    20
                                                                                                                                    
0                                                                                                                                   
      FREQUENCY =  0.000000E+00
                 C O M P L E X     S T R A I N S   I N   T E T R A H E D R O N   E L E M E N T S   ( C T E T R A )
                                                          (REAL/IMAGINARY)
0                   CORNER      --------------------------CENTER AND CORNER POINT  STRAINS---------------------------
     ELEMENT-ID    GRID-ID      NORMAL-X       NORMAL-Y       NORMAL-Z         SHEAR-XY       SHEAR-YZ       SHEAR-ZX
0            1           0GRID CS 10 GP
0                   CENTER    -1.898806E-05   1.442333E-05   4.480331E-06    -7.010276E-06  -8.081849E-06   3.642201E-06
                               0.0            0.0            0.0              0.0            0.0            0.0
0                     2154    -1.021973E-04   6.504080E-05   2.235900E-05    -3.460727E-05  -5.411540E-05   1.539371E-05
                               0.0            0.0            0.0              0.0            0.0            0.0
0                     2161     4.425460E-05  -2.564891E-05   2.907545E-06    -3.167842E-05   3.531481E-05   4.367725E-05
                               0.0            0.0            0.0              0.0            0.0            0.0
0                     2191    -1.202830E-04   2.179104E-05   2.875863E-05    -1.036433E-04   1.212389E-05   3.167749E-05
                               0.0            0.0            0.0              0.0            0.0            0.0
0                     2503     1.022734E-04  -3.489621E-06  -3.610385E-05     1.418879E-04  -2.565069E-05  -7.617963E-05
                               0.0            0.0            0.0              0.0            0.0            0.0
0            2           0GRID CS 10 GP
0                   CENTER    -2.138604E-06  -2.893108E-06   4.363420E-06     3.269641E-06  -6.670753E-07   2.533560E-06
                               0.0            0.0            0.0              0.0            0.0            0.0
0                     2191    -1.129013E-04   2.731863E-05   2.661386E-05    -6.973527E-05   3.065958E-06   3.907043E-05
                               0.0            0.0            0.0              0.0            0.0            0.0
0                     2161    -3.619816E-05  -2.634889E-05   2.028038E-05    -6.018719E-05   2.411336E-05   1.114055E-05
                               0.0            0.0            0.0              0.0            0.0            0.0
0                     2551     4.581618E-05  -7.795324E-06   4.361082E-06     1.944883E-05  -3.833326E-06   2.625519E-05
                               0.0            0.0            0.0              0.0            0.0            0.0
0                     2503     9.472890E-05  -4.746846E-06  -3.380164E-05     1.235522E-04  -2.601430E-05  -6.633194E-05
                               0.0            0.0            0.0              0.0            0.0            0.0
1                                                                           JANUARY  31, 2014  MSC.NASTRAN  6/17/05   PAGE    21
                                                                                                                                    
0                                                                                                                                   
      FREQUENCY =  1.000000E+01
                 C O M P L E X     S T R A I N S   I N   T E T R A H E D R O N   E L E M E N T S   ( C T E T R A )
                                                          (REAL/IMAGINARY)
0                   CORNER      --------------------------CENTER AND CORNER POINT  STRAINS---------------------------
     ELEMENT-ID    GRID-ID      NORMAL-X       NORMAL-Y       NORMAL-Z         SHEAR-XY       SHEAR-YZ       SHEAR-ZX
0            1           0GRID CS 10 GP
0                   CENTER    -1.898806E-05   1.442333E-05   4.480331E-06    -7.010276E-06  -8.081849E-06   3.642201E-06
                               0.0            0.0            0.0              0.0            0.0            0.0
0                     2154    -1.021973E-04   6.504080E-05   2.235900E-05    -3.460727E-05  -5.411540E-05   1.539371E-05
                               0.0            0.0            0.0              0.0            0.0            0.0
0                     2161     4.425460E-05  -2.564891E-05   2.907545E-06    -3.167842E-05   3.531481E-05   4.367725E-05
                               0.0            0.0            0.0              0.0            0.0            0.0
0                     2191    -1.202830E-04   2.179104E-05   2.875863E-05    -1.036433E-04   1.212389E-05   3.167749E-05
                               0.0            0.0            0.0              0.0            0.0            0.0
0                     2503     1.022734E-04  -3.489621E-06  -3.610385E-05     1.418879E-04  -2.565069E-05  -7.617963E-05
                               0.0            0.0            0.0              0.0            0.0            0.0
0            2           0GRID CS 10 GP
0                   CENTER    -2.138604E-06  -2.893108E-06   4.363420E-06     3.269641E-06  -6.670753E-07   2.533560E-06
                               0.0            0.0            0.0              0.0            0.0            0.0
0                     2191    -1.129013E-04   2.731863E-05   2.661386E-05    -6.973527E-05   3.065958E-06   3.907043E-05
                               0.0            0.0            0.0              0.0            0.0            0.0
0                     2161    -3.619816E-05  -2.634889E-05   2.028038E-05    -6.018719E-05   2.411336E-05   1.114055E-05
                               0.0            0.0            0.0              0.0            0.0            0.0
0                     2551     4.581618E-05  -7.795324E-06   4.361082E-06     1.944883E-05  -3.833326E-06   2.625519E-05
                               0.0            0.0            0.0              0.0            0.0            0.0
0                     2503     9.472890E-05  -4.746847E-06  -3.380164E-05     1.235522E-04  -2.601430E-05  -6.633194E-05
                               0.0            0.0            0.0              0.0            0.0            0.0
1                                                                           JANUARY  31, 2014  MSC.NASTRAN  6/17/05   PAGE    22
                                                                                                                                    
0                                                                                                                                   
      FREQUENCY =  2.000000E+01
                 C O M P L E X     S T R A I N S   I N   T E T R A H E D R O N   E L E M E N T S   ( C T E T R A )
                                                          (REAL/IMAGINARY)
0                   CORNER      --------------------------CENTER AND CORNER POINT  STRAINS---------------------------
     ELEMENT-ID    GRID-ID      NORMAL-X       NORMAL-Y       NORMAL-Z         SHEAR-XY       SHEAR-YZ       SHEAR-ZX
0            1           0GRID CS 10 GP
0                   CENTER    -1.898806E-05   1.442333E-05   4.480331E-06    -7.010276E-06  -8.081849E-06   3.642201E-06
                               0.0            0.0            0.0              0.0            0.0            0.0
0                     2154    -1.021973E-04   6.504080E-05   2.235900E-05    -3.460727E-05  -5.411540E-05   1.539371E-05
                               0.0            0.0            0.0              0.0            0.0            0.0
0                     2161     4.425460E-05  -2.564891E-05   2.907546E-06    -3.167842E-05   3.531481E-05   4.367725E-05
                               0.0            0.0            0.0              0.0            0.0            0.0
0                     2191    -1.202830E-04   2.179104E-05   2.875863E-05    -1.036433E-04   1.212389E-05   3.167749E-05
                               0.0            0.0            0.0              0.0            0.0            0.0
0                     2503     1.022734E-04  -3.489622E-06  -3.610385E-05     1.418879E-04  -2.565069E-05  -7.617963E-05
                               0.0            0.0            0.0              0.0            0.0            0.0
0            2           0GRID CS 10 GP
0                   CENTER    -2.138604E-06  -2.893108E-06   4.363420E-06     3.269641E-06  -6.670756E-07   2.533560E-06
                               0.0            0.0            0.0              0.0            0.0            0.0
0                     2191    -1.129013E-04   2.731863E-05   2.661386E-05    -6.973527E-05   3.065958E-06   3.907043E-05
                               0.0            0.0            0.0              0.0            0.0            0.0
0                     2161    -3.619817E-05  -2.634889E-05   2.028038E-05    -6.018719E-05   2.411336E-05   1.114055E-05
                               0.0            0.0            0.0              0.0            0.0            0.0
0                     2551     4.581618E-05  -7.795324E-06   4.361082E-06     1.944883E-05  -3.833327E-06   2.625519E-05
                               0.0            0.0            0.0              0.0            0.0            0.0
0                     2503     9.472891E-05  -4.746847E-06  -3.380164E-05     1.235522E-04  -2.601430E-05  -6.633194E-05
                               0.0            0.0            0.0              0.0            0.0            0.0
1                                                                           JANUARY  31, 2014  MSC.NASTRAN  6/17/05   PAGE    23
                                                                                                                                    
0                                                                                                                                   
1                                                                           JANUARY  31, 2014  MSC.NASTRAN  6/17/05   PAGE    24
                                                                                                                                    
0                                                                                                                                   
      FREQUENCY =  0.000000E+00
                 C O M P L E X   S T R E S S E S   I N   T E T R A H E D R O N   E L E M E N T S   ( C T E T R A )
                                                          (REAL/IMAGINARY)
0                   CORNER      --------------------------CENTER AND CORNER POINT STRESSES---------------------------
     ELEMENT-ID    GRID-ID      NORMAL-X       NORMAL-Y       NORMAL-Z         SHEAR-XY       SHEAR-YZ       SHEAR-ZX
0            1           0GRID CS 10 GP
0                   CENTER    -2.480310E+02   1.868272E+02   5.741647E+01    -4.562031E+01  -5.259371E+01   2.370211E+01
                               0.0            0.0            0.0              0.0            0.0            0.0
0                     2154    -1.487241E+03   6.894080E+02   1.338928E+02    -2.252115E+02  -3.521632E+02   1.001766E+02
                               0.0            0.0            0.0              0.0            0.0            0.0
0                     2161     8.044069E+02  -1.054061E+02   2.662639E+02    -2.061515E+02   2.298158E+02   2.842355E+02
                               0.0            0.0            0.0              0.0            0.0            0.0
0                     2191    -2.305923E+03  -4.567922E+02  -3.661071E+02    -6.744726E+02   7.889784E+01   2.061454E+02
                               0.0            0.0            0.0              0.0            0.0            0.0
0                     2503     1.996633E+03   6.200992E+02   1.956164E+02     9.233543E+02  -1.669253E+02  -4.957491E+02
                               0.0            0.0            0.0              0.0            0.0            0.0
0            2           0GRID CS 10 GP
0                   CENTER    -3.493025E+01  -4.475032E+01   4.969533E+01     2.127762E+01  -4.341082E+00   1.648748E+01
                               0.0            0.0            0.0              0.0            0.0            0.0
0                     2191    -2.095556E+03  -2.705555E+02  -2.797283E+02    -4.538116E+02   1.995214E+01   2.542561E+02
                               0.0            0.0            0.0              0.0            0.0            0.0
0                     2161    -9.199043E+02  -7.917134E+02  -1.848210E+02    -3.916761E+02   1.569209E+02   7.249861E+01
                               0.0            0.0            0.0              0.0            0.0            0.0
0                     2551     1.046309E+03   3.485413E+02   5.067602E+02     1.265658E+02  -2.494588E+01   1.708592E+02
                               0.0            0.0            0.0              0.0            0.0            0.0
0                     2503     1.829430E+03   5.347263E+02   1.565704E+02     8.040324E+02  -1.692915E+02  -4.316639E+02
                               0.0            0.0            0.0              0.0            0.0            0.0
1                                                                           JANUARY  31, 2014  MSC.NASTRAN  6/17/05   PAGE    25
                                                                                                                                    
0                                                                                                                                   
      FREQUENCY =  1.000000E+01
                 C O M P L E X   S T R E S S E S   I N   T E T R A H E D R O N   E L E M E N T S   ( C T E T R A )
                                                          (REAL/IMAGINARY)
0                   CORNER      --------------------------CENTER AND CORNER POINT STRESSES---------------------------
     ELEMENT-ID    GRID-ID      NORMAL-X       NORMAL-Y       NORMAL-Z         SHEAR-XY       SHEAR-YZ       SHEAR-ZX
0            1           0GRID CS 10 GP
0                   CENTER    -2.480310E+02   1.868272E+02   5.741647E+01    -4.562031E+01  -5.259371E+01   2.370210E+01
                               0.0            0.0            0.0              0.0            0.0            0.0
0                     2154    -1.487241E+03   6.894080E+02   1.338928E+02    -2.252115E+02  -3.521632E+02   1.001766E+02
                               0.0            0.0            0.0              0.0            0.0            0.0
0                     2161     8.044069E+02  -1.054061E+02   2.662639E+02    -2.061515E+02   2.298158E+02   2.842355E+02
                               0.0            0.0            0.0              0.0            0.0            0.0
0                     2191    -2.305923E+03  -4.567922E+02  -3.661071E+02    -6.744726E+02   7.889784E+01   2.061454E+02
                               0.0            0.0            0.0              0.0            0.0            0.0
0                     2503     1.996633E+03   6.200992E+02   1.956164E+02     9.233543E+02  -1.669253E+02  -4.957491E+02
                               0.0            0.0            0.0              0.0            0.0            0.0
0            2           0GRID CS 10 GP
0                   CENTER    -3.493025E+01  -4.475032E+01   4.969533E+01     2.127762E+01  -4.341082E+00   1.648748E+01
                               0.0            0.0            0.0              0.0            0.0            0.0
0                     2191    -2.095556E+03  -2.705555E+02  -2.797283E+02    -4.538116E+02   1.995213E+01   2.542561E+02
                               0.0            0.0            0.0              0.0            0.0            0.0
0                     2161    -9.199044E+02  -7.917134E+02  -1.848210E+02    -3.916761E+02   1.569209E+02   7.249862E+01
                               0.0            0.0            0.0              0.0            0.0            0.0
0                     2551     1.046309E+03   3.485413E+02   5.067602E+02     1.265658E+02  -2.494588E+01   1.708592E+02
                               0.0            0.0            0.0              0.0            0.0            0.0
0                     2503     1.829430E+03   5.347263E+02   1.565704E+02     8.040324E+02  -1.692915E+02  -4.316639E+02
                               0.0            0.0            0.0              0.0            0.0            0.0
1                                                                           JANUARY  31, 2014  MSC.NASTRAN  6/17/05   PAGE    26
                                                                                                                                    
0                                                                                                                                   
      FREQUENCY =  2.000000E+01
                 C O M P L E X   S T R E S S E S   I N   T E T R A H E D R O N   E L E M E N T S   ( C T E T R A )
                                                          (REAL/IMAGINARY)
0                   CORNER      --------------------------CENTER AND CORNER POINT STRESSES---------------------------
     ELEMENT-ID    GRID-ID      NORMAL-X       NORMAL-Y       NORMAL-Z         SHEAR-XY       SHEAR-YZ       SHEAR-ZX
0            1           0GRID CS 10 GP
0                   CENTER    -2.480310E+02   1.868272E+02   5.741647E+01    -4.562031E+01  -5.259372E+01   2.370210E+01
                               0.0            0.0            0.0              0.0            0.0            0.0
0                     2154    -1.487241E+03   6.894080E+02   1.338928E+02    -2.252115E+02  -3.521632E+02   1.001766E+02
                               0.0            0.0            0.0              0.0            0.0            0.0
0                     2161     8.044069E+02  -1.054061E+02   2.662639E+02    -2.061515E+02   2.298158E+02   2.842355E+02
                               0.0            0.0            0.0              0.0            0.0            0.0
0                     2191    -2.305923E+03  -4.567922E+02  -3.661071E+02    -6.744726E+02   7.889784E+01   2.061454E+02
                               0.0            0.0            0.0              0.0            0.0            0.0
0                     2503     1.996633E+03   6.200992E+02   1.956164E+02     9.233543E+02  -1.669253E+02  -4.957491E+02
                               0.0            0.0            0.0              0.0            0.0            0.0
0            2           0GRID CS 10 GP
0                   CENTER    -3.493025E+01  -4.475032E+01   4.969533E+01     2.127762E+01  -4.341084E+00   1.648748E+01
                               0.0            0.0            0.0              0.0            0.0            0.0
0                     2191    -2.095556E+03  -2.705555E+02  -2.797283E+02    -4.538116E+02   1.995213E+01   2.542560E+02
                               0.0            0.0            0.0              0.0            0.0            0.0
0                     2161    -9.199044E+02  -7.917134E+02  -1.848210E+02    -3.916762E+02   1.569209E+02   7.249863E+01
                               0.0            0.0            0.0              0.0            0.0            0.0
0                     2551     1.046309E+03   3.485413E+02   5.067602E+02     1.265658E+02  -2.494588E+01   1.708592E+02
                               0.0            0.0            0.0              0.0            0.0            0.0
0                     2503     1.829430E+03   5.347263E+02   1.565704E+02     8.040324E+02  -1.692915E+02  -4.316640E+02
                               0.0            0.0            0.0              0.0            0.0            0.0
1                                                                           JANUARY  31, 2014  MSC.NASTRAN  6/17/05   PAGE    27
                                                                                                                                    
0                                                                                                                                   
1                                                                           JANUARY  31, 2014  MSC.NASTRAN  6/17/05   PAGE    28
                                                                                                                                    
0                                                                                                                                   
      FREQUENCY =  0.000000E+00
                               E L E M E N T   S T R A I N   E N E R G I E S   ( A V E R A G E )     
 
                ELEMENT-TYPE = TETRA               * TOTAL ENERGY OF ALL ELEMENTS IN PROBLEM     =   1.085114E-05
                SUBCASE               1            * TOTAL ENERGY OF ALL ELEMENTS IN SET      -1 =   1.085114E-05
0
                                    ELEMENT-ID          STRAIN-ENERGY           PERCENT OF TOTAL    STRAIN-ENERGY-DENSITY
                                             1          5.435817E-06                50.0944              1.623634E-02
                                             2          5.415323E-06                49.9056              8.784815E-03

                        TYPE = TETRA    SUBTOTAL        1.085114E-05               100.0000
1                                                                           JANUARY  31, 2014  MSC.NASTRAN  6/17/05   PAGE    29
                                                                                                                                    
0                                                                                                                                   
      FREQUENCY =  1.000000E+01
                               E L E M E N T   S T R A I N   E N E R G I E S   ( A V E R A G E )     
 
                ELEMENT-TYPE = TETRA               * TOTAL ENERGY OF ALL ELEMENTS IN PROBLEM     =   1.085114E-05
                SUBCASE               1            * TOTAL ENERGY OF ALL ELEMENTS IN SET      -1 =   1.085114E-05
0
                                    ELEMENT-ID          STRAIN-ENERGY           PERCENT OF TOTAL    STRAIN-ENERGY-DENSITY
                                             1          5.435817E-06                50.0944              1.623634E-02
                                             2          5.415323E-06                49.9056              8.784815E-03

                        TYPE = TETRA    SUBTOTAL        1.085114E-05               100.0000
1                                                                           JANUARY  31, 2014  MSC.NASTRAN  6/17/05   PAGE    30
                                                                                                                                    
0                                                                                                                                   
      FREQUENCY =  2.000000E+01
                               E L E M E N T   S T R A I N   E N E R G I E S   ( A V E R A G E )     
 
                ELEMENT-TYPE = TETRA               * TOTAL ENERGY OF ALL ELEMENTS IN PROBLEM     =   1.085114E-05
                SUBCASE               1            * TOTAL ENERGY OF ALL ELEMENTS IN SET      -1 =   1.085114E-05
0
                                    ELEMENT-ID          STRAIN-ENERGY           PERCENT OF TOTAL    STRAIN-ENERGY-DENSITY
                                             1          5.435817E-06                50.0944              1.623634E-02
                                             2          5.415323E-06                49.9056              8.784815E-03

                        TYPE = TETRA    SUBTOTAL        1.085114E-05               100.0000
1                                                                           JANUARY  31, 2014  MSC.NASTRAN  6/17/05   PAGE    31
                                                                                                                                    
0                                                                                                                                   
 *** USER INFORMATION MESSAGE 4114 (OUTPX2)
     DATA BLOCK ONRGY1   WRITTEN ON FORTRAN UNIT 12, TRL =
                    101                 3                 0                 0                 0                 0                 3
     NAME OF DATA BLOCK WRITTEN ON FORTRAN UNIT IS ONRGY1.
        (MAXIMUM POSSIBLE FORTRAN RECORD SIZE =       16386 WORDS.)
     (MAXIMUM SIZE OF FORTRAN RECORDS WRITTEN =         146 WORDS.)
           (NUMBER OF FORTRAN RECORDS WRITTEN =          40 RECORDS.)
           (TOTAL DATA WRITTEN FOR DATA BLOCK =         518 WORDS.)
 *** USER INFORMATION MESSAGE 4114 (OUTPX2)
     DATA BLOCK OES1X    WRITTEN ON FORTRAN UNIT 12, TRL =
                    101                63                 1                31                14                 0                 3
     NAME OF DATA BLOCK WRITTEN ON FORTRAN UNIT IS OES1X.
        (MAXIMUM POSSIBLE FORTRAN RECORD SIZE =       16386 WORDS.)
     (MAXIMUM SIZE OF FORTRAN RECORDS WRITTEN =         146 WORDS.)
           (NUMBER OF FORTRAN RECORDS WRITTEN =          40 RECORDS.)
           (TOTAL DATA WRITTEN FOR DATA BLOCK =         901 WORDS.)
 *** USER INFORMATION MESSAGE 4114 (OUTPX2)
     DATA BLOCK OSTR1X   WRITTEN ON FORTRAN UNIT 12, TRL =
                    101                63                 1                31                14                 0                 3
     NAME OF DATA BLOCK WRITTEN ON FORTRAN UNIT IS OSTR1X.
        (MAXIMUM POSSIBLE FORTRAN RECORD SIZE =       16386 WORDS.)
     (MAXIMUM SIZE OF FORTRAN RECORDS WRITTEN =         146 WORDS.)
           (NUMBER OF FORTRAN RECORDS WRITTEN =          40 RECORDS.)
           (TOTAL DATA WRITTEN FOR DATA BLOCK =         901 WORDS.)
 *** USER INFORMATION MESSAGE 4110 (OUTPX2)
                                 END-OF-DATA SIMULATION ON FORTRAN UNIT 12
                                 (MAXIMUM SIZE OF FORTRAN RECORDS WRITTEN =      1 WORDS.)
                                       (NUMBER OF FORTRAN RECORDS WRITTEN =      1 RECORDS.)
                                       (TOTAL DATA WRITTEN FOR EOF MARKER =      1 WORDS.)
1                                                                           JANUARY  31, 2014  MSC.NASTRAN  6/17/05   PAGE    32
                                                                                                                                    
0                                                                                                                                   
 * * * *  D B D I C T   P R I N T  * * * *      SUBDMAP = PRTSUM  ,  DMAP STATEMENT NO.     30



0                                   * * * *  A N A L Y S I S  S U M M A R Y  T A B L E  * * * *
0 SEID  PEID PROJ VERS APRCH      SEMG SEMR SEKR SELG SELR MODES DYNRED SOLLIN PVALID SOLNL LOOPID DESIGN CYCLE SENSITIVITY
 --------------------------------------------------------------------------------------------------------------------------
     0     0    1    1 '        '    T    T    T    T    T     T      F      T      0     F     -1            0           F
0SEID = SUPERELEMENT ID.
 PEID = PRIMARY SUPERELEMENT ID OF IMAGE SUPERELEMENT.
 PROJ = PROJECT ID NUMBER.
 VERS = VERSION ID.
 APRCH = BLANK FOR STRUCTURAL ANALYSIS.  HEAT FOR HEAT TRANSFER ANALYSIS.
 SEMG = STIFFNESS AND MASS MATRIX GENERATION STEP.
 SEMR = MASS MATRIX REDUCTION STEP (INCLUDES EIGENVALUE SOLUTION FOR MODES).
 SEKR = STIFFNESS MATRIX REDUCTION STEP.
 SELG = LOAD MATRIX GENERATION STEP.
 SELR = LOAD MATRIX REDUCTION STEP. 
 MODES = T (TRUE) IF NORMAL MODES OR BUCKLING MODES CALCULATED.
 DYNRED = T (TRUE) MEANS GENERALIZED DYNAMIC AND/OR COMPONENT MODE REDUCTION PERFORMED.
 SOLLIN = T (TRUE) IF LINEAR SOLUTION EXISTS IN DATABASE.
 PVALID = P-DISTRIBUTION ID OF P-VALUE FOR P-ELEMENTS
 LOOPID = THE LAST LOOPID VALUE USED IN THE NONLINEAR ANALYSIS.  USEFUL FOR RESTARTS.
 SOLNL = T (TRUE) IF NONLINEAR SOLUTION EXISTS IN DATABASE.
 DESIGN CYCLE = THE LAST DESIGN CYCLE (ONLY VALID IN OPTIMIZATION).
 SENSITIVITY = SENSITIVITY MATRIX GENERATION FLAG.
 
 No PARAM values were set in the Control File.
 
1                                        * * * END OF JOB * * *
 
 
