     SOL 103                                                                         
     CEND                                                                                    
1                                                                             MARCH  25, 1999  MSC/NASTRAN  4/28/98   PAGE     3
                                                                                                                                    
0                                                                                                                                   
0                                        C A S E    C O N T R O L   D E C K   E C H O                                               
                 CARD                                                                                                               
                 COUNT                                                                                                              
                  1        ECHO    = SORT                                                                        
                  2        SPC     = 1   $ WING ROOT DEFLECTIONS AND PLATE IN-PLANE ROTATIONS FIX        ED      
                  3        METHOD  = 10  $ MODIFIED GIVENS METHOD OF REAL EIGENVALUE EXTRACTION                  
                  4        DISP = ALL                                                                            
                  5      BEGIN BULK                                                                              
0                             INPUT BULK DATA CARD COUNT =     194
1                                                                             MARCH  25, 1999  MSC/NASTRAN  4/28/98   PAGE     4
                                                                                                                                    
0                                                                                                                                   
0                                                 S O R T E D   B U L K   D A T A   E C H O                                         
                 CARD                                                                                                               
                 COUNT        .   1  ..   2  ..   3  ..   4  ..   5  ..   6  ..   7  ..   8  ..   9  ..  10  .                      
                    1-        ASET1   3       1       THRU    8                                               
                    2-        ASET1   3       10      THRU    16                                              
                    3-        ASET1   3       18      THRU    24                                              
                    4-        ASET1   3       26      THRU    40                                              
                    5-        CQUAD4  1       1       1       2       10      9                       +M00000 
                    6-        +M00000                 0.0     0.0     .041    .041                            
                    7-        CQUAD4  2       1       2       3       11      10                      +M00001 
                    8-        +M00001                 0.0     0.0     .041    .041                            
                    9-        CQUAD4  3       1       3       4       12      11                      +M00002 
                   10-        +M00002                 0.0     0.0     .041    .041                            
                   11-        CQUAD4  4       1       4       5       13      12                      +M00003 
                   12-        +M00003                 0.0     0.0     .041    .041                            
                   13-        CQUAD4  5       1       5       6       14      13                      +M00004 
                   14-        +M00004                 0.0     0.0     .041    .041                            
                   15-        CQUAD4  6       1       6       7       15      14                      +M00005 
                   16-        +M00005                 0.0     0.0     .041    .041                            
                   17-        CQUAD4  7       1       7       8       16      15                      +M00006 
                   18-        +M00006                 0.0     0.0     .041    .041                            
                   19-        CQUAD4  8       1       9       10      18      17                              
                   20-        CQUAD4  9       1       10      11      19      18                              
                   21-        CQUAD4  10      1       11      12      20      19                              
                   22-        CQUAD4  11      1       12      13      21      20                              
                   23-        CQUAD4  12      1       13      14      22      21                              
                   24-        CQUAD4  13      1       14      15      23      22                              
                   25-        CQUAD4  14      1       15      16      24      23                              
                   26-        CQUAD4  15      1       17      18      26      25                              
                   27-        CQUAD4  16      1       18      19      27      26                              
                   28-        CQUAD4  17      1       19      20      28      27                              
                   29-        CQUAD4  18      1       20      21      29      28                              
                   30-        CQUAD4  19      1       21      22      30      29                              
                   31-        CQUAD4  20      1       22      23      31      30                              
                   32-        CQUAD4  21      1       23      24      32      31                              
                   33-        CQUAD4  22      1       25      26      34      33                      +M00007 
                   34-        +M00007                 .041    .041    0.0     0.0                             
                   35-        CQUAD4  23      1       26      27      35      34                      +M00008 
                   36-        +M00008                 .041    .041    0.0     0.0                             
                   37-        CQUAD4  24      1       27      28      36      35                      +M00009 
                   38-        +M00009                 .041    .041    0.0     0.0                             
                   39-        CQUAD4  25      1       28      29      37      36                      +M00010 
                   40-        +M00010                 .041    .041    0.0     0.0                             
                   41-        CQUAD4  26      1       29      30      38      37                      +M00011 
                   42-        +M00011                 .041    .041    0.0     0.0                             
                   43-        CQUAD4  27      1       30      31      39      38                      +M00012 
                   44-        +M00012                 .041    .041    0.0     0.0                             
                   45-        CQUAD4  28      1       31      32      40      39                      +M00013 
                   46-        +M00013                 .041    .041    0.0     0.0                             
                   47-        EIGR    10      MGIV                            4                       +ER     
                   48-        +ER     MAX                                                                     
                   49-        GRID    1               0.0     0.0     0.0                                     
                   50-        GRID    2               .211491 .7893   0.0                                     
1                                                                             MARCH  25, 1999  MSC/NASTRAN  4/28/98   PAGE     5
                                                                                                                                    
0                                                                                                                                   
0                                                 S O R T E D   B U L K   D A T A   E C H O                                         
                 CARD                                                                                                               
                 COUNT        .   1  ..   2  ..   3  ..   4  ..   5  ..   6  ..   7  ..   8  ..   9  ..  10  .                      
                   51-        GRID    3               .422983 1.5786  0.0                                     
                   52-        GRID    4               .634474 2.3679  0.0                                     
                   53-        GRID    5               .845966 3.1572  0.0                                     
                   54-        GRID    6               1.05746 3.9465  0.0                                     
                   55-        GRID    7               1.26895 4.7358  0.0                                     
                   56-        GRID    8               1.48044 5.5251  0.0                                     
                   57-        GRID    9               .258819 0.0     0.0                                     
                   58-        GRID    10              .47031  .7893   0.0                                     
                   59-        GRID    11              .681802 1.5786  0.0                                     
                   60-        GRID    12              .893293 2.3679  0.0                                     
                   61-        GRID    13              1.10478 3.1572  0.0                                     
                   62-        GRID    14              1.31628 3.9465  0.0                                     
                   63-        GRID    15              1.52777 4.7358  0.0                                     
                   64-        GRID    16              1.73926 5.5251  0.0                                     
                   65-        GRID    17              1.03528 0.0     0.0                                     
                   66-        GRID    18              1.24677 .7893   0.0                                     
                   67-        GRID    19              1.45826 1.5786  0.0                                     
                   68-        GRID    20              1.66975 2.3679  0.0                                     
                   69-        GRID    21              1.88124 3.1572  0.0                                     
                   70-        GRID    22              2.09273 3.9465  0.0                                     
                   71-        GRID    23              2.30422 4.7358  0.0                                     
                   72-        GRID    24              2.51572 5.5251  0.0                                     
                   73-        GRID    25              1.81173 0.0     0.0                                     
                   74-        GRID    26              2.02322 .7893   0.0                                     
                   75-        GRID    27              2.23471 1.5786  0.0                                     
                   76-        GRID    28              2.44621 2.3679  0.0                                     
                   77-        GRID    29              2.6577  3.1572  0.0                                     
                   78-        GRID    30              2.86919 3.9465  0.0                                     
                   79-        GRID    31              3.08068 4.7358  0.0                                     
                   80-        GRID    32              3.29217 5.5251  0.0                                     
                   81-        GRID    33              2.07055 0.0     0.0                                     
                   82-        GRID    34              2.28204 .7893   0.0                                     
                   83-        GRID    35              2.49353 1.5786  0.0                                     
                   84-        GRID    36              2.70502 2.3679  0.0                                     
                   85-        GRID    37              2.91652 3.1572  0.0                                     
                   86-        GRID    38              3.12801 3.9465  0.0                                     
                   87-        GRID    39              3.3395  4.7358  0.0                                     
                   88-        GRID    40              3.55099 5.5251  0.0                                     
                   89-        MAT1    1       9.2418+63.4993+6        0.097464                                
                   90-        PARAM   COUPMASS1                                                               
                   91-        PARAM   GRDPNT  17                                                              
                   92-        PARAM   WTMASS  .0025901                                                        
                   93-        PSHELL  1       1       .041    1               1                               
                   94-        SPC1    1       6       1       THRU    40                                      
                   95-        SPC1    1       12345   9                                                       
                   96-        SPC1    1       12345   25                                                      
                              ENDDATA 
0                       TOTAL COUNT=        97
1                                                                             MARCH  25, 1999  MSC/NASTRAN  4/28/98   PAGE     6
                                                                                                                                    
0                                                                                                                                   
                           O U T P U T   F R O M   G R I D   P O I N T   W E I G H T   G E N E R A T O R
0                                                     REFERENCE POINT =       17
                                                                M O
                      *  4.000018E-02  6.352747E-20  0.000000E+00  0.000000E+00  0.000000E+00 -1.105025E-01 *
                      *  6.352747E-20  4.000018E-02  0.000000E+00  0.000000E+00  0.000000E+00  2.960875E-02 *
                      *  0.000000E+00  0.000000E+00  4.000018E-02  1.105025E-01 -2.960875E-02  0.000000E+00 *
                      *  0.000000E+00  0.000000E+00  1.105025E-01  4.070249E-01 -1.090611E-01  0.000000E+00 *
                      *  0.000000E+00  0.000000E+00 -2.960875E-02 -1.090611E-01  4.038716E-02  0.000000E+00 *
                      * -1.105025E-01  2.960875E-02  0.000000E+00  0.000000E+00  0.000000E+00  4.474121E-01 *
                                                                 S
                                           *  1.000000E+00  0.000000E+00  0.000000E+00 *
                                           *  0.000000E+00  1.000000E+00  0.000000E+00 *
                                           *  0.000000E+00  0.000000E+00  1.000000E+00 *
                               DIRECTION
                          MASS AXIS SYSTEM (S)     MASS              X-C.G.        Y-C.G.        Z-C.G.
                                  X            4.000018E-02      0.000000E+00  2.762550E+00  0.000000E+00
                                  Y            4.000018E-02      7.402154E-01  0.000000E+00  0.000000E+00
                                  Z            4.000018E-02      7.402154E-01  2.762550E+00  0.000000E+00
                                                                I(S)
                                           *  1.017562E-01  2.726544E-02  0.000000E+00 *
                                           *  2.726544E-02  1.847031E-02  0.000000E+00 *
                                           *  0.000000E+00  0.000000E+00  1.202265E-01 *
                                                                I(Q)
                                           *  1.098881E-01                             *
                                           *                1.033837E-02               *
                                           *                              1.202265E-01 *
                                                                 Q
                                           *  9.582864E-01  2.858097E-01  0.000000E+00 *
                                           * -2.858097E-01  9.582864E-01  0.000000E+00 *
                                           *  0.000000E+00  0.000000E+00  1.000000E+00 *

1                                                                             MARCH  25, 1999  MSC/NASTRAN  4/28/98   PAGE     7
                                                                                                                                    
0                                                                                                                                   
 *** SYSTEM INFORMATION MESSAGE 6916 (DFMSYN)
     DECOMP ORDERING METHOD CHOSEN: BEND, ORDERING METHOD USED: BEND
 *** USER INFORMATION MESSAGE 5458 (REIG)
     MODIFIED GIVENS METHOD IS FORCED BY USER  .
1                                                                             MARCH  25, 1999  MSC/NASTRAN  4/28/98   PAGE     8
                                                                                                                                    
0                                                                                                                                   
 
                                              R E A L   E I G E N V A L U E S
   MODE    EXTRACTION      EIGENVALUE            RADIANS             CYCLES            GENERALIZED         GENERALIZED
    NO.       ORDER                                                                       MASS              STIFFNESS
        1         1        4.656517E+04        2.157896E+02        3.434399E+01        2.485460E-05        1.157359E+00
        2         2        1.741004E+06        1.319471E+03        2.100004E+02        9.088139E-06        1.582249E+01
        3         3        2.677550E+06        1.636322E+03        2.604287E+02        8.523230E-06        2.282137E+01
        4         4        1.590670E+07        3.988320E+03        6.347608E+02        7.943937E-06        1.263618E+02
        5         5        2.676045E+07        5.173051E+03        8.233166E+02        0.0                 0.0
        6         6        6.705253E+07        8.188561E+03        1.303250E+03        0.0                 0.0
        7         7        1.020573E+08        1.010234E+04        1.607838E+03        0.0                 0.0
        8         8        2.060991E+08        1.435615E+04        2.284853E+03        0.0                 0.0
        9         9        2.839796E+08        1.685169E+04        2.682030E+03        0.0                 0.0
       10        10        3.717570E+08        1.928100E+04        3.068667E+03        0.0                 0.0
       11        11        4.330577E+08        2.081004E+04        3.312021E+03        0.0                 0.0
       12        12        5.752656E+08        2.398470E+04        3.817283E+03        0.0                 0.0
       13        13        6.478300E+08        2.545251E+04        4.050892E+03        0.0                 0.0
       14        14        7.371570E+08        2.715063E+04        4.321158E+03        0.0                 0.0
       15        15        1.062141E+09        3.259050E+04        5.186939E+03        0.0                 0.0
       16        16        1.340560E+09        3.661366E+04        5.827244E+03        0.0                 0.0
       17        17        1.504211E+09        3.878416E+04        6.172690E+03        0.0                 0.0
       18        18        2.016248E+09        4.490264E+04        7.146478E+03        0.0                 0.0
       19        19        2.896543E+09        5.381955E+04        8.565646E+03        0.0                 0.0
       20        20        3.734667E+09        6.111192E+04        9.726265E+03        0.0                 0.0
       21        21        3.846096E+09        6.201690E+04        9.870296E+03        0.0                 0.0
       22        24        4.477242E+09        6.691220E+04        1.064941E+04        0.0                 0.0
       23        25        4.639454E+09        6.811354E+04        1.084061E+04        0.0                 0.0
       24        26        4.942809E+09        7.030511E+04        1.118941E+04        0.0                 0.0
       25        31        5.256086E+09        7.249887E+04        1.153855E+04        0.0                 0.0
       26        35        5.759773E+09        7.589317E+04        1.207877E+04        0.0                 0.0
       27        37        6.100987E+09        7.810882E+04        1.243140E+04        0.0                 0.0
       28        36        6.657556E+09        8.159385E+04        1.298606E+04        0.0                 0.0
       29        34        7.332475E+09        8.562988E+04        1.362842E+04        0.0                 0.0
       30        33        8.441387E+09        9.187702E+04        1.462268E+04        0.0                 0.0
       31        32        9.166372E+09        9.574117E+04        1.523768E+04        0.0                 0.0
       32        30        1.070425E+10        1.034613E+05        1.646638E+04        0.0                 0.0
       33        29        1.173995E+10        1.083511E+05        1.724461E+04        0.0                 0.0
       34        28        1.259991E+10        1.122493E+05        1.786504E+04        0.0                 0.0
       35        27        1.455259E+10        1.206341E+05        1.919952E+04        0.0                 0.0
       36        23        1.897902E+10        1.377644E+05        2.192588E+04        0.0                 0.0
       37        22        2.018797E+10        1.420844E+05        2.261343E+04        0.0                 0.0
1                                                                             MARCH  25, 1999  MSC/NASTRAN  4/28/98   PAGE     9
                                                                                                                                    
0                                                                                                                                   
1                                                                             MARCH  25, 1999  MSC/NASTRAN  4/28/98   PAGE    10
                                                                                                                                    
0                                                                                                                                   
      EIGENVALUE =  4.656517E+04
          CYCLES =  3.434399E+01         R E A L   E I G E N V E C T O R   N O .          1
 
      POINT ID.   TYPE          T1             T2             T3             R1             R2             R3
             1      G      0.0            0.0           -3.320767E-03   5.275748E-02  -2.311046E-02   0.0
             2      G      0.0            0.0            3.354167E-02   2.932303E-02  -1.964025E-02   0.0
             3      G      0.0            0.0            1.197589E-01   1.662287E-01  -4.147353E-02   0.0
             4      G      0.0            0.0            2.415489E-01   1.236907E-01  -2.596768E-02   0.0
             5      G      0.0            0.0            3.895444E-01   2.266178E-01  -4.942432E-02   0.0
             6      G      0.0            0.0            5.599717E-01   1.821056E-01  -3.271172E-02   0.0
             7      G      0.0            0.0            7.364756E-01   2.416311E-01  -4.689491E-02   0.0
             8      G      0.0            0.0            9.197437E-01   2.006610E-01  -3.359312E-02   0.0
             9      G      0.0            0.0            0.0            0.0            0.0            0.0
            10      G      0.0            0.0            3.985384E-02   8.988190E-02  -3.247913E-02   0.0
            11      G      0.0            0.0            1.283573E-01   1.182844E-01  -2.095009E-02   0.0
            12      G      0.0            0.0            2.494006E-01   1.707260E-01  -3.638510E-02   0.0
            13      G      0.0            0.0            4.009324E-01   1.918168E-01  -3.647194E-02   0.0
            14      G      0.0            0.0            5.693350E-01   2.126955E-01  -4.017603E-02   0.0
            15      G      0.0            0.0            7.477078E-01   2.169071E-01  -3.920391E-02   0.0
            16      G      0.0            0.0            9.293225E-01   2.215306E-01  -4.025509E-02   0.0
            17      G      0.0            0.0           -2.937914E-04   6.190476E-02  -8.185685E-04   0.0
            18      G      0.0            0.0            5.363604E-02   7.274584E-02  -2.740528E-03   0.0
            19      G      0.0            0.0            1.427034E-01   1.454802E-01  -1.611947E-02   0.0
            20      G      0.0            0.0            2.734128E-01   1.727809E-01  -2.510017E-02   0.0
            21      G      0.0            0.0            4.279284E-01   2.013101E-01  -3.278478E-02   0.0
            22      G      0.0            0.0            5.990526E-01   2.123529E-01  -3.604479E-02   0.0
            23      G      0.0            0.0            7.780459E-01   2.201141E-01  -3.867503E-02   0.0
            24      G      0.0            0.0            9.601673E-01   2.201419E-01  -3.893496E-02   0.0
            25      G      0.0            0.0            0.0            0.0            0.0            0.0
            26      G      0.0            0.0            4.663620E-02   1.196191E-01   1.940306E-02   0.0
            27      G      0.0            0.0            1.527655E-01   1.500145E-01  -9.815941E-03   0.0
            28      G      0.0            0.0            2.906154E-01   1.892013E-01  -1.920878E-02   0.0
            29      G      0.0            0.0            4.520696E-01   2.050554E-01  -2.915488E-02   0.0
            30      G      0.0            0.0            6.267195E-01   2.186406E-01  -3.503649E-02   0.0
            31      G      0.0            0.0            8.077031E-01   2.194385E-01  -3.752929E-02   0.0
            32      G      0.0            0.0            9.904701E-01   2.227564E-01  -3.894404E-02   0.0
            33      G      0.0            0.0           -3.744977E-03   2.764643E-02   2.112055E-02   0.0
            34      G      0.0            0.0            4.227901E-02   1.043890E-01   2.184120E-02   0.0
            35      G      0.0            0.0            1.548405E-01   1.764728E-01  -9.414680E-03   0.0
            36      G      0.0            0.0            2.953975E-01   1.730397E-01  -1.472252E-02   0.0
            37      G      0.0            0.0            4.598230E-01   2.263945E-01  -3.197226E-02   0.0
            38      G      0.0            0.0            6.353986E-01   2.007433E-01  -3.072660E-02   0.0
            39      G      0.0            0.0            8.179795E-01   2.402105E-01  -4.210586E-02   0.0
            40      G      0.0            0.0            1.000000E+00   2.000586E-01  -3.453320E-02   0.0
1                                                                             MARCH  25, 1999  MSC/NASTRAN  4/28/98   PAGE    11
                                                                                                                                    
0                                                                                                                                   
      EIGENVALUE =  1.741004E+06
          CYCLES =  2.100004E+02         R E A L   E I G E N V E C T O R   N O .          2
 
      POINT ID.   TYPE          T1             T2             T3             R1             R2             R3
             1      G      0.0            0.0            1.107332E-02  -2.260668E-01   8.574074E-02   0.0
             2      G      0.0            0.0           -1.414919E-01  -1.058193E-01  -5.301957E-03   0.0
             3      G      0.0            0.0           -4.007863E-01  -5.091912E-01  -5.855032E-02   0.0
             4      G      0.0            0.0           -6.050647E-01  -7.694189E-02  -2.867363E-01   0.0
             5      G      0.0            0.0           -6.624407E-01  -2.089252E-01  -3.248615E-01   0.0
             6      G      0.0            0.0           -5.821251E-01   1.932655E-01  -4.811796E-01   0.0
             7      G      0.0            0.0           -3.570981E-01   1.159731E-01  -4.723542E-01   0.0
             8      G      0.0            0.0           -7.326158E-02   3.253082E-01  -5.398714E-01   0.0
             9      G      0.0            0.0            0.0            0.0            0.0            0.0
            10      G      0.0            0.0           -1.446287E-01  -3.232221E-01   4.263464E-02   0.0
            11      G      0.0            0.0           -3.784626E-01  -2.700317E-01  -1.332725E-01   0.0
            12      G      0.0            0.0           -5.368559E-01  -2.138972E-01  -2.361298E-01   0.0
            13      G      0.0            0.0           -5.745575E-01  -3.738778E-02  -3.616104E-01   0.0
            14      G      0.0            0.0           -4.620206E-01   1.019581E-01  -4.421384E-01   0.0
            15      G      0.0            0.0           -2.318032E-01   2.202560E-01  -4.951098E-01   0.0
            16      G      0.0            0.0            6.338770E-02   2.507957E-01  -5.138512E-01   0.0
            17      G      0.0            0.0           -8.396643E-04  -1.929060E-01  -5.599579E-03   0.0
            18      G      0.0            0.0           -1.403477E-01  -1.577093E-01  -6.282534E-02   0.0
            19      G      0.0            0.0           -2.714325E-01  -2.098485E-01  -1.464372E-01   0.0
            20      G      0.0            0.0           -3.485831E-01  -8.095299E-02  -2.510886E-01   0.0
            21      G      0.0            0.0           -2.981144E-01   4.920985E-02  -3.500597E-01   0.0
            22      G      0.0            0.0           -1.210223E-01   1.818425E-01  -4.342829E-01   0.0
            23      G      0.0            0.0            1.500929E-01   2.477379E-01  -4.856598E-01   0.0
            24      G      0.0            0.0            4.641854E-01   2.736363E-01  -5.148948E-01   0.0
            25      G      0.0            0.0            0.0            0.0            0.0            0.0
            26      G      0.0            0.0           -6.794432E-02  -1.815082E-01  -1.232568E-01   0.0
            27      G      0.0            0.0           -1.554098E-01  -9.816097E-02  -1.533911E-01   0.0
            28      G      0.0            0.0           -1.528569E-01   4.911089E-03  -2.520888E-01   0.0
            29      G      0.0            0.0           -2.636060E-02   1.529317E-01  -3.479257E-01   0.0
            30      G      0.0            0.0            2.173962E-01   2.450575E-01  -4.343207E-01   0.0
            31      G      0.0            0.0            5.304149E-01   2.874658E-01  -4.905873E-01   0.0
            32      G      0.0            0.0            8.653485E-01   2.852452E-01  -5.145663E-01   0.0
            33      G      0.0            0.0            1.004413E-02  -3.865173E-02  -5.667925E-02   0.0
            34      G      0.0            0.0           -3.825525E-02  -1.303979E-01  -1.227094E-01   0.0
            35      G      0.0            0.0           -1.152494E-01  -1.173702E-01  -1.502222E-01   0.0
            36      G      0.0            0.0           -8.781209E-02   7.332725E-02  -2.545322E-01   0.0
            37      G      0.0            0.0            6.338259E-02   1.431831E-01  -3.390636E-01   0.0
            38      G      0.0            0.0            3.312269E-01   3.028386E-01  -4.435413E-01   0.0
            39      G      0.0            0.0            6.570766E-01   2.549826E-01  -4.840532E-01   0.0
            40      G      0.0            0.0            1.000000E+00   3.335835E-01  -5.236316E-01   0.0
1                                                                             MARCH  25, 1999  MSC/NASTRAN  4/28/98   PAGE    12
                                                                                                                                    
0                                                                                                                                   
      EIGENVALUE =  2.677550E+06
          CYCLES =  2.604287E+02         R E A L   E I G E N V E C T O R   N O .          3
 
      POINT ID.   TYPE          T1             T2             T3             R1             R2             R3
             1      G      0.0            0.0            2.114405E-03   1.097659E-02   1.560848E-03   0.0
             2      G      0.0            0.0            1.986177E-02   4.924958E-02   5.667208E-02   0.0
             3      G      0.0            0.0            6.028285E-02   1.016693E-01   1.542817E-01   0.0
             4      G      0.0            0.0            1.323192E-01   1.805242E-01   2.828980E-01   0.0
             5      G      0.0            0.0            2.601769E-01   2.973404E-01   3.864959E-01   0.0
             6      G      0.0            0.0            4.728811E-01   4.399830E-01   4.779978E-01   0.0
             7      G      0.0            0.0            7.355467E-01   4.746437E-01   5.630959E-01   0.0
             8      G      0.0            0.0            1.000000E+00   4.938532E-01   6.007993E-01   0.0
             9      G      0.0            0.0            0.0            0.0            0.0            0.0
            10      G      0.0            0.0            2.551313E-03   3.454826E-02   6.988558E-02   0.0
            11      G      0.0            0.0            1.791450E-02   7.838506E-02   1.701921E-01   0.0
            12      G      0.0            0.0            5.546071E-02   1.507140E-01   3.131657E-01   0.0
            13      G      0.0            0.0            1.576512E-01   2.960207E-01   4.080524E-01   0.0
            14      G      0.0            0.0            3.465791E-01   4.133718E-01   5.025063E-01   0.0
            15      G      0.0            0.0            5.893694E-01   4.738452E-01   5.697677E-01   0.0
            16      G      0.0            0.0            8.437764E-01   4.800567E-01   6.100507E-01   0.0
            17      G      0.0            0.0           -3.491340E-04  -5.233242E-02   7.806516E-03   0.0
            18      G      0.0            0.0           -5.833368E-02  -5.130282E-02   8.907135E-02   0.0
            19      G      0.0            0.0           -1.493535E-01  -6.783146E-02   2.609330E-01   0.0
            20      G      0.0            0.0           -2.188800E-01   7.632377E-02   3.917430E-01   0.0
            21      G      0.0            0.0           -1.930001E-01   2.267826E-01   4.935344E-01   0.0
            22      G      0.0            0.0           -6.678205E-02   3.666732E-01   5.606208E-01   0.0
            23      G      0.0            0.0            1.327621E-01   4.394740E-01   6.049351E-01   0.0
            24      G      0.0            0.0            3.624147E-01   4.669136E-01   6.279791E-01   0.0
            25      G      0.0            0.0            0.0            0.0            0.0            0.0
            26      G      0.0            0.0           -1.448625E-01  -2.932250E-01   1.413140E-01   0.0
            27      G      0.0            0.0           -3.904501E-01  -1.701667E-01   3.604765E-01   0.0
            28      G      0.0            0.0           -5.610465E-01  -1.699963E-02   4.885510E-01   0.0
            29      G      0.0            0.0           -6.075832E-01   1.886168E-01   5.722555E-01   0.0
            30      G      0.0            0.0           -5.242109E-01   3.358437E-01   6.155127E-01   0.0
            31      G      0.0            0.0           -3.486536E-01   4.334817E-01   6.325694E-01   0.0
            32      G      0.0            0.0           -1.321459E-01   4.514872E-01   6.430338E-01   0.0
            33      G      0.0            0.0           -2.928282E-03  -1.261122E-01  -1.285228E-03   0.0
            34      G      0.0            0.0           -1.885662E-01  -2.596738E-01   1.568573E-01   0.0
            35      G      0.0            0.0           -4.888113E-01  -2.752250E-01   4.040596E-01   0.0
            36      G      0.0            0.0           -6.918882E-01   4.029430E-02   5.085680E-01   0.0
            37      G      0.0            0.0           -7.600891E-01   1.186321E-01   6.097309E-01   0.0
            38      G      0.0            0.0           -6.841899E-01   4.037936E-01   6.165290E-01   0.0
            39      G      0.0            0.0           -5.152060E-01   3.625758E-01   6.552874E-01   0.0
            40      G      0.0            0.0           -2.968764E-01   5.302669E-01   6.293983E-01   0.0
1                                                                             MARCH  25, 1999  MSC/NASTRAN  4/28/98   PAGE    13
                                                                                                                                    
0                                                                                                                                   
      EIGENVALUE =  1.590670E+07
          CYCLES =  6.347608E+02         R E A L   E I G E N V E C T O R   N O .          4
 
      POINT ID.   TYPE          T1             T2             T3             R1             R2             R3
             1      G      0.0            0.0           -2.639108E-02   6.061646E-01  -2.092229E-01   0.0
             2      G      0.0            0.0            3.380127E-01   1.400259E-01   9.293070E-02   0.0
             3      G      0.0            0.0            7.191586E-01   7.820777E-01   2.546480E-01   0.0
             4      G      0.0            0.0            6.149204E-01  -7.384789E-01   6.302306E-01   0.0
             5      G      0.0            0.0            8.150130E-02  -2.664551E-01   2.294789E-01   0.0
             6      G      0.0            0.0           -3.522899E-01  -6.492898E-01   4.499320E-02   0.0
             7      G      0.0            0.0           -4.111289E-01   3.950297E-01  -4.157305E-01   0.0
             8      G      0.0            0.0           -5.156533E-02   2.521547E-01  -4.350607E-01   0.0
             9      G      0.0            0.0            0.0            0.0            0.0            0.0
            10      G      0.0            0.0            3.281422E-01   6.816577E-01  -5.199113E-02   0.0
            11      G      0.0            0.0            6.388384E-01   1.435943E-01   4.017982E-01   0.0
            12      G      0.0            0.0            4.704424E-01  -3.026531E-01   4.473883E-01   0.0
            13      G      0.0            0.0            1.107626E-02  -5.673559E-01   3.100761E-01   0.0
            14      G      0.0            0.0           -3.550788E-01  -2.378162E-01  -3.917675E-02   0.0
            15      G      0.0            0.0           -3.136066E-01   2.179739E-01  -3.267919E-01   0.0
            16      G      0.0            0.0            7.111395E-02   4.898781E-01  -5.063082E-01   0.0
            17      G      0.0            0.0            7.209645E-03   4.550290E-01   1.121045E-02   0.0
            18      G      0.0            0.0            2.931411E-01   2.104225E-01   1.669171E-01   0.0
            19      G      0.0            0.0            3.630863E-01   4.555044E-02   3.117936E-01   0.0
            20      G      0.0            0.0            1.505997E-01  -3.573014E-01   3.716776E-01   0.0
            21      G      0.0            0.0           -2.019493E-01  -2.938857E-01   2.317605E-01   0.0
            22      G      0.0            0.0           -3.253174E-01   6.985068E-02  -3.708997E-02   0.0
            23      G      0.0            0.0           -6.143145E-02   4.672645E-01  -3.143135E-01   0.0
            24      G      0.0            0.0            4.675871E-01   6.111966E-01  -4.996036E-01   0.0
            25      G      0.0            0.0            0.0            0.0            0.0            0.0
            26      G      0.0            0.0            1.313829E-01   2.792380E-01   2.351903E-01   0.0
            27      G      0.0            0.0            1.363092E-01  -1.730270E-01   2.607404E-01   0.0
            28      G      0.0            0.0           -1.371150E-01  -3.093092E-01   3.550243E-01   0.0
            29      G      0.0            0.0           -3.879783E-01  -8.898160E-02   2.391649E-01   0.0
            30      G      0.0            0.0           -2.929344E-01   4.068957E-01  -4.535050E-02   0.0
            31      G      0.0            0.0            1.947479E-01   6.770539E-01  -3.359844E-01   0.0
            32      G      0.0            0.0            8.673875E-01   7.528042E-01  -5.142709E-01   0.0
            33      G      0.0            0.0           -1.393049E-02   1.077906E-01   9.589042E-02   0.0
            34      G      0.0            0.0            8.065988E-02   1.335692E-01   2.095355E-01   0.0
            35      G      0.0            0.0            6.916258E-02  -1.085551E-01   2.322056E-01   0.0
            36      G      0.0            0.0           -2.318923E-01  -4.177383E-01   3.751711E-01   0.0
            37      G      0.0            0.0           -4.519432E-01   9.178656E-02   2.357949E-01   0.0
            38      G      0.0            0.0           -2.835255E-01   3.999774E-01  -1.717403E-02   0.0
            39      G      0.0            0.0            2.888198E-01   8.510485E-01  -3.755460E-01   0.0
            40      G      0.0            0.0            1.000000E+00   6.488677E-01  -4.906413E-01   0.0
1                                                                             MARCH  25, 1999  MSC/NASTRAN  4/28/98   PAGE    14
                                                                                                                                    
0                                                                                                                                   
1                                                                             MARCH  25, 1999  MSC/NASTRAN  4/28/98   PAGE    15
                                                                                                                                    
0                                                                                                                                   
 * * * *  D B D I C T   P R I N T  * * * *      SUBDMAP = PRTSUM  ,  DMAP STATEMENT NO.     13
