     ID MSC, HA144D $ 
     assign output4='ha144da.mgh' status=unknown unit=11 form=formated 
     TIME 5 $ CPU TIME IN MINUTES                                                            
     SOL 103                                                                                 
     COMPILE SEMODES SOUIN=MSCSOU NOLIST          $
     ALTER 'STRAIN ENERGY'                                                                   
     MATGEN EQEXINS/INTEXT/9//LUSETS $ GENERATE EXTERNAL SEQUENCE MATRIX
     MPYAD MGG,PHG,/MGHINT           $ MGHINT IS THE MGH IN INTERNAL SEQUENCE
     MPYAD INTEXT,MGHINT,/MGH        $ TRANSFORM MGHINT TO EXTERNAL SEQUENCE
     OUTPUT4 MGH//-1/11/2            $ OUTPUT MGH TO UNIT=11 IN fw_fct_000.smgh
     ENDALTER
     CEND                                                                                    
0                                        C A S E    C O N T R O L   D E C K   E C H O                                               
                 CARD                                                                                                               
                 COUNT                                                                                                              
                  1      TITLE = EXAMPLE HA144D: 30 DEG FWD SWEPT WING WITH CANARD & FI HA144D                   
                  2      SUBTI = ANTI-SYMMETRIC FLIGHT CONDITIONS, DOUBLET-LATTICE AERO                          
                  3      LABEL = HALF-SPAN MODEL, STATIC ANTISYMMETRIC LOADING                                   
                  4        ECHO    = SORTED                                                                      
                  5        SPC = 1                                                                               
                  6        METHOD=1                                                                              
                  7        DISP    = ALL $ PRINT ALL DISPLACEMENTS                                               
                  8        STRESS=ALL                                                                            
                  9      BEGIN BULK                                                                              
0                                                 S O R T E D   B U L K   D A T A   E C H O                                         
                 CARD                                                                                                               
                 COUNT        .   1  ..   2  ..   3  ..   4  ..   5  ..   6  ..   7  ..   8  ..   9  ..  10  .                      
                    1-        CBAR    100     100     90      99      0.      0.      1.                      
                    2-        CBAR    101     100     97      98      0.      0.      1.                      
                    3-        CBAR    102     100     98      90      0.      0.      1.                      
                    4-        CBAR    103     100     99      100     0.      0.      1.                      
                    5-        CBAR    110     101     100     110     0.      0.      1.                      
                    6-        CBAR    120     101     110     120     0.      0.      1.                      
                    7-        CBAR    310     301     100     310     0.      0.      1.                      
                    8-        CONM2   97      97      0       1500.0                                          
                    9-        CONM2   98      98      0       1500.0                                          
                   10-        CONM2   99      99      0       1500.0                                          
                   11-        CONM2   100     100     0       1500.0                                          
                   12-        CONM2   111     111     0       600.0                                           
                   13-        CONM2   112     112     0       400.0                                           
                   14-        CONM2   121     121     0       600.0                                           
                   15-        CONM2   122     122     0       400.0                                           
                   16-        CONM2   311     311     0       30.0                                            
                   17-        CONM2   312     312     0       20.0                                            
                   18-        EIGR    1       MGIV    0.      30000.          24                      +M      
                   19-        +M      MAX                                                                     
                   20-        GRID    90              15.     0.      0.                                      
                   21-        GRID    97              0.      0.      0.                                      
                   22-        GRID    98              10.     0.      0.                                      
                   23-        GRID    99              20.     0.      0.                                      
                   24-        GRID    100             30.     0.      0.                                      
                   25-        GRID    110             27.11325+5.     0.                                      
                   26-        GRID    111             24.61325+5.     0.                                      
                   27-        GRID    112             29.61325+5.     0.                                      
                   28-        GRID    120             21.33975+15.    0.                                      
                   29-        GRID    121             18.83975+15.    0.                                      
                   30-        GRID    122             23.83975+15.    0.                                      
                   31-        GRID    310             32.88675+0.     5.                                      
                   32-        GRID    311             30.38675+0.     5.                                      
                   33-        GRID    312             35.38675+0.     5.                                      
                   34-        MAT1    1       1.44+9  5.40+8                                                  
                   35-        PARAM   GRDPNT  90                                                              
                   36-        PARAM   WTMASS  .031081                                                         
                   37-        PBAR    100     1       2.0     .173611 0.15    0.5                     +PB1F   
                   38-        +PB1F   1.0     1.0     1.0     -1.0    -1.0    1.0     -1.0    -1.0    +PB2F   
                   39-        +PB2F                   0.0                                                     
                   40-        PBAR    101     1       1.5     0.173611+2.0    0.462963                +PB1W   
                   41-        +PB1W   0.5     3.0     0.5     -3.0    -0.5    3.0     -0.5    -3.0    +PB2W   
                   42-        +PB2W                   0.0                                                     
                   43-        PBAR    301     1       .75     .086806 1.0     .231482                 +PB1FI  
                   44-        +PB1FI  0.5     3.0     0.5     -3.0    -0.5    3.0     -0.5    -3.0    +PB2FI  
                   45-        +PB2FI                  0.                                                      
                   46-        RBAR    111     110     111     123456                                          
                   47-        RBAR    112     110     112     123456                                          
                   48-        RBAR    121     120     121     123456                                          
                   49-        RBAR    122     120     122     123456                                          
                   50-        RBAR    311     310     311     123456                                          
                   51-        RBAR    312     310     312     123456                                          
                   52-        SPC1    1       135     90                                                      
                   53-        SPC1    1       135     97      98      99      100     310                     
                   54-        SPC1    2       246     90                                                      
                   55-        SPC1    2       246     97      98      99      100     310                     
                   56-        SUPORT  90      246                                                             
                              ENDDATA 
0                       TOTAL COUNT=        57
1    EXAMPLE HA144D: 30 DEG FWD SWEPT WING WITH CANARD & FI HA144D          OCTOBER  23, 1999  MSC/NASTRAN  4/28/98   PAGE    19
      ANTI-SYMMETRIC FLIGHT CONDITIONS, DOUBLET-LATTICE AERO                                                                        
0     HALF-SPAN MODEL, STATIC ANTISYMMETRIC LOADING                                                                                 
                           O U T P U T   F R O M   G R I D   P O I N T   W E I G H T   G E N E R A T O R
0                                                     REFERENCE POINT =       90
                                                                M O
                      *  8.050000E+03  0.000000E+00  0.000000E+00  0.000000E+00  2.500000E+02 -2.000000E+04 *
                      *  0.000000E+00  8.050000E+03  0.000000E+00 -2.500000E+02  0.000000E+00  1.832234E+04 *
                      *  0.000000E+00  0.000000E+00  8.050000E+03  2.000000E+04 -1.832234E+04  0.000000E+00 *
                      *  0.000000E+00 -2.500000E+02  2.000000E+04  2.512500E+05 -1.456625E+05 -4.346688E+03 *
                      *  2.500000E+02  0.000000E+00 -1.832234E+04 -1.456625E+05  9.476352E+05  0.000000E+00 *
                      * -2.000000E+04  1.832234E+04  0.000000E+00 -4.346688E+03  0.000000E+00  1.196385E+06 *
                                                                 S
                                           *  1.000000E+00  0.000000E+00  0.000000E+00 *
                                           *  0.000000E+00  1.000000E+00  0.000000E+00 *
                                           *  0.000000E+00  0.000000E+00  1.000000E+00 *
                               DIRECTION
                          MASS AXIS SYSTEM (S)     MASS              X-C.G.        Y-C.G.        Z-C.G.
                                  X            8.050000E+03      0.000000E+00  2.484472E+00  3.105590E-02
                                  Y            8.050000E+03      2.276067E+00  0.000000E+00  3.105590E-02
                                  Z            8.050000E+03      2.276067E+00  2.484472E+00  0.000000E+00
                                                                I(S)
                                           *  2.015528E+05  1.001412E+05  3.777671E+03 *
                                           *  1.001412E+05  9.059246E+05 -6.211180E+02 *
                                           *  3.777671E+03 -6.211180E+02  1.104993E+06 *
                                                                I(Q)
                                           *  9.198781E+05                             *
                                           *                1.105014E+06               *
                                           *                              1.875778E+05 *
                                                                 Q
                                           *  1.380458E-01  4.794336E-03  9.904143E-01 *
                                           * -9.904068E-01 -5.531210E-03  1.380715E-01 *
                                           *  6.140151E-03 -9.999732E-01  3.984783E-03 *

0     HALF-SPAN MODEL, STATIC ANTISYMMETRIC LOADING                                                                                 
 
                                              R E A L   E I G E N V A L U E S
   MODE    EXTRACTION      EIGENVALUE            RADIANS             CYCLES            GENERALIZED         GENERALIZED
    NO.       ORDER                                                                       MASS              STIFFNESS
        1         5        0.0                 0.0                 0.0                 2.502021E+02        0.0
        2         3        0.0                 0.0                 0.0                 3.470604E+01        0.0
        3         4        0.0                 0.0                 0.0                 1.202458E+02        0.0
        4         1        2.262345E+03        4.756412E+01        7.570065E+00        6.295852E+01        1.424339E+05
        5         2        2.113832E+04        1.453902E+02        2.313957E+01        1.035226E+02        2.188294E+06
        6         6        5.490804E+04        2.343246E+02        3.729393E+01        5.105309E+01        2.803226E+06
        7         7        1.264355E+05        3.555778E+02        5.659196E+01        7.714111E+01        9.753378E+06
        8         8        1.423133E+05        3.772443E+02        6.004030E+01        6.533878E+01        9.298577E+06
        9         9        4.002544E+05        6.326566E+02        1.006904E+02        3.151757E+01        1.261504E+07
       10        10        8.970219E+05        9.471124E+02        1.507376E+02        6.568317E+01        5.891925E+07
       11        11        2.635288E+06        1.623357E+03        2.583653E+02        5.073967E+00        1.337137E+07
       12        12        3.276632E+06        1.810147E+03        2.880938E+02        2.798445E+00        9.169474E+06
       13        16        6.053224E+06        2.460330E+03        3.915737E+02        5.846271E+01        3.538879E+08
       14        15        6.791553E+06        2.606061E+03        4.147675E+02        1.277010E+02        8.672881E+08
       15        13        1.446016E+07        3.802652E+03        6.052108E+02        2.566420E+02        3.711085E+09
       16        14        2.589591E+07        5.088803E+03        8.099081E+02        5.043187E+01        1.305979E+09
0     HALF-SPAN MODEL, STATIC ANTISYMMETRIC LOADING                                                                                 
      EIGENVALUE =  0.000000E+00
          CYCLES =  0.000000E+00         R E A L   E I G E N V E C T O R   N O .          1
 
      POINT ID.   TYPE          T1             T2             T3             R1             R2             R3
            90      G      0.0            1.000000E+00   0.0           -1.722938E-15   0.0           -1.243816E-15
            97      G      0.0            1.000000E+00   0.0           -1.722938E-15   0.0           -9.433155E-17
            98      G      0.0            1.000000E+00   0.0           -1.722938E-15   0.0            8.251859E-18
            99      G      0.0            1.000000E+00   0.0           -1.722938E-15   0.0           -5.188058E-15
           100      G      0.0            1.000000E+00   0.0           -1.695182E-15   0.0           -4.711137E-15
           110      G      2.266243E-14   1.000000E+00  -8.278423E-15  -1.647610E-15   4.173490E-31  -4.413733E-15
           111      G      2.266243E-14   1.000000E+00  -8.278423E-15  -1.647610E-15   4.173490E-31  -4.413733E-15
           112      G      2.266243E-14   1.000000E+00  -8.278423E-15  -1.647610E-15   4.173490E-31  -4.413733E-15
           120      G      6.633583E-14   1.000000E+00  -2.483527E-14  -1.658541E-15   4.288976E-31  -4.348341E-15
           121      G      6.633583E-14   1.000000E+00  -2.483527E-14  -1.658541E-15   4.288976E-31  -4.348341E-15
           122      G      6.633583E-14   1.000000E+00  -2.483527E-14  -1.658541E-15   4.288976E-31  -4.348341E-15
           310      G      0.0            1.000000E+00   0.0           -2.020534E-15   0.0           -5.250176E-15
           311      G      0.0            1.000000E+00   0.0           -2.020534E-15   0.0           -5.250176E-15
           312      G      0.0            1.000000E+00   0.0           -2.020534E-15   0.0           -5.250176E-15
0     HALF-SPAN MODEL, STATIC ANTISYMMETRIC LOADING                                                                                 
      EIGENVALUE =  0.000000E+00
          CYCLES =  0.000000E+00         R E A L   E I G E N V E C T O R   N O .          2
 
      POINT ID.   TYPE          T1             T2             T3             R1             R2             R3
            90      G      0.0            2.070393E-03   0.0            6.666667E-02   0.0           -1.009217E-16
            97      G      0.0            2.070393E-03   0.0            6.666667E-02   0.0           -7.939533E-18
            98      G      0.0            2.070393E-03   0.0            6.666667E-02   0.0            1.533696E-17
            99      G      0.0            2.070393E-03   0.0            6.666667E-02   0.0           -4.963049E-16
           100      G      0.0            2.070393E-03   0.0            6.666667E-02   0.0           -9.345865E-16
           110      G      4.660675E-15   2.070393E-03   3.333333E-01   6.666667E-02  -1.757853E-17  -9.318890E-16
           111      G      4.660675E-15   2.070393E-03   3.333333E-01   6.666667E-02  -1.757853E-17  -9.318890E-16
           112      G      4.660675E-15   2.070393E-03   3.333333E-01   6.666667E-02  -1.757853E-17  -9.318890E-16
           120      G      1.397860E-14   2.070393E-03   1.000000E+00   6.666667E-02  -3.011119E-17  -9.317537E-16
           121      G      1.397860E-14   2.070393E-03   1.000000E+00   6.666667E-02  -3.011119E-17  -9.317537E-16
           122      G      1.397860E-14   2.070393E-03   1.000000E+00   6.666667E-02  -3.011119E-17  -9.317537E-16
           310      G      0.0           -3.312629E-01   0.0            6.666667E-02   0.0           -8.628040E-16
           311      G      0.0           -3.312629E-01   0.0            6.666667E-02   0.0           -8.628040E-16
           312      G      0.0           -3.312629E-01   0.0            6.666667E-02   0.0           -8.628040E-16
0     HALF-SPAN MODEL, STATIC ANTISYMMETRIC LOADING                                                                                 
      EIGENVALUE =  0.000000E+00
          CYCLES =  0.000000E+00         R E A L   E I G E N V E C T O R   N O .          3
 
      POINT ID.   TYPE          T1             T2             T3             R1             R2             R3
            90      G      0.0            1.317233E-01   0.0           -8.703588E-04   0.0           -5.788511E-02
            97      G      0.0            1.000000E+00   0.0           -8.703588E-04   0.0           -5.788511E-02
            98      G      0.0            4.211489E-01   0.0           -8.703588E-04   0.0           -5.788511E-02
            99      G      0.0           -1.577022E-01   0.0           -8.703588E-04   0.0           -5.788511E-02
           100      G      0.0           -7.365533E-01   0.0           -8.703588E-04   0.0           -5.788511E-02
           110      G      2.894256E-01  -5.694535E-01  -4.351794E-03  -8.703588E-04   2.294944E-19  -5.788511E-02
           111      G      2.894256E-01  -4.247407E-01  -4.351794E-03  -8.703588E-04   2.294944E-19  -5.788511E-02
           112      G      2.894256E-01  -7.141662E-01  -4.351794E-03  -8.703588E-04   2.294944E-19  -5.788511E-02
           120      G      8.682767E-01  -2.352538E-01  -1.305538E-02  -8.703588E-04   3.931130E-19  -5.788511E-02
           121      G      8.682767E-01  -9.054101E-02  -1.305538E-02  -8.703588E-04   3.931130E-19  -5.788511E-02
           122      G      8.682767E-01  -3.799666E-01  -1.305538E-02  -8.703588E-04   3.931130E-19  -5.788511E-02
           310      G      0.0           -8.993014E-01   0.0           -8.703588E-04   0.0           -5.788511E-02
           311      G      0.0           -7.545886E-01   0.0           -8.703588E-04   0.0           -5.788511E-02
           312      G      0.0           -1.044014E+00   0.0           -8.703588E-04   0.0           -5.788511E-02
0     HALF-SPAN MODEL, STATIC ANTISYMMETRIC LOADING                                                                                 
      EIGENVALUE =  2.262345E+03
          CYCLES =  7.570065E+00         R E A L   E I G E N V E C T O R   N O .          4
 
      POINT ID.   TYPE          T1             T2             T3             R1             R2             R3
            90      G      0.0            1.455638E-01   0.0           -1.083308E-04   0.0            2.635469E-02
            97      G      0.0           -5.600664E-01   0.0           -1.083308E-04   0.0            5.731965E-02
            98      G      0.0           -3.245049E-02   0.0           -1.083308E-04   0.0            4.364548E-02
            99      G      0.0            2.190411E-01   0.0           -1.083308E-04   0.0            1.830685E-03
           100      G      0.0           -7.445335E-02   0.0           -1.083308E-04   0.0           -6.356908E-02
           110      G      3.248928E-01   1.131082E-01  -8.150095E-04  -1.824021E-04  -4.758986E-05  -6.618343E-02
           111      G      3.248928E-01   2.785667E-01  -9.339842E-04  -1.824021E-04  -4.758986E-05  -6.618343E-02
           112      G      3.248928E-01  -5.235041E-02  -6.960349E-04  -1.824021E-04  -4.758986E-05  -6.618343E-02
           120      G      1.000000E+00   5.028661E-01  -3.437551E-03  -2.389350E-04  -8.758919E-05  -6.822115E-02
           121      G      1.000000E+00   6.734190E-01  -3.656524E-03  -2.389350E-04  -8.758919E-05  -6.822115E-02
           122      G      1.000000E+00   3.323132E-01  -3.218579E-03  -2.389350E-04  -8.758919E-05  -6.822115E-02
           310      G      0.0           -2.574605E-01   0.0           -1.176397E-04   0.0           -6.360735E-02
           311      G      0.0           -9.844215E-02   0.0           -1.176397E-04   0.0           -6.360735E-02
           312      G      0.0           -4.164789E-01   0.0           -1.176397E-04   0.0           -6.360735E-02
0     HALF-SPAN MODEL, STATIC ANTISYMMETRIC LOADING                                                                                 
      EIGENVALUE =  2.113832E+04
          CYCLES =  2.313957E+01         R E A L   E I G E N V E C T O R   N O .          5
 
      POINT ID.   TYPE          T1             T2             T3             R1             R2             R3
            90      G      0.0            1.032016E+00   0.0            1.794927E-03   0.0           -4.806895E-02
            97      G      0.0           -6.081735E-01   0.0            1.794927E-03   0.0            2.070639E-01
            98      G      0.0            1.000000E+00   0.0            1.794927E-03   0.0            6.832428E-02
            99      G      0.0            5.937984E-01   0.0            1.794927E-03   0.0           -1.197695E-01
           100      G      0.0           -3.479521E-01   0.0            1.794927E-03   0.0            6.367940E-03
           110      G     -6.437982E-02  -3.863915E-01   4.467002E-03   6.124846E-04  -9.857167E-04   1.859727E-02
           111      G     -6.437982E-02  -4.328846E-01   2.002710E-03   6.124846E-04  -9.857167E-04   1.859727E-02
           112      G     -6.437982E-02  -3.398983E-01   6.931294E-03   6.124846E-04  -9.857167E-04   1.859727E-02
           120      G     -3.104080E-01  -5.297160E-01  -5.985182E-03  -4.540668E-04  -2.088384E-03   2.797832E-02
           121      G     -3.104080E-01  -5.996618E-01  -1.120614E-02  -4.540668E-04  -2.088384E-03   2.797832E-02
           122      G     -3.104080E-01  -4.597702E-01  -7.642227E-04  -4.540668E-04  -2.088384E-03   2.797832E-02
           310      G      0.0           -3.390050E-01   0.0            2.033883E-03   0.0            6.549267E-03
           311      G      0.0           -3.553781E-01   0.0            2.033883E-03   0.0            6.549267E-03
           312      G      0.0           -3.226318E-01   0.0            2.033883E-03   0.0            6.549267E-03
0     HALF-SPAN MODEL, STATIC ANTISYMMETRIC LOADING                                                                                 
      EIGENVALUE =  5.490804E+04
          CYCLES =  3.729393E+01         R E A L   E I G E N V E C T O R   N O .          6
 
      POINT ID.   TYPE          T1             T2             T3             R1             R2             R3
            90      G      0.0            3.672308E-03   0.0           -2.029820E-01   0.0           -1.840594E-03
            97      G      0.0           -4.067896E-03   0.0           -2.029820E-01   0.0            2.166500E-03
            98      G      0.0            9.562077E-03   0.0           -2.029820E-01   0.0           -2.440071E-04
            99      G      0.0           -6.130801E-03   0.0           -2.029820E-01   0.0           -1.809343E-03
           100      G      0.0           -1.702998E-02   0.0           -2.029820E-01   0.0           -4.962411E-04
           110      G      3.410720E-03  -1.521375E-02  -7.132110E-01  -1.529506E-01   1.532897E-01  -8.309764E-04
           111      G      3.410720E-03  -1.313630E-02  -3.299868E-01  -1.529506E-01   1.532897E-01  -8.309764E-04
           112      G      3.410720E-03  -1.729119E-02  -1.096435E+00  -1.529506E-01   1.532897E-01  -8.309764E-04
           120      G      1.389061E-02  -9.316092E-03   2.548500E-02  -6.274851E-02   4.067667E-01  -1.150899E-03
           121      G      1.389061E-02  -6.438843E-03   1.042402E+00  -6.274851E-02   4.067667E-01  -1.150899E-03
           122      G      1.389061E-02  -1.219334E-02  -9.914317E-01  -6.274851E-02   4.067667E-01  -1.150899E-03
           310      G      0.0            1.000000E+00   0.0           -2.046323E-01   0.0           -1.552276E-03
           311      G      0.0            1.003881E+00   0.0           -2.046323E-01   0.0           -1.552276E-03
           312      G      0.0            9.961193E-01   0.0           -2.046323E-01   0.0           -1.552276E-03
0     HALF-SPAN MODEL, STATIC ANTISYMMETRIC LOADING                                                                                 
      EIGENVALUE =  1.264355E+05
          CYCLES =  5.659196E+01         R E A L   E I G E N V E C T O R   N O .          7
 
      POINT ID.   TYPE          T1             T2             T3             R1             R2             R3
            90      G      0.0            2.574240E-01   0.0            1.051363E-02   0.0            2.246864E-01
            97      G      0.0            2.113755E-01   0.0            1.051363E-02   0.0           -1.868688E-01
            98      G      0.0           -6.959102E-01   0.0            1.051363E-02   0.0            1.015519E-01
            99      G      0.0            1.000000E+00   0.0            1.051363E-02   0.0            1.724863E-02
           100      G      0.0           -2.102548E-01   0.0            1.051363E-02   0.0           -2.484977E-02
           110      G      6.199987E-02  -1.791238E-01   4.199237E-02  -2.824912E-03   1.118105E-02  -7.873790E-04
           111      G      6.199987E-02  -1.771553E-01   6.994499E-02  -2.824912E-03   1.118105E-02  -7.873790E-04
           112      G      6.199987E-02  -1.810922E-01   1.403976E-02  -2.824912E-03   1.118105E-02  -7.873790E-04
           120      G     -5.765105E-02  -2.530268E-01  -3.192614E-02  -2.213238E-02   2.130304E-02   1.963631E-02
           121      G     -5.765105E-02  -3.021175E-01   2.133146E-02  -2.213238E-02   2.130304E-02   1.963631E-02
           122      G     -5.765105E-02  -2.039360E-01  -8.518374E-02  -2.213238E-02   2.130304E-02   1.963631E-02
           310      G      0.0           -3.373880E-01   0.0            1.119491E-02   0.0           -2.513800E-02
           311      G      0.0           -2.745430E-01   0.0            1.119491E-02   0.0           -2.513800E-02
           312      G      0.0           -4.002330E-01   0.0            1.119491E-02   0.0           -2.513800E-02
0     HALF-SPAN MODEL, STATIC ANTISYMMETRIC LOADING                                                                                 
      EIGENVALUE =  1.423133E+05
          CYCLES =  6.004030E+01         R E A L   E I G E N V E C T O R   N O .          8
 
      POINT ID.   TYPE          T1             T2             T3             R1             R2             R3
            90      G      0.0            1.576560E-02   0.0           -2.043789E-01   0.0            1.064041E-02
            97      G      0.0            9.002373E-03   0.0           -2.043789E-01   0.0           -8.600084E-03
            98      G      0.0           -3.091091E-02   0.0           -2.043789E-01   0.0            5.226182E-03
            99      G      0.0            4.745303E-02   0.0           -2.043789E-01   0.0           -7.694475E-04
           100      G      0.0           -2.768565E-02   0.0           -2.043789E-01   0.0           -1.180814E-03
           110      G      4.987618E-03  -2.547652E-02  -9.998705E-01   4.675983E-03  -2.056032E-01  -7.724574E-04
           111      G      4.987618E-03  -2.354538E-02  -1.513878E+00   4.675983E-03  -2.056032E-01  -7.724574E-04
           112      G      4.987618E-03  -2.740767E-02  -4.858625E-01   4.675983E-03  -2.056032E-01  -7.724574E-04
           120      G      1.202163E-02  -2.209501E-02   5.177157E-01   3.971966E-01  -2.669160E-01  -5.921617E-04
           121      G      1.202163E-02  -2.061461E-02  -1.495743E-01   3.971966E-01  -2.669160E-01  -5.921617E-04
           122      G      1.202163E-02  -2.357542E-02   1.185006E+00   3.971966E-01  -2.669160E-01  -5.921617E-04
           310      G      0.0            1.000000E+00   0.0           -2.087217E-01   0.0           -4.038813E-03
           311      G      0.0            1.010097E+00   0.0           -2.087217E-01   0.0           -4.038813E-03
           312      G      0.0            9.899030E-01   0.0           -2.087217E-01   0.0           -4.038813E-03
0     HALF-SPAN MODEL, STATIC ANTISYMMETRIC LOADING                                                                                 
      EIGENVALUE =  4.002544E+05
          CYCLES =  1.006904E+02         R E A L   E I G E N V E C T O R   N O .          9
 
      POINT ID.   TYPE          T1             T2             T3             R1             R2             R3
            90      G      0.0            5.474444E-03   0.0           -1.966407E-01   0.0            1.341703E-03
            97      G      0.0            4.753909E-04   0.0           -1.966407E-01   0.0           -9.478636E-04
            98      G      0.0           -2.158328E-03   0.0           -1.966407E-01   0.0            1.105611E-03
            99      G      0.0            5.200760E-03   0.0           -1.966407E-01   0.0           -2.056971E-03
           100      G      0.0           -1.687816E-02   0.0           -1.966407E-01   0.0            2.706324E-03
           110      G     -6.986599E-03  -2.209159E-02  -2.545898E-01  -1.000453E-01   3.564062E-01   1.251733E-04
           111      G     -6.986599E-03  -2.240452E-02   6.364257E-01  -1.000453E-01   3.564062E-01   1.251733E-04
           112      G     -6.986599E-03  -2.177865E-02  -1.145605E+00  -1.000453E-01   3.564062E-01   1.251733E-04
           120      G      1.630518E-02  -9.798418E-03   1.317498E-01   2.112193E-02  -1.791495E-01  -3.709374E-03
           121      G      1.630518E-02  -5.249837E-04  -3.161240E-01   2.112193E-02  -1.791495E-01  -3.709374E-03
           122      G      1.630518E-02  -1.907185E-02   5.796236E-01   2.112193E-02  -1.791495E-01  -3.709374E-03
           310      G      0.0            1.000000E+00   0.0           -2.089660E-01   0.0           -5.536612E-03
           311      G      0.0            1.013842E+00   0.0           -2.089660E-01   0.0           -5.536612E-03
           312      G      0.0            9.861585E-01   0.0           -2.089660E-01   0.0           -5.536612E-03
0     HALF-SPAN MODEL, STATIC ANTISYMMETRIC LOADING                                                                                 
      EIGENVALUE =  8.970219E+05
          CYCLES =  1.507376E+02         R E A L   E I G E N V E C T O R   N O .         10
 
      POINT ID.   TYPE          T1             T2             T3             R1             R2             R3
            90      G      0.0           -1.260417E-01   0.0            1.748966E-02   0.0           -2.220930E-02
            97      G      0.0           -3.966372E-03   0.0            1.748966E-02   0.0            1.521891E-02
            98      G      0.0            2.023222E-02   0.0            1.748966E-02   0.0           -2.317824E-02
            99      G      0.0           -7.064042E-02   0.0            1.748966E-02   0.0            5.749184E-02
           100      G      0.0           -5.965785E-02   0.0            1.748966E-02   0.0           -2.307561E-01
           110      G      1.000000E+00   4.964446E-01  -6.323899E-02  -2.252358E-02   2.256883E-02  -1.203244E-01
           111      G      1.000000E+00   7.972556E-01  -6.816928E-03  -2.252358E-02   2.256883E-02  -1.203244E-01
           112      G      1.000000E+00   1.956337E-01  -1.196611E-01  -2.252358E-02   2.256883E-02  -1.203244E-01
           120      G     -1.480670E-01  -2.057953E-01   8.853815E-03   1.236971E-02  -6.868998E-03   2.881325E-01
           121      G     -1.480670E-01  -9.261265E-01  -8.318679E-03   1.236971E-02  -6.868998E-03   2.881325E-01
           122      G     -1.480670E-01   5.145360E-01   2.602631E-02   1.236971E-02  -6.868998E-03   2.881325E-01
           310      G      0.0           -8.697857E-01   0.0           -1.106265E-02   0.0           -3.117059E-01
           311      G      0.0           -9.052083E-02   0.0           -1.106265E-02   0.0           -3.117059E-01
           312      G      0.0           -1.649050E+00   0.0           -1.106265E-02   0.0           -3.117059E-01
0     HALF-SPAN MODEL, STATIC ANTISYMMETRIC LOADING                                                                                 
      EIGENVALUE =  2.635288E+06
          CYCLES =  2.583653E+02         R E A L   E I G E N V E C T O R   N O .         11
 
      POINT ID.   TYPE          T1             T2             T3             R1             R2             R3
            90      G      0.0            1.243847E-03   0.0           -1.732762E-01   0.0            1.625092E-04
            97      G      0.0            1.232530E-05   0.0           -1.732762E-01   0.0           -1.251239E-04
            98      G      0.0           -7.047305E-05   0.0           -1.732762E-01   0.0            2.254084E-04
            99      G      0.0            1.765135E-04   0.0           -1.732762E-01   0.0           -7.272531E-04
           100      G      0.0           -8.906855E-03   0.0           -1.732762E-01   0.0            3.268935E-05
           110      G      6.525537E-03  -1.934669E-02   9.120110E-02   7.030350E-02  -2.506514E-02  -3.462057E-04
           111      G      6.525537E-03  -1.848117E-02   2.853826E-02   7.030350E-02  -2.506514E-02  -3.462057E-04
           112      G      6.525537E-03  -2.021220E-02   1.538639E-01   7.030350E-02  -2.506514E-02  -3.462057E-04
           120      G      2.067499E-02  -2.954713E-02  -7.613310E-03  -3.244691E-02   4.362589E-03   9.380732E-04
           121      G      2.067499E-02  -3.189231E-02   3.293163E-03  -3.244691E-02   4.362589E-03   9.380732E-04
           122      G      2.067499E-02  -2.720194E-02  -1.851978E-02  -3.244691E-02   4.362589E-03   9.380732E-04
           310      G      0.0            1.000000E+00   0.0           -4.932389E-01   0.0           -4.948992E-01
           311      G      0.0            2.237248E+00   0.0           -4.932389E-01   0.0           -4.948992E-01
           312      G      0.0           -2.372481E-01   0.0           -4.932389E-01   0.0           -4.948992E-01
0     HALF-SPAN MODEL, STATIC ANTISYMMETRIC LOADING                                                                                 
      EIGENVALUE =  3.276632E+06
          CYCLES =  2.880938E+02         R E A L   E I G E N V E C T O R   N O .         12
 
      POINT ID.   TYPE          T1             T2             T3             R1             R2             R3
            90      G      0.0            6.346033E-03   0.0           -1.435258E-01   0.0            8.266096E-04
            97      G      0.0            4.963066E-05   0.0           -1.435258E-01   0.0           -6.182904E-04
            98      G      0.0           -2.832324E-04   0.0           -1.435258E-01   0.0            1.136722E-03
            99      G      0.0            1.099113E-03   0.0           -1.435258E-01   0.0           -3.613753E-03
           100      G      0.0            1.925911E-03   0.0           -1.435258E-01   0.0            1.398103E-02
           110      G      1.814780E-02  -8.315450E-03   5.778939E-02   5.355766E-02  -1.556023E-02  -1.262906E-02
           111      G      1.814780E-02   2.325721E-02   1.888880E-02   5.355766E-02  -1.556023E-02  -1.262906E-02
           112      G      1.814780E-02  -3.988811E-02   9.668997E-02   5.355766E-02  -1.556023E-02  -1.262906E-02
           120      G      3.695079E-02  -3.210389E-02  -4.548906E-03  -2.401097E-02   2.501610E-03   2.039459E-02
           121      G      3.695079E-02  -8.309036E-02   1.705120E-03  -2.401097E-02   2.501610E-03   2.039459E-02
           122      G      3.695079E-02   1.888259E-02  -1.080293E-02  -2.401097E-02   2.501610E-03   2.039459E-02
           310      G      0.0            1.000000E+00   0.0           -1.147266E-03   0.0            3.954014E-01
           311      G      0.0            1.149663E-02   0.0           -1.147266E-03   0.0            3.954014E-01
           312      G      0.0            1.988503E+00   0.0           -1.147266E-03   0.0            3.954014E-01
0     HALF-SPAN MODEL, STATIC ANTISYMMETRIC LOADING                                                                                 
      EIGENVALUE =  6.053224E+06
          CYCLES =  3.915737E+02         R E A L   E I G E N V E C T O R   N O .         13
 
      POINT ID.   TYPE          T1             T2             T3             R1             R2             R3
            90      G      0.0            2.671796E-02   0.0           -3.118541E-01   0.0            3.085677E-03
            97      G      0.0            1.127559E-04   0.0           -3.118541E-01   0.0           -2.533663E-03
            98      G      0.0           -6.707256E-04   0.0           -3.118541E-01   0.0            4.832281E-03
            99      G      0.0           -1.891172E-04   0.0           -3.118541E-01   0.0           -1.688602E-02
           100      G      0.0           -6.225737E-01   0.0           -3.118541E-01   0.0           -1.238591E-01
           110      G      3.040248E-01   1.025939E-01   6.235636E-02   9.996989E-02  -1.618912E-02  -4.156287E-02
           111      G      3.040248E-01   2.065011E-01   2.188356E-02   9.996989E-02  -1.618912E-02  -4.156287E-02
           112      G      3.040248E-01  -1.313309E-03   1.028292E-01   9.996989E-02  -1.618912E-02  -4.156287E-02
           120      G     -6.546721E-01   7.008221E-01  -4.368862E-03  -4.209664E-02   2.198283E-03  -1.326623E-01
           121      G     -6.546721E-01   1.032478E+00   1.126846E-03  -4.209664E-02   2.198283E-03  -1.326623E-01
           122      G     -6.546721E-01   3.691663E-01  -9.864570E-03  -4.209664E-02   2.198283E-03  -1.326623E-01
           310      G      0.0            1.000000E+00   0.0           -2.433172E-01   0.0            2.218944E-01
           311      G      0.0            4.452641E-01   0.0           -2.433172E-01   0.0            2.218944E-01
           312      G      0.0            1.554736E+00   0.0           -2.433172E-01   0.0            2.218944E-01
0     HALF-SPAN MODEL, STATIC ANTISYMMETRIC LOADING                                                                                 
      EIGENVALUE =  6.791553E+06
          CYCLES =  4.147675E+02         R E A L   E I G E N V E C T O R   N O .         14
 
      POINT ID.   TYPE          T1             T2             T3             R1             R2             R3
            90      G      0.0            1.709373E-01   0.0            1.472594E-01   0.0            2.051408E-02
            97      G      0.0            6.336590E-04   0.0            1.472594E-01   0.0           -1.591609E-02
            98      G      0.0           -3.714779E-03   0.0            1.472594E-01   0.0            3.052765E-02
            99      G      0.0            1.323496E-02   0.0            1.472594E-01   0.0           -1.024141E-01
           100      G      0.0           -3.240233E-01   0.0            1.472594E-01   0.0            2.830362E-01
           110      G     -9.203855E-01  -3.051525E-01  -2.597304E-02  -4.631529E-02   6.713048E-03  -2.073143E-01
           111      G     -9.203855E-01   2.131333E-01  -9.190424E-03  -4.631529E-02   6.713048E-03  -2.073143E-01
           112      G     -9.203855E-01  -8.234383E-01  -4.275566E-02  -4.631529E-02   6.713048E-03  -2.073143E-01
           120      G      7.884036E-02   1.000000E+00   1.791653E-03   1.933045E-02  -8.900790E-04   6.182475E-01
           121      G      7.884036E-02  -5.456188E-01  -4.335443E-04   1.933045E-02  -8.900790E-04   6.182475E-01
           122      G      7.884036E-02   2.545619E+00   4.016851E-03   1.933045E-02  -8.900790E-04   6.182475E-01
           310      G      0.0           -5.028720E-01   0.0           -8.143430E-02   0.0           -2.626768E-01
           311      G      0.0            1.538200E-01   0.0           -8.143430E-02   0.0           -2.626768E-01
           312      G      0.0           -1.159564E+00   0.0           -8.143430E-02   0.0           -2.626768E-01
0     HALF-SPAN MODEL, STATIC ANTISYMMETRIC LOADING                                                                                 
      EIGENVALUE =  1.446016E+07
          CYCLES =  6.052108E+02         R E A L   E I G E N V E C T O R   N O .         15
 
      POINT ID.   TYPE          T1             T2             T3             R1             R2             R3
            90      G      0.0           -2.656532E-01   0.0           -3.268071E-01   0.0           -3.068955E-02
            97      G      0.0           -4.577629E-04   0.0           -3.268071E-01   0.0            2.412920E-02
            98      G      0.0            2.714746E-03   0.0           -3.268071E-01   0.0           -4.730665E-02
            99      G      0.0           -1.067089E-02   0.0           -3.268071E-01   0.0            1.620335E-01
           100      G      0.0            4.067245E-02   0.0           -3.268071E-01   0.0           -5.894399E-01
           110      G      7.296003E-01  -1.902185E-01   2.591911E-02   9.469404E-02  -6.573064E-03   1.000000E+00
           111      G      7.296003E-01  -2.690218E+00   9.486444E-03   9.469404E-02  -6.573064E-03   1.000000E+00
           112      G      7.296003E-01   2.309782E+00   4.235177E-02   9.469404E-02  -6.573064E-03   1.000000E+00
           120      G      9.426737E-02   8.091120E-01  -1.667860E-03  -3.792511E-02   7.802633E-04   3.721614E-01
           121      G      9.426737E-02  -1.212914E-01   2.827982E-04  -3.792511E-02   7.802633E-04   3.721614E-01
           122      G      9.426737E-02   1.739515E+00  -3.618519E-03  -3.792511E-02   7.802633E-04   3.721614E-01
           310      G      0.0            4.667859E-01   0.0           -4.146710E-02   0.0            1.815962E-01
           311      G      0.0            1.279527E-02   0.0           -4.146710E-02   0.0            1.815962E-01
           312      G      0.0            9.207765E-01   0.0           -4.146710E-02   0.0            1.815962E-01
0     HALF-SPAN MODEL, STATIC ANTISYMMETRIC LOADING                                                                                 
      EIGENVALUE =  2.589591E+07
          CYCLES =  8.099081E+02         R E A L   E I G E N V E C T O R   N O .         16
 
      POINT ID.   TYPE          T1             T2             T3             R1             R2             R3
            90      G      0.0           -1.725974E-02   0.0           -1.614260E-01   0.0           -1.987929E-03
            97      G      0.0           -1.649127E-05   0.0           -1.614260E-01   0.0            1.547697E-03
            98      G      0.0            9.781653E-05   0.0           -1.614260E-01   0.0           -3.061102E-03
            99      G      0.0           -8.415614E-04   0.0           -1.614260E-01   0.0            1.044919E-02
           100      G      0.0           -4.233670E-01   0.0           -1.614260E-01   0.0           -1.657751E-01
           110      G     -4.530176E-01   1.000000E+00   7.032910E-03   4.531232E-02  -1.770708E-03   1.907521E-01
           111      G     -4.530176E-01   5.231197E-01   2.606142E-03   4.531232E-02  -1.770708E-03   1.907521E-01
           112      G     -4.530176E-01   1.476880E+00   1.145968E-02   4.531232E-02  -1.770708E-03   1.907521E-01
           120      G      1.895263E-01  -2.768974E-01  -4.400257E-04  -1.783495E-02   2.005992E-04  -6.671850E-03
           121      G      1.895263E-01  -2.602178E-01   6.147227E-05  -1.783495E-02   2.005992E-04  -6.671850E-03
           122      G      1.895263E-01  -2.935770E-01  -9.415236E-04  -1.783495E-02   2.005992E-04  -6.671850E-03
           310      G      0.0            1.167299E-01   0.0           -1.155816E-01   0.0            2.832458E-02
           311      G      0.0            4.591841E-02   0.0           -1.155816E-01   0.0            2.832458E-02
           312      G      0.0            1.875413E-01   0.0           -1.155816E-01   0.0            2.832458E-02
0     HALF-SPAN MODEL, STATIC ANTISYMMETRIC LOADING                                                                                 
      EIGENVALUE =  0.000000E+00
                                 S T R E S S E S   I N   B A R   E L E M E N T S          ( C B A R )
  ELEMENT        SA1            SA2            SA3            SA4           AXIAL          SA-MAX         SA-MIN     M.S.-T
    ID.          SB1            SB2            SB3            SB4           STRESS         SB-MAX         SB-MIN     M.S.-C
0     110    3.870124E-07  -4.176503E-07   4.176503E-07  -3.870124E-07  -3.973643E-08   3.779139E-07  -4.573867E-07 
             2.023124E-08  -1.014450E-08   1.014450E-08  -2.023124E-08                 -1.950519E-08  -5.996768E-08 
0     HALF-SPAN MODEL, STATIC ANTISYMMETRIC LOADING                                                                                 
      EIGENVALUE =  0.000000E+00
0     110    1.771376E-08   3.743923E-09  -3.743923E-09  -1.771376E-08   0.0            1.771376E-08  -1.771376E-08 
            -1.109738E-10   6.082910E-09  -6.082910E-09   1.109738E-10                  6.082910E-09  -6.082910E-09 
0     HALF-SPAN MODEL, STATIC ANTISYMMETRIC LOADING                                                                                 
      EIGENVALUE =  0.000000E+00
0     110   -2.624374E-07   2.740044E-07  -2.740044E-07   2.624374E-07   1.986822E-08   2.938726E-07  -2.541362E-07 
            -1.377449E-07   1.406012E-07  -1.406012E-07   1.377449E-07                  1.604694E-07  -1.207330E-07 
0     HALF-SPAN MODEL, STATIC ANTISYMMETRIC LOADING                                                                                 
      EIGENVALUE =  2.262345E+03
0     110   -2.396046E+06   2.423032E+06  -2.423032E+06   2.396046E+06  -3.318813E+03   2.419713E+06  -2.426350E+06 
            -1.494378E+06   1.511261E+06  -1.511261E+06   1.494378E+06                  1.507942E+06  -1.514580E+06 
0     HALF-SPAN MODEL, STATIC ANTISYMMETRIC LOADING                                                                                 
      EIGENVALUE =  2.113832E+04
0     110    1.161603E+07  -1.120432E+07   1.120432E+07  -1.161603E+07  -2.742522E+05   1.134178E+07  -1.189028E+07 
             7.063404E+06  -6.718447E+06   6.718447E+06  -7.063404E+06                  6.789152E+06  -7.337656E+06 
0     HALF-SPAN MODEL, STATIC ANTISYMMETRIC LOADING                                                                                 
      EIGENVALUE =  5.490804E+04
0     110   -9.451227E+06  -8.902798E+06   8.902798E+06   9.451227E+06  -3.303511E+04   9.418192E+06  -9.484262E+06 
            -2.097288E+07  -2.051945E+07   2.051945E+07   2.097288E+07                  2.093984E+07  -2.100591E+07 
0     HALF-SPAN MODEL, STATIC ANTISYMMETRIC LOADING                                                                                 
      EIGENVALUE =  1.264355E+05
0     110    2.158134E+07  -2.181363E+07   2.181363E+07  -2.158134E+07  -1.007559E+06   2.080607E+07  -2.282118E+07 
             1.591460E+07  -1.270878E+07   1.270878E+07  -1.591460E+07                  1.490704E+07  -1.692216E+07 
0     HALF-SPAN MODEL, STATIC ANTISYMMETRIC LOADING                                                                                 
      EIGENVALUE =  1.423133E+05
0     110    1.713374E+07   1.618883E+07  -1.618883E+07  -1.713374E+07  -1.448224E+05   1.698892E+07  -1.727857E+07 
            -3.603821E+07  -3.631550E+07   3.631550E+07   3.603821E+07                  3.617068E+07  -3.646033E+07 
0     HALF-SPAN MODEL, STATIC ANTISYMMETRIC LOADING                                                                                 
      EIGENVALUE =  4.002544E+05
0     110   -3.067258E+07  -2.756178E+07   2.756178E+07   3.067258E+07  -2.548176E+05   3.041777E+07  -3.092740E+07 
            -3.850126E+07  -3.388671E+07   3.388671E+07   3.850126E+07                  3.824644E+07  -3.875607E+07 
0     HALF-SPAN MODEL, STATIC ANTISYMMETRIC LOADING                                                                                 
      EIGENVALUE =  8.970219E+05
0     110   -5.219530E+06   3.262098E+07  -3.262098E+07   5.219530E+06  -4.589470E+06   2.803151E+07  -3.721045E+07 
             1.763081E+08  -1.920529E+08   1.920529E+08  -1.763081E+08                  1.874634E+08  -1.966424E+08 
0     HALF-SPAN MODEL, STATIC ANTISYMMETRIC LOADING                                                                                 
      EIGENVALUE =  2.635288E+06
0     110   -7.453044E+07  -7.470008E+07   7.470008E+07   7.453044E+07  -3.068788E+06   7.163130E+07  -7.776886E+07 
             2.447600E+07   2.577968E+07  -2.577968E+07  -2.447600E+07                  2.271089E+07  -2.884847E+07 
0     HALF-SPAN MODEL, STATIC ANTISYMMETRIC LOADING                                                                                 
      EIGENVALUE =  3.276632E+06
0     110   -9.104968E+07  -2.867969E+07   2.867969E+07   9.104968E+07  -4.475303E+06   8.657438E+07  -9.552498E+07 
             1.059833E+07   2.787193E+07  -2.787193E+07  -1.059833E+07                  2.339663E+07  -3.234724E+07 
0     HALF-SPAN MODEL, STATIC ANTISYMMETRIC LOADING                                                                                 
      EIGENVALUE =  6.053224E+06
0     110   -1.770030E+08  -6.945258E+07   6.945258E+07   1.770030E+08   1.187220E+08   2.957251E+08  -5.828102E+07 
             2.132236E+08  -1.406381E+08   1.406381E+08  -2.132236E+08                  3.319456E+08  -9.450153E+07 
0     HALF-SPAN MODEL, STATIC ANTISYMMETRIC LOADING                                                                                 
      EIGENVALUE =  6.791553E+06
0     110    1.334070E+08  -1.777654E+07   1.777654E+07  -1.334070E+08   1.188552E+08   2.522622E+08  -1.455183E+07 
            -8.262378E+08   7.925572E+08  -7.925572E+08   8.262378E+08                  9.450929E+08  -7.073826E+08 
0     HALF-SPAN MODEL, STATIC ANTISYMMETRIC LOADING                                                                                 
      EIGENVALUE =  1.446016E+07
0     110   -2.587715E+08   8.960246E+06  -8.960246E+06   2.587715E+08  -1.408592E+08   1.179123E+08  -3.996307E+08 
             2.547131E+09  -2.477769E+09   2.477769E+09  -2.547131E+09                  2.406272E+09  -2.687990E+09 
0     HALF-SPAN MODEL, STATIC ANTISYMMETRIC LOADING                                                                                 
      EIGENVALUE =  2.589591E+07
0     110   -9.871086E+07  -2.345085E+07   2.345085E+07   9.871086E+07   3.639421E+08   4.626529E+08   2.652312E+08 
             5.878163E+08  -5.545240E+08   5.545240E+08  -5.878163E+08                  9.517584E+08  -2.238742E+08 
