     ID MSC, HA144D $ 
     TIME 5 $ CPU TIME IN MINUTES                                                            
     SOL 103                                                                                 
     COMPILE SEMODES SOUIN=MSCSOU LIST NOREF $                                               
     ALTER 177 $                                                                             
     MPYAD MGG,PHG,/MGH $                                                                    
     OUTPUT4 MGH///12/2//9$                                                                  
     ENDALTER                                                                                
     CEND                                                                                    
0                                        C A S E    C O N T R O L   D E C K   E C H O                                               
                 CARD                                                                                                               
                 COUNT                                                                                                              
                  1      TITLE = EXAMPLE HA144D: 30 DEG FWD SWEPT WING WITH CANARD & FI HA144D                   
                  2      SUBTI = SYMMETRIC FLIGHT CONDITIONS, DOUBLET-LATTICE AERO                               
                  3      LABEL = HALF-SPAN MODEL, STATIC ANTISYMMETRIC LOADING                                   
                  4        ECHO    = SORTED                                                                      
                  5        SPC = 2                                                                               
                  6        METHOD=1                                                                              
                  7        DISP    = ALL $ PRINT ALL DISPLACEMENTS                                               
                  8        STRESS=ALL                                                                            
                  9      BEGIN BULK                                                                              
0                             INPUT BULK DATA CARD COUNT =     207
                 CARD                                                                                                               
                 COUNT        .   1  ..   2  ..   3  ..   4  ..   5  ..   6  ..   7  ..   8  ..   9  ..  10  .                      
                    1-        CBAR    100     100     90      99      0.      0.      1.                      
                    2-        CBAR    101     100     97      98      0.      0.      1.                      
                    3-        CBAR    102     100     98      90      0.      0.      1.                      
                    4-        CBAR    103     100     99      100     0.      0.      1.                      
                    5-        CBAR    110     101     100     110     0.      0.      1.                      
                    6-        CBAR    120     101     110     120     0.      0.      1.                      
                    7-        CBAR    310     301     100     310     0.      0.      1.                      
                    8-        CONM2   97      97      0       1500.0                                          
                    9-        CONM2   98      98      0       1500.0                                          
                   10-        CONM2   99      99      0       1500.0                                          
                   11-        CONM2   100     100     0       1500.0                                          
                   12-        CONM2   111     111     0       600.0                                           
                   13-        CONM2   112     112     0       400.0                                           
                   14-        CONM2   121     121     0       600.0                                           
                   15-        CONM2   122     122     0       400.0                                           
                   16-        CONM2   311     311     0       30.0                                            
                   17-        CONM2   312     312     0       20.0                                            
                   18-        EIGR    1       MGIV    0.      30000.          24                      +M      
                   19-        +M      MAX                                                                     
                   20-        GRID    90              15.     0.      0.                                      
                   21-        GRID    97              0.      0.      0.                                      
                   22-        GRID    98              10.     0.      0.                                      
                   23-        GRID    99              20.     0.      0.                                      
                   24-        GRID    100             30.     0.      0.                                      
                   25-        GRID    110             27.11325+5.     0.                                      
                   26-        GRID    111             24.61325+5.     0.                                      
                   27-        GRID    112             29.61325+5.     0.                                      
                   28-        GRID    120             21.33975+15.    0.                                      
                   29-        GRID    121             18.83975+15.    0.                                      
                   30-        GRID    122             23.83975+15.    0.                                      
                   31-        GRID    310             32.88675+0.     5.                                      
                   32-        GRID    311             30.38675+0.     5.                                      
                   33-        GRID    312             35.38675+0.     5.                                      
                   34-        MAT1    1       1.44+9  5.40+8                                                  
                   35-        PARAM   GRDPNT  90                                                              
                   36-        PARAM   WTMASS  .031081                                                         
                   37-        PBAR    100     1       2.0     .173611 0.15    0.5                     +PB1F   
                   38-        +PB1F   1.0     1.0     1.0     -1.0    -1.0    1.0     -1.0    -1.0    +PB2F   
                   39-        +PB2F                   0.0                                                     
                   40-        PBAR    101     1       1.5     0.173611+2.0    0.462963                +PB1W   
                   41-        +PB1W   0.5     3.0     0.5     -3.0    -0.5    3.0     -0.5    -3.0    +PB2W   
                   42-        +PB2W                   0.0                                                     
                   43-        PBAR    301     1       .75     .086806 1.0     .231482                 +PB1FI  
                   44-        +PB1FI  0.5     3.0     0.5     -3.0    -0.5    3.0     -0.5    -3.0    +PB2FI  
                   45-        +PB2FI                  0.                                                      
                   46-        RBAR    111     110     111     123456                                          
                   47-        RBAR    112     110     112     123456                                          
                   48-        RBAR    121     120     121     123456                                          
                   49-        RBAR    122     120     122     123456                                          
                   50-        RBAR    311     310     311     123456                                          
                   51-        RBAR    312     310     312     123456                                          
                   52-        SPC1    1       135     90                                                      
                   53-        SPC1    1       135     97      98      99      100     310                     
                   54-        SPC1    2       246     90                                                      
                   55-        SPC1    2       246     97      98      99      100     310                     
                   56-        SUPORT  90      135                                                             
                              ENDDATA 
0                       TOTAL COUNT=        57
                           O U T P U T   F R O M   G R I D   P O I N T   W E I G H T   G E N E R A T O R
0                                                     REFERENCE POINT =       90
                                                                M O
                      *  8.050000E+03  0.000000E+00  0.000000E+00  0.000000E+00  2.500000E+02 -2.000000E+04 *
                      *  0.000000E+00  8.050000E+03  0.000000E+00 -2.500000E+02  0.000000E+00  1.832234E+04 *
                      *  0.000000E+00  0.000000E+00  8.050000E+03  2.000000E+04 -1.832234E+04  0.000000E+00 *
                      *  0.000000E+00 -2.500000E+02  2.000000E+04  2.512500E+05 -1.456625E+05 -4.346688E+03 *
                      *  2.500000E+02  0.000000E+00 -1.832234E+04 -1.456625E+05  9.476352E+05  0.000000E+00 *
                      * -2.000000E+04  1.832234E+04  0.000000E+00 -4.346688E+03  0.000000E+00  1.196385E+06 *
                                                                 S
                                           *  1.000000E+00  0.000000E+00  0.000000E+00 *
                                           *  0.000000E+00  1.000000E+00  0.000000E+00 *
                                           *  0.000000E+00  0.000000E+00  1.000000E+00 *
                               DIRECTION
                          MASS AXIS SYSTEM (S)     MASS              X-C.G.        Y-C.G.        Z-C.G.
                                  X            8.050000E+03      0.000000E+00  2.484472E+00  3.105590E-02
                                  Y            8.050000E+03      2.276067E+00  0.000000E+00  3.105590E-02
                                  Z            8.050000E+03      2.276067E+00  2.484472E+00  0.000000E+00
                                                                I(S)
                                           *  2.015528E+05  1.001412E+05  3.777671E+03 *
                                           *  1.001412E+05  9.059246E+05 -6.211180E+02 *
                                           *  3.777671E+03 -6.211180E+02  1.104993E+06 *
                                                                I(Q)
                                           *  9.198781E+05                             *
                                           *                1.105014E+06               *
                                           *                              1.875778E+05 *
                                                                 Q
                                           *  1.380458E-01  4.794336E-03  9.904143E-01 *
                                           * -9.904068E-01 -5.531210E-03  1.380715E-01 *
                                           *  6.140151E-03 -9.999732E-01  3.984783E-03 *

 
                                              R E A L   E I G E N V A L U E S
   MODE    EXTRACTION      EIGENVALUE            RADIANS             CYCLES            GENERALIZED         GENERALIZED
    NO.       ORDER                                                                       MASS              STIFFNESS
        1         5        0.0                 0.0                 0.0                 2.502021E+02        0.0
        2         4        0.0                 0.0                 0.0                 2.502021E+02        0.0
        3         2        0.0                 0.0                 0.0                 9.434031E+01        0.0
        4         1        3.814892E+03        6.176481E+01        9.830175E+00        4.595222E+01        1.753027E+05
        5         3        1.312566E+04        1.145673E+02        1.823395E+01        1.505968E+02        1.976683E+06
        6         6        5.288868E+04        2.299754E+02        3.660172E+01        5.691991E+01        3.010419E+06
        7         7        7.263895E+04        2.695161E+02        4.289482E+01        1.348540E+02        9.795650E+06
        8         8        1.243099E+05        3.525761E+02        5.611422E+01        1.184310E+02        1.472215E+07
        9         9        1.938939E+05        4.403338E+02        7.008131E+01        9.570058E+01        1.855576E+07
       10        10        6.936338E+05        8.328468E+02        1.325517E+02        6.175944E+00        4.283844E+06
       11        11        8.249879E+05        9.082885E+02        1.445586E+02        5.461105E+00        4.505346E+06
       12        12        1.772247E+06        1.331258E+03        2.118762E+02        9.671967E+01        1.714112E+08
       13        13        2.797855E+06        1.672679E+03        2.662151E+02        1.130127E+02        3.161932E+08
       14        14        4.600576E+06        2.144895E+03        3.413707E+02        1.452936E+02        6.684342E+08
       15        15        8.452346E+06        2.907292E+03        4.627098E+02        1.433718E+02        1.211828E+09
       16        17        1.025304E+07        3.202036E+03        5.096199E+02        9.558084E+00        9.799938E+07
       17        16        1.200281E+07        3.464507E+03        5.513934E+02        2.302378E+02        2.763501E+09
       18        18        1.948186E+07        4.413826E+03        7.024822E+02        1.128285E+02        2.198108E+09
       19        20        2.346185E+07        4.843743E+03        7.709056E+02        4.528531E+01        1.062477E+09
       20        19        2.423519E+07        4.922925E+03        7.835078E+02        1.625094E+02        3.938445E+09
       21        21        1.284808E+08        1.133494E+04        1.804011E+03        2.048653E+00        2.632126E+08
      SYMMETRIC FLIGHT CONDITIONS, DOUBLET-LATTICE AERO                                                                             
0     HALF-SPAN MODEL, STATIC ANTISYMMETRIC LOADING                                                                                 
      EIGENVALUE =  0.000000E+00
          CYCLES =  0.000000E+00         R E A L   E I G E N V E C T O R   N O .          1
 
      POINT ID.   TYPE          T1             T2             T3             R1             R2             R3
            90      G      1.000000E+00   0.0           -6.519055E-16   0.0            6.671550E-16   0.0
            97      G      1.000000E+00   0.0            0.0            0.0            5.027068E-17   0.0
            98      G      1.000000E+00   0.0            0.0            0.0           -1.005414E-16   0.0
            99      G      1.000000E+00   0.0           -9.747849E-15   0.0            3.280542E-15   0.0
           100      G      1.000000E+00   0.0           -6.537889E-14   0.0            6.600699E-15   0.0
           110      G      1.000000E+00  -3.608225E-16  -4.666694E-14  -2.964633E-17   6.482009E-15   1.526557E-16
           111      G      1.000000E+00  -7.424616E-16  -3.046192E-14  -2.964633E-17   6.482009E-15   1.526557E-16
           112      G      1.000000E+00   2.081668E-17  -6.287197E-14  -2.964633E-17   6.482009E-15   1.526557E-16
           120      G      1.000000E+00  -1.165876E-15  -9.243066E-15   1.447158E-17   6.482009E-15   1.192012E-16
           121      G      1.000000E+00  -1.463879E-15   6.961957E-15   1.447158E-17   6.482009E-15   1.192012E-16
           122      G      1.000000E+00  -8.678726E-16  -2.544809E-14   1.447158E-17   6.482009E-15   1.192012E-16
           310      G      1.000000E+00   0.0           -8.409083E-14   0.0            6.482009E-15   0.0
           311      G      1.000000E+00   0.0           -6.788580E-14   0.0            6.482009E-15   0.0
           312      G      1.000000E+00   0.0           -1.002958E-13   0.0            6.482009E-15   0.0
0     HALF-SPAN MODEL, STATIC ANTISYMMETRIC LOADING                                                                                 
      EIGENVALUE =  0.000000E+00
          CYCLES =  0.000000E+00         R E A L   E I G E N V E C T O R   N O .          2
 
      POINT ID.   TYPE          T1             T2             T3             R1             R2             R3
            90      G      2.068159E-14   0.0            1.000000E+00   0.0           -4.082778E-17   0.0
            97      G      2.069452E-14   0.0            1.000000E+00   0.0            4.233331E-17   0.0
            98      G      2.069452E-14   0.0            1.000000E+00   0.0            1.247790E-17   0.0
            99      G      2.066865E-14   0.0            1.000000E+00   0.0           -2.182292E-16   0.0
           100      G      2.061691E-14   0.0            1.000000E+00   0.0           -4.592519E-16   0.0
           110      G      2.061691E-14  -7.441893E-30   1.000000E+00   1.497504E-17  -4.697848E-16   3.148737E-30
           111      G      2.061691E-14  -1.531373E-29   1.000000E+00   1.497504E-17  -4.697848E-16   3.148737E-30
           112      G      2.061691E-14   4.299488E-31   1.000000E+00   1.497504E-17  -4.697848E-16   3.148737E-30
           120      G      2.061691E-14  -2.403557E-29   1.000000E+00   1.218808E-17  -4.816132E-16   2.456054E-30
           121      G      2.061691E-14  -3.017571E-29   1.000000E+00   1.218808E-17  -4.816132E-16   2.456054E-30
           122      G      2.061691E-14  -1.789544E-29   1.000000E+00   1.218808E-17  -4.816132E-16   2.456054E-30
           310      G      1.829675E-14   0.0            1.000000E+00   0.0           -4.787837E-16   0.0
           311      G      1.829675E-14   0.0            1.000000E+00   0.0           -4.787837E-16   0.0
           312      G      1.829675E-14   0.0            1.000000E+00   0.0           -4.787837E-16   0.0
0     HALF-SPAN MODEL, STATIC ANTISYMMETRIC LOADING                                                                                 
      EIGENVALUE =  0.000000E+00
          CYCLES =  0.000000E+00         R E A L   E I G E N V E C T O R   N O .          3
 
      POINT ID.   TYPE          T1             T2             T3             R1             R2             R3
            90      G     -1.797626E-03   0.0            1.317468E-01   0.0            5.788355E-02   0.0
            97      G     -1.797626E-03   0.0            1.000000E+00   0.0            5.788355E-02   0.0
            98      G     -1.797626E-03   0.0            4.211645E-01   0.0            5.788355E-02   0.0
            99      G     -1.797626E-03   0.0           -1.576709E-01   0.0            5.788355E-02   0.0
           100      G     -1.797626E-03   0.0           -7.365063E-01   0.0            5.788355E-02   0.0
           110      G     -1.797626E-03   6.486238E-19  -5.694110E-01   3.469447E-18   5.788355E-02  -2.744177E-19
           111      G     -1.797626E-03   1.334668E-18  -4.247022E-01   3.469447E-18   5.788355E-02  -2.744177E-19
           112      G     -1.797626E-03  -3.742060E-20  -7.141199E-01   3.469447E-18   5.788355E-02  -2.744177E-19
           120      G     -1.797626E-03   2.095808E-18  -2.352204E-01  -8.977194E-17   5.788355E-02  -2.142791E-19
           121      G     -1.797626E-03   2.631506E-18  -9.051153E-02  -8.977194E-17   5.788355E-02  -2.142791E-19
           122      G     -1.797626E-03   1.560110E-18  -3.799292E-01  -8.977194E-17   5.788355E-02  -2.142791E-19
           310      G      2.876201E-01   0.0           -9.036017E-01   0.0            5.788355E-02   0.0
           311      G      2.876201E-01   0.0           -7.588928E-01   0.0            5.788355E-02   0.0
           312      G      2.876201E-01   0.0           -1.048311E+00   0.0            5.788355E-02   0.0
0     HALF-SPAN MODEL, STATIC ANTISYMMETRIC LOADING                                                                                 
      EIGENVALUE =  3.814892E+03
          CYCLES =  9.830175E+00         R E A L   E I G E N V E C T O R   N O .          4
 
      POINT ID.   TYPE          T1             T2             T3             R1             R2             R3
            90      G     -1.637554E-03   0.0           -2.611033E-02   0.0           -3.197804E-04   0.0
            97      G     -1.639579E-03   0.0           -1.852078E-01   0.0           -1.559812E-02   0.0
            98      G     -1.638566E-03   0.0           -5.118676E-02   0.0           -9.010057E-03   0.0
            99      G     -1.636542E-03   0.0           -5.499633E-02   0.0            1.257492E-02   0.0
           100      G     -1.633507E-03   0.0           -3.652650E-01   0.0            5.293386E-02   0.0
           110      G     -1.651253E-03  -9.650545E-06  -7.964522E-02   3.567186E-02   7.784355E-02   6.314089E-06
           111      G     -1.651253E-03  -2.543577E-05   1.149637E-01   3.567186E-02   7.784355E-02   6.314089E-06
           112      G     -1.651253E-03   6.134678E-06  -2.742541E-01   3.567186E-02   7.784355E-02   6.314089E-06
           120      G     -1.743122E-03  -6.209579E-05   1.000000E+00   6.443238E-02   1.006311E-01   1.059617E-05
           121      G     -1.743122E-03  -8.858622E-05   1.251578E+00   6.443238E-02   1.006311E-01   1.059617E-05
           122      G     -1.743122E-03  -3.560535E-05   7.484221E-01   6.443238E-02   1.006311E-01   1.059617E-05
           310      G      2.643333E-01   0.0           -5.188317E-01   0.0            5.332957E-02   0.0
           311      G      2.643333E-01   0.0           -3.855078E-01   0.0            5.332957E-02   0.0
           312      G      2.643333E-01   0.0           -6.521556E-01   0.0            5.332957E-02   0.0
0     HALF-SPAN MODEL, STATIC ANTISYMMETRIC LOADING                                                                                 
      EIGENVALUE =  1.312566E+04
          CYCLES =  1.823395E+01         R E A L   E I G E N V E C T O R   N O .          5
 
      POINT ID.   TYPE          T1             T2             T3             R1             R2             R3
            90      G      4.943682E-03   0.0           -1.207332E+00   0.0            4.806417E-03   0.0
            97      G      4.964769E-03   0.0            8.626883E-01   0.0            2.140408E-01   0.0
            98      G      4.954220E-03   0.0           -9.257787E-01   0.0            1.084584E-01   0.0
            99      G      4.933144E-03   0.0           -9.802775E-01   0.0           -9.498486E-02   0.0
           100      G      4.901587E-03   0.0            5.225290E-01   0.0           -1.630113E-01   0.0
           110      G      5.130467E-03   1.260736E-04   2.783333E-01   6.675172E-02  -1.351243E-01  -8.226776E-05
           111      G      5.130467E-03   3.317430E-04  -5.947748E-02   6.675172E-02  -1.351243E-01  -8.226776E-05
           112      G      5.130467E-03  -7.959584E-05   6.161441E-01   6.675172E-02  -1.351243E-01  -8.226776E-05
           120      G      6.339919E-03   8.183060E-04   5.819545E-01   1.161816E-01  -1.145992E-01  -1.404175E-04
           121      G      6.339919E-03   1.169350E-03   2.954564E-01   1.161816E-01  -1.145992E-01  -1.404175E-04
           122      G      6.339919E-03   4.672621E-04   8.684525E-01   1.161816E-01  -1.145992E-01  -1.404175E-04
           310      G     -8.220193E-01   0.0            1.000000E+00   0.0           -1.667045E-01   0.0
           311      G     -8.220193E-01   0.0            5.832387E-01   0.0           -1.667045E-01   0.0
           312      G     -8.220193E-01   0.0            1.416761E+00   0.0           -1.667045E-01   0.0
0     HALF-SPAN MODEL, STATIC ANTISYMMETRIC LOADING                                                                                 
      EIGENVALUE =  5.288868E+04
          CYCLES =  3.660172E+01         R E A L   E I G E N V E C T O R   N O .          6
 
      POINT ID.   TYPE          T1             T2             T3             R1             R2             R3
            90      G     -1.674403E-01   0.0            3.920802E-03   0.0            9.257491E-04   0.0
            97      G     -1.703511E-01   0.0           -2.837656E-03   0.0           -1.409760E-03   0.0
            98      G     -1.688926E-01   0.0            6.595311E-03   0.0           -1.036951E-05   0.0
            99      G     -1.659881E-01   0.0           -1.117940E-03   0.0            9.353236E-04   0.0
           100      G     -1.616625E-01   0.0           -1.594945E-03   0.0           -1.273848E-03   0.0
           110      G      9.029852E-03   9.978764E-02  -3.675334E-03   8.456293E-04  -1.503600E-03  -6.434997E-02
           111      G      9.029852E-03   2.606626E-01  -7.434335E-03   8.456293E-04  -1.503600E-03  -6.434997E-02
           112      G      9.029852E-03  -6.108730E-02   8.366733E-05   8.456293E-04  -1.503600E-03  -6.434997E-02
           120      G      1.000000E+00   6.732873E-01   3.418385E-03   1.858265E-03  -1.501874E-03  -1.183323E-01
           121      G      1.000000E+00   9.691181E-01  -3.363001E-04   1.858265E-03  -1.501874E-03  -1.183323E-01
           122      G      1.000000E+00   3.774564E-01   7.173070E-03   1.858265E-03  -1.501874E-03  -1.183323E-01
           310      G     -1.737706E-01   0.0            5.353271E-03   0.0           -3.005282E-03   0.0
           311      G     -1.737706E-01   0.0           -2.159935E-03   0.0           -3.005282E-03   0.0
           312      G     -1.737706E-01   0.0            1.286648E-02   0.0           -3.005282E-03   0.0
0     HALF-SPAN MODEL, STATIC ANTISYMMETRIC LOADING                                                                                 
      EIGENVALUE =  7.263895E+04
          CYCLES =  4.289482E+01         R E A L   E I G E N V E C T O R   N O .          7
 
      POINT ID.   TYPE          T1             T2             T3             R1             R2             R3
            90      G     -9.075060E-03   0.0           -2.701825E-01   0.0           -1.418473E-01   0.0
            97      G     -9.292966E-03   0.0            2.881261E-01   0.0            1.693760E-01   0.0
            98      G     -9.183692E-03   0.0           -7.551333E-01   0.0           -2.577410E-02   0.0
            99      G     -8.966428E-03   0.0            3.997495E-01   0.0           -9.976659E-02   0.0
           100      G     -8.643731E-03   0.0            3.399269E-02   0.0            1.881027E-01   0.0
           110      G     -6.002537E-03   1.595401E-03   3.105107E-01  -2.077660E-01   3.561051E-01  -1.022477E-03
           111      G     -6.002537E-03   4.151593E-03   1.200774E+00  -2.077660E-01   3.561051E-01  -1.022477E-03
           112      G     -6.002537E-03  -9.607916E-04  -5.797521E-01  -2.077660E-01   3.561051E-01  -1.022477E-03
           120      G      1.013276E-02   1.098488E-02  -6.956811E-01  -4.249253E-01   5.583631E-01  -1.953912E-03
           121      G      1.013276E-02   1.586966E-02   7.002266E-01  -4.249253E-01   5.583631E-01  -1.953912E-03
           122      G      1.013276E-02   6.100098E-03  -2.091589E+00  -4.249253E-01   5.583631E-01  -1.953912E-03
           310      G      1.000000E+00   0.0           -5.482669E-01   0.0            2.098838E-01   0.0
           311      G      1.000000E+00   0.0           -2.355736E-02   0.0            2.098838E-01   0.0
           312      G      1.000000E+00   0.0           -1.072976E+00   0.0            2.098838E-01   0.0
0     HALF-SPAN MODEL, STATIC ANTISYMMETRIC LOADING                                                                                 
      EIGENVALUE =  1.243099E+05
          CYCLES =  5.611422E+01         R E A L   E I G E N V E C T O R   N O .          8
 
      POINT ID.   TYPE          T1             T2             T3             R1             R2             R3
            90      G      7.323015E-03   0.0           -1.196898E-01   0.0            2.160127E-01   0.0
            97      G      7.628492E-03   0.0           -2.418416E-01   0.0           -1.938427E-01   0.0
            98      G      7.474981E-03   0.0            7.621869E-01   0.0            8.647679E-02   0.0
            99      G      7.171049E-03   0.0           -8.953288E-01   0.0            4.398166E-02   0.0
           100      G      6.722812E-03   0.0            4.441854E-01   0.0           -1.670030E-01   0.0
           110      G      5.714270E-03  -6.720972E-04  -7.501166E-02  -1.067237E-01   1.766592E-02   4.233289E-04
           111      G      5.714270E-03  -1.730419E-03  -3.084686E-02  -1.067237E-01   1.766592E-02   4.233289E-04
           112      G      5.714270E-03   3.862249E-04  -1.191765E-01  -1.067237E-01   1.766592E-02   4.233289E-04
           120      G     -1.442282E-03  -4.897168E-03  -3.098268E-01  -1.802925E-01   4.547520E-01   8.991198E-04
           121      G     -1.442282E-03  -7.144968E-03   8.270532E-01  -1.802925E-01   4.547520E-01   8.991198E-04
           122      G     -1.442282E-03  -2.649369E-03  -1.446707E+00  -1.802925E-01   4.547520E-01   8.991198E-04
           310      G     -9.553598E-01   0.0            1.000000E+00   0.0           -2.069393E-01   0.0
           311      G     -9.553598E-01   0.0            4.826517E-01   0.0           -2.069393E-01   0.0
           312      G     -9.553598E-01   0.0            1.517348E+00   0.0           -2.069393E-01   0.0
0     HALF-SPAN MODEL, STATIC ANTISYMMETRIC LOADING                                                                                 
      EIGENVALUE =  1.938939E+05
          CYCLES =  7.008131E+01         R E A L   E I G E N V E C T O R   N O .          9
 
      POINT ID.   TYPE          T1             T2             T3             R1             R2             R3
            90      G     -7.456993E-03   0.0           -2.055888E-01   0.0            1.019455E-01   0.0
            97      G     -7.952281E-03   0.0           -7.167565E-02   0.0           -7.559085E-02   0.0
            98      G     -7.702678E-03   0.0            2.522853E-01   0.0            5.399342E-02   0.0
            99      G     -7.211307E-03   0.0           -4.950622E-01   0.0           -1.336687E-02   0.0
           100      G     -6.493590E-03   0.0           -2.869713E-01   0.0            1.612510E-01   0.0
           110      G     -5.862992E-03   5.001309E-04   9.588345E-01   6.083486E-02   3.447467E-01  -3.067167E-04
           111      G     -5.862992E-03   1.266923E-03   1.820701E+00   6.083486E-02   3.447467E-01  -3.067167E-04
           112      G     -5.862992E-03  -2.666608E-04   9.696774E-02   6.083486E-02   3.447467E-01  -3.067167E-04
           120      G     -9.722252E-05   3.971003E-03  -6.857641E-02  -2.053673E-01  -2.453923E-01  -7.614722E-04
           121      G     -9.722252E-05   5.874683E-03  -6.820572E-01  -2.053673E-01  -2.453923E-01  -7.614722E-04
           122      G     -9.722252E-05   2.067322E-03   5.449044E-01  -2.053673E-01  -2.453923E-01  -7.614722E-04
           310      G      1.000000E+00   0.0           -8.683581E-01   0.0            2.247364E-01   0.0
           311      G      1.000000E+00   0.0           -3.065172E-01   0.0            2.247364E-01   0.0
           312      G      1.000000E+00   0.0           -1.430199E+00   0.0            2.247364E-01   0.0
0     HALF-SPAN MODEL, STATIC ANTISYMMETRIC LOADING                                                                                 
      EIGENVALUE =  6.936338E+05
          CYCLES =  1.325517E+02         R E A L   E I G E N V E C T O R   N O .         10
 
      POINT ID.   TYPE          T1             T2             T3             R1             R2             R3
            90      G     -7.858767E-03   0.0           -3.065384E-02   0.0            6.335282E-03   0.0
            97      G     -1.005301E-02   0.0           -1.535982E-03   0.0           -4.196059E-03   0.0
            98      G     -8.924201E-03   0.0            7.310603E-03   0.0            5.738142E-03   0.0
            99      G     -6.793334E-03   0.0           -2.491868E-02   0.0           -1.174170E-02   0.0
           100      G     -3.899673E-03   0.0           -4.608506E-02   0.0            5.724736E-02   0.0
           110      G     -4.413182E-03   4.211911E-05   1.972322E-01   6.353362E-02  -1.154389E-01   5.078106E-06
           111      G     -4.413182E-03   2.942385E-05  -9.136518E-02   6.353362E-02  -1.154389E-01   5.078106E-06
           112      G     -4.413182E-03   5.481437E-05   4.858295E-01   6.353362E-02  -1.154389E-01   5.078106E-06
           120      G     -1.081492E-03   2.344644E-03  -3.529438E-02  -2.456058E-02   3.520103E-02  -6.384719E-04
           121      G     -1.081492E-03   3.940824E-03   5.270819E-02  -2.456058E-02   3.520103E-02  -6.384719E-04
           122      G     -1.081492E-03   7.484648E-04  -1.232970E-01  -2.456058E-02   3.520103E-02  -6.384719E-04
           310      G      1.000000E+00   0.0           -6.251227E-01   0.0            2.912390E-01   0.0
           311      G      1.000000E+00   0.0            1.029748E-01   0.0            2.912390E-01   0.0
           312      G      1.000000E+00   0.0           -1.353220E+00   0.0            2.912390E-01   0.0
0     HALF-SPAN MODEL, STATIC ANTISYMMETRIC LOADING                                                                                 
      EIGENVALUE =  8.249879E+05
          CYCLES =  1.445586E+02         R E A L   E I G E N V E C T O R   N O .         11
 
      POINT ID.   TYPE          T1             T2             T3             R1             R2             R3
            90      G     -8.082033E-03   0.0           -4.396224E-02   0.0            8.226460E-03   0.0
            97      G     -1.089488E-02   0.0           -1.836484E-03   0.0           -5.815337E-03   0.0
            98      G     -9.439879E-03   0.0            9.226747E-03   0.0            8.311706E-03   0.0
            99      G     -6.724188E-03   0.0           -2.566355E-02   0.0           -2.028337E-02   0.0
           100      G     -3.110486E-03   0.0            1.358373E-01   0.0            3.483858E-02   0.0
           110      G     -3.773072E-03  -4.528412E-05  -2.185687E-01  -9.174508E-02   6.314000E-02   5.726051E-05
           111      G     -3.773072E-03  -1.884354E-04  -6.071872E-02  -9.174508E-02   6.314000E-02   5.726051E-05
           112      G     -3.773072E-03   9.786715E-05  -3.764187E-01  -9.174508E-02   6.314000E-02   5.726051E-05
           120      G     -9.727743E-04   1.957518E-03   3.838854E-02   5.632670E-02  -2.676668E-02  -5.943839E-04
           121      G     -9.727743E-04   3.443477E-03  -2.852816E-02   5.632670E-02  -2.676668E-02  -5.943839E-04
           122      G     -9.727743E-04   4.715579E-04   1.053052E-01   5.632670E-02  -2.676668E-02  -5.943839E-04
           310      G      1.000000E+00   0.0           -4.413189E-01   0.0            3.085361E-01   0.0
           311      G      1.000000E+00   0.0            3.300214E-01   0.0            3.085361E-01   0.0
           312      G      1.000000E+00   0.0           -1.212659E+00   0.0            3.085361E-01   0.0
0     HALF-SPAN MODEL, STATIC ANTISYMMETRIC LOADING                                                                                 
      EIGENVALUE =  1.772247E+06
          CYCLES =  2.118762E+02         R E A L   E I G E N V E C T O R   N O .         12
 
      POINT ID.   TYPE          T1             T2             T3             R1             R2             R3
            90      G     -2.330731E-01   0.0            4.420795E-03   0.0           -6.606009E-04   0.0
            97      G     -4.986908E-01   0.0            7.738343E-05   0.0            4.761212E-04   0.0
            98      G     -3.556205E-01   0.0           -4.212983E-04   0.0           -8.026379E-04   0.0
            99      G     -1.105257E-01   0.0            1.448724E-03   0.0            2.323028E-03   0.0
           100      G      1.662781E-01   0.0           -4.969343E-03   0.0           -7.125062E-03   0.0
           110      G      1.000000E+00   3.926364E-01   2.994458E-03   3.323875E-03   2.571610E-04  -2.032001E-01
           111      G      1.000000E+00   9.006367E-01   3.637361E-03   3.323875E-03   2.571610E-04  -2.032001E-01
           112      G      1.000000E+00  -1.153638E-01   2.351556E-03   3.323875E-03   2.571610E-04  -2.032001E-01
           120      G      1.975693E-01  -2.235985E-01  -5.320700E-04  -1.962618E-03   2.329912E-04   3.635113E-01
           121      G      1.975693E-01  -1.132377E+00   5.040803E-05  -1.962618E-03   2.329912E-04   3.635113E-01
           122      G      1.975693E-01   6.851796E-01  -1.114548E-03  -1.962618E-03   2.329912E-04   3.635113E-01
           310      G      5.379238E-03   0.0            8.888105E-02   0.0           -5.418866E-02   0.0
           311      G      5.379238E-03   0.0           -4.659061E-02   0.0           -5.418866E-02   0.0
           312      G      5.379238E-03   0.0            2.243527E-01   0.0           -5.418866E-02   0.0
0     HALF-SPAN MODEL, STATIC ANTISYMMETRIC LOADING                                                                                 
      EIGENVALUE =  2.797855E+06
          CYCLES =  2.662151E+02         R E A L   E I G E N V E C T O R   N O .         13
 
      POINT ID.   TYPE          T1             T2             T3             R1             R2             R3
            90      G      1.231981E-01   0.0           -7.357824E-03   0.0            1.000485E-03   0.0
            97      G      6.262217E-01   0.0           -7.916786E-05   0.0           -7.409127E-04   0.0
            98      G      3.425950E-01   0.0            4.455076E-04   0.0            1.324423E-03   0.0
            99      G     -9.619883E-02   0.0           -1.595105E-03   0.0           -4.101997E-03   0.0
           100      G     -4.914226E-01   0.0            7.488790E-03   0.0            1.297058E-02   0.0
           110      G     -1.577142E-03   7.654182E-01  -2.906890E-03  -5.384501E-03  -4.044944E-04  -2.148433E-01
           111      G     -1.577142E-03   1.302526E+00  -3.918127E-03  -5.384501E-03  -4.044944E-04  -2.148433E-01
           112      G     -1.577142E-03   2.283099E-01  -1.895654E-03  -5.384501E-03  -4.044944E-04  -2.148433E-01
           120      G     -5.635339E-01   1.000000E+00   5.185161E-04   2.795807E-03  -2.223653E-04   2.456439E-01
           121      G     -5.635339E-01   3.858903E-01  -3.739727E-05   2.795807E-03  -2.223653E-04   2.456439E-01
           122      G     -5.635339E-01   1.614110E+00   1.074429E-03   2.795807E-03  -2.223653E-04   2.456439E-01
           310      G     -1.336373E-01   0.0           -2.039811E-01   0.0            1.404328E-01   0.0
           311      G     -1.336373E-01   0.0            1.471009E-01   0.0            1.404328E-01   0.0
           312      G     -1.336373E-01   0.0           -5.550631E-01   0.0            1.404328E-01   0.0
0     HALF-SPAN MODEL, STATIC ANTISYMMETRIC LOADING                                                                                 
      EIGENVALUE =  4.600576E+06
          CYCLES =  3.413707E+02         R E A L   E I G E N V E C T O R   N O .         14
 
      POINT ID.   TYPE          T1             T2             T3             R1             R2             R3
            90      G      1.441930E-01   0.0            1.729019E-03   0.0           -2.175326E-04   0.0
            97      G     -6.796304E-01   0.0            1.110598E-05   0.0            1.663317E-04   0.0
            98      G     -1.734810E-01   0.0           -6.415993E-05   0.0           -3.100836E-04   0.0
            99      G      4.618670E-01   0.0            2.146124E-04   0.0            1.012951E-03   0.0
           100      G      7.532431E-01   0.0           -4.808045E-03   0.0           -2.318554E-03   0.0
           110      G      3.463527E-01   4.721996E-01   5.795464E-04   1.678542E-03  -1.723281E-05   1.171521E-01
           111      G      3.463527E-01   1.793193E-01   5.364643E-04   1.678542E-03  -1.723281E-05   1.171521E-01
           112      G      3.463527E-01   7.650799E-01   6.226284E-04   1.678542E-03  -1.723281E-05   1.171521E-01
           120      G     -9.061201E-01   1.000000E+00  -9.503169E-05  -7.493036E-04   4.302037E-05  -2.266221E-01
           121      G     -9.061201E-01   1.566555E+00   1.251923E-05  -7.493036E-04   4.302037E-05  -2.266221E-01
           122      G     -9.061201E-01   4.334447E-01  -2.025826E-04  -7.493036E-04   4.302037E-05  -2.266221E-01
           310      G      3.353834E-01   0.0            2.487915E-01   0.0           -2.386901E-01   0.0
           311      G      3.353834E-01   0.0           -3.479338E-01   0.0           -2.386901E-01   0.0
           312      G      3.353834E-01   0.0            8.455168E-01   0.0           -2.386901E-01   0.0
0     HALF-SPAN MODEL, STATIC ANTISYMMETRIC LOADING                                                                                 
      EIGENVALUE =  8.452346E+06
          CYCLES =  4.627098E+02         R E A L   E I G E N V E C T O R   N O .         15
 
      POINT ID.   TYPE          T1             T2             T3             R1             R2             R3
            90      G     -3.590339E-01   0.0            1.433516E-02   0.0           -1.716474E-03   0.0
            97      G      4.485361E-01   0.0            4.931790E-05   0.0            1.329477E-03   0.0
            98      G     -1.651813E-01   0.0           -2.892684E-04   0.0           -2.557378E-03   0.0
            99      G     -5.528865E-01   0.0            1.116270E-03   0.0            8.579951E-03   0.0
           100      G     -1.840950E-01   0.0           -4.709410E-03   0.0           -3.043638E-02   0.0
           110      G      1.000000E+00   3.962128E-01   1.528458E-03   9.513473E-03   4.477128E-04  -1.232028E-01
           111      G      1.000000E+00   7.042199E-01   2.647740E-03   9.513473E-03   4.477128E-04  -1.232028E-01
           112      G      1.000000E+00   8.820564E-02   4.091764E-04   9.513473E-03   4.477128E-04  -1.232028E-01
           120      G     -3.089661E-01  -7.664928E-01  -2.862902E-04  -4.138236E-03   1.225464E-04  -5.966486E-01
           121      G     -3.089661E-01   7.251287E-01   2.007586E-05  -4.138236E-03   1.225464E-04  -5.966486E-01
           122      G     -3.089661E-01  -2.258114E+00  -5.926561E-04  -4.138236E-03   1.225464E-04  -5.966486E-01
           310      G     -2.118754E-01   0.0            8.669730E-03   0.0            1.515541E-01   0.0
           311      G     -2.118754E-01   0.0            3.875549E-01   0.0            1.515541E-01   0.0
           312      G     -2.118754E-01   0.0           -3.702155E-01   0.0            1.515541E-01   0.0
0     HALF-SPAN MODEL, STATIC ANTISYMMETRIC LOADING                                                                                 
      EIGENVALUE =  1.025304E+07
          CYCLES =  5.096199E+02         R E A L   E I G E N V E C T O R   N O .         16
 
      POINT ID.   TYPE          T1             T2             T3             R1             R2             R3
            90      G     -4.624315E-02   0.0           -1.205294E-01   0.0            1.425088E-02   0.0
            97      G      4.908416E-02   0.0           -3.408467E-04   0.0           -1.109672E-02   0.0
            98      G     -3.238394E-02   0.0            2.007078E-03   0.0            2.148906E-02   0.0
            99      G     -6.010236E-02   0.0           -7.755182E-03   0.0           -7.263522E-02   0.0
           100      G      1.193494E-02   0.0            4.530237E-02   0.0            2.560632E-01   0.0
           110      G     -3.015542E-03  -5.613573E-03  -1.073225E-02  -8.107876E-02  -3.055534E-03   4.559561E-03
           111      G     -3.015542E-03  -1.701248E-02  -1.837109E-02  -8.107876E-02  -3.055534E-03   4.559561E-03
           112      G     -3.015542E-03   5.785328E-03  -3.093420E-03  -8.107876E-02  -3.055534E-03   4.559561E-03
           120      G      2.163438E-04   1.276953E-02   2.001515E-03   3.451302E-02  -8.617269E-04   5.898138E-03
           121      G      2.163438E-04  -1.975813E-03  -1.528019E-04   3.451302E-02  -8.617269E-04   5.898138E-03
           122      G      2.163438E-04   2.751487E-02   4.155833E-03   3.451302E-02  -8.617269E-04   5.898138E-03
           310      G      1.000000E+00   0.0           -5.579735E-01   0.0           -8.092833E-01   0.0
           311      G      1.000000E+00   0.0           -2.581182E+00   0.0           -8.092833E-01   0.0
           312      G      1.000000E+00   0.0            1.465235E+00   0.0           -8.092833E-01   0.0
0     HALF-SPAN MODEL, STATIC ANTISYMMETRIC LOADING                                                                                 
      EIGENVALUE =  1.200281E+07
          CYCLES =  5.513934E+02         R E A L   E I G E N V E C T O R   N O .         17
 
      POINT ID.   TYPE          T1             T2             T3             R1             R2             R3
            90      G      9.474640E-01   0.0           -1.318226E-01   0.0            1.545038E-02   0.0
            97      G     -9.490048E-01   0.0           -3.178039E-04   0.0           -1.207541E-02   0.0
            98      G      8.949282E-01   0.0            1.876450E-03   0.0            2.349253E-02   0.0
            99      G      1.000000E+00   0.0           -7.260337E-03   0.0           -7.981197E-02   0.0
           100      G     -8.379456E-01   0.0            5.251346E-02   0.0            2.805642E-01   0.0
           110      G     -2.766762E-01   3.724599E-01  -1.008761E-02  -8.932859E-02  -2.837364E-03  -3.767860E-01
           111      G     -2.766762E-01   1.314425E+00  -1.718102E-02  -8.932859E-02  -2.837364E-03  -3.767860E-01
           112      G     -2.766762E-01  -5.695050E-01  -2.994201E-03  -8.932859E-02  -2.837364E-03  -3.767860E-01
           120      G      8.248970E-02  -7.604401E-01   1.877367E-03   3.747217E-02  -8.111633E-04  -2.720452E-01
           121      G      8.248970E-02  -8.032712E-02  -1.505413E-04   3.747217E-02  -8.111633E-04  -2.720452E-01
           122      G      8.248970E-02  -1.440553E+00   3.905275E-03   3.747217E-02  -8.111633E-04  -2.720452E-01
           310      G      6.444000E-01   0.0           -8.862442E-01   0.0           -6.348374E-01   0.0
           311      G      6.444000E-01   0.0           -2.473338E+00   0.0           -6.348374E-01   0.0
           312      G      6.444000E-01   0.0            7.008493E-01   0.0           -6.348374E-01   0.0
0     HALF-SPAN MODEL, STATIC ANTISYMMETRIC LOADING                                                                                 
      EIGENVALUE =  1.948186E+07
          CYCLES =  7.024822E+02         R E A L   E I G E N V E C T O R   N O .         18
 
      POINT ID.   TYPE          T1             T2             T3             R1             R2             R3
            90      G      1.552922E-01   0.0           -1.194108E-02   0.0            1.371779E-03   0.0
            97      G     -4.643114E-01   0.0           -1.765682E-05   0.0           -1.081404E-03   0.0
            98      G      1.000000E+00   0.0            1.048928E-04   0.0            2.126042E-03   0.0
            99      G     -6.894156E-01   0.0           -4.071943E-04   0.0           -7.305905E-03   0.0
           100      G     -2.046026E-01   0.0            5.305941E-03   0.0            2.553726E-02   0.0
           110      G      6.186625E-01  -2.767220E-01  -5.698180E-04  -8.217326E-03  -1.565919E-04   2.555553E-01
           111      G      6.186625E-01  -9.156101E-01  -9.612978E-04  -8.217326E-03  -1.565919E-04   2.555553E-01
           112      G      6.186625E-01   3.621663E-01  -1.783382E-04  -8.217326E-03  -1.565919E-04   2.555553E-01
           120      G     -8.040471E-02   2.811655E-01   1.055982E-04   3.334995E-03  -4.597198E-05   6.110705E-02
           121      G     -8.040471E-02   1.283979E-01  -9.331709E-06   3.334995E-03  -4.597198E-05   6.110705E-02
           122      G     -8.040471E-02   4.339332E-01   2.205282E-04   3.334995E-03  -4.597198E-05   6.110705E-02
           310      G     -1.526781E-02   0.0           -1.278120E-01   0.0           -2.091486E-02   0.0
           311      G     -1.526781E-02   0.0           -1.800992E-01   0.0           -2.091486E-02   0.0
           312      G     -1.526781E-02   0.0           -7.552487E-02   0.0           -2.091486E-02   0.0
0     HALF-SPAN MODEL, STATIC ANTISYMMETRIC LOADING                                                                                 
      EIGENVALUE =  2.346185E+07
          CYCLES =  7.709056E+02         R E A L   E I G E N V E C T O R   N O .         19
 
      POINT ID.   TYPE          T1             T2             T3             R1             R2             R3
            90      G     -2.334103E-02   0.0            8.642989E-03   0.0           -9.873937E-04   0.0
            97      G     -3.786556E-02   0.0            1.059909E-05   0.0            7.802718E-04   0.0
            98      G      1.059482E-01   0.0           -6.307105E-05   0.0           -1.538443E-03   0.0
            99      G     -1.526303E-01   0.0            2.449889E-04   0.0            5.303181E-03   0.0
           100      G      1.684824E-01   0.0           -4.003329E-03   0.0           -1.849221E-02   0.0
           110      G     -3.375328E-01   1.000000E+00   3.441048E-04   5.978541E-03   9.357954E-05   2.383652E-01
           111      G     -3.375328E-01   4.040870E-01   5.780536E-04   5.978541E-03   9.357954E-05   2.383652E-01
           112      G     -3.375328E-01   1.595913E+00   1.101559E-04   5.978541E-03   9.357954E-05   2.383652E-01
           120      G      2.104010E-01  -2.927009E-01  -6.366435E-05  -2.404404E-03   2.777214E-05  -2.833197E-03
           121      G      2.104010E-01  -2.856179E-01   5.765998E-06  -2.404404E-03   2.777214E-05  -2.833197E-03
           122      G      2.104010E-01  -2.997839E-01  -1.330947E-04  -2.404404E-03   2.777214E-05  -2.833197E-03
           310      G      2.459174E-02   0.0            1.027930E-01   0.0            9.418124E-03   0.0
           311      G      2.459174E-02   0.0            1.263383E-01   0.0            9.418124E-03   0.0
           312      G      2.459174E-02   0.0            7.924767E-02   0.0            9.418124E-03   0.0
0     HALF-SPAN MODEL, STATIC ANTISYMMETRIC LOADING                                                                                 
      EIGENVALUE =  2.423519E+07
          CYCLES =  7.835078E+02         R E A L   E I G E N V E C T O R   N O .         20
 
      POINT ID.   TYPE          T1             T2             T3             R1             R2             R3
            90      G     -1.423736E-01   0.0            5.038580E-02   0.0           -5.751163E-03   0.0
            97      G     -1.676277E-01   0.0            5.980608E-05   0.0            4.546497E-03   0.0
            98      G      4.900089E-01   0.0           -3.559761E-04   0.0           -8.968260E-03   0.0
            99      G     -7.747561E-01   0.0            1.382810E-03   0.0            3.092964E-02   0.0
           100      G      1.000000E+00   0.0           -2.352373E-02   0.0           -1.078000E-01   0.0
           110      G     -7.844720E-01  -3.030885E-01   1.943791E-03   3.488517E-02   5.274910E-04  -5.410790E-01
           111      G     -7.844720E-01   1.049609E+00   3.262519E-03   3.488517E-02   5.274910E-04  -5.410790E-01
           112      G     -7.844720E-01  -1.655786E+00   6.250635E-04   3.488517E-02   5.274910E-04  -5.410790E-01
           120      G     -4.476678E-02  -1.143842E-01  -3.595160E-04  -1.400984E-02   1.568803E-04  -5.868637E-02
           121      G     -4.476678E-02   3.233168E-02   3.268472E-05  -1.400984E-02   1.568803E-04  -5.868637E-02
           122      G     -4.476678E-02  -2.611002E-01  -7.517168E-04  -1.400984E-02   1.568803E-04  -5.868637E-02
           310      G      1.560252E-01   0.0            6.096480E-01   0.0            4.987098E-02   0.0
           311      G      1.560252E-01   0.0            7.343255E-01   0.0            4.987098E-02   0.0
           312      G      1.560252E-01   0.0            4.849706E-01   0.0            4.987098E-02   0.0
0     HALF-SPAN MODEL, STATIC ANTISYMMETRIC LOADING                                                                                 
      EIGENVALUE =  1.284808E+08
          CYCLES =  1.804011E+03         R E A L   E I G E N V E C T O R   N O .         21
 
      POINT ID.   TYPE          T1             T2             T3             R1             R2             R3
            90      G      5.205497E-04   0.0           -3.530539E-03   0.0            3.948223E-04   0.0
            97      G      2.962855E-06   0.0           -7.865081E-07   0.0           -3.146271E-04   0.0
            98      G     -5.866011E-05   0.0            4.709783E-06   0.0            6.276054E-04   0.0
            99      G      1.099759E-03   0.0           -2.679467E-05   0.0           -2.187992E-03   0.0
           100      G     -2.061517E-02   0.0           -3.190127E-02   0.0            1.769615E-02   0.0
           110      G      1.321969E-03  -2.974345E-04   3.255320E-05   1.253076E-03  -3.551928E-05   4.121699E-04
           111      G      1.321969E-03  -1.327859E-03  -5.624500E-05   1.253076E-03  -3.551928E-05   4.121699E-04
           112      G      1.321969E-03   7.329903E-04   1.213514E-04   1.253076E-03  -3.551928E-05   4.121699E-04
           120      G     -1.566395E-05   4.683424E-05  -2.416483E-06  -4.730324E-04   1.089575E-06   7.148907E-06
           121      G     -1.566395E-05   2.896198E-05   3.074547E-07  -4.730324E-04   1.089575E-06   7.148907E-06
           122      G     -1.566395E-05   6.470651E-05  -5.140420E-06  -4.730324E-04   1.089575E-06   7.148907E-06
           310      G      5.610073E-01   0.0            1.000000E+00   0.0           -8.506871E-02   0.0
           311      G      5.610073E-01   0.0            7.873282E-01   0.0           -8.506871E-02   0.0
           312      G      5.610073E-01   0.0            1.212672E+00   0.0           -8.506871E-02   0.0
0     HALF-SPAN MODEL, STATIC ANTISYMMETRIC LOADING                                                                                 
      EIGENVALUE =  0.000000E+00
                                 S T R E S S E S   I N   B A R   E L E M E N T S          ( C B A R )
  ELEMENT        SA1            SA2            SA3            SA4           AXIAL          SA-MAX         SA-MIN     M.S.-T
    ID.          SB1            SB2            SB3            SB4           STRESS         SB-MAX         SB-MIN     M.S.-C
0     110    2.020134E-07  -1.556144E-07   1.556144E-07  -2.020134E-07  -3.973643E-08   1.622770E-07  -2.417499E-07 
             1.768196E-07  -1.808083E-07   1.808083E-07  -1.768196E-07                  1.410718E-07  -2.205447E-07 
0     HALF-SPAN MODEL, STATIC ANTISYMMETRIC LOADING                                                                                 
      EIGENVALUE =  0.000000E+00
0     110    5.082198E-21  -5.082198E-21   5.082198E-21  -5.082198E-21  -5.646886E-22   4.517509E-21  -5.646886E-21 
             3.097150E-08   3.097150E-08  -3.097150E-08  -3.097150E-08                  3.097150E-08  -3.097150E-08 
0     HALF-SPAN MODEL, STATIC ANTISYMMETRIC LOADING                                                                                 
      EIGENVALUE =  0.000000E+00
0     110   -1.125271E-08  -1.020497E-08   1.020497E-08   1.125271E-08   3.880511E-11   1.129152E-08  -1.121391E-08 
             2.072697E-08   1.975834E-08  -1.975834E-08  -2.072697E-08                  2.076578E-08  -2.068817E-08 
0     HALF-SPAN MODEL, STATIC ANTISYMMETRIC LOADING                                                                                 
      EIGENVALUE =  3.814892E+03
0     110   -6.394756E+06  -6.407264E+06   6.407264E+06   6.394756E+06   1.286674E+02   6.407393E+06  -6.407136E+06 
            -4.407347E+06  -4.413736E+06   4.413736E+06   4.407347E+06                  4.413865E+06  -4.413608E+06 
0     HALF-SPAN MODEL, STATIC ANTISYMMETRIC LOADING                                                                                 
      EIGENVALUE =  1.312566E+04
0     110   -1.152244E+07  -1.136236E+07   1.136236E+07   1.152244E+07  -1.311154E+03   1.152112E+07  -1.152375E+07 
            -6.496776E+06  -6.410624E+06   6.410624E+06   6.496776E+06                  6.495466E+06  -6.498088E+06 
0     HALF-SPAN MODEL, STATIC ANTISYMMETRIC LOADING                                                                                 
      EIGENVALUE =  5.288868E+04
0     110   -5.749906E+07   5.739315E+07  -5.739315E+07   5.749906E+07   2.674972E+05   5.776656E+07  -5.723156E+07 
            -3.895416E+07   3.875206E+07  -3.875206E+07   3.895416E+07                  3.922166E+07  -3.868667E+07 
0     HALF-SPAN MODEL, STATIC ANTISYMMETRIC LOADING                                                                                 
      EIGENVALUE =  7.263895E+04
0     110    9.741695E+06   1.147929E+07  -1.147929E+07  -9.741695E+06   1.522970E+04   1.149452E+07  -1.146406E+07 
             1.265445E+07   1.397711E+07  -1.397711E+07  -1.265445E+07                  1.399234E+07  -1.396188E+07 
0     HALF-SPAN MODEL, STATIC ANTISYMMETRIC LOADING                                                                                 
      EIGENVALUE =  1.243099E+05
0     110    5.092602E+06   4.478648E+06  -4.478648E+06  -5.092602E+06  -1.940018E+04   5.073202E+06  -5.112002E+06 
            -4.436399E+06  -5.089462E+06   5.089462E+06   4.436399E+06                  5.070062E+06  -5.108862E+06 
0     HALF-SPAN MODEL, STATIC ANTISYMMETRIC LOADING                                                                                 
      EIGENVALUE =  1.938939E+05
0     110   -6.526524E+07  -6.494502E+07   6.494502E+07   6.526524E+07   2.938786E+04   6.529463E+07  -6.523585E+07 
             2.878260E+07   2.938037E+07  -2.938037E+07  -2.878260E+07                  2.940976E+07  -2.935098E+07 
0     HALF-SPAN MODEL, STATIC ANTISYMMETRIC LOADING                                                                                 
      EIGENVALUE =  6.936338E+05
0     110   -1.760658E+07  -1.825024E+07   1.825024E+07   1.760658E+07   7.313621E+04   1.832338E+07  -1.817711E+07 
             2.542621E+07   2.605468E+07  -2.605468E+07  -2.542621E+07                  2.612781E+07  -2.598154E+07 
0     HALF-SPAN MODEL, STATIC ANTISYMMETRIC LOADING                                                                                 
      EIGENVALUE =  8.249879E+05
0     110    4.305552E+07   4.229929E+07  -4.229929E+07  -4.305552E+07   7.284816E+04   4.312837E+07  -4.298268E+07 
            -2.668230E+07  -2.609745E+07   2.609745E+07   2.668230E+07                  2.675515E+07  -2.660945E+07 
0     HALF-SPAN MODEL, STATIC ANTISYMMETRIC LOADING                                                                                 
      EIGENVALUE =  1.772247E+06
0     110   -4.120752E+08   4.079569E+08  -4.079569E+08   4.120752E+08  -1.916199E+07   3.929132E+08  -4.312372E+08 
             1.063493E+08  -1.055081E+08   1.055081E+08  -1.063493E+08                  8.718731E+07  -1.255113E+08 
0     HALF-SPAN MODEL, STATIC ANTISYMMETRIC LOADING                                                                                 
      EIGENVALUE =  2.797855E+06
0     110   -3.025869E+08   3.093246E+08  -3.093246E+08   3.025869E+08   1.042429E+08   4.135675E+08  -2.050817E+08 
            -1.609337E+07   1.501773E+07  -1.501773E+07   1.609337E+07                  1.203363E+08   8.814954E+07 
0     HALF-SPAN MODEL, STATIC ANTISYMMETRIC LOADING                                                                                 
      EIGENVALUE =  4.600576E+06
0     110   -8.581570E+07   8.398350E+07  -8.398350E+07   8.581570E+07   1.527375E+08   2.385532E+08   6.692179E+07 
             2.604834E+08  -2.599503E+08   2.599503E+08  -2.604834E+08                  4.132209E+08  -1.077459E+08 
0     HALF-SPAN MODEL, STATIC ANTISYMMETRIC LOADING                                                                                 
      EIGENVALUE =  8.452346E+06
0     110   -7.733596E+08   7.607816E+08  -7.607816E+08   7.733596E+08  -6.208370E+07   7.112758E+08  -8.354433E+08 
             5.830810E+08  -5.823158E+08   5.823158E+08  -5.830810E+08                  5.209973E+08  -6.451647E+08 
0     HALF-SPAN MODEL, STATIC ANTISYMMETRIC LOADING                                                                                 
      EIGENVALUE =  1.025304E+07
0     110    5.866129E+07   4.780692E+07  -4.780692E+07  -5.866129E+07   6.519071E+05   5.931320E+07  -5.800938E+07 
            -2.010839E+06  -4.803154E+06   4.803154E+06   2.010839E+06                  5.455062E+06  -4.151248E+06 
0     HALF-SPAN MODEL, STATIC ANTISYMMETRIC LOADING                                                                                 
      EIGENVALUE =  1.200281E+07
0     110    9.951519E+07   1.736738E+07  -1.736738E+07  -9.951519E+07   1.045679E+07   1.099720E+08  -8.905840E+07 
            -6.087351E+08   6.011272E+08  -6.011272E+08   6.087351E+08                  6.191919E+08  -5.982783E+08 
0     HALF-SPAN MODEL, STATIC ANTISYMMETRIC LOADING                                                                                 
      EIGENVALUE =  1.948186E+07
0     110   -8.239151E+08   8.345878E+08  -8.345878E+08   8.239151E+08  -1.624394E+08   6.721485E+08  -9.970272E+08 
             1.211331E+09  -1.212045E+09   1.212045E+09  -1.211331E+09                  1.049606E+09  -1.374485E+09 
0     HALF-SPAN MODEL, STATIC ANTISYMMETRIC LOADING                                                                                 
      EIGENVALUE =  2.346185E+07
0     110   -4.086227E+08   4.008774E+08  -4.008774E+08   4.086227E+08   2.791040E+08   6.877267E+08  -1.295187E+08 
             7.617252E+08  -7.611983E+08   7.611983E+08  -7.617252E+08                  1.040829E+09  -4.826212E+08 
0     HALF-SPAN MODEL, STATIC ANTISYMMETRIC LOADING                                                                                 
      EIGENVALUE =  2.423519E+07
0     110    2.106677E+09  -2.151850E+09   2.151850E+09  -2.106677E+09   1.570701E+08   2.308920E+09  -1.994780E+09 
            -2.937442E+09   2.940526E+09  -2.940526E+09   2.937442E+09                  3.097596E+09  -2.783456E+09 
0     HALF-SPAN MODEL, STATIC ANTISYMMETRIC LOADING                                                                                 
      EIGENVALUE =  1.284808E+08
0     110   -1.473281E+07   1.581541E+07  -1.581541E+07   1.473281E+07  -2.799975E+06   1.301544E+07  -1.861539E+07 
             1.729023E+07  -1.449161E+07   1.449161E+07  -1.729023E+07                  1.449026E+07  -2.009020E+07 
