1
 
 
 
 
                                                             
                 Copyright 2014 Siemens Product Lifecycle    
                        Management Software Inc.             
                         All Rights Reserved.                
                                                             
               This software and related documentation are   
                 proprietary to Siemens Product Lifecycle    
                        Management Software Inc.             
                                                             
              Siemens and the Siemens logo are registered    
             trademarks of Siemens AG. NX is a trademark or  
                registered trademark of Siemens Product      
               Lifecycle Management Software Inc. or its     
             subsidiaries in the United States and in other  
             countries.  NASTRAN is a registered trademark   
                 of the National Aeronautics and Space       
                 Administration.  All other trademarks,      
              registered trademarks or service marks belong  
                      to their respective holders.           
                                                             
           LIMITATIONS TO U.S. GOVERNMENT RIGHTS. UNPUBLISHED
           - RIGHTS RESERVED UNDER THE COPYRIGHT LAWS OF THE 
            UNITED STATES. This computer software and related
               computer software documentation have been     
            developed exclusively at private expense and are 
           provided subject to the following rights:  If this
               computer software and computer  software      
            documentation qualify as "commercial items" (as  
             that term is defined in FAR 2.101), their use,  
            duplication or disclosure by the U.S. Government 
           is subject to the protections and restrictions as 
            set forth in the Siemens commercial license for  
            software and/or documentation, as prescribed in  
           FAR 12.212 and FAR 27.405(b)(2)(i) (for civilian  
             agencies) and in DFARS 227.7202-1(a) and DFARS  
           227.7202-3(a) (for the Department of Defense), or 
           any successor or similar regulation, as applicable
           or as amended from time to time.  If this computer
           software and computer documentation do not qualify
            as "commercial items", then they are "restricted 
           computer software" and are provided with "restric-
            tive rights", and their use, duplication or dis- 
            closure by the U.S. Government is subject to the 
            protections and restrictions as set forth in FAR 
           27.404(b) and FAR 52-227-14 (for civilian agencies
           ), and DFARS 227.7203-5(c) and DFARS 252.227-7014 
           (for the Department of Defense), or any successor 
           or similar regulation, as applicable or as amended
              from time to time.  Siemens PLM Software Inc.  
            5800 Granite Parkway, Suite 600, Plano, TX 75024 

                * * * * * * * * * * * * * * * * * * * *
                * * * * * * * * * * * * * * * * * * * *
                * *                                 * *
                * *                                 * *
                * *                                 * *
                * *                                 * *
                * *       N X   N a s t r a n       * *
                * *                                 * *
                * *        VERSION -   10.1         * *
                * *                                 * *
                * *          JAN  6, 2015           * *
                * *                                 * *
                * *                                 * *
                * *Intel64 Family 6 Model 45 Steppi * *
                * *                                 * *
                * * Intel(R) Core(TM) i7-3820 CPU @ * *
                * *                                 * *
                * *            Windows 8            * *
                * *                                 * *
                * *       Compiled for X86-64       * *
                * *                                 * *
                * * * * * * * * * * * * * * * * * * * *
                * * * * * * * * * * * * * * * * * * * *
1 
  
                        Welcome to NX Nastran
                        -------------------------
  
  
 This "news" information can be turned off by setting "news=no" in the runtime
 configuration (RC) file.  The "news" keyword can be set in the system RC file
 for global, or multi-user control, and in a local file for local control.
 Individual jobs can be controlled by setting news to yes or no on the command
 line.
1                                                                             APRIL  10, 2017  NX NASTRAN  1/ 6/15   PAGE     1
                                                                                                                                    
0        N A S T R A N    F I L E    A N D    S Y S T E M    P A R A M E T E R    E C H O                                           
0                                                                                                                                   
                                                                                                                                    
                                                                                                                                    
     NASTRAN BUFFSIZE=32769 $(F:/FEMAPV112/NASTRAN/CONF/NAST10.RCF[5])               
     NASTRAN BUFFPOOL=11755                                                          
     NASTRAN DIAGA=128 DIAGB=0 $(F:/FEMAPV112/NASTRAN/CONF/NAST10.RCF[12])           
     NASTRAN REAL=2147483647 $(PROGRAM DEFAULT)                                      
1                                                                             APRIL  10, 2017  NX NASTRAN  1/ 6/15   PAGE     2
                                                                                                                                    
0        N A S T R A N    E X E C U T I V E    C O N T R O L    E C H O                                                             
0                                                                                                                                   
                                                                                                                                    
                                                                                                                                    
     SOL 101                                                                                 
     CEND                                                                                    
1                                                                             APRIL  10, 2017  NX NASTRAN  1/ 6/15   PAGE     3
                                                                                                                                    
0                                                                                                                                   
0                                        C A S E    C O N T R O L    E C H O                                                        
                 COMMAND                                                                                                            
                 COUNT                                                                                                              
                  1      SUBCASE 1                                                                               
                  2        LOAD = 1                                                                              
                  3        $SPC = 1                                                                              
                  4        DISP = ALL                                                                            
                  5      SUBCASE 2                                                                               
                  6        LOAD = 2                                                                              
                  7        $SPC = 1                                                                              
                  8        DISP = ALL                                                                            
                  9      SUBCASE 3                                                                               
                 10        LOAD = 1003                                                                           
                 11        $SPC = 1                                                                              
                 12        DISP = ALL                                                                            
                 13      SUBCASE 4                                                                               
                 14        LOAD = 1004                                                                           
                 15        $SPC = 1                                                                              
                 16        DISP = ALL                                                                            
                 17      SUBCASE 5                                                                               
                 18        LOAD = 5                                                                              
                 19        $SPC = 1                                                                              
                 20        DISP = ALL                                                                            
                 21      SUBCASE 6                                                                               
                 22        LOAD = 6                                                                              
                 23        $SPC = 1                                                                              
                 24        DISP = ALL                                                                            
                 25      BEGIN BULK                                                                              
 *** USER WARNING MESSAGE 324 (XSORSO)
     BLANK ENTRIES ENCOUNTERED WILL BE IGNORED.
0                             INPUT BULK DATA ENTRY COUNT =          39
1                                                                             APRIL  10, 2017  NX NASTRAN  1/ 6/15   PAGE     4
                                                                                                                                    
0                                                                                                                                   
0                                                 S O R T E D   B U L K   D A T A   E C H O                                         
                 ENTRY                                                                                                              
                 COUNT        .   1  ..   2  ..   3  ..   4  ..   5  ..   6  ..   7  ..   8  ..   9  ..  10  .                      
                    1-        CQUAD4  100     1000    1       2       7       6                               
                    2-        CQUAD4  200     1000    2       3       8       7                               
                    3-        CQUAD4  300     1000    3       4       9       8                               
                    4-        CQUAD4  400     1000    4       5       10      9                               
                    5-        CQUAD4  500     1000    6       7       12      11                              
                    6-        CQUAD4  600     1000    7       8       13      12                              
                    7-        CQUAD4  700     1000    8       9       14      13                              
                    8-        CQUAD4  800     1000    9       10      15      14                              
                    9-        FORCE   1002    15      0       1.      0.      0.      1.                      
                   10-        GRID    1       0       0.      0.      0.              123456                  
                   11-        GRID    2       0       1.      0.      0.                                      
                   12-        GRID    3       0       2.      0.      0.                                      
                   13-        GRID    4       0       3.      0.      0.                                      
                   14-        GRID    5       0       4.      0.      0.                                      
                   15-        GRID    6       0       0.      1.      0.              123456                  
                   16-        GRID    7       0       1.      1.      0.                                      
                   17-        GRID    8       0       2.      1.      0.                                      
                   18-        GRID    9       0       3.      1.      0.                                      
                   19-        GRID    10      0       4.      1.      0.                                      
                   20-        GRID    11      0       0.      2.      0.              123456                  
                   21-        GRID    12      0       1.      2.      0.                                      
                   22-        GRID    13      0       2.      2.      0.                                      
                   23-        GRID    14      0       3.      2.      0.                                      
                   24-        GRID    15      0       4.      2.      0.                                      
                   25-        LOAD    1       1.      1.      1001                                            
                   26-        LOAD    2       1.      1.      1001    1.      1002                            
                   27-        MAT1    10000   1E7             0.3                                             
                   28-        PLOAD   1003    9.      1       2       7       6                               
                   29-        PLOAD   1004    9.      1       2       6                                       
                   30-        PLOAD4  5       100     2.                                               0000001
                   31-        +00000010       0.      1.      1.                                       0000002
                   32-        PLOAD4  6       100     2.                                               0000003
                   33-        +00000030       0.      0.      .5                                       0000004
                   34-        PLOAD4  1001    500     3.                                                      
                   35-        PSHELL  1000    10000   0.1     10000                                           
                              ENDDATA 
0                       TOTAL COUNT=        36


                                        M O D E L   S U M M A R Y

                                   NUMBER OF GRID     POINTS   =       15
 
 
                                   NUMBER OF CQUAD4   ELEMENTS =        8
 
1                                                                             APRIL  10, 2017  NX NASTRAN  1/ 6/15   PAGE     5
                                                                                                                                    
0                                                                                                                                   
1                                                                             APRIL  10, 2017  NX NASTRAN  1/ 6/15   PAGE     6
                                                                                                                                    
0                                                                                                                                   
 *** USER INFORMATION MESSAGE 7310 (VECPRN)
     ORIGIN OF SUPERELEMENT BASIC COORDINATE SYSTEM WILL BE USED AS REFERENCE LOCATION.
     RESULTANTS ABOUT ORIGIN OF SUPERELEMENT BASIC COORDINATE SYSTEM IN SUPERELEMENT BASIC SYSTEM COORDINATES.
0                                                  OLOAD    RESULTANT       
  SUBCASE/    LOAD
  DAREA ID    TYPE       T1            T2            T3            R1            R2            R3
0        1     FX    0.000000E+00     ----          ----          ----       0.000000E+00  0.000000E+00                             
               FY       ----       0.000000E+00     ----       0.000000E+00     ----       0.000000E+00                             
               FZ       ----          ----       3.000000E+00  4.500000E+00 -1.500000E+00     ----                                  
               MX       ----          ----          ----       0.000000E+00     ----          ----                                  
               MY       ----          ----          ----          ----       0.000000E+00     ----                                  
               MZ       ----          ----          ----          ----          ----       0.000000E+00                             
             TOTALS  0.000000E+00  0.000000E+00  3.000000E+00  4.500000E+00 -1.500000E+00  0.000000E+00                             
0        2     FX    0.000000E+00     ----          ----          ----       0.000000E+00  0.000000E+00                             
               FY       ----       0.000000E+00     ----       0.000000E+00     ----       0.000000E+00                             
               FZ       ----          ----       4.000000E+00  6.500000E+00 -5.500000E+00     ----                                  
               MX       ----          ----          ----       0.000000E+00     ----          ----                                  
               MY       ----          ----          ----          ----       0.000000E+00     ----                                  
               MZ       ----          ----          ----          ----          ----       0.000000E+00                             
             TOTALS  0.000000E+00  0.000000E+00  4.000000E+00  6.500000E+00 -5.500000E+00  0.000000E+00                             
0        3     FX    0.000000E+00     ----          ----          ----       0.000000E+00  0.000000E+00                             
               FY       ----       0.000000E+00     ----       0.000000E+00     ----       0.000000E+00                             
               FZ       ----          ----       9.000000E+00  4.500000E+00 -4.500000E+00     ----                                  
               MX       ----          ----          ----       0.000000E+00     ----          ----                                  
               MY       ----          ----          ----          ----       0.000000E+00     ----                                  
               MZ       ----          ----          ----          ----          ----       0.000000E+00                             
             TOTALS  0.000000E+00  0.000000E+00  9.000000E+00  4.500000E+00 -4.500000E+00  0.000000E+00                             
0        4     FX    0.000000E+00     ----          ----          ----       0.000000E+00  0.000000E+00                             
               FY       ----       0.000000E+00     ----       0.000000E+00     ----       0.000000E+00                             
               FZ       ----          ----       4.500000E+00  1.500000E+00 -1.500000E+00     ----                                  
               MX       ----          ----          ----       0.000000E+00     ----          ----                                  
               MY       ----          ----          ----          ----       0.000000E+00     ----                                  
               MZ       ----          ----          ----          ----          ----       0.000000E+00                             
             TOTALS  0.000000E+00  0.000000E+00  4.500000E+00  1.500000E+00 -1.500000E+00  0.000000E+00                             
0        5     FX    0.000000E+00     ----          ----          ----       0.000000E+00  0.000000E+00                             
               FY       ----       1.414214E+00     ----       0.000000E+00     ----       7.071068E-01                             
               FZ       ----          ----       1.414214E+00  7.071068E-01 -7.071068E-01     ----                                  
               MX       ----          ----          ----       0.000000E+00     ----          ----                                  
               MY       ----          ----          ----          ----       0.000000E+00     ----                                  
               MZ       ----          ----          ----          ----          ----       0.000000E+00                             
             TOTALS  0.000000E+00  1.414214E+00  1.414214E+00  7.071068E-01 -7.071068E-01  7.071068E-01                             
0        6     FX    0.000000E+00     ----          ----          ----       0.000000E+00  0.000000E+00                             
               FY       ----       0.000000E+00     ----       0.000000E+00     ----       0.000000E+00                             
               FZ       ----          ----       2.000000E+00  1.000000E+00 -1.000000E+00     ----                                  
               MX       ----          ----          ----       0.000000E+00     ----          ----                                  
               MY       ----          ----          ----          ----       0.000000E+00     ----                                  
               MZ       ----          ----          ----          ----          ----       0.000000E+00                             
             TOTALS  0.000000E+00  0.000000E+00  2.000000E+00  1.000000E+00 -1.000000E+00  0.000000E+00                             
 *** USER INFORMATION MESSAGE - SINGULARITIES FOUND USING EIGENVALUE METHOD
 ***       0 SINGULARITIES FOUND         0 SINGULARITIES ELIMINATED
1                                                                             APRIL  10, 2017  NX NASTRAN  1/ 6/15   PAGE     7
                                                                                                                                    
0                                                                                                            SUBCASE 1              
 *** SYSTEM INFORMATION MESSAGE 6916 (DFMSYN)
     UNABLE TO EXECUTE METIS REORDERING BECAUSE THE MATRIX DENSITY IS TOO HIGH:  48 %.
     DECOMP ORDERING METHOD CHOSEN: DEFAULT, ORDERING METHOD USED: MMD
 *** USER INFORMATION MESSAGE 5293 (SSG3A)
    FOR DATA BLOCK KLL     
    LOAD SEQ. NO.             EPSILON              EXTERNAL WORK      EPSILONS LARGER THAN 0.001 ARE FLAGGED WITH ASTERISKS
                1          3.7802883E-13          2.3769632E-04
                2          5.2259201E-13          8.7328516E-03
                3         -2.7147801E-14          2.1392670E-03
                4         -3.1373172E-14          3.3957532E-04
                5          3.1024922E-13          5.3274089E-05
                6          2.1165700E-13          1.0564282E-04
1                                                                             APRIL  10, 2017  NX NASTRAN  1/ 6/15   PAGE     8
                                                                                                                                    
0                                                                                                            SUBCASE 1              
 
                                             D I S P L A C E M E N T   V E C T O R
 
      POINT ID.   TYPE          T1             T2             T3             R1             R2             R3
             1      G      0.0            0.0            0.0            0.0            0.0            0.0
             2      G      0.0            0.0            1.849060E-04   1.075903E-04  -2.509050E-04   0.0
             3      G      0.0            0.0            5.306318E-04   1.832569E-04  -4.374550E-04   0.0
             4      G      0.0            0.0            9.584964E-04   1.487853E-04  -4.184279E-04   0.0
             5      G      0.0            0.0            1.380235E-03   1.570397E-04  -4.250277E-04   0.0
             6      G      0.0            0.0            0.0            0.0            0.0            0.0
             7      G      0.0            0.0            2.813293E-04   8.587944E-05  -4.250264E-04   0.0
             8      G      0.0            0.0            6.961219E-04   1.454361E-04  -4.052585E-04   0.0
             9      G      0.0            0.0            1.112496E-03   1.578502E-04  -4.273860E-04   0.0
            10      G      0.0            0.0            1.535674E-03   1.526156E-04  -4.189996E-04   0.0
            11      G      0.0            0.0            0.0            0.0            0.0            0.0
            12      G      0.0            0.0            3.525276E-04   5.364261E-05  -5.532264E-04   0.0
            13      G      0.0            0.0            8.446214E-04   1.490672E-04  -4.326534E-04   0.0
            14      G      0.0            0.0            1.269062E-03   1.534545E-04  -4.162818E-04   0.0
            15      G      0.0            0.0            1.690097E-03   1.547270E-04  -4.257477E-04   0.0
1                                                                             APRIL  10, 2017  NX NASTRAN  1/ 6/15   PAGE     9
                                                                                                                                    
0                                                                                                            SUBCASE 2              
 
                                             D I S P L A C E M E N T   V E C T O R
 
      POINT ID.   TYPE          T1             T2             T3             R1             R2             R3
             1      G      0.0            0.0            0.0            0.0            0.0            0.0
             2      G      0.0            0.0            9.307887E-04   5.894791E-04  -1.678897E-03   0.0
             3      G      0.0            0.0            3.590639E-03   1.178617E-03  -3.556803E-03   0.0
             4      G      0.0            0.0            7.601524E-03   1.288297E-03  -4.385871E-03   0.0
             5      G      0.0            0.0            1.219667E-02   1.453738E-03  -4.723647E-03   0.0
             6      G      0.0            0.0            0.0            0.0            0.0            0.0
             7      G      0.0            0.0            1.375760E-03   3.174964E-04  -2.514474E-03   0.0
             8      G      0.0            0.0            4.547941E-03   7.410450E-04  -3.742055E-03   0.0
             9      G      0.0            0.0            8.822020E-03   1.155476E-03  -4.715918E-03   0.0
            10      G      0.0            0.0            1.369313E-02   1.536985E-03  -4.937798E-03   0.0
            11      G      0.0            0.0            0.0            0.0            0.0            0.0
            12      G      0.0            0.0            1.511560E-03  -6.297494E-05  -2.769890E-03   0.0
            13      G      0.0            0.0            5.115516E-03   3.748528E-04  -4.333689E-03   0.0
            14      G      0.0            0.0            9.914829E-03   1.000341E-03  -5.160409E-03   0.0
            15      G      0.0            0.0            1.530021E-02   1.630788E-03  -5.504145E-03   0.0
1                                                                             APRIL  10, 2017  NX NASTRAN  1/ 6/15   PAGE    10
                                                                                                                                    
0                                                                                                            SUBCASE 3              
 
                                             D I S P L A C E M E N T   V E C T O R
 
      POINT ID.   TYPE          T1             T2             T3             R1             R2             R3
             1      G      0.0            0.0            0.0            0.0            0.0            0.0
             2      G      0.0            0.0            1.057583E-03  -1.609278E-04  -1.659679E-03   0.0
             3      G      0.0            0.0            2.533864E-03  -4.472015E-04  -1.297960E-03   0.0
             4      G      0.0            0.0            3.807185E-03  -4.603634E-04  -1.248845E-03   0.0
             5      G      0.0            0.0            5.070291E-03  -4.641809E-04  -1.277243E-03   0.0
             6      G      0.0            0.0            0.0            0.0            0.0            0.0
             7      G      0.0            0.0            8.439878E-04  -2.576383E-04  -1.275079E-03   0.0
             8      G      0.0            0.0            2.088366E-03  -4.363084E-04  -1.215775E-03   0.0
             9      G      0.0            0.0            3.337489E-03  -4.735507E-04  -1.282158E-03   0.0
            10      G      0.0            0.0            4.607020E-03  -4.578469E-04  -1.256999E-03   0.0
            11      G      0.0            0.0            0.0            0.0            0.0            0.0
            12      G      0.0            0.0            5.547179E-04  -3.227710E-04  -7.527150E-04   0.0
            13      G      0.0            0.0            1.591895E-03  -5.497707E-04  -1.312365E-03   0.0
            14      G      0.0            0.0            2.875489E-03  -4.463560E-04  -1.255284E-03   0.0
            15      G      0.0            0.0            4.140705E-03  -4.711190E-04  -1.275083E-03   0.0
1                                                                             APRIL  10, 2017  NX NASTRAN  1/ 6/15   PAGE    11
                                                                                                                                    
0                                                                                                            SUBCASE 4              
 
                                             D I S P L A C E M E N T   V E C T O R
 
      POINT ID.   TYPE          T1             T2             T3             R1             R2             R3
             1      G      0.0            0.0            0.0            0.0            0.0            0.0
             2      G      0.0            0.0            4.527671E-04  -2.183423E-04  -7.333133E-04   0.0
             3      G      0.0            0.0            9.884371E-04  -3.734237E-04  -3.444909E-04   0.0
             4      G      0.0            0.0            1.356201E-03  -2.967407E-04  -3.906876E-04   0.0
             5      G      0.0            0.0            1.738548E-03  -3.148054E-04  -3.740650E-04   0.0
             6      G      0.0            0.0            0.0            0.0            0.0            0.0
             7      G      0.0            0.0            2.522881E-04  -1.717589E-04  -3.708752E-04   0.0
             8      G      0.0            0.0            6.501218E-04  -2.908723E-04  -4.231119E-04   0.0
             9      G      0.0            0.0            1.045998E-03  -3.157005E-04  -3.688905E-04   0.0
            10      G      0.0            0.0            1.425041E-03  -3.052313E-04  -3.891173E-04   0.0
            11      G      0.0            0.0            0.0            0.0            0.0            0.0
            12      G      0.0            0.0            1.175238E-04  -1.041236E-04  -1.286705E-04   0.0
            13      G      0.0            0.0            3.604579E-04  -2.912244E-04  -3.540942E-04   0.0
            14      G      0.0            0.0            7.350701E-04  -3.077389E-04  -3.949798E-04   0.0
            15      G      0.0            0.0            1.118824E-03  -3.087279E-04  -3.726250E-04   0.0
1                                                                             APRIL  10, 2017  NX NASTRAN  1/ 6/15   PAGE    12
                                                                                                                                    
0                                                                                                            SUBCASE 5              
 
                                             D I S P L A C E M E N T   V E C T O R
 
      POINT ID.   TYPE          T1             T2             T3             R1             R2             R3
             1      G      0.0            0.0            0.0            0.0            0.0            0.0
             2      G      5.392276E-07   1.419581E-06   1.661831E-04  -2.528737E-05  -2.607934E-04   6.679406E-07
             3      G      5.512107E-07   1.660258E-06   3.981584E-04  -7.027093E-05  -2.039548E-04   4.256972E-07
             4      G      5.781483E-07   2.201877E-06   5.982415E-04  -7.233912E-05  -1.962371E-04   5.281718E-07
             5      G      5.768081E-07   2.724410E-06   7.967193E-04  -7.293899E-05  -2.006994E-04   5.220934E-07
             6      G      0.0            0.0            0.0            0.0            0.0            0.0
             7      G      3.347526E-08   1.141181E-06   1.326199E-04  -4.048396E-05  -2.003594E-04   6.783221E-07
             8      G      9.096453E-08   1.696223E-06   3.281550E-04  -6.855925E-05  -1.910407E-04   5.250230E-07
             9      G      5.388067E-08   2.202650E-06   5.244357E-04  -7.441131E-05  -2.014717E-04   5.149732E-07
            10      G      5.515420E-08   2.723267E-06   7.239234E-04  -7.194370E-05  -1.975183E-04   5.188131E-07
            11      G      0.0            0.0            0.0            0.0            0.0            0.0
            12      G     -4.778373E-07   9.917781E-07   8.716551E-05  -5.071857E-05  -1.182777E-04   6.798483E-07
            13      G     -4.874112E-07   1.696768E-06   2.501422E-04  -8.638812E-05  -2.062183E-04   5.946846E-07
            14      G     -4.547006E-07   2.213765E-06   4.518395E-04  -7.013807E-05  -1.972488E-04   5.093153E-07
            15      G     -4.572109E-07   2.716867E-06   6.506490E-04  -7.402922E-05  -2.003600E-04   5.077334E-07
1                                                                             APRIL  10, 2017  NX NASTRAN  1/ 6/15   PAGE    13
                                                                                                                                    
0                                                                                                            SUBCASE 6              
 
                                             D I S P L A C E M E N T   V E C T O R
 
      POINT ID.   TYPE          T1             T2             T3             R1             R2             R3
             1      G      0.0            0.0            0.0            0.0            0.0            0.0
             2      G      0.0            0.0            2.350184E-04  -3.576174E-05  -3.688176E-04   0.0
             3      G      0.0            0.0            5.630809E-04  -9.937811E-05  -2.884356E-04   0.0
             4      G      0.0            0.0            8.460412E-04  -1.023030E-04  -2.775212E-04   0.0
             5      G      0.0            0.0            1.126731E-03  -1.031513E-04  -2.838318E-04   0.0
             6      G      0.0            0.0            0.0            0.0            0.0            0.0
             7      G      0.0            0.0            1.875529E-04  -5.725296E-05  -2.833509E-04   0.0
             8      G      0.0            0.0            4.640813E-04  -9.695742E-05  -2.701723E-04   0.0
             9      G      0.0            0.0            7.416641E-04  -1.052335E-04  -2.849240E-04   0.0
            10      G      0.0            0.0            1.023782E-03  -1.017438E-04  -2.793331E-04   0.0
            11      G      0.0            0.0            0.0            0.0            0.0            0.0
            12      G      0.0            0.0            1.232706E-04  -7.172689E-05  -1.672700E-04   0.0
            13      G      0.0            0.0            3.537545E-04  -1.221713E-04  -2.916367E-04   0.0
            14      G      0.0            0.0            6.389976E-04  -9.919021E-05  -2.789519E-04   0.0
            15      G      0.0            0.0            9.201566E-04  -1.046931E-04  -2.833518E-04   0.0
1                                                                             APRIL  10, 2017  NX NASTRAN  1/ 6/15   PAGE    14
                                                                                                                                    
0                                                                                                                                   
1                                                                             APRIL  10, 2017  NX NASTRAN  1/ 6/15   PAGE    15
                                                                                                                                    
0                                                                                                                                   
 * * * *  D B D I C T   P R I N T  * * * *      SUBDMAP = PRTSUM  ,  DMAP STATEMENT NO.     31



0                                   * * * *  A N A L Y S I S  S U M M A R Y  T A B L E  * * * *
0 SEID  PEID PROJ VERS APRCH      SEMG SEMR SEKR SELG SELR MODES DYNRED SOLLIN PVALID SOLNL LOOPID DESIGN CYCLE SENSITIVITY
 --------------------------------------------------------------------------------------------------------------------------
     0     0    1    1 '        '    T    T    T    T    T     F      F      T      0     F     -1            0           F
0SEID = SUPERELEMENT ID.
 PEID = PRIMARY SUPERELEMENT ID OF IMAGE SUPERELEMENT.
 PROJ = PROJECT ID NUMBER.
 VERS = VERSION ID.
 APRCH = BLANK FOR STRUCTURAL ANALYSIS.  HEAT FOR HEAT TRANSFER ANALYSIS.
 SEMG = STIFFNESS AND MASS MATRIX GENERATION STEP.
 SEMR = MASS MATRIX REDUCTION STEP (INCLUDES EIGENVALUE SOLUTION FOR MODES).
 SEKR = STIFFNESS MATRIX REDUCTION STEP.
 SELG = LOAD MATRIX GENERATION STEP.
 SELR = LOAD MATRIX REDUCTION STEP. 
 MODES = T (TRUE) IF NORMAL MODES OR BUCKLING MODES CALCULATED.
 DYNRED = T (TRUE) MEANS GENERALIZED DYNAMIC AND/OR COMPONENT MODE REDUCTION PERFORMED.
 SOLLIN = T (TRUE) IF LINEAR SOLUTION EXISTS IN DATABASE.
 PVALID = P-DISTRIBUTION ID OF P-VALUE FOR P-ELEMENTS
 LOOPID = THE LAST LOOPID VALUE USED IN THE NONLINEAR ANALYSIS.  USEFUL FOR RESTARTS.
 SOLNL = T (TRUE) IF NONLINEAR SOLUTION EXISTS IN DATABASE.
 DESIGN CYCLE = THE LAST DESIGN CYCLE (ONLY VALID IN OPTIMIZATION).
 SENSITIVITY = SENSITIVITY MATRIX GENERATION FLAG.
1                                        * * * END OF JOB * * *
 
 
