1
 
 
 
 
                     THIS PROGRAM IS CONFIDENTIAL AND A TRADE SECRET OF MSC.SOFTWARE CORPORATION.  THE RECEIPT OR    
                  POSSESSION OF THIS PROGRAM DOES NOT CONVEY ANY RIGHTS TO REPRODUCE OR DISCLOSE ITS CONTENTS, OR TO 
                 MANUFACTURE, USE, OR SELL ANYTHING HEREIN, IN WHOLE OR IN PART, WITHOUT THE SPECIFIC WRITTEN CONSENT
                                                    OF MSC.SOFTWARE CORPORATION.                                     
 
 
                                              * * * * * * * * * * * * * * * * * * * *
                                              * * * * * * * * * * * * * * * * * * * *
                                              * *                                 * *
                                              * *           MSC.SOFTWARE          * *
                                              * *               CORP              * *
                                              * *                                 * *
                                              * *      M S C . N a s t r a n      * *
                                              * *                                 * *
                                              * *                                 * *
                                              * *                                 * *
                                              * *        Version 2005.1.0         * *
                                              * *             2005R2              * *
                                              * *                                 * *
                                              * *                                 * *
                                              * *          JUN 17, 2005           * *
                                              * *                                 * *
                                              * *              Intel              * *
                                              * *MODEL PentiumIII/6933 (sdoyle-de * *
                                              * *   Windows XP 6.1 (Build 7601)   * *
                                              * *                                 * *
                                              * *                                 * *
                                              * * * * * * * * * * * * * * * * * * * *
                                              * * * * * * * * * * * * * * * * * * * *
1                                                                           OCTOBER   9, 2013  MSC.NASTRAN  6/17/05   PAGE     1
                                                                                                                                    
0        N A S T R A N    F I L E    A N D    S Y S T E M    P A R A M E T E R    E C H O                                           
0                                                                                                                                   
                                                                                                                                    
                                                                                                                                    
     NASTRAN OP2NEW=0 $ MSC.NASTRAN .LCL FILE                                        
     NASTRAN BUFFSIZE=8193 $(C:/MSC.SOFTWARE/MSC.NASTRAN/CONF/NAST20051.RCF[2])      
     NASTRAN REAL=2144075776 $(PROGRAM DEFAULT)                                      
     $EXECUTIVE CONTROL DECK                                                         
1                                                                           OCTOBER   9, 2013  MSC.NASTRAN  6/17/05   PAGE     2
                                                                                                                                    
0        N A S T R A N    E X E C U T I V E    C O N T R O L    E C H O                                                             
0                                                                                                                                   
                                                                                                                                    
                                                                                                                                    
     SOL 101                                                                                 
     CEND                                                                                    
1    TEST_CBEAM                                                             OCTOBER   9, 2013  MSC.NASTRAN  6/17/05   PAGE     3
                                                                                                                                    
0                                                                                                                                   
0                                        C A S E    C O N T R O L    E C H O                                                        
                 COMMAND                                                                                                            
                 COUNT                                                                                                              
                  1      $CASE CONTROL DECK                                                                      
                  2      TITLE = TEST_CBEAM                                                                      
                  3      ECHO = NONE                                                                             
                  4      SUBCASE 1                                                                               
                  5        SUBTITLE = BENDING                                                                    
                  6        LOAD = 1000                                                                           
                  7        SPC = 1                                                                               
                  8        DISPLACEMENT(SORT1,REAL) = ALL                                                        
                  9        STRESS(SORT1,REAL,VONMISES,BILIN) = ALL                                               
                 10      BEGIN BULK                                                                              
0                             INPUT BULK DATA ENTRY COUNT =      40
0                       TOTAL COUNT=        27


                                        M O D E L   S U M M A R Y

                                   NUMBER OF GRID     POINTS   =        8
 
                                   NUMBER OF CBEAM    ELEMENTS =        3
 
 *** USER INFORMATION MESSAGE 4109 (OUTPX2)
     THE LABEL IS XXXXXXXX FOR FORTRAN UNIT 12
     (MAXIMUM SIZE OF FORTRAN RECORDS WRITTEN =        7 WORDS.)
     (NUMBER OF FORTRAN RECORDS WRITTEN =          8 RECORDS.)
     (TOTAL DATA WRITTEN FOR TAPE LABEL = WORDS.)
 *** USER INFORMATION MESSAGE 4114 (OUTPX2)
     DATA BLOCK GEOM1X   WRITTEN ON FORTRAN UNIT 12, TRL =
                    101                 0                 0                 8                 0                 0                 0
     NAME OF DATA BLOCK WRITTEN ON FORTRAN UNIT IS GEOM1.
        (MAXIMUM POSSIBLE FORTRAN RECORD SIZE =       16386 WORDS.)
     (MAXIMUM SIZE OF FORTRAN RECORDS WRITTEN =          67 WORDS.)
           (NUMBER OF FORTRAN RECORDS WRITTEN =          20 RECORDS.)
           (TOTAL DATA WRITTEN FOR DATA BLOCK =          98 WORDS.)
 *** USER INFORMATION MESSAGE 4114 (OUTPX2)
     DATA BLOCK GEOM2X   WRITTEN ON FORTRAN UNIT 12, TRL =
                    102                 0                 0                 0              1024                 0                 0
     NAME OF DATA BLOCK WRITTEN ON FORTRAN UNIT IS GEOM2.
        (MAXIMUM POSSIBLE FORTRAN RECORD SIZE =       16386 WORDS.)
     (MAXIMUM SIZE OF FORTRAN RECORDS WRITTEN =          57 WORDS.)
           (NUMBER OF FORTRAN RECORDS WRITTEN =          20 RECORDS.)
           (TOTAL DATA WRITTEN FOR DATA BLOCK =          88 WORDS.)
1    TEST_CBEAM                                                             OCTOBER   9, 2013  MSC.NASTRAN  6/17/05   PAGE     4
                                                                                                                                    
0                                                                                                                                   
0                                                                                                                                   
                                                                                                                                    
                                                                                                                                    
 *** USER INFORMATION MESSAGE 4114 (OUTPX2)
     DATA BLOCK GEOM3X   WRITTEN ON FORTRAN UNIT 12, TRL =
                    103                 0                 0                 0                 0              2048                 0
     NAME OF DATA BLOCK WRITTEN ON FORTRAN UNIT IS GEOM3.
        (MAXIMUM POSSIBLE FORTRAN RECORD SIZE =       16386 WORDS.)
     (MAXIMUM SIZE OF FORTRAN RECORDS WRITTEN =          51 WORDS.)
           (NUMBER OF FORTRAN RECORDS WRITTEN =          20 RECORDS.)
           (TOTAL DATA WRITTEN FOR DATA BLOCK =          82 WORDS.)
 *** USER INFORMATION MESSAGE 4114 (OUTPX2)
     DATA BLOCK GEOM4X   WRITTEN ON FORTRAN UNIT 12, TRL =
                    104                 0                 0                 0               512                 0                 0
     NAME OF DATA BLOCK WRITTEN ON FORTRAN UNIT IS GEOM4.
        (MAXIMUM POSSIBLE FORTRAN RECORD SIZE =       16386 WORDS.)
     (MAXIMUM SIZE OF FORTRAN RECORDS WRITTEN =           7 WORDS.)
           (NUMBER OF FORTRAN RECORDS WRITTEN =          20 RECORDS.)
           (TOTAL DATA WRITTEN FOR DATA BLOCK =          38 WORDS.)
 *** USER INFORMATION MESSAGE 4114 (OUTPX2)
     DATA BLOCK EPTX     WRITTEN ON FORTRAN UNIT 12, TRL =
                    105                 0                 0                 0              1024                 0                 0
     NAME OF DATA BLOCK WRITTEN ON FORTRAN UNIT IS EPT.
        (MAXIMUM POSSIBLE FORTRAN RECORD SIZE =       16386 WORDS.)
     (MAXIMUM SIZE OF FORTRAN RECORDS WRITTEN =         594 WORDS.)
           (NUMBER OF FORTRAN RECORDS WRITTEN =          20 RECORDS.)
           (TOTAL DATA WRITTEN FOR DATA BLOCK =         625 WORDS.)
 *** USER INFORMATION MESSAGE 4114 (OUTPX2)
     DATA BLOCK MPTS     WRITTEN ON FORTRAN UNIT 12, TRL =
                    101             32768                 0                 0                 0                 0                 0
     NAME OF DATA BLOCK WRITTEN ON FORTRAN UNIT IS MPTS.
        (MAXIMUM POSSIBLE FORTRAN RECORD SIZE =       16386 WORDS.)
     (MAXIMUM SIZE OF FORTRAN RECORDS WRITTEN =          15 WORDS.)
           (NUMBER OF FORTRAN RECORDS WRITTEN =          20 RECORDS.)
           (TOTAL DATA WRITTEN FOR DATA BLOCK =          46 WORDS.)
1    TEST_CBEAM                                                             OCTOBER   9, 2013  MSC.NASTRAN  6/17/05   PAGE     5
                                                                                                                                    
0                                                                                                                                   
 *** USER INFORMATION MESSAGE 7310 (VECPRN)
     ORIGIN OF SUPERELEMENT BASIC COORDINATE SYSTEM WILL BE USED AS REFERENCE LOCATION.
     RESULTANTS ABOUT ORIGIN OF SUPERELEMENT BASIC COORDINATE SYSTEM IN SUPERELEMENT BASIC SYSTEM COORDINATES.
0                                                  OLOAD    RESULTANT       
  SUBCASE/    LOAD
  DAREA ID    TYPE       T1            T2            T3            R1            R2            R3
0        1     FX   -2.520457E+00     ----          ----          ----       1.041117E-01  1.697138E+00                             
               FY       ----       0.000000E+00     ----      -8.597358E-03     ----       1.126685E-03                             
               FZ       ----          ----       2.220446E-16 -6.185220E-01  1.844637E-02     ----                                  
               MX       ----          ----          ----      -1.097119E-01     ----          ----                                  
               MY       ----          ----          ----          ----      -1.799196E-02     ----                                  
               MZ       ----          ----          ----          ----          ----       1.972803E-02                             
             TOTALS -2.520457E+00  0.000000E+00  2.220446E-16 -7.368313E-01  1.045661E-01  1.717993E+00
1    TEST_CBEAM                                                             OCTOBER   9, 2013  MSC.NASTRAN  6/17/05   PAGE     6
                                                                                                                                    
0                                                                                                            SUBCASE 1              
 *** SYSTEM INFORMATION MESSAGE 6916 (DFMSYN)
     DECOMP ORDERING METHOD CHOSEN: BEND, ORDERING METHOD USED: BEND
  
 *** SYSTEM INFORMATION MESSAGE 4159 (DFMSA)
     THE DECOMPOSITION OF KLL      YIELDS A MAXIMUM MATRIX-TO-FACTOR-DIAGONAL RATIO OF    5.052052E+01
 *** USER INFORMATION MESSAGE 5293 (SSG3A)
    FOR DATA BLOCK KLL     
    LOAD SEQ. NO.             EPSILON              EXTERNAL WORK      EPSILONS LARGER THAN 0.001 ARE FLAGGED WITH ASTERISKS
                1         -4.3844069E-15          1.8877414E-01
 *** USER INFORMATION MESSAGE 4114 (OUTPX2)
     DATA BLOCK OUGV1    WRITTEN ON FORTRAN UNIT 12, TRL =
                    101                 0                64                 0                 0                 0                 1
     NAME OF DATA BLOCK WRITTEN ON FORTRAN UNIT IS OUGV1.
        (MAXIMUM POSSIBLE FORTRAN RECORD SIZE =       16386 WORDS.)
     (MAXIMUM SIZE OF FORTRAN RECORDS WRITTEN =         146 WORDS.)
           (NUMBER OF FORTRAN RECORDS WRITTEN =          20 RECORDS.)
           (TOTAL DATA WRITTEN FOR DATA BLOCK =         243 WORDS.)
1    TEST_CBEAM                                                             OCTOBER   9, 2013  MSC.NASTRAN  6/17/05   PAGE     7
      BENDING                                                                                                                       
0                                                                                                            SUBCASE 1              
 
                                             D I S P L A C E M E N T   V E C T O R
 
      POINT ID.   TYPE          T1             T2             T3             R1             R2             R3
           101      G      0.0            0.0            0.0            0.0            0.0            0.0
           102      G      0.0            0.0            0.0            0.0            0.0            0.0
           103      G     -5.073651E-02   4.025722E-03   3.926755E-02   1.298539E-01   5.188334E-03   1.698870E-01
           104      G      0.0            0.0            0.0            0.0            0.0            0.0
           105      G     -3.641019E-01   8.258034E-03   1.352675E-01   2.732530E-01  -5.066504E-02   1.004305E+00
           106      G      0.0            0.0            0.0            0.0            0.0            0.0
           107      G     -5.789157E-01   9.572170E-03   1.533060E-01   1.151010E-01  -4.006374E-01   2.372274E+00
           108      G      0.0            0.0            0.0            0.0            0.0            0.0
1    TEST_CBEAM                                                             OCTOBER   9, 2013  MSC.NASTRAN  6/17/05   PAGE     8
                                                                                                                                    
0                                                                                                                                   
1    TEST_CBEAM                                                             OCTOBER   9, 2013  MSC.NASTRAN  6/17/05   PAGE     9
      BENDING                                                                                                                       
0                                                                                                            SUBCASE 1              
 
                                  S T R E S S E S   I N   B E A M   E L E M E N T S        ( C B E A M )
                    STAT DIST/
   ELEMENT-ID  GRID   LENGTH    SXC           SXD           SXE           SXF           S-MAX         S-MIN         M.S.-T   M.S.-C
0       200
                101   0.000   -3.803451E+01 -3.803451E+01 -3.803451E+01 -3.803451E+01 -3.803451E+01 -3.803451E+01          
                103   1.000   -2.950663E+01 -2.950663E+01 -2.950663E+01 -2.950663E+01 -2.950663E+01 -2.950663E+01          
0       201
                103   0.000   -9.548038E+01 -9.548038E+01 -9.548038E+01 -9.548038E+01 -9.548038E+01 -9.548038E+01          
                105   1.000   -2.355926E+01 -2.355926E+01 -2.355926E+01 -2.355926E+01 -2.355926E+01 -2.355926E+01          
0       202
                105   0.000   -2.429107E+02 -2.429107E+02 -2.429107E+02 -2.429107E+02 -2.429107E+02 -2.429107E+02          
                107   1.000    0.0           0.0           0.0           0.0           0.0           0.0                   
1    TEST_CBEAM                                                             OCTOBER   9, 2013  MSC.NASTRAN  6/17/05   PAGE    10
                                                                                                                                    
0                                                                                                                                   
 *** USER INFORMATION MESSAGE 4114 (OUTPX2)
     DATA BLOCK OES1X1   WRITTEN ON FORTRAN UNIT 12, TRL =
                    101                 0                 1                 1                 0                 0                 0
     NAME OF DATA BLOCK WRITTEN ON FORTRAN UNIT IS OES1X1.
        (MAXIMUM POSSIBLE FORTRAN RECORD SIZE =       16386 WORDS.)
     (MAXIMUM SIZE OF FORTRAN RECORDS WRITTEN =         333 WORDS.)
           (NUMBER OF FORTRAN RECORDS WRITTEN =          20 RECORDS.)
           (TOTAL DATA WRITTEN FOR DATA BLOCK =         507 WORDS.)
 *** USER INFORMATION MESSAGE 4110 (OUTPX2)
                                 END-OF-DATA SIMULATION ON FORTRAN UNIT 12
                                 (MAXIMUM SIZE OF FORTRAN RECORDS WRITTEN =      1 WORDS.)
                                       (NUMBER OF FORTRAN RECORDS WRITTEN =      1 RECORDS.)
                                       (TOTAL DATA WRITTEN FOR EOF MARKER =      1 WORDS.)
1    TEST_CBEAM                                                             OCTOBER   9, 2013  MSC.NASTRAN  6/17/05   PAGE    11
                                                                                                                                    
0                                                                                                                                   
 * * * *  D B D I C T   P R I N T  * * * *      SUBDMAP = PRTSUM  ,  DMAP STATEMENT NO.     30



0                                   * * * *  A N A L Y S I S  S U M M A R Y  T A B L E  * * * *
0 SEID  PEID PROJ VERS APRCH      SEMG SEMR SEKR SELG SELR MODES DYNRED SOLLIN PVALID SOLNL LOOPID DESIGN CYCLE SENSITIVITY
 --------------------------------------------------------------------------------------------------------------------------
     0     0    1    1 '        '    T    T    T    T    T     F      F      T      0     F     -1            0           F
0SEID = SUPERELEMENT ID.
 PEID = PRIMARY SUPERELEMENT ID OF IMAGE SUPERELEMENT.
 PROJ = PROJECT ID NUMBER.
 VERS = VERSION ID.
 APRCH = BLANK FOR STRUCTURAL ANALYSIS.  HEAT FOR HEAT TRANSFER ANALYSIS.
 SEMG = STIFFNESS AND MASS MATRIX GENERATION STEP.
 SEMR = MASS MATRIX REDUCTION STEP (INCLUDES EIGENVALUE SOLUTION FOR MODES).
 SEKR = STIFFNESS MATRIX REDUCTION STEP.
 SELG = LOAD MATRIX GENERATION STEP.
 SELR = LOAD MATRIX REDUCTION STEP. 
 MODES = T (TRUE) IF NORMAL MODES OR BUCKLING MODES CALCULATED.
 DYNRED = T (TRUE) MEANS GENERALIZED DYNAMIC AND/OR COMPONENT MODE REDUCTION PERFORMED.
 SOLLIN = T (TRUE) IF LINEAR SOLUTION EXISTS IN DATABASE.
 PVALID = P-DISTRIBUTION ID OF P-VALUE FOR P-ELEMENTS
 LOOPID = THE LAST LOOPID VALUE USED IN THE NONLINEAR ANALYSIS.  USEFUL FOR RESTARTS.
 SOLNL = T (TRUE) IF NONLINEAR SOLUTION EXISTS IN DATABASE.
 DESIGN CYCLE = THE LAST DESIGN CYCLE (ONLY VALID IN OPTIMIZATION).
 SENSITIVITY = SENSITIVITY MATRIX GENERATION FLAG.
 
 No PARAM values were set in the Control File.
 
1                                        * * * END OF JOB * * *
 
 
