1
 
 
 
 
                     THIS PROGRAM IS CONFIDENTIAL AND A TRADE SECRET OF MSC.SOFTWARE CORPORATION.  THE RECEIPT OR    
                  POSSESSION OF THIS PROGRAM DOES NOT CONVEY ANY RIGHTS TO REPRODUCE OR DISCLOSE ITS CONTENTS, OR TO 
                 MANUFACTURE, USE, OR SELL ANYTHING HEREIN, IN WHOLE OR IN PART, WITHOUT THE SPECIFIC WRITTEN CONSENT
                                                    OF MSC.SOFTWARE CORPORATION.                                     
 
 
                                              * * * * * * * * * * * * * * * * * * * *
                                              * * * * * * * * * * * * * * * * * * * *
                                              * *                                 * *
                                              * *           MSC.SOFTWARE          * *
                                              * *               CORP              * *
                                              * *                                 * *
                                              * *      M S C . N a s t r a n      * *
                                              * *                                 * *
                                              * *                                 * *
                                              * *                                 * *
                                              * *        Version 2005.1.0         * *
                                              * *             2005R2              * *
                                              * *                                 * *
                                              * *                                 * *
                                              * *          JUN 17, 2005           * *
                                              * *                                 * *
                                              * *              Intel              * *
                                              * *MODEL PentiumIII/6667 (sdoyle-de * *
                                              * *   Windows XP 6.1 (Build 7601)   * *
                                              * *                                 * *
                                              * *                                 * *
                                              * * * * * * * * * * * * * * * * * * * *
                                              * * * * * * * * * * * * * * * * * * * *
1                                                                           OCTOBER  28, 2013  MSC.NASTRAN  6/17/05   PAGE     1
                                                                                                                                    
0        N A S T R A N    F I L E    A N D    S Y S T E M    P A R A M E T E R    E C H O                                           
0                                                                                                                                   
                                                                                                                                    
                                                                                                                                    
     NASTRAN OP2NEW=0 $ MSC.NASTRAN .LCL FILE                                        
     NASTRAN BUFFSIZE=8193 $(C:/MSC.SOFTWARE/MSC.NASTRAN/CONF/NAST20051.RCF[2])      
     NASTRAN REAL=2144075776 $(PROGRAM DEFAULT)                                      
     $EXECUTIVE CONTROL DECK                                                         
1                                                                           OCTOBER  28, 2013  MSC.NASTRAN  6/17/05   PAGE     2
                                                                                                                                    
0        N A S T R A N    E X E C U T I V E    C O N T R O L    E C H O                                                             
0                                                                                                                                   
                                                                                                                                    
                                                                                                                                    
     SOL 101                                                                                 
     CEND                                                                                    
1    PYNASTRAN TEST                                                         OCTOBER  28, 2013  MSC.NASTRAN  6/17/05   PAGE     3
                                                                                                                                    
0                                                                                                                                   
0                                        C A S E    C O N T R O L    E C H O                                                        
                 COMMAND                                                                                                            
                 COUNT                                                                                                              
                  1      $CASE CONTROL DECK                                                                      
                  2      TITLE = PYNASTRAN TEST                                                                  
                  3      SUBCASE 1                                                                               
                  4          SUBTITLE = P.662 11.2.2 (CURTIS)                                                    
                  5          LOAD = 123                                                                          
                  6          OLOAD = ALL                                                                         
                  7          SPCFORCE(PLOT,PRINT)  = ALL                                                         
                  8          FORCE(PLOT,PRINT)  = ALL                                                            
                  9          DISP(PLOT,PRINT)   = ALL                                                            
                 10          STRESS(PLOT,PRINT) = ALL                                                            
                 11          STRAIN(PLOT,PRINT) = ALL                                                            
                 12      BEGIN BULK                                                                              
 *** USER WARNING MESSAGE 324 (XSORSO)
     BLANK ENTRIES ENCOUNTERED WILL BE IGNORED.
0                             INPUT BULK DATA ENTRY COUNT =      43
1    PYNASTRAN TEST                                                         OCTOBER  28, 2013  MSC.NASTRAN  6/17/05   PAGE     4
                                                                                                                                    
0                                                                                                                                   
0                                                 S O R T E D   B U L K   D A T A   E C H O                                         
                 ENTRY                                                                                                              
                 COUNT        .   1  ..   2  ..   3  ..   4  ..   5  ..   6  ..   7  ..   8  ..   9  ..  10  .                      
                    1-        CROD    1       2       1       3                                               
                    2-        CROD    2       2       2       4                                               
                    3-        CROD    3       2       1       5                                               
                    4-        CROD    4       2       2       6                                               
                    5-        CROD    5       2       1       2                                               
                    6-        CSHEAR  6       1       2       4       8       6                               
                    7-        CSHEAR  7       1       1       2       4       3                               
                    8-        CSHEAR  8       1       1       3       7       5                               
                    9-        CSHEAR  9       1       1       2       6       5                               
                   10-        FORCE   123     1               5000.   0.      -1.     0.                      
                   11-        GRID    1               1.      0.      0.5                                     
                   12-        GRID    2               1.      0.5     0.5                                     
                   13-        GRID    3               0.      0.      0.5             123456                  
                   14-        GRID    4               0.      0.5     0.5             123456                  
                   15-        GRID    5               1.      0.      0.              123456                  
                   16-        GRID    6               1.      0.5     0.              123456                  
                   17-        GRID    7               0.      0.      0.              123456                  
                   18-        GRID    8               0.      0.5     0.              123456                  
                   19-        MAT1    100     70.+9           .29                                             
                   20-        PROD    2       100     .000650 0.0     1.0     0.0                             
                   21-        PSHEAR  1       100     0.002   0.0     0.0     0.0                             
                   22-        SPOINT  9                                                                       
                              ENDDATA 
0                       TOTAL COUNT=        23


                                        M O D E L   S U M M A R Y

                                   NUMBER OF GRID     POINTS   =        8
                                   NUMBER OF SPOINT   ENTRIES  =        1
 
                                   NUMBER OF CROD     ELEMENTS =        5
                                   NUMBER OF CSHEAR   ELEMENTS =        4
 
1    PYNASTRAN TEST                                                         OCTOBER  28, 2013  MSC.NASTRAN  6/17/05   PAGE     5
                                                                                                                                    
0                                                                                                                                   
 *** USER INFORMATION MESSAGE 7310 (VECPRN)
     ORIGIN OF SUPERELEMENT BASIC COORDINATE SYSTEM WILL BE USED AS REFERENCE LOCATION.
     RESULTANTS ABOUT ORIGIN OF SUPERELEMENT BASIC COORDINATE SYSTEM IN SUPERELEMENT BASIC SYSTEM COORDINATES.
0                                                  OLOAD    RESULTANT       
  SUBCASE/    LOAD
  DAREA ID    TYPE       T1            T2            T3            R1            R2            R3
0        1     FX    0.000000E+00     ----          ----          ----       0.000000E+00  0.000000E+00                             
               FY       ----      -5.000000E+03     ----       2.500000E+03     ----      -5.000000E+03                             
               FZ       ----          ----       0.000000E+00  0.000000E+00  0.000000E+00     ----                                  
               MX       ----          ----          ----       0.000000E+00     ----          ----                                  
               MY       ----          ----          ----          ----       0.000000E+00     ----                                  
               MZ       ----          ----          ----          ----          ----       0.000000E+00                             
             TOTALS  0.000000E+00 -5.000000E+03  0.000000E+00  2.500000E+03  0.000000E+00 -5.000000E+03
1    PYNASTRAN TEST                                                         OCTOBER  28, 2013  MSC.NASTRAN  6/17/05   PAGE     6
                                                                                                                                    
0                                                                                                            SUBCASE 1              
0                                         G R I D   P O I N T   S I N G U L A R I T Y   T A B L E
0                             POINT    TYPE   FAILED      STIFFNESS       OLD USET           NEW USET
                               ID            DIRECTION      RATIO     EXCLUSIVE  UNION   EXCLUSIVE  UNION
                                1        G      4         0.00E+00          B        F         SB       SB   *
                                1        G      5         0.00E+00          B        F         SB       SB   *
                                1        G      6         0.00E+00          B        F         SB       SB   *
                                2        G      4         0.00E+00          B        F         SB       SB   *
                                2        G      5         0.00E+00          B        F         SB       SB   *
                                2        G      6         0.00E+00          B        F         SB       SB   *
                                9        S      0         0.00E+00          B        F         SB       SB   *
1    PYNASTRAN TEST                                                         OCTOBER  28, 2013  MSC.NASTRAN  6/17/05   PAGE     7
                                                                                                                                    
0                                                                                                            SUBCASE 1              
 *** SYSTEM INFORMATION MESSAGE 6916 (DFMSYN)
     DECOMP ORDERING METHOD CHOSEN: BEND, ORDERING METHOD USED: BEND
  
 *** SYSTEM INFORMATION MESSAGE 4159 (DFMSA)
     THE DECOMPOSITION OF KLL      YIELDS A MAXIMUM MATRIX-TO-FACTOR-DIAGONAL RATIO OF    2.034279E+00
 *** USER INFORMATION MESSAGE 5293 (SSG3A)
    FOR DATA BLOCK KLL     
    LOAD SEQ. NO.             EPSILON              EXTERNAL WORK      EPSILONS LARGER THAN 0.001 ARE FLAGGED WITH ASTERISKS
                1          4.5290232E-16          2.4169990E-01
1    PYNASTRAN TEST                                                         OCTOBER  28, 2013  MSC.NASTRAN  6/17/05   PAGE     8
                                                                                                                                    
0                                                                                                                                   
 *** USER INFORMATION MESSAGE 7310 (VECPRN)
     ORIGIN OF SUPERELEMENT BASIC COORDINATE SYSTEM WILL BE USED AS REFERENCE LOCATION.
     RESULTANTS ABOUT ORIGIN OF SUPERELEMENT BASIC COORDINATE SYSTEM IN SUPERELEMENT BASIC SYSTEM COORDINATES.
0                                                  SPCFORCE RESULTANT       
  SUBCASE/    LOAD
  DAREA ID    TYPE       T1            T2            T3            R1            R2            R3
0        1     FX    0.000000E+00     ----          ----          ----       0.000000E+00  1.382514E+03                             
               FY       ----       5.000000E+03     ----      -6.912568E+02     ----       3.617486E+03                             
               FZ       ----          ----       0.000000E+00 -1.808743E+03  0.000000E+00     ----                                  
               MX       ----          ----          ----       0.000000E+00     ----          ----                                  
               MY       ----          ----          ----          ----       0.000000E+00     ----                                  
               MZ       ----          ----          ----          ----          ----       0.000000E+00                             
             TOTALS  0.000000E+00  5.000000E+03  0.000000E+00 -2.500000E+03  0.000000E+00  5.000000E+03
1    PYNASTRAN TEST                                                         OCTOBER  28, 2013  MSC.NASTRAN  6/17/05   PAGE     9
      P.662 11.2.2 (CURTIS)                                                                                                         
0                                                                                                            SUBCASE 1              
 
                                             D I S P L A C E M E N T   V E C T O R
 
      POINT ID.   TYPE          T1             T2             T3             R1             R2             R3
             1      G     -1.599410E-05  -9.667996E-05  -1.627859E-05   0.0            0.0            0.0
             2      G      1.599410E-05  -6.920743E-05   1.627859E-05   0.0            0.0            0.0
             3      G      0.0            0.0            0.0            0.0            0.0            0.0
             4      G      0.0            0.0            0.0            0.0            0.0            0.0
             5      G      0.0            0.0            0.0            0.0            0.0            0.0
             6      G      0.0            0.0            0.0            0.0            0.0            0.0
             7      G      0.0            0.0            0.0            0.0            0.0            0.0
             8      G      0.0            0.0            0.0            0.0            0.0            0.0
             9      S      0.0                             
1    PYNASTRAN TEST                                                         OCTOBER  28, 2013  MSC.NASTRAN  6/17/05   PAGE    10
      P.662 11.2.2 (CURTIS)                                                                                                         
0                                                                                                            SUBCASE 1              
 
                                                     L O A D   V E C T O R
 
      POINT ID.   TYPE          T1             T2             T3             R1             R2             R3
             1      G      0.0           -5.000000E+03   0.0            0.0            0.0            0.0
             9      S      0.0                             
1    PYNASTRAN TEST                                                         OCTOBER  28, 2013  MSC.NASTRAN  6/17/05   PAGE    11
      P.662 11.2.2 (CURTIS)                                                                                                         
0                                                                                                            SUBCASE 1              
 
                               F O R C E S   O F   S I N G L E - P O I N T   C O N S T R A I N T
 
      POINT ID.   TYPE          T1             T2             T3             R1             R2             R3
             3      G      1.455463E+03   6.912568E+02   3.273911E+02   0.0            0.0            0.0
             4      G     -1.455463E+03   6.912568E+02  -3.273911E+02   0.0            0.0            0.0
             5      G      6.547821E+02   1.808743E+03   2.962704E+03   0.0            0.0            0.0
             6      G     -6.547821E+02   1.808743E+03  -2.962704E+03   0.0            0.0            0.0
             7      G      6.547821E+02   0.0            3.273911E+02   0.0            0.0            0.0
             8      G     -6.547821E+02   0.0           -3.273911E+02   0.0            0.0            0.0
             9      S      0.0                             
1    PYNASTRAN TEST                                                         OCTOBER  28, 2013  MSC.NASTRAN  6/17/05   PAGE    12
                                                                                                                                    
0                                                                                                                                   
1    PYNASTRAN TEST                                                         OCTOBER  28, 2013  MSC.NASTRAN  6/17/05   PAGE    13
      P.662 11.2.2 (CURTIS)                                                                                                         
0                                                                                                            SUBCASE 1              
 
                                           F O R C E S   I N   R O D   E L E M E N T S     ( C R O D )
       ELEMENT           AXIAL                                     ELEMENT           AXIAL
         ID.             FORCE          TORQUE                       ID.             FORCE          TORQUE
             1       -7.277315E+02   0.0                                 2        7.277315E+02   0.0
             3       -1.481352E+03   0.0                                 4        1.481352E+03   0.0
             5        2.500000E+03   0.0
1    PYNASTRAN TEST                                                         OCTOBER  28, 2013  MSC.NASTRAN  6/17/05   PAGE    14
      P.662 11.2.2 (CURTIS)                                                                                                         
0                                                                                                            SUBCASE 1              
 
                           F O R C E S   A C T I N G   O N   S H E A R   P A N E L   E L E M E N T S   (CSHEAR)
 
                  ====== POINT  1 ======      ====== POINT  2 ======      ====== POINT  3 ======      ====== POINT  4 ======
   ELEMENT        F-FROM-4      F-FROM-2      F-FROM-1      F-FROM-3      F-FROM-2      F-FROM-4      F-FROM-3      F-FROM-1
         ID               KICK-1       SHEAR-12       KICK-2       SHEAR-23       KICK-3       SHEAR-34       KICK-4       SHEAR-41
0            6  3.27391E+02   6.54782E+02  -6.54782E+02  -3.27391E+02   3.27391E+02   6.54782E+02  -6.54782E+02  -3.27391E+02
                       0.0           1.30956E+03   0.0           1.30956E+03   0.0           1.30956E+03   0.0           1.30956E+03
0            7  1.38251E+03   6.91257E+02  -6.91257E+02  -1.38251E+03   1.38251E+03   6.91257E+02  -6.91257E+02  -1.38251E+03
                       0.0           2.76503E+03   0.0           2.76503E+03   0.0           2.76503E+03   0.0           2.76503E+03
0            8 -3.27391E+02  -6.54782E+02   6.54782E+02   3.27391E+02  -3.27391E+02  -6.54782E+02   6.54782E+02   3.27391E+02
                       0.0          -1.30956E+03   0.0          -1.30956E+03   0.0          -1.30956E+03   0.0          -1.30956E+03
0            9  1.80874E+03   1.80874E+03  -1.80874E+03  -1.80874E+03   1.80874E+03   1.80874E+03  -1.80874E+03  -1.80874E+03
                       0.0           7.23497E+03   0.0           7.23497E+03   0.0           7.23497E+03   0.0           7.23497E+03
1    PYNASTRAN TEST                                                         OCTOBER  28, 2013  MSC.NASTRAN  6/17/05   PAGE    15
      P.662 11.2.2 (CURTIS)                                                                                                         
0                                                                                                            SUBCASE 1              
 
                                       S T R A I N S   I N   R O D   E L E M E N T S      ( C R O D )
       ELEMENT       AXIAL       SAFETY      TORSIONAL     SAFETY       ELEMENT       AXIAL       SAFETY      TORSIONAL     SAFETY
         ID.        STRAIN       MARGIN        STRAIN      MARGIN         ID.        STRAIN       MARGIN        STRAIN      MARGIN
             1   -1.599410E-05              0.0                               2    1.599410E-05              0.0           
             3   -3.255719E-05              0.0                               4    3.255719E-05              0.0           
             5    5.494505E-05              0.0           
1    PYNASTRAN TEST                                                         OCTOBER  28, 2013  MSC.NASTRAN  6/17/05   PAGE    16
                                                                                                                                    
0                                                                                                                                   
1    PYNASTRAN TEST                                                         OCTOBER  28, 2013  MSC.NASTRAN  6/17/05   PAGE    17
      P.662 11.2.2 (CURTIS)                                                                                                         
0                                                                                                            SUBCASE 1              
 
                                     S T R E S S E S   I N   R O D   E L E M E N T S      ( C R O D )
       ELEMENT       AXIAL       SAFETY      TORSIONAL     SAFETY       ELEMENT       AXIAL       SAFETY      TORSIONAL     SAFETY
         ID.        STRESS       MARGIN        STRESS      MARGIN         ID.        STRESS       MARGIN        STRESS      MARGIN
             1   -1.119587E+06              0.0                               2    1.119587E+06              0.0           
             3   -2.279003E+06              0.0                               4    2.279003E+06              0.0           
             5    3.846154E+06              0.0           
1    PYNASTRAN TEST                                                         OCTOBER  28, 2013  MSC.NASTRAN  6/17/05   PAGE    18
      P.662 11.2.2 (CURTIS)                                                                                                         
0                                                                                                            SUBCASE 1              
 
                                        S T R E S S E S   I N   S H E A R   P A N E L S      ( C S H E A R )
         ELEMENT            MAX            AVG        SAFETY         ELEMENT            MAX            AVG        SAFETY
           ID.             SHEAR          SHEAR       MARGIN           ID.             SHEAR          SHEAR       MARGIN
               6        6.547821E+05   6.547821E+05                        7        1.382514E+06   1.382514E+06  
               8        6.547821E+05  -6.547821E+05                        9        3.617486E+06   3.617486E+06  
1    PYNASTRAN TEST                                                         OCTOBER  28, 2013  MSC.NASTRAN  6/17/05   PAGE    19
                                                                                                                                    
0                                                                                                                                   
1    PYNASTRAN TEST                                                         OCTOBER  28, 2013  MSC.NASTRAN  6/17/05   PAGE    20
                                                                                                                                    
0                                                                                                                                   
 * * * *  D B D I C T   P R I N T  * * * *      SUBDMAP = PRTSUM  ,  DMAP STATEMENT NO.     30



0                                   * * * *  A N A L Y S I S  S U M M A R Y  T A B L E  * * * *
0 SEID  PEID PROJ VERS APRCH      SEMG SEMR SEKR SELG SELR MODES DYNRED SOLLIN PVALID SOLNL LOOPID DESIGN CYCLE SENSITIVITY
 --------------------------------------------------------------------------------------------------------------------------
     0     0    1    1 '        '    T    T    T    T    T     F      F      T      0     F     -1            0           F
0SEID = SUPERELEMENT ID.
 PEID = PRIMARY SUPERELEMENT ID OF IMAGE SUPERELEMENT.
 PROJ = PROJECT ID NUMBER.
 VERS = VERSION ID.
 APRCH = BLANK FOR STRUCTURAL ANALYSIS.  HEAT FOR HEAT TRANSFER ANALYSIS.
 SEMG = STIFFNESS AND MASS MATRIX GENERATION STEP.
 SEMR = MASS MATRIX REDUCTION STEP (INCLUDES EIGENVALUE SOLUTION FOR MODES).
 SEKR = STIFFNESS MATRIX REDUCTION STEP.
 SELG = LOAD MATRIX GENERATION STEP.
 SELR = LOAD MATRIX REDUCTION STEP. 
 MODES = T (TRUE) IF NORMAL MODES OR BUCKLING MODES CALCULATED.
 DYNRED = T (TRUE) MEANS GENERALIZED DYNAMIC AND/OR COMPONENT MODE REDUCTION PERFORMED.
 SOLLIN = T (TRUE) IF LINEAR SOLUTION EXISTS IN DATABASE.
 PVALID = P-DISTRIBUTION ID OF P-VALUE FOR P-ELEMENTS
 LOOPID = THE LAST LOOPID VALUE USED IN THE NONLINEAR ANALYSIS.  USEFUL FOR RESTARTS.
 SOLNL = T (TRUE) IF NONLINEAR SOLUTION EXISTS IN DATABASE.
 DESIGN CYCLE = THE LAST DESIGN CYCLE (ONLY VALID IN OPTIMIZATION).
 SENSITIVITY = SENSITIVITY MATRIX GENERATION FLAG.
 
 No PARAM values were set in the Control File.
 
1                                        * * * END OF JOB * * *
 
 
