
                                                                   **                 
                                                       ***        **                  
                                                      ***        **             ***   
                                                      **        **            ******  
                                           ****       **       **          ******     
                                           ****      **       **         *****        
                                            ***      **      **        *****                *
                                            ***      **     **       ****            *********
                                    *       ***      *     **     ****          ****************
                                   ***       ***     *    **    ****       **************
                                  *****      ***     *   **   ***   *********** 
                                  ******      **    *   **  **      ******** 
                                   ******     **    *  **                 ********************
                                     *****     **   ***        ZONA          ***  *******************
                               *      *****    **   *       AEROELASTIC        **        ************
                               **       ****    *  *      SOFTWARE SYSTEM       *****            ****
                               ****      ****   ***                              *******
                              *******     ****   *                                *********
                              *********     ***  *          -  ZAERO  -           ***  *******
                                 *********   *****          VERSION 9.3           ***    *********
                                    ********   ***       Z93-64-062124-iz1t       *****    **********
                              *         ******  **                                ******     *********
                               ****        ********   RELEASE DATE: JUN-2024     *********     *******
                               *********       *****                            ***********      ****
                               ***************   ****   LICENSE NO.            *****  ******       *
                                **********************                        ******   ****** 
                                            ************                    ********   ********
                                                    *******             *************   *********
                                  ********************************************* ******  **********
                                   ********************    *******************  ******   ********
                                    *************        ***************  ****  *******   *****
                                     *******         *********** ******  *****  *******   ****
                                      *          ************  *******  ******  ********   *
                                             **************  ********  *******  ********
                                           **************   ********   ******   ********
                                              ********    *********   *******   *****
                                                ****    **********   ********   ***
                                                  *   ***********   *********
                                                          ******    *******




                    THIS PROGRAM IS CONFIDENTIAL AND A TRADE SECRET OF ZONA TECHNOLOGY, INC.  THE RECEIPT OR
                POSSESSION OF THIS PROGRAM DOES NOT CONVEY ANY RIGHTS TO REPRODUCE OR DISCLOSE ITS CONTENTS, OR TO
               MANUFACTURE, USE, OR SELL ANYTHING HEREIN, IN WHOLE OR IN PART, WITHOUT THE SPECIFIC WRITTEN CONSENT
                                                       OF ZONA TECHNOLOGY, INC.




                                              * * * PROGRAM STARTED ON 01/29/2025 AT 16:34:42 * * *



                                                  E X E C U T I V E  C O N T R O L  S U M M A R Y

                                  |...1...|...2...|...3...|...4...|...5...|...6...|...7...|...8...|...9...|..10...|


                                  ASSIGN FEM=f16anti.fre, PRINT =0, FORM = FREE, BOUND = ANTI                     
                                  CEND                                                                            


                                                       C A S E  C O N T R O L  S U M M A R Y 

                                                D O U B L E  P R E C I S I O N  C O M P U T A T I O N 

                                        M A X I M U M  A L L O C A B L E  M E M O R Y  =1600  M E G A B Y T E S

                                  |...1...|...2...|...3...|...4...|...5...|...6...|...7...|...8...|...9...|..10...|


                                  TITLE =F16 LCO ANALYSIS. CASE MA41 (AIM9P + LAUNCHER + MK-84 + 370 TANK )       
                                  ECHO = SORT                                                                     
                                  SUBCASE = 1                                                                     
                                  SUBTITLE = ANTI-SYMMETRIC BOUNDARY CONDITION WITH 3 RIGID BODY MODES            
                                  LABEL = MATCH POINT FLUTTER AT M=0.9 FROM H=-15000. TO 50000. FT                
                                  FLUTTER = 10                                                                    
                                  BEGIN BULK                                                                      


                                                       S O R T E D   B U L K   D A T A   E C H O
                    CARD
                    COUNT         |...1...|...2...|...3...|...4...|...5...|...6...|...7...|...8...|...9...|..10...|


                        1 -       ACOORD  10      0.0     0.0     -5.0    0.0     0.0     0.0                     
                        2 -       ACOORD  20      185.78  71.0    -30.5   0.0     0.0     0.0                     
                        3 -       ACOORD  30      276.10  120.0   -27.0   0.0     0.0     0.0                     
                        4 -       ACOORD  40      303.59  188.50  0.0     0.0     0.0     0.0                     
                        5 -       ACOORD  50      0.0     0.0     0.0     0.0     0.0     0.0                     
                        6 -       AEFACT  101     0.00    0.00    0.00    0.00    0.00                            
                        7 -       AEFACT  102     0.00    0.00    0.00    0.00    0.00                            
                        8 -       AEFACT  103     0.00    2.00    3.00    2.00    0.00                            
                        9 -       AEFACT  104     -2.90   -2.30   0.50    2.50    3.20                            
                       10 -       AEFACT  105     0.00    4.00    6.00    4.00    0.00                            
                       11 -       AEFACT  106     -5.80   -4.60   1.00    5.00    6.40                            
                       12 -       AEFACT  107     0.00    6.00    9.00    6.00    0.00                            
                       13 -       AEFACT  108     -8.70   -6.90   1.50    7.50    9.60                            
                       14 -       AEFACT  109     0.00    8.00    12.00   8.00    0.00                            
                       15 -       AEFACT  110     -11.60  -9.20   2.00    10.00   12.80                           
                       16 -       AEFACT  111     0.00    10.00   15.00   10.00   0.00                            
                       17 -       AEFACT  112     -14.50  -11.50  2.50    12.50   16.00                           
                       18 -       AEFACT  113     0.00    12.00   18.00   12.00   0.00                            
                       19 -       AEFACT  114     -17.40  -13.80  3.00    15.00   19.20                           
                       20 -       AEFACT  115     0.00    14.00   21.00   14.00   0.00                            
                       21 -       AEFACT  116     -20.30  -16.10  3.50    17.50   22.40                           
                       22 -       AEFACT  117     0.00    16.00   24.00   16.00   0.00                            
                       23 -       AEFACT  118     -23.20  -18.40  4.00    20.00   25.60                           
                       24 -       AEFACT  119     0.00    18.00   27.00   18.00   0.00                            
                       25 -       AEFACT  120     -26.10  -20.70  4.50    22.50   28.80                           
                       26 -       AEFACT  121     0.00    20.00   30.00   20.00   0.00                            
                       27 -       AEFACT  122     -29.00  -23.00  5.00    25.00   32.00                           
                       28 -       AEFACT  150     0.00    47.92   100.00                                          
                       29 -       AEFACT  151     0.00    7.16    14.33   21.49   28.65   35.82   42.98   +AE1    
                       30 -       +AE1    50.14   57.30   64.46   71.62   78.79   85.95   88.29   90.63   +AE2    
                       31 -       +AE2    92.97   95.31   97.66   100.00                                          
                       32 -       AEFACT  160     0.00    50.00   100.00                                          
                       33 -       AEFACT  170     0.00    100.00                                                  
                       34 -       AEFACT  175     0.00    8.33    16.67   25.00   33.33   41.67   50.00   +AE1    
                       35 -       +AE1    58.33   66.67   75.00   83.33   91.67   100.00                          
                       36 -       AEFACT  180     0.00    6.995   13.99   20.988  27.985  34.982  41.978  +AE1    
                       37 -       +AE1    48.975  55.971  62.968  69.965  77.474  84.982  92.491  100.00          
                       38 -       AEFACT  190     0.00    50.00   100.00                                          
                       39 -       AEFACT  191     0.00    12.50   25.00   37.50   50.00   62.50   75.00   +AE1    
                       40 -       +AE1    87.50   100.00                                                          
                       41 -       AEFACT  201     0.00    50.00   100.00                                          
                       42 -       AEFACT  202     0.00    25.00   50.00   75.00   100.00                          
                       43 -       AEFACT  211     0.00    50.00   100.00                                          
                       44 -       AEFACT  301     0.00    100.00                                                  
                       45 -       AEFACT  302     0.00    6.25    12.50   18.75   25.00   31.25   37.50   +AE1    
                       46 -       +AE1    43.75   50.00   56.25   62.50   68.75   75.00   81.25   87.50   +AE2    
                       47 -       +AE2    93.75   100.00                                                          
                       48 -       AEFACT  401     0.00    25.00   50.00   75.00   100.00                          
                       49 -       AEFACT  402     0.00    50.00   100.00                                          
                       50 -       AEFACT  403     0.00    16.67   33.33   50.00   66.67   83.33   100.00          
                       51 -       AEFACT  404     0.00    41.9863 83.9726 100.00                                  
                       52 -       AEFACT  501     0.00    13.49   30.23   45.34   52.38   68.25   81.75   +AE1    
                       53 -       +AE1    89.42   100.00                                                          
                       54 -       AEFACT  502     0.00    4.77    9.53    14.30   19.06   26.80   34.53   +AE1    
                       55 -       +AE1    42.26   49.99   57.72   65.45   73.18   80.91   84.10   87.28   +AE2    
                       56 -       +AE2    90.46   93.64   96.82   100.00                                          
                       57 -       AEFACT  505     0.00    10.00   20.00   30.00   40.00   50.00   60.00   +AE1    
                       58 -       +AE1    70.00   80.00   90.00   100.00                                          
                       59 -       AEFACT  506     0.00    16.67   33.33   50.00   66.67   83.33   100.00          
                       60 -       AEFACT  507     0.00    25.00   50.00   75.00   100.00                          
                       61 -       AEFACT  508     0.00    17.95   42.37   72.65   100.00                          
                       62 -       AEFACT  509     0.00    12.50   25.00   37.50   50.00   62.50   75.00   +AE1    
                       63 -       +AE1    87.50   100.00                                                          
                       64 -       AEFACT  510     0.00    100.00                                                  
                       65 -       AEFACT  511     0.00    12.50   25.00   37.50   50.00   62.50   75.00   +CA71   
                       66 -       +CA71   87.50   100.00                                                          
                       67 -       AEFACT  520     0.00    50.00   100.00                                          
                       68 -       AEROZ           YES     NO      SLIN    IN      121.5                   +AE1    
                       69 -       +AE1    0.0     0.0     0.0                                                     
                       70 -       ATTACH  10              192     3132                                            
                       71 -       ATTACH  12              194     3132                                            
                       72 -       ATTACH  14              196     3132                                            
                       73 -       ATTACH  16              198     3132                                            
                       74 -       ATTACH  80      FFIN#1  80      3023                                            
                       75 -       ATTACH  90      FFIN#2  90      3023                                            
                       76 -       ATTACH  100     FFIN#3  100     3023                                            
                       77 -       ATTACH  110     FFIN#4  110     3023                                            
                       78 -       ATTACH  120     RFIN#1  120     3025                                            
                       79 -       ATTACH  130     RFIN#2  130     3025                                            
                       80 -       ATTACH  140     RFIN#3  140     3025                                            
                       81 -       ATTACH  150     RFIN#4  150     3025                                            
                       82 -       BODY7   1001    FUSELAGE        10      1       1001                            
                       83 -       BODY7   2001    TANK370 11      20      1       2001                            
                       84 -       BODY7   3001    MK84    12      30      1       3001                            
                       85 -       BODY7   4001    AIM9-P  13      40      1       4001                            
                       86 -       CAERO7  1501    FORSTRAK10      3       19      150     0       0       +CA71   
                       87 -       +CA71   178.00  30.00   5.00    230.92  151     1001                    +CA72   
                       88 -       +CA72   258.74  54.00   5.00    150.171 502     0                               
                       89 -       CAERO7  1701    AFTSTRAK10      2       13      170     0       0       +CA71   
                       90 -       +CA71   408.92  30.00   5.00    128.28  175     1001                    +CA72   
                       91 -       +CA72   408.93  41.50   5.00    140.29  175     0                               
                       92 -       CAERO7  1801    VTAILB  10      3       15      160     0       0       +CA71   
                       93 -       +CA71   368.00  0.00    32.00   159.10  180     1001                    +CA72   
                       94 -       +CA72   430.28  0.00    49.85   96.82   180     0                               
                       95 -       CAERO7  1901    VENTFIN 10      3       9       190     0       0       +CA71   
                       96 -       +CA71   388.75  20.00   -23.00  56.25   191     1001                    +CA72   
                       97 -       +CA72   402.17  26.02   -45.46  42.83   191     0                               
                       98 -       CAERO7  2501    TANK370P20      3       5       201     0       0       +CA71   
                       99 -       +CA71   93.22   0.00    13.25   105.50  202     2001                    +CA72   
                      100 -       +CA72   118.72  0.00    30.50   80.00   202                                     
                      101 -       CAERO7  3501    MK84PYL 30      3       5       201     0       0       +CA71   
                      102 -       +CA71   23.90   0.00    9.00    104.50  202     3001                    +CA72   
                      103 -       +CA72   63.90   0.00    27.0    51.00   202                                     
                      104 -       CAERO7  3601    MK84FIN130      3       3       211     0       0       +CA71   
                      105 -       +CA71   131.17  3.3022  3.3022  18.590  211     3001                    +CA72   
                      106 -       +CA72   141.06  8.9471  8.9471  9.450   211     0                               
                      107 -       CAERO7  3701    MK84FIN230      3       3       211     0       0       +CA71   
                      108 -       +CA71   131.17  3.3022  -3.3022 18.590  211     3001                    +CA72   
                      109 -       +CA72   141.06  8.9471  -8.9471 9.450   211     0                               
                      110 -       CAERO7  3801    MK84FIN330      3       3       211     0       0       +CA71   
                      111 -       +CA71   131.17  -3.3022 3.3022  18.590  211     3001                    +CA72   
                      112 -       +CA72   141.06  -8.9471 8.9471  9.450   211     0                               
                      113 -       CAERO7  3901    MK84FIN430      3       3       211     0       0       +CA71   
                      114 -       +CA71   131.17  -3.3022 -3.3022 18.590  211     3001                    +CA72   
                      115 -       +CA72   141.06  -8.9471 -8.9471 9.450   211     0                               
                      116 -       CAERO7  4501    AIM9PLAU40      2       17      301     0       0       +CA71   
                      117 -       +CA71   9.16    -2.50   0.0     102.95  302     4001                    +CA72   
                      118 -       +CA72   9.16    -8.50   0.0     102.95  302     0                               
                      119 -       CAERO7  4551    AIM9CAN140      3       5       402     0       0       +CA71   
                      120 -       +CA71   11.01   1.77    1.77    8.00    401     4001                    +CA72   
                      121 -       +CA72   18.01   7.90    7.90    1.00    401     0                               
                      122 -       CAERO7  4601    AIM9CAN240      3       5       402     0       0       +CA71   
                      123 -       +CA71   11.01   -1.77   1.77    8.00    401     4001                    +CA72   
                      124 -       +CA72   18.01   -7.90   7.90    1.00    401     0                               
                      125 -       CAERO7  4651    AIM9CAN340      3       5       402     0       0       +CA71   
                      126 -       +CA71   11.01   1.77    -1.77   8.00    401     4001                    +CA72   
                      127 -       +CA72   18.01   7.90    -7.90   1.00    401     0                               
                      128 -       CAERO7  4701    AIM9CAN440      3       5       402     0       0       +CA71   
                      129 -       +CA71   11.01   -1.77   -1.77   8.00    401     4001                    +CA72   
                      130 -       +CA72   18.01   -7.90   -7.90   1.00    401     0                               
                      131 -       CAERO7  4751    AIM9FIN140      4       7       404     0       0       +CA71   
                      132 -       +CA71   88.01   1.77    1.77    24.00   403     4001                    +CA72   
                      133 -       +CA72   96.01   9.07    9.07    16.00   403     0                               
                      134 -       CAERO7  4801    AIM9FIN240      4       7       404     0       0       +CA71   
                      135 -       +CA71   88.01   -1.77   1.77    24.00   403     4001                    +CA72   
                      136 -       +CA72   96.01   -9.07   9.07    16.00   403     0                               
                      137 -       CAERO7  4851    AIM9FIN340      4       7       404     0       0       +CA71   
                      138 -       +CA71   88.01   1.77    -1.77   24.00   403     4001                    +CA72   
                      139 -       +CA72   96.01   9.07    -9.07   16.00   403     0                               
                      140 -       CAERO7  4901    AIM9FIN440      4       7       404     0       0       +CA71   
                      141 -       +CA71   88.01   -1.77   -1.77   24.00   403     4001                    +CA72   
                      142 -       +CA72   96.01   -9.07   -9.07   16.00   403     0                               
                      143 -       CAERO7  5001    WING    50      9       19      501     0       0       +CA71   
                      144 -       +CA71   258.74  54.00   0.00    150.171 502     0                       +CA72   
                      145 -       +CA72   364.47  180.00  0.00    44.46   502     0                               
                      146 -       CAERO7  6501    VTAIL   50      7       11      506     0       0       +CA71   
                      147 -       +CA71   430.28  0.00    44.85   67.74   505     0                       +CA72   
                      148 -       +CA72   519.22  0.00    126.50  32.15   505     0                               
                      149 -       CAERO7  7001    RUDDER  50      7       5       506     0       0       +CA71   
                      150 -       +CA71   498.02  0.00    44.85   29.08   507     0                       +CA72   
                      151 -       +CA72   551.37  0.00    126.50  15.35   507     0                               
                      152 -       CAERO7  7501    HTAIL   50      5       9       508     0       0       +CA71   
                      153 -       +CA71   453.40  41.50   0.00    95.82   509     0                       +CA72   
                      154 -       +CA72   511.83  111.13  -12.09  37.39   509     0                               
                      155 -       CAERO7  8001    BL157   50      3       5       520     0       0       +CA71   
                      156 -       +CA71   359.00  157.00  -7.63   28.90   507     0                       +CA72   
                      157 -       +CA72   362.30  157.00  0.00    25.60   507     0                               
                      158 -       CAERO7  8501    BL15L   50      2       9       510     0       0       +CA71   
                      159 -       +CA71   302.70  157.00  -13.63  102.90  511     0                       +CA72   
                      160 -       +CA72   302.70  157.00  -7.63   102.90  511     0                               
                      161 -       CORD2R  70              318.68  183.6   0.0     318.68  183.6   1.0     +CRD1   
                      162 -       +CRD1   318.68  160.0   0.0                                                     
                      163 -       FIXMATM 20      10      0       SLUG    FT      1.68    0       5       +FI1    
                      164 -       +FI1    -15000. -10000. -5000.  0.      5000.   10000.  15000.  20000.  +FI2    
                      165 -       +FI2    25000.  30000.  35000.  40000.  45000.  50000.                          
                      166 -       FLUTTER 10      ANTI    20      15              123                             
                      167 -       MKAEROZ 10      0.9     0       10      SAVE    F16.AIC                 +MK1    
                      168 -       +MK1    0.05    0.1     0.2     0.3     0.4     0.5     0.6     0.7     +MK2    
                      169 -       +MK2    0.8                                                                     
                      170 -       PANLST1 20      1501    1501    1530                                            
                      171 -       PANLST1 200     5001    5005    5138                                            
                      172 -       PANLST1 210     5001    5103    5144                                            
                      173 -       PANLST1 220     5001    5001    5130                                            
                      174 -       PANLST1 230     5001    5013    5090                                            
                      175 -       PANLST1 4501    4501    4501    4516                                            
                      176 -       PANLST2 10      1001    1001    THRU    1128                                    
                      177 -       PANLST2 30      1501    1513    THRU    1518                                    
                      178 -       PANLST2 35      1501    1531    THRU    1536                                    
                      179 -       PANLST2 40      1701    1701    THRU    1712                                    
                      180 -       PANLST2 50      1801    1801    THRU    1828                                    
                      181 -       PANLST2 60      1901    1901    THRU    1916                                    
                      182 -       PANLST2 70      4001    4001    THRU    4144                                    
                      183 -       PANLST2 80      4551    4551    THRU    4558                                    
                      184 -       PANLST2 90      4601    4601    THRU    4608                                    
                      185 -       PANLST2 100     4651    4651    THRU    4658                                    
                      186 -       PANLST2 110     4701    4701    THRU    4708                                    
                      187 -       PANLST2 120     4751    4751    THRU    4768                                    
                      188 -       PANLST2 130     4801    4801    THRU    4818                                    
                      189 -       PANLST2 140     4851    4851    THRU    4868                                    
                      190 -       PANLST2 150     4901    4901    THRU    4918                                    
                      191 -       PANLST2 160     2001    2001    THRU    2112                                    
                      192 -       PANLST2 170     2501    2501    THRU    2508                                    
                      193 -       PANLST2 180     3001    3001    THRU    3112                                    
                      194 -       PANLST2 190     3501    3501    THRU    3508                                    
                      195 -       PANLST2 192     3601    3601    THRU    3604                                    
                      196 -       PANLST2 194     3701    3701    THRU    3704                                    
                      197 -       PANLST2 196     3801    3801    THRU    3804                                    
                      198 -       PANLST2 198     3901    3901    THRU    3904                                    
                      199 -       PANLST2 240     6501    6501    THRU    6560                                    
                      200 -       PANLST2 250     7001    7001    THRU    7024                                    
                      201 -       PANLST2 260     7501    7501    THRU    7532                                    
                      202 -       PANLST2 270     8001    8001    THRU    8008                                    
                      203 -       PANLST2 280     8501    8501    THRU    8508                                    
                      204 -       PBODY7  11      0                                               0               
                      205 -       PBODY7  12      0                                               0               
                      206 -       PBODY7  13      0                                               0               
                      207 -       PLTAERO 10                      TECPLOT F16-A   ERO.PLT         YES             
                      208 -       PLTCP   25      ANTI    10      3       2       TECPLOT CP2ANTI .PLT            
                      209 -       PLTCP   27      ANTI    10      3       3       TECPLOT CP3ANTI .PLT            
                      210 -       PLTCP   27      ANTI    10      3       4       TECPLOT CP4ANTI .PLT            
                      211 -       PLTFLUT 30      10      1       20      0.15    TECPLOT FLUTANTI.PLT            
                      212 -       PLTMODE 40      ANTI    1               0.2     TECP    MODANTI1.PLT            
                      213 -       PLTMODE 50      ANTI    2               0.2     TECP    MODANTI2.PLT            
                      214 -       PLTMODE 60      ANTI    3               0.2     TECP    MODANTI3.PLT            
                      215 -       PLTMODE 70      ANTI    4               0.2     TECP    MODANTI4.PLT            
                      216 -       PLTMODE 80      ANTI    5               0.2     TECP    MODANTI5.PLT            
                      217 -       PLTMODE 90      ANTI    6               0.2     TECP    MODANTI6.PLT            
                      218 -       PLTVG   10      10      6       Q               PLTVG.10                        
                      219 -       SEGMESH 1001    33      5                                               +SEG11  
                      220 -       +SEG11  3       8.00                            101     102             +SEG12  
                      221 -       +SEG12  3       25.00                           103     104             +SEG13  
                      222 -       +SEG13  3       42.00                           105     106             +SEG14  
                      223 -       +SEG14  3       59.00                           107     108             +SEG15  
                      224 -       +SEG15  3       76.00                           109     110             +SEG16  
                      225 -       +SEG16  3       93.00                           111     112             +SEG17  
                      226 -       +SEG17  3       110.00                          113     114             +SEG18  
                      227 -       +SEG18  3       127.00                          115     116             +SEG19  
                      228 -       +SEG19  3       144.00                          117     118             +SEG20  
                      229 -       +SEG20  3       161.00                          119     120             +SEG21  
                      230 -       +SEG21  3       178.00                          121     122             +SEG22  
                      231 -       +SEG22  3       197.85                          121     122             +SEG23  
                      232 -       +SEG23  3       217.70                          121     122             +SEG24  
                      233 -       +SEG24  3       237.54                          121     122             +SEG25  
                      234 -       +SEG25  3       257.39                          121     122             +SEG26  
                      235 -       +SEG26  3       277.24                          121     122             +SEG27  
                      236 -       +SEG27  3       297.09                          121     122             +SEG28  
                      237 -       +SEG28  3       316.94                          121     122             +SEG29  
                      238 -       +SEG29  3       336.78                          121     122             +SEG30  
                      239 -       +SEG30  3       356.63                          121     122             +SEG31  
                      240 -       +SEG31  3       376.48                          121     122             +SEG32  
                      241 -       +SEG32  3       392.70                          121     122             +SEG33  
                      242 -       +SEG33  3       408.92                          121     122             +SEG34  
                      243 -       +SEG34  3       421.75                          121     122             +SEG35  
                      244 -       +SEG35  3       434.58                          121     122             +SEG36  
                      245 -       +SEG36  3       447.40                          121     122             +SEG37  
                      246 -       +SEG37  3       460.23                          121     122             +SEG38  
                      247 -       +SEG38  3       473.06                          121     122             +SEG39  
                      248 -       +SEG39  3       485.89                          121     122             +SEG40  
                      249 -       +SEG40  3       498.72                          121     122             +SEG41  
                      250 -       +SEG41  3       511.54                          121     122             +SEG42  
                      251 -       +SEG42  3       524.37                          121     122             +SEG43  
                      252 -       +SEG43  3       537.20                          121     122                     
                      253 -       SEGMESH 2001    15      9                                               +SEG11  
                      254 -       +SEG11  1       0.00    0.0     0.0                                     +SEG12  
                      255 -       +SEG12  1       24.22   0.0     8.0                                     +SEG13  
                      256 -       +SEG13  1       35.47   0.0     9.31                                    +SEG14  
                      257 -       +SEG14  1       46.72   0.0     10.63                                   +SEG15  
                      258 -       +SEG15  1       57.97   0.0     11.94                                   +SEG16  
                      259 -       +SEG16  1       69.22   0.0     13.25                                   +SEG17  
                      260 -       +SEG17  1       85.05   0.0     13.25                                   +SEG18  
                      261 -       +SEG18  1       100.89  0.0     13.25                                   +SEG19  
                      262 -       +SEG19  1       116.72  0.0     13.25                                   +SEG20  
                      263 -       +SEG20  1       132.55  0.0     13.25                                   +SEG21  
                      264 -       +SEG21  1       148.39  0.0     13.25                                   +SEG22  
                      265 -       +SEG22  1       164.22  0.0     13.25                                   +SEG23  
                      266 -       +SEG23  1       180.89  0.0     12.17                                   +SEG24  
                      267 -       +SEG24  1       197.55  0.0     11.08                                   +SEG25  
                      268 -       +SEG25  1       214.22  0.0     10.00                                           
                      269 -       SEGMESH 3001    15      9                                               +SEG11  
                      270 -       +SEG11  1       0.00    0.0     0.0                                     +SEG12  
                      271 -       +SEG12  1       12.00   0.0     5.00                                    +SEG13  
                      272 -       +SEG13  1       20.90   0.0     6.00                                    +SEG14  
                      273 -       +SEG14  1       29.80   0.0     7.00                                    +SEG15  
                      274 -       +SEG15  1       38.70   0.0     8.00                                    +SEG16  
                      275 -       +SEG16  1       47.60   0.0     9.00                                    +SEG17  
                      276 -       +SEG17  1       55.17   0.0     9.00                                    +SEG18  
                      277 -       +SEG18  1       62.73   0.0     9.00                                    +SEG19  
                      278 -       +SEG19  1       70.30   0.0     9.00                                    +SEG20  
                      279 -       +SEG20  1       77.87   0.0     9.00                                    +SEG21  
                      280 -       +SEG21  1       85.43   0.0     9.00                                    +SEG22  
                      281 -       +SEG22  1       93.00   0.0     9.00                                    +SEG23  
                      282 -       +SEG23  1       112.17  0.0     6.83                                    +SEG24  
                      283 -       +SEG24  1       131.33  0.0     4.67                                    +SEG25  
                      284 -       +SEG25  1       150.50  0.0     2.50                                            
                      285 -       SEGMESH 4001    19      9                                               +SEG11  
                      286 -       +SEG11  1       0.00    0.0     0.00                                    +SEG12  
                      287 -       +SEG12  1       3.51    0.0     1.25                                    +SEG13  
                      288 -       +SEG13  1       7.01    0.0     2.50                                    +SEG14  
                      289 -       +SEG14  1       13.66   0.0     2.50                                    +SEG15  
                      290 -       +SEG15  1       20.30   0.0     2.50                                    +SEG16  
                      291 -       +SEG16  1       26.95   0.0     2.50                                    +SEG17  
                      292 -       +SEG17  1       33.60   0.0     2.50                                    +SEG18  
                      293 -       +SEG18  1       40.24   0.0     2.50                                    +SEG19  
                      294 -       +SEG19  1       46.89   0.0     2.50                                    +SEG20  
                      295 -       +SEG20  1       53.53   0.0     2.50                                    +SEG21  
                      296 -       +SEG21  1       60.18   0.0     2.50                                    +SEG22  
                      297 -       +SEG22  1       66.83   0.0     2.50                                    +SEG23  
                      298 -       +SEG23  1       73.47   0.0     2.50                                    +SEG24  
                      299 -       +SEG24  1       80.12   0.0     2.50                                    +SEG25  
                      300 -       +SEG25  1       86.77   0.0     2.50                                    +SEG26  
                      301 -       +SEG26  1       93.41   0.0     2.50                                    +SEG27  
                      302 -       +SEG27  1       100.06  0.0     2.50                                    +SEG28  
                      303 -       +SEG28  1       106.70  0.0     2.50                                    +SEG29  
                      304 -       +SEG29  1       113.35  0.0     2.50                                            
                      305 -       SET1    10      163     153     154     155     156     42      71      +SET1   
                      306 -       +SET1   286     410     281                                                     
                      307 -       SET1    20      9       11      13      15      17      19      72      +SE1    
                      308 -       +SE1    85      20      60      73      86      21      61      74      +SE2    
                      309 -       +SE2    87      51      62      75      88      26      52      64      +SE3    
                      310 -       +SE3    77      29      44      53      65      78      31      37      +SE4    
                      311 -       +SE4    45      54      66      121     274     257                             
                      312 -       SET1    30      407     367     368     369     370     371     373     +SE1    
                      313 -       +SE1    359     360     361     362     364     281     409     384     +SE2    
                      314 -       +SE2    385     386     387     381     408                                     
                      315 -       SET1    40      286     281     409                                             
                      316 -       SET1    50      3023    3025                                                    
                      317 -       SET1    60      3210    3211    3213                                            
                      318 -       SET1    70      3207    29      53                                              
                      319 -       SET1    80      3140    3141                                                    
                      320 -       SET1    90      3137    26      64                                              
                      321 -       SET1    100     2       3       4       5       6       9       11      +SE1    
                      322 -       +SE1    13      15      17                                                      
                      323 -       SET1    110     75      77      78      121     89      90      91      +SE1    
                      324 -       +SE1    92      93      95      102     103     104     105     106     +SE2    
                      325 -       +SE2    107     88      109     110     111     112     113                     
                      326 -       SET1    120     407     367     368     369     370     371     373     +SE1    
                      327 -       +SE1    359     360     361     362     364     281     409     384     +SE2    
                      328 -       +SE2    385     386     387     381     408                                     
                      329 -       SET1    123     1       2       3                                               
                      330 -       SET1    130     384     385     386     387     389     390     391     +SE1    
                      331 -       +SE1    392     382                                                             
                      332 -       SET1    140     280     252     253     254     255     256     274     +SE1    
                      333 -       +SE1    257     258     259     260     261     262     263     264     +SE2    
                      334 -       +SE2    265     266                                                             
                      335 -       SET1    150     21      61      74      3080    3082    3085                    
                      336 -       SET1    160     3080    3082    3085    3089                                    
                      337 -       SET1    170     3017    THRU    3021                                            
                      338 -       SPLINE1 20                      20      20                                      
                      339 -       SPLINE1 30                      30      20                                      
                      340 -       SPLINE1 35                      35      110                                     
                      341 -       SPLINE1 40                      40      20                                      
                      342 -       SPLINE1 50                      50      30                                      
                      343 -       SPLINE1 60                      60      40                                      
                      344 -       SPLINE1 170                     170     70                                      
                      345 -       SPLINE1 190                     190     90                                      
                      346 -       SPLINE1 200                     200     20                                      
                      347 -       SPLINE1 210                     210     20                                      
                      348 -       SPLINE1 220                     220     100                                     
                      349 -       SPLINE1 230                     230     110                                     
                      350 -       SPLINE1 240                     240     120                                     
                      351 -       SPLINE1 250                     250     130                                     
                      352 -       SPLINE1 260                     260     140                                     
                      353 -       SPLINE1 270                     270     150                                     
                      354 -       SPLINE1 280                     280     160                                     
                      355 -       SPLINE2 10              10      10                                              
                      356 -       SPLINE2 70              70      50                                              
                      357 -       SPLINE2 160             160     60                                              
                      358 -       SPLINE2 180             180     80                                              
                      359 -       SPLINE2 4501            4501    170                     70                      
                      360 -       TRIMFLT 10              2.0                                                     
                      361 -       ENDDATA



   ========================================================================================================================

     ANTI-SYMMETRIC FINITE ELEMENT MODAL RESULTS ARE SUCCESSFULLY READ IN FROM FILE f16anti.fre                                                                     
     RIGID BODY DEGREES OF FREEDOM (DEFINED IN THE FEM BASIC COORDINATE SYSTEM) =       0

            MODE      EXTRACTION      EIGENVALUE              FREQUENCY                      GENERALIZED        
                        ORDER         (RAD/S)**2         (RAD/S)            (HZ)            MASS       STIFFNESS
               1               1     0.00000E+00     0.00000E+00     0.00000E+00     0.44136E+02     0.00000E+00
               2               2     0.00000E+00     0.00000E+00     0.00000E+00     0.55000E+01     0.00000E+00
               3               3     0.00000E+00     0.00000E+00     0.00000E+00     0.88765E+01     0.00000E+00
               4               4     0.11836E+04     0.34404E+02     0.54756E+01     0.54562E+00     0.64582E+03
               5               5     0.12896E+04     0.35911E+02     0.57154E+01     0.26993E+00     0.34810E+03
               6               6     0.22836E+04     0.47787E+02     0.76055E+01     0.30312E+00     0.69220E+03
               7               7     0.25320E+04     0.50319E+02     0.80085E+01     0.12317E+01     0.31187E+04
               8               8     0.27017E+04     0.51978E+02     0.82726E+01     0.60609E+00     0.16375E+04
               9               9     0.35378E+04     0.59479E+02     0.94664E+01     0.14797E+01     0.52348E+04
              10              10     0.47949E+04     0.69245E+02     0.11021E+02     0.12118E+01     0.58104E+04
              11              11     0.56486E+04     0.75157E+02     0.11962E+02     0.42199E-01     0.23836E+03
              12              12     0.70104E+04     0.83728E+02     0.13326E+02     0.17333E+00     0.12151E+04
              13              13     0.89810E+04     0.94768E+02     0.15083E+02     0.12137E+00     0.10900E+04
              14              14     0.10250E+05     0.10124E+03     0.16113E+02     0.11105E+01     0.11382E+05
              15              15     0.13191E+05     0.11485E+03     0.18279E+02     0.10535E+00     0.13896E+04

      MASS UNIT AND LENGTH UNIT OF THE FEM MODEL ARE IN: LBF/  AND  IN   ,  RESPECTIVELY

   ========================================================================================================================



 *** AIC MATRIX OF MKAEROZ BULK DATA CARD WITH IDMK=      10 AT REDUCED FREQUENCY=   0.00000 HAS BEEN COMPUTED AND SAVED

 *** AIC MATRIX OF MKAEROZ BULK DATA CARD WITH IDMK=      10 AT REDUCED FREQUENCY=   0.05000 HAS BEEN COMPUTED AND SAVED

 *** AIC MATRIX OF MKAEROZ BULK DATA CARD WITH IDMK=      10 AT REDUCED FREQUENCY=   0.10000 HAS BEEN COMPUTED AND SAVED

 *** AIC MATRIX OF MKAEROZ BULK DATA CARD WITH IDMK=      10 AT REDUCED FREQUENCY=   0.20000 HAS BEEN COMPUTED AND SAVED

 *** AIC MATRIX OF MKAEROZ BULK DATA CARD WITH IDMK=      10 AT REDUCED FREQUENCY=   0.30000 HAS BEEN COMPUTED AND SAVED

 *** AIC MATRIX OF MKAEROZ BULK DATA CARD WITH IDMK=      10 AT REDUCED FREQUENCY=   0.40000 HAS BEEN COMPUTED AND SAVED

 *** AIC MATRIX OF MKAEROZ BULK DATA CARD WITH IDMK=      10 AT REDUCED FREQUENCY=   0.50000 HAS BEEN COMPUTED AND SAVED

 *** AIC MATRIX OF MKAEROZ BULK DATA CARD WITH IDMK=      10 AT REDUCED FREQUENCY=   0.60000 HAS BEEN COMPUTED AND SAVED


 *** USER WARNING MESSAGE *** AT MACH= 0.90000 K=  0.7000, THERE ARE       20 NUMBER OF AEROBOXES WHOSE CHORD LENGTH ARE TOO LARGE.
 THEIR IDS=
       2001,       2002,       2003,       2004,       2005,       2006,       2007,       2008,       2501,       2502,
       2503,       2504,       2505,       2506,       2507,       2508,       3501,       3502,       3503,       3504,

 THE LARGEST CHORD IS THE AEROBOX WITH ID=    2501 WHOSE CHORD=  0.2478E+02
 THE ABOVE LARGE CHORD LENGTH MAY GIVE SINGULAR AIC MATRIX
 TO AVOID SINGULAR AIC MATRIX, PLEASE REDUCE CHORD LENGTH TO AT LEAST  0.21318E+02
 TO ENSURE CONVERGED SOLUTION, PLEASE REDUCE CHORD LENGTH TO AT LEAST  0.10659E+02
 IN ADDITION, DEFINING NEGATIVE REDUCED FREQUENCY IN THE MKAEROZ BULK DATA CARD
 TO INCREASE THE GAUSSIAN INTEGRATION POINTS IS RECOMMENDED

 *** AIC MATRIX OF MKAEROZ BULK DATA CARD WITH IDMK=      10 AT REDUCED FREQUENCY=   0.70000 HAS BEEN COMPUTED AND SAVED


 *** USER WARNING MESSAGE *** AT MACH= 0.90000 K=  0.8000, THERE ARE       84 NUMBER OF AEROBOXES WHOSE CHORD LENGTH ARE TOO LARGE.
 THEIR IDS=
       1041,       1042,       1043,       1044,       1045,       1046,       1047,       1048,       1049,       1050,
       1051,       1052,       1053,       1054,       1055,       1056,       1057,       1058,       1059,       1060,
       1061,       1062,       1063,       1064,       1065,       1066,       1067,       1068,       1069,       1070,
       1071,       1072,       1073,       1074,       1075,       1076,       1077,       1078,       1079,       1080,
       2001,       2002,       2003,       2004,       2005,       2006,       2007,       2008,       3089,       3090,
       3091,       3092,       3093,       3094,       3095,       3096,       3097,       3098,       3099,       3100,
       3101,       3102,       3103,       3104,       3105,       3106,       3107,       3108,       3109,       3110,
       3111,       3112,       2501,       2502,       2503,       2504,       2505,       2506,       2507,       2508,
       3501,       3502,       3503,       3504,

 THE LARGEST CHORD IS THE AEROBOX WITH ID=    2501 WHOSE CHORD=  0.2478E+02
 THE ABOVE LARGE CHORD LENGTH MAY GIVE SINGULAR AIC MATRIX
 TO AVOID SINGULAR AIC MATRIX, PLEASE REDUCE CHORD LENGTH TO AT LEAST  0.18653E+02
 TO ENSURE CONVERGED SOLUTION, PLEASE REDUCE CHORD LENGTH TO AT LEAST  0.93266E+01
 IN ADDITION, DEFINING NEGATIVE REDUCED FREQUENCY IN THE MKAEROZ BULK DATA CARD
 TO INCREASE THE GAUSSIAN INTEGRATION POINTS IS RECOMMENDED

 *** AIC MATRIX OF MKAEROZ BULK DATA CARD WITH IDMK=      10 AT REDUCED FREQUENCY=   0.80000 HAS BEEN COMPUTED AND SAVED



 *** AERODYNAMIC DATA OF MKAEROZ IDMK=      10 IS SAVED ON FILE= F16.AIC








                                             ****************************************
                                             *                                      *
                                             *       SUBCASE       =        1       *
                                             *       DISCIPLINE    = FLUTTER        *
                                             *       BULK ENTRY ID =       10       *
                                             *                                      *
                                             ****************************************



   S U M M A R Y   O F   G - M E T H O D   F L U T T E R   E V A L U A T I O N   O F   F L U T T E R   C A R D   I D  =      10

         TITLE   = F16 LCO ANALYSIS. CASE MA41 (AIM9P + LAUNCHER + MK-84 + 370 TANK )      
         SUBTITLE= ANTI-SYMMETRIC BOUNDARY CONDITION WITH 3 RIGID BODY MODES               
         LABEL   = MATCH POINT FLUTTER AT M=0.9 FROM H=-15000. TO 50000. FT                



                    S U M M A R Y   O F   S T A T I C   D I V E R G E N C E   D Y N A M I C   P R E S S U R E   E V A L U A T I O N

             ***  THERE IS NO DIVERGENCE DYNAMIC PRESSURE BELOW THE HIGHEST INPUT DYNAMIC PRESSURE:  0.2011E+04 (SLUG/FT/S**2)  ***

                        E N D   O F   S T A T I C   D I V E R G E N C E   D Y N A M I C   P R E S S U R E   E V A L U A T I O N




 MATCHED POINT FLUTTER ANALYSIS RESULTING FROM BULK DATA CARD FIXMATM ID=      20 WITH NKSTEP=   25
 MACH =  0.9000, ATMOS TABLE=STANDARD, REFERENCE LENGTH (L) = 1.0125E+01/2.0 (FT), VREF= 1.6800E+00 (FT/SEC)
  AT   14 ALTITUDES:   
  5.0000E+04  4.5000E+04  4.0000E+04  3.5000E+04  3.0000E+04  2.5000E+04  2.0000E+04  1.5000E+04  1.0000E+04  5.0000E+03
  0.0000E+00 -5.0000E+03 -1.0000E+04 -1.5000E+04

 LENGTH UNIT IS CONVERTED FROM   IN     OF THE FEM MODEL TO   FT     OF THE FLUTTER ANALYSIS

 MASS   UNIT IS CONVERTED FROM   LBF/   OF THE FEM MODEL TO   SLUG   OF THE FLUTTER ANALYSIS


 THE FOLLOWING V-G-F TABLE LISTS   12 NUMBER OF STRUCTURAL MODES (  1 - 12 ) AND    0 NUMBER OF AERODYNAMIC LAG ROOTS (  0 -  0 )


                                               SUMMARY     MODES  1 -  4

   UNITS    UNITS    UNITS          MODE NO.  1              MODE NO.  2              MODE NO.  3              MODE NO.  4
    NONE   SLUG/       FT       STRUCTURAL MODE          STRUCTURAL MODE          STRUCTURAL MODE          STRUCTURAL MODE
           FT**3               MODAL DAMPING= 0.00%     MODAL DAMPING= 0.00%     MODAL DAMPING= 0.00%     MODAL DAMPING= 0.00% 
   V/VREF  DENSITY ALTITUDE         G   F(HZ) K=WL/V         G   F(HZ) K=WL/V         G   F(HZ) K=WL/V         G   F(HZ) K=WL/V
   0.0000 0.000+00  +INFINT    0.0000   5.476 INFINT    0.0000   5.715 INFINT    0.0000   7.606 INFINT    0.0000   8.009 INFINT
 518.5929 3.639-04 5.000+04   -0.0066   5.460 0.1993   -0.0191   5.658 0.2065   -0.0039   7.586 0.2769   -0.0010   7.996 0.2919
 518.5929 4.622-04 4.500+04   -0.0077   5.459 0.1992   -0.0251   5.640 0.2059   -0.0049   7.581 0.2767   -0.0012   7.993 0.2918
 518.5929 5.872-04 4.000+04   -0.0081   5.458 0.1992   -0.0336   5.616 0.2050   -0.0062   7.574 0.2765   -0.0015   7.989 0.2916
 521.3059 7.381-04 3.500+04   -0.0065   5.457 0.1981   -0.0462   5.584 0.2028   -0.0078   7.566 0.2748   -0.0019   7.983 0.2899
 532.9333 8.906-04 3.000+04   -0.0022   5.450 0.1936   -0.0629   5.552 0.1972   -0.0094   7.557 0.2684   -0.0024   7.977 0.2833
 544.3178 1.066-03 2.500+04    0.0029   5.433 0.1889   -0.0827   5.520 0.1920   -0.0113   7.546 0.2624   -0.0028   7.969 0.2771
 555.4742 1.267-03 2.000+04    0.0079   5.408 0.1843   -0.1049   5.487 0.1870   -0.0134   7.533 0.2567   -0.0034   7.959 0.2713
 566.4162 1.496-03 1.500+04    0.0126   5.377 0.1797   -0.1299   5.449 0.1821   -0.0158   7.518 0.2513   -0.0041   7.948 0.2656
 577.1558 1.755-03 1.000+04    0.0173   5.338 0.1751   -0.1584   5.406 0.1773   -0.0184   7.501 0.2460   -0.0048   7.935 0.2603
 587.7042 2.048-03 5.000+03    0.0221   5.291 0.1704   -0.1910   5.355 0.1725   -0.0212   7.481 0.2410   -0.0057   7.919 0.2551
 598.0714 2.376-03 0.000+00    0.0272   5.236 0.1657   -0.2286   5.296 0.1676   -0.0241   7.458 0.2361   -0.0066   7.901 0.2501
 608.2669 2.744-03 -5.00+03    0.0325   5.171 0.1609   -0.2720   5.228 0.1627   -0.0273   7.432 0.2313   -0.0077   7.881 0.2453
 618.2990 3.154-03 -1.00+04    0.0383   5.096 0.1560   -0.3224   5.148 0.1576   -0.0306   7.402 0.2266   -0.0090   7.857 0.2405
 628.1755 3.610-03 -1.50+04    0.0447   5.009 0.1509   -0.3813   5.055 0.1523   -0.0340   7.368 0.2220   -0.0103   7.829 0.2359


                                               SUMMARY     MODES  5 -  8

   UNITS    UNITS    UNITS          MODE NO.  5              MODE NO.  6              MODE NO.  7              MODE NO.  8
    NONE   SLUG/       FT       STRUCTURAL MODE          STRUCTURAL MODE          STRUCTURAL MODE          STRUCTURAL MODE
           FT**3               MODAL DAMPING= 0.00%     MODAL DAMPING= 0.00%     MODAL DAMPING= 0.00%     MODAL DAMPING= 0.00% 
   V/VREF  DENSITY ALTITUDE         G   F(HZ) K=WL/V         G   F(HZ) K=WL/V         G   F(HZ) K=WL/V         G   F(HZ) K=WL/V
   0.0000 0.000+00  +INFINT    0.0000   8.273 INFINT    0.0000   9.466 INFINT    0.0000  11.021 INFINT    0.0000  11.962 INFINT
 518.5929 3.639-04 5.000+04   -0.0020   8.265 0.3017   -0.0064   9.487 0.3463   -0.0027  11.026 0.4025   -0.0342  12.264 0.4477
 518.5929 4.622-04 4.500+04   -0.0025   8.263 0.3016   -0.0081   9.492 0.3465   -0.0034  11.027 0.4026   -0.0416  12.337 0.4504
 518.5929 5.872-04 4.000+04   -0.0032   8.260 0.3015   -0.0102   9.499 0.3467   -0.0043  11.028 0.4026   -0.0498  12.425 0.4536
 521.3059 7.381-04 3.500+04   -0.0041   8.257 0.2998   -0.0127   9.506 0.3452   -0.0055  11.029 0.4005   -0.0581  12.532 0.4551
 532.9333 8.906-04 3.000+04   -0.0051   8.253 0.2932   -0.0155   9.515 0.3380   -0.0068  11.030 0.3918   -0.0639  12.654 0.4495
 544.3178 1.066-03 2.500+04   -0.0062   8.248 0.2869   -0.0187   9.526 0.3313   -0.0083  11.031 0.3837   -0.0668  12.784 0.4446
 555.4742 1.267-03 2.000+04   -0.0075   8.242 0.2809   -0.0224   9.537 0.3250   -0.0102  11.032 0.3760   -0.0655  12.911 0.4400
 566.4162 1.496-03 1.500+04   -0.0091   8.235 0.2752   -0.0266   9.550 0.3192   -0.0125  11.033 0.3688   -0.0605  13.015 0.4350
 577.1558 1.755-03 1.000+04   -0.0109   8.227 0.2698   -0.0314   9.565 0.3137   -0.0153  11.033 0.3619   -0.0549  13.089 0.4293
 587.7042 2.048-03 5.000+03   -0.0131   8.217 0.2647   -0.0369   9.580 0.3086   -0.0188  11.034 0.3554   -0.0504  13.140 0.4233
 598.0714 2.376-03 0.000+00   -0.0155   8.206 0.2597   -0.0429   9.596 0.3038   -0.0229  11.033 0.3492   -0.0471  13.178 0.4171
 608.2669 2.744-03 -5.00+03   -0.0183   8.193 0.2550   -0.0496   9.614 0.2992   -0.0280  11.032 0.3434   -0.0450  13.206 0.4110
 618.2990 3.154-03 -1.00+04   -0.0215   8.178 0.2504   -0.0570   9.633 0.2949   -0.0342  11.030 0.3377   -0.0436  13.229 0.4050
 628.1755 3.610-03 -1.50+04   -0.0250   8.161 0.2459   -0.0649   9.653 0.2909   -0.0417  11.026 0.3323   -0.0430  13.245 0.3992


                                               SUMMARY     MODES  9 - 12

   UNITS    UNITS    UNITS          MODE NO.  9              MODE NO. 10              MODE NO. 11              MODE NO. 12
    NONE   SLUG/       FT       STRUCTURAL MODE          STRUCTURAL MODE          STRUCTURAL MODE          STRUCTURAL MODE
           FT**3               MODAL DAMPING= 0.00%     MODAL DAMPING= 0.00%     MODAL DAMPING= 0.00%     MODAL DAMPING= 0.00% 
   V/VREF  DENSITY ALTITUDE         G   F(HZ) K=WL/V         G   F(HZ) K=WL/V         G   F(HZ) K=WL/V         G   F(HZ) K=WL/V
   0.0000 0.000+00  +INFINT    0.0000  13.326 INFINT    0.0000  15.083 INFINT    0.0000  16.113 INFINT    0.0000  18.279 INFINT
 518.5929 3.639-04 5.000+04   -0.0110  13.436 0.4905   -0.0134  15.207 0.5551   -0.0045  16.136 0.5891   -0.0417  18.457 0.6738
 518.5929 4.622-04 4.500+04   -0.0145  13.467 0.4916   -0.0170  15.242 0.5564   -0.0056  16.143 0.5893   -0.0535  18.503 0.6755
 518.5929 5.872-04 4.000+04   -0.0195  13.507 0.4931   -0.0216  15.286 0.5580   -0.0071  16.152 0.5896   -0.0687  18.562 0.6777
 521.3059 7.381-04 3.500+04   -0.0263  13.556 0.4923   -0.0274  15.343 0.5572   -0.0088  16.163 0.5870   -0.0881  18.637 0.6768
 532.9333 8.906-04 3.000+04   -0.0352  13.620 0.4838   -0.0342  15.413 0.5475   -0.0109  16.177 0.5747   -0.1106  18.724 0.6652
 544.3178 1.066-03 2.500+04   -0.0472  13.700 0.4765   -0.0427  15.496 0.5390   -0.0135  16.193 0.5632   -0.1376  18.831 0.6550
 555.4742 1.267-03 2.000+04   -0.0626  13.808 0.4706   -0.0535  15.595 0.5315   -0.0169  16.206 0.5523   -0.1694  18.964 0.6464
 566.4162 1.496-03 1.500+04   -0.0792  13.963 0.4667   -0.0685  15.715 0.5253   -0.0209  16.206 0.5417   -0.2063  19.132 0.6395
 577.1558 1.755-03 1.000+04   -0.0916  14.170 0.4648   -0.0926  15.862 0.5203   -0.0237  16.186 0.5309   -0.2480  19.341 0.6344
 587.7042 2.048-03 5.000+03   -0.0947  14.404 0.4640   -0.1320  16.023 0.5161   -0.0230  16.165 0.5207   -0.2937  19.600 0.6314
 598.0714 2.376-03 0.000+00   -0.0877  14.606 0.4623   -0.1862  16.225 0.5136   -0.0215  16.159 0.5115   -0.3425  19.915 0.6304
 608.2669 2.744-03 -5.00+03   -0.0775  14.735 0.4586   -0.2488  16.510 0.5139   -0.0205  16.158 0.5029   -0.3932  20.287 0.6314
 618.2990 3.154-03 -1.00+04   -0.0695  14.812 0.4535   -0.3159  16.854 0.5161   -0.0200  16.155 0.4947   -0.4446  20.719 0.6344
 628.1755 3.610-03 -1.50+04   -0.0643  14.859 0.4478   -0.3888  17.228 0.5192   -0.0200  16.148 0.4867   -0.4955  21.212 0.6393

 MATCHED POINT FLUTTER ANALYSIS RESULTING FROM BULK DATA CARD FIXMATM ID=      20 WITH NKSTEP=   25
 MACH =  0.9000, ATMOS TABLE=STANDARD, REFERENCE LENGTH (L) = 1.0125E+01/2.0 (FT), VREF= 1.6800E+00 (FT/SEC)


    1 NUMBER OF FLUTTER MODES ARE FOUND.
 FLUTTER SPEED, FREQUENCY, AND DYNAMIC PRESSURE AS A FUNCTION OF ASSUMED STRUCTURAL DAMPING


 -------------------------------------------------------------------------------------------------------------------------------
 | FLUTTER AT MODE NO.:   1 | G= 0.00% | G= 0.50% | G= 1.00% | G= 1.50% | G= 2.00% | G= 2.50% | G= 3.00% | G= 3.50% | G= 4.00% |
 -------------------------------------------------------------------------------------------------------------------------------
 |  ALT  |UNITS=     FT     | 2.783+04 | 2.288+04 | 1.776+04 | 1.248+04 | 7.236+03 | 2.160+03 | -2.63+03 | -7.12+03 | -1.13+04 |
 -------------------------------------------------------------------------------------------------------------------------------
 | SPEED |UNITS=  FT/  SEC  | 903.6168 | 922.3638 | 941.4160 | 960.6369 | 979.4164 | 997.2336 | 1013.781 | 1029.058 | 1043.104 |
 -------------------------------------------------------------------------------------------------------------------------------
 | V/VREF|UNITS=    NONE    | 537.8671 | 549.0261 | 560.3667 | 571.8077 | 582.9860 | 593.5914 | 603.4414 | 612.5349 | 620.8956 |
 -------------------------------------------------------------------------------------------------------------------------------
 |  FREQ |UNITS=      HZ    |   5.4425 |   5.4227 |   5.3943 |   5.3572 |   5.3121 |   5.2600 |   5.2021 |   5.1395 |   5.0735 |
 -------------------------------------------------------------------------------------------------------------------------------
 | DYN P |UNITS=SLUG/FT/S**2| 3.954+02 | 4.905+02 | 6.079+02 | 7.516+02 | 9.209+02 | 1.112+03 | 1.322+03 | 1.547+03 | 1.783+03 |
 -------------------------------------------------------------------------------------------------------------------------------
 |DENSITY|UNITS=SLUG/FT**3  | 9.667-04 | 1.151-03 | 1.369-03 | 1.626-03 | 1.917-03 | 2.234-03 | 2.570-03 | 2.919-03 | 3.274-03 |
 -------------------------------------------------------------------------------------------------------------------------------
 | DYNAMIC PRESSURE AT G=0.0, W =      5.4425 HZ, V =  9.0362E+02 :                                                            |
 | COMPUTED =  3.9706E+02, INTERPOLATED =  3.9548E+02, ERROR =  3.9941E-01%. CORRESPONDING EIGENVECTOR OF   12 MODES =         |
 |  1.000E+00  0.000E+00,   9.934E-02 -2.311E-01,  -1.560E-02  4.613E-03,  -2.033E-03  5.309E-04,   6.738E-03 -4.638E-03,      |
 | -5.130E-03  2.205E-03,  -1.251E-03  1.086E-03,  -3.303E-02 -5.190E-03,  -9.474E-04 -1.040E-04,   5.930E-03  1.969E-03,      |
 | -1.289E-03 -3.202E-04,  -4.228E-03  3.950E-04,                                                                              |
 -------------------------------------------------------------------------------------------------------------------------------
 | FLUTTER MODE TRACKING: 100% = PRIMARY MODE. 0% = NO CONTRIBUTION TO FLUTTER MODE.                                           |
 | MODE(   1) = 100.0000%,  MODE(   2) =  78.6404%,  MODE(   3) =   2.7296%,  MODE(   4) =   0.1462%,  MODE(   5) =   0.6370%, |
 | MODE(   6) =   2.4667%,  MODE(   7) =   0.3504%,  MODE(   8) =   1.3975%,  MODE(   9) =   0.0485%,  MODE(  10) =   0.3353%, |
 | MODE(  11) =   0.0915%,  MODE(  12) =   0.7239%,                                                                            |
 -------------------------------------------------------------------------------------------------------------------------------



          * * * *  F R E Q U E N C Y   V E R S U S      A L T I T U D E       F O R   T H E   F I R S T   10   M O D E S * * * *
      HZ          
   20.0 +                                                                                                                        
        |                                                                                                                        
        |                                                                                                                        
        |                                                                                                                        
        |                                                                                                                        
        |                                                                                                                        
        |                                                                                                    J       J           
        |                                                                                           J                            
        |                                                                  J        J       J                                    
        |                J       J        J       J       J        J                                                             
        J       J                                                                                            I       I           
        |                                                                           I       I       I                            
        |                                                 I        I       I                                                     
        I       I        I       I        I       I                                                                              
        |                                         H       H        H       H        H       H       H        H       H           
        H       H        H       H        H                                                                                      
        |                                                                                                                        
        |                                                                                                                        
        G       G        G       G        G       G       G        G       G        G       G       G        G       G           
        |                                                                                                                        
   10.0 +                                                                                                                        
        F       F        F       F        F       F       F        F       F        F       F       F        F       F           
        |                                                                                                                        
        E       E        E       E        E                                                                                      
        D       D        D       D        D       E       E        E       E        E       E       E        E       E           
        C       C        C       C        C       C       C        C       C        C       C       C        C       C           
        |                                                                                                                        
        |                                                                                                                        
        |                                                                                                                        
        B       B        B       B        B       B       B        B       B        B       B                                    
        |                                                                                   A       B        B       B           
        |                                                                                                                        
        |                                                                                                                        
        |                                                                                                                        
        |                                                                                                                        
        |                                                                                                                        
        |                                                                                                                        
        |                                                                                                                        
        |                                                                                                                        
        |                                                                                                                        
    0.0 +-----------+-----------+-----------+-----------+-----------+-----------+-----------+-----------+-----------+-----------+
                4.285+04    3.570+04    2.855+04    2.140+04    1.425+04    7.100+03    -5.00+01    -7.20+03    -1.43+04    -2.15+04
                                                             ALTITUDE  ( UNITS=FT   )



            * * * *  D A M P I N G   V E R S U S      A L T I T U D E       F O R   T H E   F I R S T   10   M O D E S * * * *

    0.1 +                                                                                                                        
        |                                                                                                                        
        |                                                                                                                        
        |                                                                                                                        
        |                                                                                                                        
        |                                                                                                                        
        |                                                                                                    A       A           
        |                                                                                   A       A                            
        |                                                                  A        A                                            
        |                                                 A        A                                                             
    0.0 G-------G---+----G------+E--------D-+-----D-----+-D--------D+------D----+-----------+-----------+-----------+-----------+
        J       I        F       G        G       G       G        G       E        E       D       D        D       D           
        B       J        J                F       F       F        C       G        G       G       E        E                   
        H       B        B       J        J                        F       F                        G        G       E           
        |       H                         I       J                                 F       F       H        H       H           
        |                H       B                I       J                H        H       H       F                            
        |                        H        H               I        H                                         F       I           
        |                                         H       H        J                                         I                   
        |                                         B                I                                I                            
        |                                                                  J        I       I                                    
   -0.1 +                                                 B                                                                      
        |                                                                                                                        
        |                                                                                                                        
        |                                                          B                J                                            
        |                                                                                                                        
        |                                                                                                                        
        |                                                                  B                                                     
        |                                                                                                                        
        |                                                                                                                        
        |                                                                           B       J                                    
   -0.2 +                                                                                                                        
        |                                                                                                                        
        |                                                                                                                        
        |                                                                                   B                                    
        |                                                                                                                        
        |                                                                                           J                            
        |                                                                                                                        
        |                                                                                           B                            
        |                                                                                                                        
   -0.3 +                                                                                                                        
        |                                                                                                                        
                4.285+04    3.570+04    2.855+04    2.140+04    1.425+04    7.100+03    -5.00+01    -7.20+03    -1.43+04    -2.15+04
                                                             ALTITUDE  ( UNITS=FT   )





                              E N D   O F   G - M E T H O D   F L U T T E R   E V A L U A T I O N



                                             ****************************************
                                             ***                                  ***
                                             ***  Z A E R O   T E R M I N A T E D ***
                                             ***                                  ***
                                             ***          N O R M A L L Y         ***
                                             ***                                  ***
                                             ***      16:38:32    01/29/2025      ***
                                             ***                                  ***
                                             ****************************************
