1
 
 
 
 
                     THIS PROGRAM IS CONFIDENTIAL AND A TRADE SECRET OF MSC.SOFTWARE CORPORATION.  THE RECEIPT OR    
                  POSSESSION OF THIS PROGRAM DOES NOT CONVEY ANY RIGHTS TO REPRODUCE OR DISCLOSE ITS CONTENTS, OR TO 
                 MANUFACTURE, USE, OR SELL ANYTHING HEREIN, IN WHOLE OR IN PART, WITHOUT THE SPECIFIC WRITTEN CONSENT
                                                    OF MSC.SOFTWARE CORPORATION.                                     
 
 
                                              * * * * * * * * * * * * * * * * * * * *
                                              * * * * * * * * * * * * * * * * * * * *
                                              * *                                 * *
                                              * *           MSC.SOFTWARE          * *
                                              * *               CORP              * *
                                              * *                                 * *
                                              * *      M S C . N a s t r a n      * *
                                              * *                                 * *
                                              * *                                 * *
                                              * *                                 * *
                                              * *        Version 2005.1.0         * *
                                              * *             2005R2              * *
                                              * *                                 * *
                                              * *                                 * *
                                              * *          JUN 17, 2005           * *
                                              * *                                 * *
                                              * *              Intel              * *
                                              * *MODEL PentiumIII/4990 (sdoyle-la * *
                                              * *   Windows XP 6.2 (Build 9200)   * *
                                              * *                                 * *
                                              * *                                 * *
                                              * * * * * * * * * * * * * * * * * * * *
                                              * * * * * * * * * * * * * * * * * * * *
1News file - (6/03/05):
  
 Thank you for choosing MSC.Nastran, the industry standard in FEA, and Welcome
 to MSC.Nastran 2005 r2.
  
 You can find version-specific online documentation, and online technical support
 at:
  
    http://www.mscsoftware.com/support/prod_support/nastran/
  
 Also at the technical support location is a searchable list of technical
 application notes and the current error/avoidance list. Please don't hesitate
 to contact your nearest technical support representative if you require
 assistance.
  
    http://www.mscsoftware.com/about/locate/
  
 The arbitrary beam cross section, explicit nonlinear (SOL 700), and the new
 nonlinear (SOL 400) solution sequences, are regarded as pre-release capabilities
 and are still undergoing testing and verification.  These capabilities should
 not be employed in any analysis except for the purpose of testing and verifying
 the functionality and working of the capabilities themselves.
  
 MSC.Nastran 2005 r2 is mainly focused on improving quality, accuracy and
 ease-of-use, but also introduces new capabilities, some of which were made
 available as pre-release functionality in MSC.Nastran 2005 r1. In addition,
 significant advancements have been made regarding performance and scalability of
 the program.  Some of the new features and enhancements are listed below.
  
 Nonlinear
 - MSC.Nastran Implicit Nonlinear (SOL 600) - We have addressed many known
   issues, improved memory usage, improved output options, added beam, bar, and
   shell offsets, and thermal contact
 - MSC.Nastran Explicit Nonlinear (SOL 700) pre-release - you can now
   execute LS-Dyna from inside MSC.Nastran to perform crash and impact
   analyses
  
 Numeric Enhancements
 - Multi-level DMP - an enhanced Lanczos modal extraction methodology that
   improves scalability and efficiently handles large normal modes analyses with
   very frequency ranges
 - MDACMS enhanced robustness, improved handling of large masses, and improved
   performance
 - Distributed memory parallel MPYAD
  
 Elements
 - CFAST - a new fastener element based on user defined stiffness values.
 - Arbitrary beam cross section pre-release capability - you can specify cross
   section shapes using POINT entries, and optimize them in SOL 200
 - Enhanced nonstructural mass element summary printout - ELSUM
1- spatially dependent heat transfer coefficient
 - Heat transfer coefficient as a function of two variables
 - Thermal analysis flux output
  
 Optimization
 - MSC.Nastran Topology Optimization - this addition to the existing SOL 200
   optimization solution sequence allows optimization analyses to be performed
   that require many design variables
  
 Further Enhancements
 - Larger XDB database support
 - MATMOD option 16 - we have removed many previous limitations with this
   matrix output capability
1                                                                             APRIL   5, 2018  MSC.NASTRAN  6/17/05   PAGE     1
                                                                                                                                    
0        N A S T R A N    F I L E    A N D    S Y S T E M    P A R A M E T E R    E C H O                                           
0                                                                                                                                   
                                                                                                                                    
                                                                                                                                    
     NASTRAN OP2NEW=0 $ MSC.NASTRAN .LCL FILE                                        
     NASTRAN BUFFSIZE=8193 $(C:/MSC.SOFTWARE/MSC.NASTRAN/CONF/NAST20051.RCF[2])      
     NASTRAN REAL=2144075776 $(PROGRAM DEFAULT)                                      
1                                                                             APRIL   5, 2018  MSC.NASTRAN  6/17/05   PAGE     2
                                                                                                                                    
0        N A S T R A N    E X E C U T I V E    C O N T R O L    E C H O                                                             
0                                                                                                                                   
                                                                                                                                    
                                                                                                                                    
     SOL 145                                                                                 
     CEND                                                                                    
1    MSC.NASTRAN JOB CREATED ON 29-NOV-17 AT 14:54:26                         APRIL   5, 2018  MSC.NASTRAN  6/17/05   PAGE     3
                                                                                                                                    
0                                                                                                                                   
0                                        C A S E    C O N T R O L    E C H O                                                        
                 COMMAND                                                                                                            
                 COUNT                                                                                                              
                  1      TITLE = MSC.NASTRAN JOB CREATED ON 29-NOV-17 AT 14:54:26                                
                  2      ECHO = NONE                                                                             
                  3      SUBCASE 1                                                                               
                  4         SUBTITLE=DEFAULT                                                                     
                  5         METHOD = 1                                                                           
                  6         SPC = 10                                                                             
                  7         VECTOR(PLOT,SORT1,REAL)=ALL                                                          
                  8         $SPCFORCES(PRINT,SORT1,REAL)=ALL                                                     
                  9         $MPCFORCES(PRINT,SORT1,REAL)=ALL                                                     
                 10         FMETHOD = 50                                                                         
                 11      BEGIN BULK                                                                              
 *** USER WARNING MESSAGE 324 (XSORSO)
     BLANK ENTRIES ENCOUNTERED WILL BE IGNORED.
0                             INPUT BULK DATA ENTRY COUNT =     364
0                       TOTAL COUNT=       314


                                        M O D E L   S U M M A R Y

                                   NUMBER OF GRID     POINTS   =      117
 
                                   NUMBER OF CELAS2   ELEMENTS =        2
                                   NUMBER OF CQUAD4   ELEMENTS =       84
 
                                   NUMBER OF RBE2     ELEMENTS =        1
 *** USER INFORMATION MESSAGE 4114 (OUTPX2)
     DATA BLOCK PVT0     WRITTEN ON FORTRAN UNIT 12, TRL =
                    101                14                 0                 0                 0                 0                 0
     NAME OF DATA BLOCK WRITTEN ON FORTRAN UNIT IS PVT0.
        (MAXIMUM POSSIBLE FORTRAN RECORD SIZE =       16386 WORDS.)
     (MAXIMUM SIZE OF FORTRAN RECORDS WRITTEN =          14 WORDS.)
           (NUMBER OF FORTRAN RECORDS WRITTEN =          15 RECORDS.)
           (TOTAL DATA WRITTEN FOR DATA BLOCK =          38 WORDS.)
1    MSC.NASTRAN JOB CREATED ON 29-NOV-17 AT 14:54:26                         APRIL   5, 2018  MSC.NASTRAN  6/17/05   PAGE     4
                                                                                                                                    
0                                                                                                                                   
 *** USER INFORMATION MESSAGE 7310 (VECPRN)
     ORIGIN OF SUPERELEMENT BASIC COORDINATE SYSTEM WILL BE USED AS REFERENCE LOCATION.
     RESULTANTS ABOUT ORIGIN OF SUPERELEMENT BASIC COORDINATE SYSTEM IN SUPERELEMENT BASIC SYSTEM COORDINATES.
0                                                  OLOAD    RESULTANT       
  SUBCASE/    LOAD
  DAREA ID    TYPE       T1            T2            T3            R1            R2            R3
0        1     FX    0.000000E+00     ----          ----          ----       0.000000E+00  0.000000E+00                             
               FY       ----       0.000000E+00     ----       0.000000E+00     ----       0.000000E+00                             
               FZ       ----          ----       0.000000E+00  0.000000E+00  0.000000E+00     ----                                  
               MX       ----          ----          ----       0.000000E+00     ----          ----                                  
               MY       ----          ----          ----          ----       0.000000E+00     ----                                  
               MZ       ----          ----          ----          ----          ----       0.000000E+00                             
             TOTALS  0.000000E+00  0.000000E+00  0.000000E+00  0.000000E+00  0.000000E+00  0.000000E+00
 *** USER INFORMATION MESSAGE 5458 (REIG)
     QL HOUSEHOLDER METHOD IS AUTOMATICALLY SELECTED .
1    MSC.NASTRAN JOB CREATED ON 29-NOV-17 AT 14:54:26                         APRIL   5, 2018  MSC.NASTRAN  6/17/05   PAGE     5
                                                                                                                                    
0                                                                                                            SUBCASE 1              
 
                                              R E A L   E I G E N V A L U E S
                                         (BEFORE AUGMENTATION OF RESIDUAL VECTORS)
   MODE    EXTRACTION      EIGENVALUE            RADIANS             CYCLES            GENERALIZED         GENERALIZED
    NO.       ORDER                                                                       MASS              STIFFNESS
        1         1        2.808246E+02        1.675782E+01        2.667090E+00        1.000000E+00        2.808246E+02
        2         2        4.459431E+03        6.677897E+01        1.062820E+01        1.000000E+00        4.459431E+03
1    MSC.NASTRAN JOB CREATED ON 29-NOV-17 AT 14:54:26                         APRIL   5, 2018  MSC.NASTRAN  6/17/05   PAGE     6
                                                                                                                                    
0                                                                                                            SUBCASE 1              
 *** SYSTEM INFORMATION MESSAGE 6916 (DFMSYN)
     DECOMP ORDERING METHOD CHOSEN: BEND, ORDERING METHOD USED: BEND
  
 *** SYSTEM INFORMATION MESSAGE 4159 (DFMSA)
     THE DECOMPOSITION OF KYY      YIELDS A MAXIMUM MATRIX-TO-FACTOR-DIAGONAL RATIO OF    1.000000E+00
 ^^^     
 ^^^ USER INFORMATION MESSAGE 9035 (RESLOAD )    
 ^^^ THE NUMBER OF MODES IS EQUAL TO THE NUMBER OF DOFS. 
 ^^^ RESIDUAL VECTORS WILL NOT BE CALCULATED.    
 ^^^     


                                               EIGENVECTOR FROM THE  PKNL METHOD
   EIGENVALUE =    -9.88553E-02    1.71977E+01       VELOCITY =     1.52383E+02

   EIGENVECTOR
                    1.00000E+00    0.00000E+00
                   -3.81052E-03   -6.17235E-04


                                               EIGENVECTOR FROM THE  PKNL METHOD
   EIGENVALUE =    -1.71903E-01    6.60547E+01       VELOCITY =     1.52383E+02

   EIGENVECTOR
                   -2.23484E-02   -1.15277E-03
                    1.00000E+00    0.00000E+00


 A ZERO FREQUENCY ROOT HAS EMERGED.  WHEN THE MACH NO., DENSITY AND VELOCITY ARE COMPATIBLE
 IT MAY BE INTERPRETED TWO WAYS DEPENDING ON THE SIGN OF THE REAL PART:
   1. (-) A MODE IS CRITICALLY DAMPED, OR,
   2. (+) THE SYSTEM IS DIVERGING.
 ONLY THE MOST CRITICAL ( I.E., MOST POSITIVE REAL ROOTS )  ARE PRINTED IN THE FLUTTER SUMMARY.
 FOR INFORMATIONAL PURPOSES, THE REMAINING REAL ROOTS ARE PRINTED HERE.

      LESS CRITICAL REAL ROOTS FOR LOOP   75      MACH        VELOCITY        DENSITY
                                              5.00000E-01    1.62486E+02    8.35225E-01

         KFREQ          DAMPING                 COMPLEX EIGENVALUE

        0.0000     -4.3293461E-01       -4.8759453E+01        0.0000000E+00

      LESS CRITICAL REAL ROOTS FOR LOOP   76      MACH        VELOCITY        DENSITY
                                              5.00000E-01    1.63193E+02    8.66633E-01

         KFREQ          DAMPING                 COMPLEX EIGENVALUE

        0.0000     -5.1429737E-01       -5.8175156E+01        0.0000000E+00

      LESS CRITICAL REAL ROOTS FOR LOOP   77      MACH        VELOCITY        DENSITY
                                              5.00000E-01    1.63898E+02    8.98937E-01

         KFREQ          DAMPING                 COMPLEX EIGENVALUE

        0.0000     -5.6723827E-01       -6.4440559E+01        0.0000000E+00
1    MSC.NASTRAN JOB CREATED ON 29-NOV-17 AT 14:54:26                         APRIL   5, 2018  MSC.NASTRAN  6/17/05   PAGE     7
     DEFAULT                                                                                                                        
0                                                                                                            SUBCASE 1              

      LESS CRITICAL REAL ROOTS FOR LOOP   78      MACH        VELOCITY        DENSITY
                                              5.00000E-01    1.64599E+02    9.32154E-01

         KFREQ          DAMPING                 COMPLEX EIGENVALUE

        0.0000     -6.1247665E-01       -6.9877579E+01        0.0000000E+00

      LESS CRITICAL REAL ROOTS FOR LOOP   79      MACH        VELOCITY        DENSITY
                                              5.00000E-01    1.65297E+02    9.66303E-01

         KFREQ          DAMPING                 COMPLEX EIGENVALUE

        0.0000     -6.5378022E-01       -7.4906403E+01        0.0000000E+00

      LESS CRITICAL REAL ROOTS FOR LOOP   80      MACH        VELOCITY        DENSITY
                                              5.00000E-01    1.65993E+02    1.00140E+00

         KFREQ          DAMPING                 COMPLEX EIGENVALUE

        0.0000     -6.9268101E-01       -7.9697342E+01        0.0000000E+00

      LESS CRITICAL REAL ROOTS FOR LOOP   81      MACH        VELOCITY        DENSITY
                                              5.00000E-01    1.66685E+02    1.03746E+00

         KFREQ          DAMPING                 COMPLEX EIGENVALUE

        0.0000     -7.2998488E-01       -8.4339806E+01        0.0000000E+00

      LESS CRITICAL REAL ROOTS FOR LOOP   82      MACH        VELOCITY        DENSITY
                                              5.00000E-01    1.67375E+02    1.07451E+00

         KFREQ          DAMPING                 COMPLEX EIGENVALUE

        0.0000     -7.6617873E-01       -8.8887787E+01        0.0000000E+00

      LESS CRITICAL REAL ROOTS FOR LOOP   83      MACH        VELOCITY        DENSITY
                                              5.00000E-01    1.68062E+02    1.11257E+00

         KFREQ          DAMPING                 COMPLEX EIGENVALUE

        0.0000     -8.0158490E-01       -9.3377052E+01        0.0000000E+00

      LESS CRITICAL REAL ROOTS FOR LOOP   84      MACH        VELOCITY        DENSITY
                                              5.00000E-01    1.68746E+02    1.15164E+00

         KFREQ          DAMPING                 COMPLEX EIGENVALUE

        0.0000     -8.3643085E-01       -9.7832870E+01        0.0000000E+00
1    MSC.NASTRAN JOB CREATED ON 29-NOV-17 AT 14:54:26                         APRIL   5, 2018  MSC.NASTRAN  6/17/05   PAGE     8
     DEFAULT                                                                                                                        
0                                                                                                            SUBCASE 1              

      LESS CRITICAL REAL ROOTS FOR LOOP   85      MACH        VELOCITY        DENSITY
                                              5.00000E-01    1.69427E+02    1.19176E+00

         KFREQ          DAMPING                 COMPLEX EIGENVALUE

        0.0000     -8.7088513E-01       -1.0227407E+02        0.0000000E+00

      LESS CRITICAL REAL ROOTS FOR LOOP   86      MACH        VELOCITY        DENSITY
                                              5.00000E-01    1.70106E+02    1.23294E+00

         KFREQ          DAMPING                 COMPLEX EIGENVALUE

        0.0000     -9.0507710E-01       -1.0671517E+02        0.0000000E+00

      LESS CRITICAL REAL ROOTS FOR LOOP   87      MACH        VELOCITY        DENSITY
                                              5.00000E-01    1.70782E+02    1.27520E+00

         KFREQ          DAMPING                 COMPLEX EIGENVALUE

        0.0000     -9.3910980E-01       -1.1116783E+02        0.0000000E+00

      LESS CRITICAL REAL ROOTS FOR LOOP   88      MACH        VELOCITY        DENSITY
                                              5.00000E-01    1.71455E+02    1.31855E+00

         KFREQ          DAMPING                 COMPLEX EIGENVALUE

        0.0000     -9.7306651E-01       -1.1564155E+02        0.0000000E+00

      LESS CRITICAL REAL ROOTS FOR LOOP   89      MACH        VELOCITY        DENSITY
                                              5.00000E-01    1.72126E+02    1.36303E+00

         KFREQ          DAMPING                 COMPLEX EIGENVALUE

        0.0000     -1.0070168E+00       -1.2014434E+02        0.0000000E+00

      LESS CRITICAL REAL ROOTS FOR LOOP   90      MACH        VELOCITY        DENSITY
                                              5.00000E-01    1.72794E+02    1.40864E+00

         KFREQ          DAMPING                 COMPLEX EIGENVALUE

        0.0000     -1.0410197E+00       -1.2468314E+02        0.0000000E+00

      LESS CRITICAL REAL ROOTS FOR LOOP   91      MACH        VELOCITY        DENSITY
                                              5.00000E-01    1.73459E+02    1.45542E+00

         KFREQ          DAMPING                 COMPLEX EIGENVALUE

        0.0000     -1.0751256E+00       -1.2926389E+02        0.0000000E+00
1    MSC.NASTRAN JOB CREATED ON 29-NOV-17 AT 14:54:26                         APRIL   5, 2018  MSC.NASTRAN  6/17/05   PAGE     9
     DEFAULT                                                                                                                        
0                                                                                                            SUBCASE 1              

      LESS CRITICAL REAL ROOTS FOR LOOP   92      MACH        VELOCITY        DENSITY
                                              5.00000E-01    1.74122E+02    1.50337E+00

         KFREQ          DAMPING                 COMPLEX EIGENVALUE

        0.0000     -1.1093789E+00       -1.3389192E+02        0.0000000E+00

      LESS CRITICAL REAL ROOTS FOR LOOP   93      MACH        VELOCITY        DENSITY
                                              5.00000E-01    1.74782E+02    1.55252E+00

         KFREQ          DAMPING                 COMPLEX EIGENVALUE

        0.0000     -1.1438190E+00       -1.3857207E+02        0.0000000E+00
1    MSC.NASTRAN JOB CREATED ON 29-NOV-17 AT 14:54:26                         APRIL   5, 2018  MSC.NASTRAN  6/17/05   PAGE    10
     DEFAULT                                                                                                                        
0                                                                                                            SUBCASE 1              
0                                                       FLUTTER  SUMMARY
                         CONFIGURATION = AEROSG2D     XY-SYMMETRY = ASYMMETRIC     XZ-SYMMETRY = ASYMMETRIC
       POINT =    1     METHOD = PKNL


    KFREQ          1./KFREQ       DENSITY     MACH NO.      VELOCITY       DAMPING     FREQUENCY      COMPLEX   EIGENVALUE
   0.0564       1.77213E+01   1.79037E-02   5.00000E-01   1.52383E+02  -1.14964E-02   2.73710E+00  -9.88553E-02   1.71977E+01
   0.0566       1.76568E+01   1.89409E-02   5.00000E-01   1.52037E+02  -1.21295E-02   2.74086E+00  -1.04444E-01   1.72214E+01
   0.0568       1.75909E+01   2.00434E-02   5.00000E-01   1.51690E+02  -1.28004E-02   2.74486E+00  -1.10381E-01   1.72464E+01
   0.0571       1.75236E+01   2.12155E-02   5.00000E-01   1.51342E+02  -1.35114E-02   2.74909E+00  -1.16691E-01   1.72730E+01
   0.0573       1.74547E+01   2.24621E-02   5.00000E-01   1.50994E+02  -1.42650E-02   2.75358E+00  -1.23401E-01   1.73012E+01
   0.0575       1.73843E+01   2.37881E-02   5.00000E-01   1.50645E+02  -1.50639E-02   2.75833E+00  -1.30537E-01   1.73311E+01
   0.0578       1.73122E+01   2.51992E-02   5.00000E-01   1.50295E+02  -1.59111E-02   2.76339E+00  -1.38131E-01   1.73629E+01
   0.0580       1.72384E+01   2.67012E-02   5.00000E-01   1.49944E+02  -1.68097E-02   2.76875E+00  -1.46216E-01   1.73965E+01
   0.0583       1.71627E+01   2.83004E-02   5.00000E-01   1.49593E+02  -1.77630E-02   2.77444E+00  -1.54825E-01   1.74323E+01
   0.0585       1.70850E+01   3.00036E-02   5.00000E-01   1.49240E+02  -1.87746E-02   2.78049E+00  -1.63999E-01   1.74703E+01
   0.0588       1.70052E+01   3.18181E-02   5.00000E-01   1.48887E+02  -1.98481E-02   2.78692E+00  -1.73777E-01   1.75107E+01
   0.0591       1.69233E+01   3.37518E-02   5.00000E-01   1.48533E+02  -2.09877E-02   2.79375E+00  -1.84206E-01   1.75537E+01
   0.0594       1.68390E+01   3.58132E-02   5.00000E-01   1.48178E+02  -2.21977E-02   2.80103E+00  -1.95333E-01   1.75994E+01
   0.0597       1.67523E+01   3.80112E-02   5.00000E-01   1.47822E+02  -2.34827E-02   2.80877E+00  -2.07211E-01   1.76480E+01
   0.0600       1.66684E+01   4.03307E-02   5.00000E-01   1.47514E+02  -2.48399E-02   2.81701E+00  -2.19831E-01   1.76998E+01
   0.0602       1.66164E+01   4.26295E-02   5.00000E-01   1.47514E+02  -2.62269E-02   2.82583E+00  -2.32832E-01   1.77552E+01
   0.0604       1.65616E+01   4.50593E-02   5.00000E-01   1.47514E+02  -2.76896E-02   2.83518E+00  -2.46631E-01   1.78140E+01
   0.0606       1.65038E+01   4.76276E-02   5.00000E-01   1.47514E+02  -2.92322E-02   2.84511E+00  -2.61283E-01   1.78763E+01
   0.0608       1.64430E+01   5.03423E-02   5.00000E-01   1.47514E+02  -3.08588E-02   2.85564E+00  -2.76843E-01   1.79425E+01
   0.0611       1.63788E+01   5.32117E-02   5.00000E-01   1.47514E+02  -3.25738E-02   2.86682E+00  -2.93372E-01   1.80128E+01
   0.0613       1.63112E+01   5.62447E-02   5.00000E-01   1.47514E+02  -3.43817E-02   2.87870E+00  -3.10938E-01   1.80874E+01
   0.0616       1.62400E+01   5.94505E-02   5.00000E-01   1.47514E+02  -3.62874E-02   2.89132E+00  -3.29611E-01   1.81667E+01
   0.0619       1.61651E+01   6.28391E-02   5.00000E-01   1.47514E+02  -3.82959E-02   2.90473E+00  -3.49468E-01   1.82510E+01
   0.0622       1.60861E+01   6.64209E-02   5.00000E-01   1.47514E+02  -4.04123E-02   2.91899E+00  -3.70592E-01   1.83405E+01
   0.0625       1.60030E+01   7.02068E-02   5.00000E-01   1.47514E+02  -4.26423E-02   2.93415E+00  -3.93074E-01   1.84358E+01
   0.0628       1.59154E+01   7.42084E-02   5.00000E-01   1.47514E+02  -4.49916E-02   2.95029E+00  -4.17010E-01   1.85372E+01
   0.0632       1.58233E+01   7.84382E-02   5.00000E-01   1.47514E+02  -4.74662E-02   2.96747E+00  -4.42508E-01   1.86452E+01
   0.0636       1.57263E+01   8.29090E-02   5.00000E-01   1.47514E+02  -5.00723E-02   2.98577E+00  -4.69682E-01   1.87602E+01
   0.0640       1.56242E+01   8.76347E-02   5.00000E-01   1.47514E+02  -5.28166E-02   3.00528E+00  -4.98660E-01   1.88827E+01
   0.0644       1.55168E+01   9.26298E-02   5.00000E-01   1.47514E+02  -5.57058E-02   3.02608E+00  -5.29579E-01   1.90134E+01
   0.0649       1.54038E+01   9.79095E-02   5.00000E-01   1.47514E+02  -5.87472E-02   3.04828E+00  -5.62590E-01   1.91529E+01
   0.0654       1.52849E+01   1.03490E-01   5.00000E-01   1.47514E+02  -6.19482E-02   3.07199E+00  -5.97859E-01   1.93019E+01
   0.0660       1.51598E+01   1.09389E-01   5.00000E-01   1.47514E+02  -6.53168E-02   3.09734E+00  -6.35570E-01   1.94611E+01
   0.0665       1.50283E+01   1.15624E-01   5.00000E-01   1.47514E+02  -6.88609E-02   3.12446E+00  -6.75923E-01   1.96315E+01
   0.0672       1.48899E+01   1.22214E-01   5.00000E-01   1.47514E+02  -7.25893E-02   3.15350E+00  -7.19143E-01   1.98140E+01
   0.0678       1.47443E+01   1.29180E-01   5.00000E-01   1.47514E+02  -7.65109E-02   3.18464E+00  -7.65479E-01   2.00097E+01
1    MSC.NASTRAN JOB CREATED ON 29-NOV-17 AT 14:54:26                         APRIL   5, 2018  MSC.NASTRAN  6/17/05   PAGE    11
     DEFAULT                                                                                                                        
0                                                                                                            SUBCASE 1              
0                                                       FLUTTER  SUMMARY
                         CONFIGURATION = AEROSG2D     XY-SYMMETRY = ASYMMETRIC     XZ-SYMMETRY = ASYMMETRIC
       POINT =    1     METHOD = PKNL


    KFREQ          1./KFREQ       DENSITY     MACH NO.      VELOCITY       DAMPING     FREQUENCY      COMPLEX   EIGENVALUE
   0.0685       1.45911E+01   1.36544E-01   5.00000E-01   1.47514E+02  -8.06350E-02   3.21807E+00  -8.15209E-01   2.02197E+01
   0.0693       1.44299E+01   1.44326E-01   5.00000E-01   1.47514E+02  -8.49715E-02   3.25401E+00  -8.68644E-01   2.04455E+01
   0.0701       1.42604E+01   1.52553E-01   5.00000E-01   1.47514E+02  -8.95308E-02   3.29270E+00  -9.26136E-01   2.06887E+01
   0.0710       1.40819E+01   1.61248E-01   5.00000E-01   1.47514E+02  -9.43240E-02   3.33443E+00  -9.88085E-01   2.09509E+01
   0.0720       1.38940E+01   1.70439E-01   5.00000E-01   1.47514E+02  -9.93627E-02   3.37953E+00  -1.05495E+00   2.12342E+01
   0.0730       1.36960E+01   1.80154E-01   5.00000E-01   1.47514E+02  -1.04659E-01   3.42838E+00  -1.12724E+00   2.15411E+01
   0.0741       1.34874E+01   1.90422E-01   5.00000E-01   1.47514E+02  -1.10228E-01   3.48141E+00  -1.20558E+00   2.18744E+01
   0.0754       1.32673E+01   2.01276E-01   5.00000E-01   1.47514E+02  -1.16083E-01   3.53916E+00  -1.29068E+00   2.22372E+01
   0.0767       1.30349E+01   2.12748E-01   5.00000E-01   1.47514E+02  -1.22243E-01   3.60226E+00  -1.38340E+00   2.26336E+01
   0.0782       1.27892E+01   2.24875E-01   5.00000E-01   1.47514E+02  -1.28726E-01   3.67146E+00  -1.48475E+00   2.30685E+01
   0.0798       1.25274E+01   2.37692E-01   5.00000E-01   1.47514E+02  -1.35444E-01   3.74821E+00  -1.59490E+00   2.35507E+01
   0.0816       1.22506E+01   2.51240E-01   5.00000E-01   1.47514E+02  -1.42617E-01   3.83288E+00  -1.71730E+00   2.40827E+01
   0.0836       1.19559E+01   2.65560E-01   5.00000E-01   1.47514E+02  -1.50196E-01   3.92737E+00  -1.85314E+00   2.46764E+01
   0.0859       1.16406E+01   2.80697E-01   5.00000E-01   1.47514E+02  -1.58236E-01   4.03373E+00  -2.00522E+00   2.53447E+01
   0.0885       1.12990E+01   2.96696E-01   5.00000E-01   1.47514E+02  -1.66618E-01   4.15570E+00  -2.17528E+00   2.61110E+01
   0.0915       1.09302E+01   3.13607E-01   5.00000E-01   1.47514E+02  -1.75809E-01   4.29593E+00  -2.37272E+00   2.69921E+01
   0.0950       1.05247E+01   3.31483E-01   5.00000E-01   1.47514E+02  -1.85950E-01   4.46141E+00  -2.60627E+00   2.80319E+01
   0.0993       1.00655E+01   3.50377E-01   5.00000E-01   1.47514E+02  -1.97305E-01   4.66495E+00  -2.89158E+00   2.93107E+01
   0.1049       9.53710E+00   3.69797E-01   5.00000E-01   1.47627E+02  -2.12171E-01   4.92718E+00  -3.28424E+00   3.09584E+01
   0.1125       8.89179E+00   3.86688E-01   5.00000E-01   1.48405E+02  -2.40021E-01   5.31263E+00  -4.00597E+00   3.33802E+01
   0.1205       8.29697E+00   4.04162E-01   5.00000E-01   1.49179E+02  -4.22675E-01   5.72320E+00  -7.59968E+00   3.59599E+01
   0.1194       8.37315E+00   4.22234E-01   5.00000E-01   1.49949E+02  -6.18151E-01   5.70041E+00  -1.10701E+01   3.58167E+01
   0.1174       8.51887E+00   4.40918E-01   5.00000E-01   1.50716E+02  -7.69952E-01   5.63154E+00  -1.36220E+01   3.53840E+01
   0.1151       8.68966E+00   4.60229E-01   5.00000E-01   1.51478E+02  -9.04914E-01   5.54878E+00  -1.57745E+01   3.48640E+01
   0.1126       8.88054E+00   4.80179E-01   5.00000E-01   1.52237E+02  -1.03464E+00   5.45671E+00  -1.77366E+01   3.42855E+01
   0.1100       9.09366E+00   5.00785E-01   5.00000E-01   1.52992E+02  -1.16429E+00   5.35524E+00  -1.95881E+01   3.36480E+01
   0.1071       9.33272E+00   5.22060E-01   5.00000E-01   1.53743E+02  -1.29695E+00   5.24369E+00  -2.13654E+01   3.29471E+01
   0.1041       9.60309E+00   5.44020E-01   5.00000E-01   1.54490E+02  -1.43568E+00   5.12083E+00  -2.30965E+01   3.21751E+01
   0.1009       9.91220E+00   5.66680E-01   5.00000E-01   1.55234E+02  -1.58366E+00   4.98502E+00  -2.48015E+01   3.13218E+01
   0.0974       1.02704E+01   5.90054E-01   5.00000E-01   1.55975E+02  -1.74468E+00   4.83410E+00  -2.64961E+01   3.03735E+01
   0.0935       1.06925E+01   6.14160E-01   5.00000E-01   1.56711E+02  -1.92368E+00   4.66520E+00  -2.81937E+01   2.93123E+01
   0.0893       1.12004E+01   6.39012E-01   5.00000E-01   1.57445E+02  -2.12755E+00   4.47450E+00  -2.99071E+01   2.81141E+01
   0.0845       1.18282E+01   6.64625E-01   5.00000E-01   1.58175E+02  -2.36674E+00   4.25664E+00  -3.16496E+01   2.67453E+01
   0.0793       1.26096E+01   6.91017E-01   5.00000E-01   1.58901E+02  -2.64931E+00   4.01121E+00  -3.33855E+01   2.52032E+01
   0.0731       1.36774E+01   7.18204E-01   5.00000E-01   1.59625E+02  -3.01795E+00   3.71490E+00  -3.52216E+01   2.33414E+01
   0.0657       1.52286E+01   7.46201E-01   5.00000E-01   1.60345E+02  -3.52836E+00   3.35155E+00  -3.71507E+01   2.10584E+01
1    MSC.NASTRAN JOB CREATED ON 29-NOV-17 AT 14:54:26                         APRIL   5, 2018  MSC.NASTRAN  6/17/05   PAGE    12
     DEFAULT                                                                                                                        
0                                                                                                            SUBCASE 1              
0                                                       FLUTTER  SUMMARY
                         CONFIGURATION = AEROSG2D     XY-SYMMETRY = ASYMMETRIC     XZ-SYMMETRY = ASYMMETRIC
       POINT =    1     METHOD = PKNL


    KFREQ          1./KFREQ       DENSITY     MACH NO.      VELOCITY       DAMPING     FREQUENCY      COMPLEX   EIGENVALUE
   0.0561       1.78145E+01   7.75026E-01   5.00000E-01   1.61062E+02  -4.33904E+00   2.87786E+00  -3.92295E+01   1.80821E+01
   0.0421       2.37521E+01   8.04694E-01   5.00000E-01   1.61775E+02  -6.10808E+00   2.16801E+00  -4.16022E+01   1.36220E+01
   0.0000       1.00000E+25   8.35225E-01   5.00000E-01   1.62486E+02  -3.63519E-01   0.00000E+00  -4.09415E+01   0.00000E+00
   0.0000       1.00000E+25   8.66633E-01   5.00000E-01   1.63193E+02  -3.08726E-01   0.00000E+00  -3.49218E+01   0.00000E+00
   0.0000       1.00000E+25   8.98937E-01   5.00000E-01   1.63898E+02  -2.82496E-01   0.00000E+00  -3.20927E+01   0.00000E+00
   0.0000       1.00000E+25   9.32154E-01   5.00000E-01   1.64599E+02  -2.64136E-01   0.00000E+00  -3.01353E+01   0.00000E+00
   0.0000       1.00000E+25   9.66303E-01   5.00000E-01   1.65297E+02  -2.49899E-01   0.00000E+00  -2.86320E+01   0.00000E+00
   0.0000       1.00000E+25   1.00140E+00   5.00000E-01   1.65993E+02  -2.38275E-01   0.00000E+00  -2.74151E+01   0.00000E+00
   0.0000       1.00000E+25   1.03746E+00   5.00000E-01   1.66685E+02  -2.28479E-01   0.00000E+00  -2.63976E+01   0.00000E+00
   0.0000       1.00000E+25   1.07451E+00   5.00000E-01   1.67375E+02  -2.20041E-01   0.00000E+00  -2.55279E+01   0.00000E+00
   0.0000       1.00000E+25   1.11257E+00   5.00000E-01   1.68062E+02  -2.12657E-01   0.00000E+00  -2.47725E+01   0.00000E+00
   0.0000       1.00000E+25   1.15164E+00   5.00000E-01   1.68746E+02  -2.06117E-01   0.00000E+00  -2.41084E+01   0.00000E+00
   0.0000       1.00000E+25   1.19176E+00   5.00000E-01   1.69427E+02  -2.00267E-01   0.00000E+00  -2.35188E+01   0.00000E+00
   0.0000       1.00000E+25   1.23294E+00   5.00000E-01   1.70106E+02  -1.94994E-01   0.00000E+00  -2.29913E+01   0.00000E+00
   0.0000       1.00000E+25   1.27520E+00   5.00000E-01   1.70782E+02  -1.90211E-01   0.00000E+00  -2.25163E+01   0.00000E+00
   0.0000       1.00000E+25   1.31855E+00   5.00000E-01   1.71455E+02  -1.85846E-01   0.00000E+00  -2.20864E+01   0.00000E+00
   0.0000       1.00000E+25   1.36303E+00   5.00000E-01   1.72126E+02  -1.81846E-01   0.00000E+00  -2.16955E+01   0.00000E+00
   0.0000       1.00000E+25   1.40864E+00   5.00000E-01   1.72794E+02  -1.78164E-01   0.00000E+00  -2.13388E+01   0.00000E+00
   0.0000       1.00000E+25   1.45542E+00   5.00000E-01   1.73459E+02  -1.74764E-01   0.00000E+00  -2.10121E+01   0.00000E+00
   0.0000       1.00000E+25   1.50337E+00   5.00000E-01   1.74122E+02  -1.71613E-01   0.00000E+00  -2.07122E+01   0.00000E+00
   0.0000       1.00000E+25   1.55252E+00   5.00000E-01   1.74782E+02  -1.68686E-01   0.00000E+00  -2.04361E+01   0.00000E+00
1    MSC.NASTRAN JOB CREATED ON 29-NOV-17 AT 14:54:26                         APRIL   5, 2018  MSC.NASTRAN  6/17/05   PAGE    13
     DEFAULT                                                                                                                        
0                                                                                                            SUBCASE 1              
0                                                       FLUTTER  SUMMARY
                         CONFIGURATION = AEROSG2D     XY-SYMMETRY = ASYMMETRIC     XZ-SYMMETRY = ASYMMETRIC
       POINT =    2     METHOD = PKNL


    KFREQ          1./KFREQ       DENSITY     MACH NO.      VELOCITY       DAMPING     FREQUENCY      COMPLEX   EIGENVALUE
   0.2167       4.61383E+00   1.79037E-02   5.00000E-01   1.52383E+02  -5.20488E-03   1.05129E+01  -1.71903E-01   6.60547E+01
   0.2171       4.60606E+00   1.89409E-02   5.00000E-01   1.52037E+02  -5.48749E-03   1.05068E+01  -1.81131E-01   6.60161E+01
   0.2175       4.59840E+00   2.00434E-02   5.00000E-01   1.51690E+02  -5.78699E-03   1.05003E+01  -1.90899E-01   6.59751E+01
   0.2178       4.59089E+00   2.12155E-02   5.00000E-01   1.51342E+02  -6.10448E-03   1.04934E+01  -2.01239E-01   6.59317E+01
   0.2182       4.58352E+00   2.24621E-02   5.00000E-01   1.50994E+02  -6.44115E-03   1.04860E+01  -2.12190E-01   6.58857E+01
   0.2185       4.57630E+00   2.37881E-02   5.00000E-01   1.50645E+02  -6.79829E-03   1.04783E+01  -2.23789E-01   6.58370E+01
   0.2189       4.56926E+00   2.51992E-02   5.00000E-01   1.50295E+02  -7.17726E-03   1.04701E+01  -2.36079E-01   6.57853E+01
   0.2192       4.56240E+00   2.67012E-02   5.00000E-01   1.49944E+02  -7.57953E-03   1.04613E+01  -2.49103E-01   6.57304E+01
   0.2195       4.55574E+00   2.83004E-02   5.00000E-01   1.49593E+02  -8.00669E-03   1.04521E+01  -2.62909E-01   6.56722E+01
   0.2198       4.54928E+00   3.00036E-02   5.00000E-01   1.49240E+02  -8.46044E-03   1.04422E+01  -2.77547E-01   6.56104E+01
   0.2201       4.54306E+00   3.18181E-02   5.00000E-01   1.48887E+02  -8.94262E-03   1.04318E+01  -2.93071E-01   6.55448E+01
   0.2204       4.53708E+00   3.37518E-02   5.00000E-01   1.48533E+02  -9.45520E-03   1.04207E+01  -3.09540E-01   6.54750E+01
   0.2207       4.53137E+00   3.58132E-02   5.00000E-01   1.48178E+02  -1.00003E-02   1.04089E+01  -3.27014E-01   6.54009E+01
   0.2209       4.52595E+00   3.80112E-02   5.00000E-01   1.47822E+02  -1.05802E-02   1.03963E+01  -3.45561E-01   6.53220E+01
   0.2211       4.52233E+00   4.03307E-02   5.00000E-01   1.47514E+02  -1.11970E-02   1.03830E+01  -3.65234E-01   6.52380E+01
   0.2208       4.52859E+00   4.26295E-02   5.00000E-01   1.47514E+02  -1.18489E-02   1.03686E+01  -3.85966E-01   6.51478E+01
   0.2205       4.53525E+00   4.50593E-02   5.00000E-01   1.47514E+02  -1.25398E-02   1.03534E+01  -4.07869E-01   6.50522E+01
   0.2202       4.54233E+00   4.76276E-02   5.00000E-01   1.47514E+02  -1.32718E-02   1.03372E+01  -4.31009E-01   6.49509E+01
   0.2198       4.54976E+00   5.03423E-02   5.00000E-01   1.47514E+02  -1.39978E-02   1.03204E+01  -4.53843E-01   6.48448E+01
   0.2194       4.55776E+00   5.32117E-02   5.00000E-01   1.47514E+02  -1.48143E-02   1.03022E+01  -4.79470E-01   6.47309E+01
   0.2190       4.56629E+00   5.62447E-02   5.00000E-01   1.47514E+02  -1.56795E-02   1.02830E+01  -5.06526E-01   6.46100E+01
   0.2186       4.57537E+00   5.94505E-02   5.00000E-01   1.47514E+02  -1.65966E-02   1.02626E+01  -5.35089E-01   6.44818E+01
   0.2181       4.58505E+00   6.28391E-02   5.00000E-01   1.47514E+02  -1.75688E-02   1.02409E+01  -5.65239E-01   6.43456E+01
   0.2176       4.59538E+00   6.64209E-02   5.00000E-01   1.47514E+02  -1.85997E-02   1.02179E+01  -5.97061E-01   6.42010E+01
   0.2171       4.60640E+00   7.02068E-02   5.00000E-01   1.47514E+02  -1.96931E-02   1.01935E+01  -6.30645E-01   6.40474E+01
   0.2165       4.61817E+00   7.42084E-02   5.00000E-01   1.47514E+02  -2.08528E-02   1.01675E+01  -6.66082E-01   6.38842E+01
   0.2159       4.63074E+00   7.84382E-02   5.00000E-01   1.47514E+02  -2.20833E-02   1.01399E+01  -7.03471E-01   6.37108E+01
   0.2153       4.64419E+00   8.29090E-02   5.00000E-01   1.47514E+02  -2.33891E-02   1.01105E+01  -7.42911E-01   6.35263E+01
   0.2147       4.65858E+00   8.76347E-02   5.00000E-01   1.47514E+02  -2.47753E-02   1.00793E+01  -7.84509E-01   6.33300E+01
   0.2139       4.67400E+00   9.26298E-02   5.00000E-01   1.47514E+02  -2.62471E-02   1.00460E+01  -8.28373E-01   6.31211E+01
   0.2132       4.69053E+00   9.79095E-02   5.00000E-01   1.47514E+02  -2.78104E-02   1.00106E+01  -8.74617E-01   6.28986E+01
   0.2124       4.70828E+00   1.03490E-01   5.00000E-01   1.47514E+02  -2.94713E-02   9.97289E+00  -9.23357E-01   6.26615E+01
   0.2115       4.72735E+00   1.09389E-01   5.00000E-01   1.47514E+02  -3.12365E-02   9.93266E+00  -9.74714E-01   6.24088E+01
   0.2106       4.74787E+00   1.15624E-01   5.00000E-01   1.47514E+02  -3.31132E-02   9.88974E+00  -1.02881E+00   6.21391E+01
   0.2096       4.76997E+00   1.22214E-01   5.00000E-01   1.47514E+02  -3.51093E-02   9.84391E+00  -1.08577E+00   6.18511E+01
   0.2086       4.79382E+00   1.29180E-01   5.00000E-01   1.47514E+02  -3.72331E-02   9.79494E+00  -1.14573E+00   6.15434E+01
1    MSC.NASTRAN JOB CREATED ON 29-NOV-17 AT 14:54:26                         APRIL   5, 2018  MSC.NASTRAN  6/17/05   PAGE    14
     DEFAULT                                                                                                                        
0                                                                                                            SUBCASE 1              
0                                                       FLUTTER  SUMMARY
                         CONFIGURATION = AEROSG2D     XY-SYMMETRY = ASYMMETRIC     XZ-SYMMETRY = ASYMMETRIC
       POINT =    2     METHOD = PKNL


    KFREQ          1./KFREQ       DENSITY     MACH NO.      VELOCITY       DAMPING     FREQUENCY      COMPLEX   EIGENVALUE
   0.2075       4.81959E+00   1.36544E-01   5.00000E-01   1.47514E+02  -3.94940E-02   9.74256E+00  -1.20880E+00   6.12143E+01
   0.2063       4.84750E+00   1.44326E-01   5.00000E-01   1.47514E+02  -4.19017E-02   9.68648E+00  -1.27511E+00   6.08619E+01
   0.2050       4.87777E+00   1.52553E-01   5.00000E-01   1.47514E+02  -4.44673E-02   9.62637E+00  -1.34478E+00   6.04842E+01
   0.2036       4.91068E+00   1.61248E-01   5.00000E-01   1.47514E+02  -4.72024E-02   9.56185E+00  -1.41793E+00   6.00789E+01
   0.2022       4.94655E+00   1.70439E-01   5.00000E-01   1.47514E+02  -5.01199E-02   9.49250E+00  -1.49466E+00   5.96432E+01
   0.2006       4.98577E+00   1.80154E-01   5.00000E-01   1.47514E+02  -5.32339E-02   9.41784E+00  -1.57503E+00   5.91741E+01
   0.1989       5.02876E+00   1.90422E-01   5.00000E-01   1.47514E+02  -5.65597E-02   9.33732E+00  -1.65913E+00   5.86681E+01
   0.1970       5.07609E+00   2.01276E-01   5.00000E-01   1.47514E+02  -6.01139E-02   9.25027E+00  -1.74694E+00   5.81212E+01
   0.1950       5.12838E+00   2.12748E-01   5.00000E-01   1.47514E+02  -6.39146E-02   9.15594E+00  -1.83845E+00   5.75285E+01
   0.1928       5.18647E+00   2.24875E-01   5.00000E-01   1.47514E+02  -6.79814E-02   9.05340E+00  -1.93353E+00   5.68842E+01
   0.1904       5.25135E+00   2.37692E-01   5.00000E-01   1.47514E+02  -7.23355E-02   8.94155E+00  -2.03195E+00   5.61814E+01
   0.1878       5.32432E+00   2.51240E-01   5.00000E-01   1.47514E+02  -7.69982E-02   8.81901E+00  -2.13329E+00   5.54114E+01
   0.1849       5.40707E+00   2.65560E-01   5.00000E-01   1.47514E+02  -8.19913E-02   8.68403E+00  -2.23686E+00   5.45634E+01
   0.1818       5.50190E+00   2.80697E-01   5.00000E-01   1.47514E+02  -8.73340E-02   8.53435E+00  -2.34155E+00   5.36229E+01
   0.1782       5.61203E+00   2.96696E-01   5.00000E-01   1.47514E+02  -9.30385E-02   8.36688E+00  -2.44555E+00   5.25707E+01
   0.1742       5.74217E+00   3.13607E-01   5.00000E-01   1.47514E+02  -9.90930E-02   8.17725E+00  -2.54566E+00   5.13792E+01
   0.1695       5.89981E+00   3.31483E-01   5.00000E-01   1.47514E+02  -1.05432E-01   7.95876E+00  -2.63613E+00   5.00064E+01
   0.1640       6.09796E+00   3.50377E-01   5.00000E-01   1.47514E+02  -1.11829E-01   7.70014E+00  -2.70522E+00   4.83814E+01
   0.1570       6.36898E+00   3.69797E-01   5.00000E-01   1.47627E+02  -1.17491E-01   7.37812E+00  -2.72333E+00   4.63581E+01
   0.1467       6.81768E+00   3.86688E-01   5.00000E-01   1.48405E+02  -1.18376E-01   6.92887E+00  -2.57678E+00   4.35354E+01
   0.1314       7.60923E+00   4.04162E-01   5.00000E-01   1.49179E+02  -2.45069E-02   6.24048E+00  -4.80458E-01   3.92101E+01
   0.1279       7.82086E+00   4.22234E-01   5.00000E-01   1.49949E+02   1.44985E-01   6.10296E+00   2.77981E+00   3.83460E+01
   0.1264       7.91426E+00   4.40918E-01   5.00000E-01   1.50716E+02   2.57468E-01   6.06176E+00   4.90312E+00   3.80872E+01
   0.1251       7.99529E+00   4.60229E-01   5.00000E-01   1.51478E+02   3.48777E-01   6.03068E+00   6.60790E+00   3.78919E+01
   0.1239       8.07372E+00   4.80179E-01   5.00000E-01   1.52237E+02   4.28624E-01   6.00200E+00   8.08207E+00   3.77117E+01
   0.1227       8.15208E+00   5.00785E-01   5.00000E-01   1.52992E+02   5.01208E-01   5.97378E+00   9.40626E+00   3.75344E+01
   0.1215       8.23131E+00   5.22060E-01   5.00000E-01   1.53743E+02   5.68781E-01   5.94533E+00   1.06236E+01   3.73556E+01
   0.1204       8.30740E+00   5.44020E-01   5.00000E-01   1.54490E+02   6.32017E-01   5.91952E+00   1.17534E+01   3.71934E+01
   0.1192       8.38905E+00   5.66680E-01   5.00000E-01   1.55234E+02   6.93201E-01   5.89013E+00   1.28273E+01   3.70088E+01
   0.1180       8.47244E+00   5.90054E-01   5.00000E-01   1.55975E+02   7.52308E-01   5.85997E+00   1.38497E+01   3.68193E+01
   0.1169       8.55773E+00   6.14160E-01   5.00000E-01   1.56711E+02   8.09814E-01   5.82897E+00   1.48295E+01   3.66245E+01
   0.1157       8.64505E+00   6.39012E-01   5.00000E-01   1.57445E+02   8.66084E-01   5.79710E+00   1.57732E+01   3.64243E+01
   0.1145       8.73453E+00   6.64625E-01   5.00000E-01   1.58175E+02   9.21404E-01   5.76432E+00   1.66858E+01   3.62183E+01
   0.1133       8.82625E+00   6.91017E-01   5.00000E-01   1.58901E+02   9.76004E-01   5.73062E+00   1.75713E+01   3.60065E+01
   0.1121       8.92039E+00   7.18204E-01   5.00000E-01   1.59625E+02   1.03008E+00   5.69595E+00   1.84326E+01   3.57887E+01
   0.1109       9.01706E+00   7.46201E-01   5.00000E-01   1.60345E+02   1.08379E+00   5.66031E+00   1.92724E+01   3.55648E+01
1    MSC.NASTRAN JOB CREATED ON 29-NOV-17 AT 14:54:26                         APRIL   5, 2018  MSC.NASTRAN  6/17/05   PAGE    15
     DEFAULT                                                                                                                        
0                                                                                                            SUBCASE 1              
0                                                       FLUTTER  SUMMARY
                         CONFIGURATION = AEROSG2D     XY-SYMMETRY = ASYMMETRIC     XZ-SYMMETRY = ASYMMETRIC
       POINT =    2     METHOD = PKNL


    KFREQ          1./KFREQ       DENSITY     MACH NO.      VELOCITY       DAMPING     FREQUENCY      COMPLEX   EIGENVALUE
   0.1097       9.11638E+00   7.75026E-01   5.00000E-01   1.61062E+02   1.13728E+00   5.62367E+00   2.00926E+01   3.53345E+01
   0.1085       9.21856E+00   8.04694E-01   5.00000E-01   1.61775E+02   1.19067E+00   5.58598E+00   2.08950E+01   3.50978E+01
   0.1073       9.32393E+00   8.35225E-01   5.00000E-01   1.62486E+02   1.24410E+00   5.54711E+00   2.16806E+01   3.48535E+01
   0.1060       9.43157E+00   8.66633E-01   5.00000E-01   1.63193E+02   1.29755E+00   5.50768E+00   2.24513E+01   3.46058E+01
   0.1048       9.54228E+00   8.98937E-01   5.00000E-01   1.63898E+02   1.35117E+00   5.46727E+00   2.32076E+01   3.43519E+01
   0.1036       9.65622E+00   9.32154E-01   5.00000E-01   1.64599E+02   1.40506E+00   5.42588E+00   2.39505E+01   3.40918E+01
   0.1023       9.77350E+00   9.66303E-01   5.00000E-01   1.65297E+02   1.45928E+00   5.38352E+00   2.46805E+01   3.38256E+01
   0.1011       9.89427E+00   1.00140E+00   5.00000E-01   1.65993E+02   1.51390E+00   5.34018E+00   2.53981E+01   3.35533E+01
   0.0998       1.00187E+01   1.03746E+00   5.00000E-01   1.66685E+02   1.56899E+00   5.29587E+00   2.61040E+01   3.32749E+01
   0.0986       1.01469E+01   1.07451E+00   5.00000E-01   1.67375E+02   1.62461E+00   5.25060E+00   2.67983E+01   3.29905E+01
   0.0973       1.02790E+01   1.11257E+00   5.00000E-01   1.68062E+02   1.68082E+00   5.20437E+00   2.74814E+01   3.27000E+01
   0.0960       1.04152E+01   1.15164E+00   5.00000E-01   1.68746E+02   1.73768E+00   5.15721E+00   2.81536E+01   3.24037E+01
   0.0947       1.05557E+01   1.19176E+00   5.00000E-01   1.69427E+02   1.79524E+00   5.10912E+00   2.88150E+01   3.21016E+01
   0.0935       1.07006E+01   1.23294E+00   5.00000E-01   1.70106E+02   1.85356E+00   5.06013E+00   2.94658E+01   3.17937E+01
   0.0922       1.08501E+01   1.27520E+00   5.00000E-01   1.70782E+02   1.91269E+00   5.01025E+00   3.01060E+01   3.14803E+01
   0.0909       1.10043E+01   1.31855E+00   5.00000E-01   1.71455E+02   1.97268E+00   4.95950E+00   3.07358E+01   3.11615E+01
   0.0896       1.11634E+01   1.36303E+00   5.00000E-01   1.72126E+02   2.03357E+00   4.90793E+00   3.13551E+01   3.08374E+01
   0.0883       1.13277E+01   1.40864E+00   5.00000E-01   1.72794E+02   2.09542E+00   4.85554E+00   3.19639E+01   3.05083E+01
   0.0870       1.14971E+01   1.45542E+00   5.00000E-01   1.73459E+02   2.15828E+00   4.80239E+00   3.25623E+01   3.01743E+01
   0.0857       1.16721E+01   1.50337E+00   5.00000E-01   1.74122E+02   2.22218E+00   4.74850E+00   3.31502E+01   2.98357E+01
   0.0844       1.18526E+01   1.55252E+00   5.00000E-01   1.74782E+02   2.28717E+00   4.69391E+00   3.37275E+01   2.94927E+01
 *** USER INFORMATION MESSAGE 4114 (OUTPX2)
     DATA BLOCK GPL      WRITTEN ON FORTRAN UNIT 12, TRL =
                    102               117                 0                 0                 0                 0                 0
     NAME OF DATA BLOCK WRITTEN ON FORTRAN UNIT IS GPL.
        (MAXIMUM POSSIBLE FORTRAN RECORD SIZE =       16386 WORDS.)
     (MAXIMUM SIZE OF FORTRAN RECORDS WRITTEN =         234 WORDS.)
           (NUMBER OF FORTRAN RECORDS WRITTEN =          20 RECORDS.)
           (TOTAL DATA WRITTEN FOR DATA BLOCK =         379 WORDS.)
 *** USER INFORMATION MESSAGE 4114 (OUTPX2)
     DATA BLOCK GPDTX    WRITTEN ON FORTRAN UNIT 12, TRL =
                    103               117                 0                 0                 0                 0                 0
     NAME OF DATA BLOCK WRITTEN ON FORTRAN UNIT IS GPDT.
        (MAXIMUM POSSIBLE FORTRAN RECORD SIZE =       16386 WORDS.)
     (MAXIMUM SIZE OF FORTRAN RECORDS WRITTEN =         819 WORDS.)
           (NUMBER OF FORTRAN RECORDS WRITTEN =          15 RECORDS.)
           (TOTAL DATA WRITTEN FOR DATA BLOCK =         843 WORDS.)
1    MSC.NASTRAN JOB CREATED ON 29-NOV-17 AT 14:54:26                         APRIL   5, 2018  MSC.NASTRAN  6/17/05   PAGE    16
     DEFAULT                                                                                                                        
0                                                                                                            SUBCASE 1              
0                                                                                                                                   
                                                                                                                                    
                                                                                                                                    
 *** USER INFORMATION MESSAGE 4114 (OUTPX2)
     DATA BLOCK EPTX     WRITTEN ON FORTRAN UNIT 12, TRL =
                    104                 0               512                 0                 0                 0                 0
     NAME OF DATA BLOCK WRITTEN ON FORTRAN UNIT IS EPT.
        (MAXIMUM POSSIBLE FORTRAN RECORD SIZE =       16386 WORDS.)
     (MAXIMUM SIZE OF FORTRAN RECORDS WRITTEN =          14 WORDS.)
           (NUMBER OF FORTRAN RECORDS WRITTEN =          20 RECORDS.)
           (TOTAL DATA WRITTEN FOR DATA BLOCK =          45 WORDS.)
 *** USER INFORMATION MESSAGE 4114 (OUTPX2)
     DATA BLOCK MPT      WRITTEN ON FORTRAN UNIT 12, TRL =
                    105             32768                 0                 0                 0                 0                 0
     NAME OF DATA BLOCK WRITTEN ON FORTRAN UNIT IS MPT.
        (MAXIMUM POSSIBLE FORTRAN RECORD SIZE =       16386 WORDS.)
     (MAXIMUM SIZE OF FORTRAN RECORDS WRITTEN =          15 WORDS.)
           (NUMBER OF FORTRAN RECORDS WRITTEN =          20 RECORDS.)
           (TOTAL DATA WRITTEN FOR DATA BLOCK =          46 WORDS.)
 *** USER INFORMATION MESSAGE 4114 (OUTPX2)
     DATA BLOCK GEOM2X   WRITTEN ON FORTRAN UNIT 12, TRL =
                    101               512                 0                 0              8192                 0                 0
     NAME OF DATA BLOCK WRITTEN ON FORTRAN UNIT IS GEOM2.
        (MAXIMUM POSSIBLE FORTRAN RECORD SIZE =       16386 WORDS.)
     (MAXIMUM SIZE OF FORTRAN RECORDS WRITTEN =        1179 WORDS.)
           (NUMBER OF FORTRAN RECORDS WRITTEN =          25 RECORDS.)
           (TOTAL DATA WRITTEN FOR DATA BLOCK =        1233 WORDS.)
 *** USER INFORMATION MESSAGE 4114 (OUTPX2)
     DATA BLOCK GEOM4X   WRITTEN ON FORTRAN UNIT 12, TRL =
                    103                 0                 0                 0                64              2048                 0
     NAME OF DATA BLOCK WRITTEN ON FORTRAN UNIT IS GEOM4.
        (MAXIMUM POSSIBLE FORTRAN RECORD SIZE =       16386 WORDS.)
     (MAXIMUM SIZE OF FORTRAN RECORDS WRITTEN =         123 WORDS.)
           (NUMBER OF FORTRAN RECORDS WRITTEN =          25 RECORDS.)
           (TOTAL DATA WRITTEN FOR DATA BLOCK =         166 WORDS.)
 *** USER INFORMATION MESSAGE 4114 (OUTPX2)
     DATA BLOCK GEOM1X   WRITTEN ON FORTRAN UNIT 12, TRL =
                    104                 0                 0                 8                 0                 0                 0
     NAME OF DATA BLOCK WRITTEN ON FORTRAN UNIT IS GEOM1.
        (MAXIMUM POSSIBLE FORTRAN RECORD SIZE =       16386 WORDS.)
     (MAXIMUM SIZE OF FORTRAN RECORDS WRITTEN =         939 WORDS.)
           (NUMBER OF FORTRAN RECORDS WRITTEN =          20 RECORDS.)
           (TOTAL DATA WRITTEN FOR DATA BLOCK =         970 WORDS.)
 *** USER INFORMATION MESSAGE 4114 (OUTPX2)
     DATA BLOCK BGPDTX   WRITTEN ON FORTRAN UNIT 12, TRL =
                    105               117                 0                 0                 0                 0                 0
     NAME OF DATA BLOCK WRITTEN ON FORTRAN UNIT IS BGPDT.
        (MAXIMUM POSSIBLE FORTRAN RECORD SIZE =       16386 WORDS.)
     (MAXIMUM SIZE OF FORTRAN RECORDS WRITTEN =         468 WORDS.)
           (NUMBER OF FORTRAN RECORDS WRITTEN =          15 RECORDS.)
           (TOTAL DATA WRITTEN FOR DATA BLOCK =         492 WORDS.)
 *** USER INFORMATION MESSAGE 4114 (OUTPX2)
     DATA BLOCK DYNAMICS WRITTEN ON FORTRAN UNIT 12, TRL =
                    102               256                 0                 0                 0                 0                 0
     NAME OF DATA BLOCK WRITTEN ON FORTRAN UNIT IS DYNAMICS.
        (MAXIMUM POSSIBLE FORTRAN RECORD SIZE =       16386 WORDS.)
     (MAXIMUM SIZE OF FORTRAN RECORDS WRITTEN =          30 WORDS.)
           (NUMBER OF FORTRAN RECORDS WRITTEN =          20 RECORDS.)
           (TOTAL DATA WRITTEN FOR DATA BLOCK =          61 WORDS.)
1    MSC.NASTRAN JOB CREATED ON 29-NOV-17 AT 14:54:26                         APRIL   5, 2018  MSC.NASTRAN  6/17/05   PAGE    17
     DEFAULT                                                                                                                        
0                                                                                                            SUBCASE 1              
0                                                                                                                                   
                                                                                                                                    
                                                                                                                                    
 *** USER INFORMATION MESSAGE 4114 (OUTPX2)
     DATA BLOCK CASECC   WRITTEN ON FORTRAN UNIT 12, TRL =
                    103                 1                 0               600                 0                 0                 0
     NAME OF DATA BLOCK WRITTEN ON FORTRAN UNIT IS CASECC.
        (MAXIMUM POSSIBLE FORTRAN RECORD SIZE =       16386 WORDS.)
     (MAXIMUM SIZE OF FORTRAN RECORDS WRITTEN =         600 WORDS.)
           (NUMBER OF FORTRAN RECORDS WRITTEN =          15 RECORDS.)
           (TOTAL DATA WRITTEN FOR DATA BLOCK =         624 WORDS.)
 *** USER INFORMATION MESSAGE 4114 (OUTPX2)
     DATA BLOCK EQEXIN   WRITTEN ON FORTRAN UNIT 12, TRL =
                    101               117                 0                 0                 0                 0                 0
     NAME OF DATA BLOCK WRITTEN ON FORTRAN UNIT IS EQEXIN.
        (MAXIMUM POSSIBLE FORTRAN RECORD SIZE =       16386 WORDS.)
     (MAXIMUM SIZE OF FORTRAN RECORDS WRITTEN =         234 WORDS.)
           (NUMBER OF FORTRAN RECORDS WRITTEN =          20 RECORDS.)
           (TOTAL DATA WRITTEN FOR DATA BLOCK =         496 WORDS.)
 *** USER INFORMATION MESSAGE 4114 (OUTPX2)
     DATA BLOCK OL1R     WRITTEN ON FORTRAN UNIT 12, TRL =
                    101              1006                 2                 1                 3                 4                 0
     NAME OF DATA BLOCK WRITTEN ON FORTRAN UNIT IS CLAMA.
        (MAXIMUM POSSIBLE FORTRAN RECORD SIZE =       16386 WORDS.)
     (MAXIMUM SIZE OF FORTRAN RECORDS WRITTEN =         146 WORDS.)
           (NUMBER OF FORTRAN RECORDS WRITTEN =          20 RECORDS.)
           (TOTAL DATA WRITTEN FOR DATA BLOCK =         186 WORDS.)
 *** USER INFORMATION MESSAGE 4114 (OUTPX2)
     DATA BLOCK BOUGV1   WRITTEN ON FORTRAN UNIT 12, TRL =
                    101                 0              3276                 0                 0                 0                 2
     NAME OF DATA BLOCK WRITTEN ON FORTRAN UNIT IS BOUGV1.
        (MAXIMUM POSSIBLE FORTRAN RECORD SIZE =       16386 WORDS.)
     (MAXIMUM SIZE OF FORTRAN RECORDS WRITTEN =        1638 WORDS.)
           (NUMBER OF FORTRAN RECORDS WRITTEN =          30 RECORDS.)
           (TOTAL DATA WRITTEN FOR DATA BLOCK =        3609 WORDS.)
1    MSC.NASTRAN JOB CREATED ON 29-NOV-17 AT 14:54:26                         APRIL   5, 2018  MSC.NASTRAN  6/17/05   PAGE    18
     DEFAULT                                                                                                                        
0                                                                                                            SUBCASE 1              
 *** USER INFORMATION MESSAGE 4110 (OUTPX2)
                                 END-OF-DATA SIMULATION ON FORTRAN UNIT 12
                                 (MAXIMUM SIZE OF FORTRAN RECORDS WRITTEN =      1 WORDS.)
                                       (NUMBER OF FORTRAN RECORDS WRITTEN =      1 RECORDS.)
                                       (TOTAL DATA WRITTEN FOR EOF MARKER =      1 WORDS.)
1    MSC.NASTRAN JOB CREATED ON 29-NOV-17 AT 14:54:26                         APRIL   5, 2018  MSC.NASTRAN  6/17/05   PAGE    19
     DEFAULT                                                                                                                        
0                                                                                                            SUBCASE 1              
 * * * *  D B D I C T   P R I N T  * * * *      SUBDMAP = PRTSUM  ,  DMAP STATEMENT NO.     30



0                                   * * * *  A N A L Y S I S  S U M M A R Y  T A B L E  * * * *
0 SEID  PEID PROJ VERS APRCH      SEMG SEMR SEKR SELG SELR MODES DYNRED SOLLIN PVALID SOLNL LOOPID DESIGN CYCLE SENSITIVITY
 --------------------------------------------------------------------------------------------------------------------------
     0     0    1    1 '        '    T    T    T    T    T     T      F      T      0     F     -1            0           F
0SEID = SUPERELEMENT ID.
 PEID = PRIMARY SUPERELEMENT ID OF IMAGE SUPERELEMENT.
 PROJ = PROJECT ID NUMBER.
 VERS = VERSION ID.
 APRCH = BLANK FOR STRUCTURAL ANALYSIS.  HEAT FOR HEAT TRANSFER ANALYSIS.
 SEMG = STIFFNESS AND MASS MATRIX GENERATION STEP.
 SEMR = MASS MATRIX REDUCTION STEP (INCLUDES EIGENVALUE SOLUTION FOR MODES).
 SEKR = STIFFNESS MATRIX REDUCTION STEP.
 SELG = LOAD MATRIX GENERATION STEP.
 SELR = LOAD MATRIX REDUCTION STEP. 
 MODES = T (TRUE) IF NORMAL MODES OR BUCKLING MODES CALCULATED.
 DYNRED = T (TRUE) MEANS GENERALIZED DYNAMIC AND/OR COMPONENT MODE REDUCTION PERFORMED.
 SOLLIN = T (TRUE) IF LINEAR SOLUTION EXISTS IN DATABASE.
 PVALID = P-DISTRIBUTION ID OF P-VALUE FOR P-ELEMENTS
 LOOPID = THE LAST LOOPID VALUE USED IN THE NONLINEAR ANALYSIS.  USEFUL FOR RESTARTS.
 SOLNL = T (TRUE) IF NONLINEAR SOLUTION EXISTS IN DATABASE.
 DESIGN CYCLE = THE LAST DESIGN CYCLE (ONLY VALID IN OPTIMIZATION).
 SENSITIVITY = SENSITIVITY MATRIX GENERATION FLAG.
 
 No PARAM values were set in the Control File.
 
1                                        * * * END OF JOB * * *
 
 
