1
 
 
 
 
                     THIS PROGRAM IS CONFIDENTIAL AND A TRADE SECRET OF MSC.SOFTWARE CORPORATION.  THE RECEIPT OR    
                  POSSESSION OF THIS PROGRAM DOES NOT CONVEY ANY RIGHTS TO REPRODUCE OR DISCLOSE ITS CONTENTS, OR TO 
                 MANUFACTURE, USE, OR SELL ANYTHING HEREIN, IN WHOLE OR IN PART, WITHOUT THE SPECIFIC WRITTEN CONSENT
                                                    OF MSC.SOFTWARE CORPORATION.                                     
 
 
                                              * * * * * * * * * * * * * * * * * * * *
                                              * * * * * * * * * * * * * * * * * * * *
                                              * *                                 * *
                                              * *           MSC.SOFTWARE          * *
                                              * *               CORP              * *
                                              * *                                 * *
                                              * *      M S C . N a s t r a n      * *
                                              * *                                 * *
                                              * *                                 * *
                                              * *                                 * *
                                              * *        Version 2005.1.0         * *
                                              * *             2005R2              * *
                                              * *                                 * *
                                              * *                                 * *
                                              * *          JUN 17, 2005           * *
                                              * *                                 * *
                                              * *              Intel              * *
                                              * *MODEL PentiumIII/2525 (sdoyle-de * *
                                              * *   Windows XP 6.1 (Build 7601)   * *
                                              * *                                 * *
                                              * *                                 * *
                                              * * * * * * * * * * * * * * * * * * * *
                                              * * * * * * * * * * * * * * * * * * * *
1                                                                          FEBRUARY  13, 2014  MSC.NASTRAN  6/17/05   PAGE     1
                                                                                                                                    
0        N A S T R A N    F I L E    A N D    S Y S T E M    P A R A M E T E R    E C H O                                           
0                                                                                                                                   
                                                                                                                                    
                                                                                                                                    
     NASTRAN OP2NEW=0 $ MSC.NASTRAN .LCL FILE                                        
     NASTRAN BUFFSIZE=8193 $(C:/MSC.SOFTWARE/MSC.NASTRAN/CONF/NAST20051.RCF[2])      
     NASTRAN REAL=2144075776 $(PROGRAM DEFAULT)                                      
1                                                                          FEBRUARY  13, 2014  MSC.NASTRAN  6/17/05   PAGE     2
                                                                                                                                    
0        N A S T R A N    E X E C U T I V E    C O N T R O L    E C H O                                                             
0                                                                                                                                   
                                                                                                                                    
                                                                                                                                    
     SOL 101                                                                                 
     CEND                                                                                    
1    MSC.NASTRAN JOB                                                       FEBRUARY  13, 2014  MSC.NASTRAN  6/17/05   PAGE     3
                                                                                                                                    
0                                                                                                                                   
0                                        C A S E    C O N T R O L    E C H O                                                        
                 COMMAND                                                                                                            
                 COUNT                                                                                                              
                  1      TITLE = MSC.NASTRAN JOB                                                                 
                  2      ECHO = NONE                                                                             
                  3      $ DIRECT TEXT INPUT FOR GLOBAL CASE CONTROL DATA                                        
                  4      SUBCASE 1                                                                               
                  5      $ SUBCASE NAME : DEFAULT                                                                
                  6         SUBTITLE=DEFAULT                                                                     
                  7         SPC = 2                                                                              
                  8         LOAD = 123458                                                                        
                  9         DISPLACEMENT(PLOT,PRINT,SORT1,REAL)=ALL                                              
                 10         SPCFORCES(PLOT,PRINT,SORT1,REAL)=ALL                                                 
                 11         STRESS(PLOT,PRINT,SORT1,REAL,VONMISES,BILIN)=ALL                                     
                 12         STRAIN(PLOT,PRINT,SORT1,REAL,VONMISES,BILIN)=ALL                                     
                 13         OLOAD(PLOT,PRINT)=ALL                                                                
                 14         MPCFORCES(PLOT,PRINT)=ALL                                                            
                 15         GPFORCE(PLOT,PRINT)=ALL                                                              
                 16         GPKE=ALL                                                                             
                 17         FORCE(PLOT,PRINT)=ALL                                                                
                 18      BEGIN BULK                                                                              
0                             INPUT BULK DATA ENTRY COUNT =      83
0                       TOTAL COUNT=        57
 *** USER WARNING MESSAGE 4124 (IFS3P)
     THE SPCADD OR MPCADD UNION CONSISTS OF A SINGLE SET.


                                        M O D E L   S U M M A R Y

                                   NUMBER OF GRID     POINTS   =       21
 
                                   NUMBER OF CBAR     ELEMENTS =        1
                                   NUMBER OF CBEAM    ELEMENTS =        1
                                   NUMBER OF CHEXA    ELEMENTS =        1
                                   NUMBER OF CPENTA   ELEMENTS =        2
                                   NUMBER OF CQUAD4   ELEMENTS =        2
                                   NUMBER OF CROD     ELEMENTS =        2
                                   NUMBER OF CTETRA   ELEMENTS =        2
                                   NUMBER OF CTRIA3   ELEMENTS =        4
 
 *** USER INFORMATION MESSAGE 4109 (OUTPX2)
     THE LABEL IS XXXXXXXX FOR FORTRAN UNIT 12
     (MAXIMUM SIZE OF FORTRAN RECORDS WRITTEN =        7 WORDS.)
     (NUMBER OF FORTRAN RECORDS WRITTEN =          8 RECORDS.)
     (TOTAL DATA WRITTEN FOR TAPE LABEL = WORDS.)
1    MSC.NASTRAN JOB                                                       FEBRUARY  13, 2014  MSC.NASTRAN  6/17/05   PAGE     4
                                                                                                                                    
0                                                                                                                                   
 *** USER INFORMATION MESSAGE 4114 (OUTPX2)
     DATA BLOCK GEOM1X   WRITTEN ON FORTRAN UNIT 12, TRL =
                    101                 0                 0                 8                 0                 0                 0
     NAME OF DATA BLOCK WRITTEN ON FORTRAN UNIT IS GEOM1.
        (MAXIMUM POSSIBLE FORTRAN RECORD SIZE =       16386 WORDS.)
     (MAXIMUM SIZE OF FORTRAN RECORDS WRITTEN =         171 WORDS.)
           (NUMBER OF FORTRAN RECORDS WRITTEN =          20 RECORDS.)
           (TOTAL DATA WRITTEN FOR DATA BLOCK =         202 WORDS.)
 *** USER INFORMATION MESSAGE 4114 (OUTPX2)
     DATA BLOCK GEOM2X   WRITTEN ON FORTRAN UNIT 12, TRL =
                    102                 0               260               128              9760               128                 0
     NAME OF DATA BLOCK WRITTEN ON FORTRAN UNIT IS GEOM2.
        (MAXIMUM POSSIBLE FORTRAN RECORD SIZE =       16386 WORDS.)
     (MAXIMUM SIZE OF FORTRAN RECORDS WRITTEN =          55 WORDS.)
           (NUMBER OF FORTRAN RECORDS WRITTEN =          55 RECORDS.)
           (TOTAL DATA WRITTEN FOR DATA BLOCK =         285 WORDS.)
 *** USER INFORMATION MESSAGE 4114 (OUTPX2)
     DATA BLOCK GEOM3X   WRITTEN ON FORTRAN UNIT 12, TRL =
                    103                 0                 0                64                 8                 0                 0
     NAME OF DATA BLOCK WRITTEN ON FORTRAN UNIT IS GEOM3.
        (MAXIMUM POSSIBLE FORTRAN RECORD SIZE =       16386 WORDS.)
     (MAXIMUM SIZE OF FORTRAN RECORDS WRITTEN =          10 WORDS.)
           (NUMBER OF FORTRAN RECORDS WRITTEN =          25 RECORDS.)
           (TOTAL DATA WRITTEN FOR DATA BLOCK =          54 WORDS.)
 *** USER INFORMATION MESSAGE 4114 (OUTPX2)
     DATA BLOCK GEOM4X   WRITTEN ON FORTRAN UNIT 12, TRL =
                    104                 0                 0                 0                96                 0                 0
     NAME OF DATA BLOCK WRITTEN ON FORTRAN UNIT IS GEOM4.
        (MAXIMUM POSSIBLE FORTRAN RECORD SIZE =       16386 WORDS.)
     (MAXIMUM SIZE OF FORTRAN RECORDS WRITTEN =          16 WORDS.)
           (NUMBER OF FORTRAN RECORDS WRITTEN =          25 RECORDS.)
           (TOTAL DATA WRITTEN FOR DATA BLOCK =          57 WORDS.)
 *** USER INFORMATION MESSAGE 4114 (OUTPX2)
     DATA BLOCK EPTX     WRITTEN ON FORTRAN UNIT 12, TRL =
                    105               128              4864                 0              1024                 0                 0
     NAME OF DATA BLOCK WRITTEN ON FORTRAN UNIT IS EPT.
        (MAXIMUM POSSIBLE FORTRAN RECORD SIZE =       16386 WORDS.)
     (MAXIMUM SIZE OF FORTRAN RECORDS WRITTEN =         200 WORDS.)
           (NUMBER OF FORTRAN RECORDS WRITTEN =          40 RECORDS.)
           (TOTAL DATA WRITTEN FOR DATA BLOCK =         302 WORDS.)
 *** USER INFORMATION MESSAGE 4114 (OUTPX2)
     DATA BLOCK MPTS     WRITTEN ON FORTRAN UNIT 12, TRL =
                    101             32768                 0                 0                 0                 0                 0
     NAME OF DATA BLOCK WRITTEN ON FORTRAN UNIT IS MPTS.
        (MAXIMUM POSSIBLE FORTRAN RECORD SIZE =       16386 WORDS.)
     (MAXIMUM SIZE OF FORTRAN RECORDS WRITTEN =          15 WORDS.)
           (NUMBER OF FORTRAN RECORDS WRITTEN =          20 RECORDS.)
           (TOTAL DATA WRITTEN FOR DATA BLOCK =          46 WORDS.)
1    MSC.NASTRAN JOB                                                       FEBRUARY  13, 2014  MSC.NASTRAN  6/17/05   PAGE     5
                                                                                                                                    
0                                                                                                                                   
 *** USER INFORMATION MESSAGE 7310 (VECPRN)
     ORIGIN OF SUPERELEMENT BASIC COORDINATE SYSTEM WILL BE USED AS REFERENCE LOCATION.
     RESULTANTS ABOUT ORIGIN OF SUPERELEMENT BASIC COORDINATE SYSTEM IN SUPERELEMENT BASIC SYSTEM COORDINATES.
0                                                  OLOAD    RESULTANT       
  SUBCASE/    LOAD
  DAREA ID    TYPE       T1            T2            T3            R1            R2            R3
0        1     FX    0.000000E+00     ----          ----          ----       0.000000E+00  0.000000E+00                             
               FY       ----       0.000000E+00     ----       0.000000E+00     ----       0.000000E+00                             
               FZ       ----          ----       1.000000E+04  5.000000E+03 -5.000000E+03     ----                                  
               MX       ----          ----          ----       0.000000E+00     ----          ----                                  
               MY       ----          ----          ----          ----       0.000000E+00     ----                                  
               MZ       ----          ----          ----          ----          ----       0.000000E+00                             
             TOTALS  0.000000E+00  0.000000E+00  1.000000E+04  5.000000E+03 -5.000000E+03  0.000000E+00
1    MSC.NASTRAN JOB                                                       FEBRUARY  13, 2014  MSC.NASTRAN  6/17/05   PAGE     6
                                                                                                                                    
0                                                                                                            SUBCASE 1              
 *** SYSTEM INFORMATION MESSAGE 6916 (DFMSYN)
     DECOMP ORDERING METHOD CHOSEN: BEND, ORDERING METHOD USED: BEND
  
 *** SYSTEM INFORMATION MESSAGE 4159 (DFMSA)
     THE DECOMPOSITION OF KLL      YIELDS A MAXIMUM MATRIX-TO-FACTOR-DIAGONAL RATIO OF    2.301897E+01
 *** USER INFORMATION MESSAGE 5293 (SSG3A)
    FOR DATA BLOCK KLL     
    LOAD SEQ. NO.             EPSILON              EXTERNAL WORK      EPSILONS LARGER THAN 0.001 ARE FLAGGED WITH ASTERISKS
                1         -3.5852160E-16          1.3539179E+01
1    MSC.NASTRAN JOB                                                       FEBRUARY  13, 2014  MSC.NASTRAN  6/17/05   PAGE     7
                                                                                                                                    
0                                                                                                                                   
 *** USER INFORMATION MESSAGE 7310 (VECPRN)
     ORIGIN OF SUPERELEMENT BASIC COORDINATE SYSTEM WILL BE USED AS REFERENCE LOCATION.
     RESULTANTS ABOUT ORIGIN OF SUPERELEMENT BASIC COORDINATE SYSTEM IN SUPERELEMENT BASIC SYSTEM COORDINATES.
0                                                  SPCFORCE RESULTANT       
  SUBCASE/    LOAD
  DAREA ID    TYPE       T1            T2            T3            R1            R2            R3
0        1     FX    2.174261E-11     ----          ----          ----      -4.348522E-11  3.918899E+00                             
               FY       ----      -6.004086E-12     ----      -1.200817E-11     ----       0.000000E+00                             
               FZ       ----          ----      -1.000000E+04 -5.004411E+03  4.958015E+03     ----                                  
               MX       ----          ----          ----       4.411050E+00     ----          ----                                  
               MY       ----          ----          ----          ----       4.198506E+01     ----                                  
               MZ       ----          ----          ----          ----          ----      -3.918899E+00                             
             TOTALS  2.174261E-11 -6.004086E-12 -1.000000E+04 -5.000000E+03  5.000000E+03  0.000000E+00
1    MSC.NASTRAN JOB                                                       FEBRUARY  13, 2014  MSC.NASTRAN  6/17/05   PAGE     8
                                                                                                                                    
0                                                                                                                                   
0                                                  MAXIMUM  SPCFORCES       
  SUBCASE/
  DAREA ID        T1             T2             T3             R1             R2             R3
0        1   3.9188993E+00  2.2497456E+01  2.5518879E+03  2.2007238E+01  2.4381554E+01  2.1167312E+00
1    MSC.NASTRAN JOB                                                       FEBRUARY  13, 2014  MSC.NASTRAN  6/17/05   PAGE     9
                                                                                                                                    
0                                                                                                                                   
0                                                  MAXIMUM  DISPLACEMENTS   
  SUBCASE/
  DAREA ID        T1             T2             T3             R1             R2             R3
0        1   2.1504343E-03  1.7363488E-04  2.7078358E-03  7.1231989E-05  6.7937555E-04  6.3551510E-05
1    MSC.NASTRAN JOB                                                       FEBRUARY  13, 2014  MSC.NASTRAN  6/17/05   PAGE    10
                                                                                                                                    
0                                                                                                                                   
0                                                  MAXIMUM  APPLIED LOADS   
  SUBCASE/
  DAREA ID        T1             T2             T3             R1             R2             R3
0        1   0.0000000E+00  0.0000000E+00  1.0000000E+04  0.0000000E+00  0.0000000E+00  0.0000000E+00
1    MSC.NASTRAN JOB                                                       FEBRUARY  13, 2014  MSC.NASTRAN  6/17/05   PAGE    11
                                                                                                                                    
0                                                                                                                                   
 *** USER INFORMATION MESSAGE 7310 (VECPRN)
     ORIGIN OF SUPERELEMENT BASIC COORDINATE SYSTEM WILL BE USED AS REFERENCE LOCATION.
     RESULTANTS ABOUT ORIGIN OF SUPERELEMENT BASIC COORDINATE SYSTEM IN SUPERELEMENT BASIC SYSTEM COORDINATES.
0                                                  MPCFORCE RESULTANT       
  SUBCASE/    LOAD
  DAREA ID    TYPE       T1            T2            T3            R1            R2            R3
0        1     FX    0.000000E+00     ----          ----          ----       0.000000E+00  0.000000E+00                             
               FY       ----       0.000000E+00     ----       0.000000E+00     ----       0.000000E+00                             
               FZ       ----          ----       0.000000E+00  0.000000E+00  0.000000E+00     ----                                  
               MX       ----          ----          ----       0.000000E+00     ----          ----                                  
               MY       ----          ----          ----          ----       0.000000E+00     ----                                  
               MZ       ----          ----          ----          ----          ----       0.000000E+00                             
             TOTALS  0.000000E+00  0.000000E+00  0.000000E+00  0.000000E+00  0.000000E+00  0.000000E+00
1    MSC.NASTRAN JOB                                                       FEBRUARY  13, 2014  MSC.NASTRAN  6/17/05   PAGE    12
                                                                                                                                    
0                                                                                                                                   
0                                                  MAXIMUM  MPCFORCES       
  SUBCASE/
  DAREA ID        T1             T2             T3             R1             R2             R3
0        1   0.0000000E+00  0.0000000E+00  0.0000000E+00  0.0000000E+00  0.0000000E+00  0.0000000E+00
 *** USER WARNING MESSAGE 6418 (SDR2A)
     THE BILIN OPTION FOR STRESSES OVERRIDES ALL OTHER OPTIONS IN STRAIN AND FORCE COMMANDS.
 *** USER INFORMATION MESSAGE 4114 (OUTPX2)
     DATA BLOCK OQG1     WRITTEN ON FORTRAN UNIT 12, TRL =
                    101                 0               168                 0                 0                 0                 3
     NAME OF DATA BLOCK WRITTEN ON FORTRAN UNIT IS OQG1.
        (MAXIMUM POSSIBLE FORTRAN RECORD SIZE =       16386 WORDS.)
     (MAXIMUM SIZE OF FORTRAN RECORDS WRITTEN =         168 WORDS.)
           (NUMBER OF FORTRAN RECORDS WRITTEN =          20 RECORDS.)
           (TOTAL DATA WRITTEN FOR DATA BLOCK =         347 WORDS.)
 *** USER INFORMATION MESSAGE 4114 (OUTPX2)
     DATA BLOCK OQMG1    WRITTEN ON FORTRAN UNIT 12, TRL =
                    102                 0               168                 0                 0                 0                 3
     NAME OF DATA BLOCK WRITTEN ON FORTRAN UNIT IS OQMG1.
        (MAXIMUM POSSIBLE FORTRAN RECORD SIZE =       16386 WORDS.)
     (MAXIMUM SIZE OF FORTRAN RECORDS WRITTEN =         168 WORDS.)
           (NUMBER OF FORTRAN RECORDS WRITTEN =          20 RECORDS.)
           (TOTAL DATA WRITTEN FOR DATA BLOCK =         347 WORDS.)
 *** USER INFORMATION MESSAGE 4114 (OUTPX2)
     DATA BLOCK OUGV1    WRITTEN ON FORTRAN UNIT 12, TRL =
                    101                 0               168                 0                 0                 0                 3
     NAME OF DATA BLOCK WRITTEN ON FORTRAN UNIT IS OUGV1.
        (MAXIMUM POSSIBLE FORTRAN RECORD SIZE =       16386 WORDS.)
     (MAXIMUM SIZE OF FORTRAN RECORDS WRITTEN =         168 WORDS.)
           (NUMBER OF FORTRAN RECORDS WRITTEN =          20 RECORDS.)
           (TOTAL DATA WRITTEN FOR DATA BLOCK =         347 WORDS.)
1    MSC.NASTRAN JOB                                                       FEBRUARY  13, 2014  MSC.NASTRAN  6/17/05   PAGE    13
     DEFAULT                                                                                                                        
0                                                                                                            SUBCASE 1              
 
                                             D I S P L A C E M E N T   V E C T O R
 
      POINT ID.   TYPE          T1             T2             T3             R1             R2             R3
             1      G     -5.584197E-04   8.529188E-05   7.070222E-04  -5.434142E-05  -6.159907E-04   6.355151E-05
             2      G     -6.754497E-04   1.092471E-04   1.179195E-03   1.741007E-05  -4.832880E-04   2.233442E-05
             3      G     -6.956646E-04  -1.446451E-05   1.223628E-03   1.820588E-05  -5.247410E-04   3.219651E-05
             4      G     -5.716970E-04  -4.174969E-05   6.783459E-04  -2.373100E-05  -6.793755E-04  -2.579387E-06
             5      G     -1.210742E-03  -2.926381E-05   1.472140E-03   0.0            0.0            0.0
             6      G     -1.132993E-03   4.797167E-06   1.101448E-03   0.0            0.0            0.0
             7      G     -1.056441E-03   8.137059E-05   9.549970E-04   0.0            0.0            0.0
             8      G     -1.135115E-03   4.798494E-05   1.600911E-03   0.0            0.0            0.0
             9      G     -1.736213E-03  -5.534343E-05   1.791016E-03   0.0            0.0            0.0
            10      G     -1.507390E-03  -1.386354E-04   1.519762E-03   0.0            0.0            0.0
            11      G     -1.776969E-03   1.736349E-04   2.019225E-03   0.0            0.0            0.0
            12      G     -1.548346E-03   9.048246E-05   1.273970E-03   0.0            0.0            0.0
            13      G     -2.150434E-03   8.707982E-06   2.707836E-03   0.0            0.0            0.0
            14      G     -7.806682E-05   5.765243E-05   3.519845E-04  -7.123199E-05  -1.484551E-04   2.187974E-05
            15      G     -6.259837E-05  -3.342489E-05   3.434617E-04   4.202484E-05  -1.295211E-04   1.007489E-06
            16      G     -1.666831E-04   2.208578E-05   8.670047E-04   5.257628E-05  -5.282455E-04   1.538156E-05
            17      G     -1.927763E-04   1.268107E-04   8.426555E-04   4.207653E-05  -4.870150E-04   2.223951E-06
            18      G      0.0            0.0            0.0            0.0            0.0            0.0
            19      G      0.0            0.0            0.0            0.0            0.0            0.0
            20      G      0.0            0.0            0.0            0.0            0.0            0.0
            21      G      0.0            0.0            0.0            0.0            0.0            0.0
1    MSC.NASTRAN JOB                                                       FEBRUARY  13, 2014  MSC.NASTRAN  6/17/05   PAGE    14
     DEFAULT                                                                                                                        
0                                                                                                            SUBCASE 1              
 
                                                     L O A D   V E C T O R
 
      POINT ID.   TYPE          T1             T2             T3             R1             R2             R3
            13      G      0.0            0.0            1.000000E+04   0.0            0.0            0.0
1    MSC.NASTRAN JOB                                                       FEBRUARY  13, 2014  MSC.NASTRAN  6/17/05   PAGE    15
     DEFAULT                                                                                                                        
0                                                                                                            SUBCASE 1              
 
                               F O R C E S   O F   S I N G L E - P O I N T   C O N S T R A I N T
 
      POINT ID.   TYPE          T1             T2             T3             R1             R2             R3
            18      G      3.918899E+00  -2.249746E+01  -2.551888E+03   2.200724E+01   2.438155E+01  -2.116731E+00
            19      G     -3.918899E+00   2.249746E+01  -2.490097E+03  -1.759619E+01   1.760350E+01  -9.754824E-02
            20      G      0.0            0.0           -2.514314E+03   0.0            0.0           -1.489290E+00
            21      G      0.0            0.0           -2.443701E+03   0.0            0.0           -2.153298E-01
1    MSC.NASTRAN JOB                                                       FEBRUARY  13, 2014  MSC.NASTRAN  6/17/05   PAGE    16
                                                                                                                                    
0                                                                                                                                   
1    MSC.NASTRAN JOB                                                       FEBRUARY  13, 2014  MSC.NASTRAN  6/17/05   PAGE    17
     DEFAULT                                                                                                                        
0                                                                                                            SUBCASE 1              
 
                                 F O R C E S   I N   B A R   E L E M E N T S         ( C B A R )
0    ELEMENT         BEND-MOMENT END-A            BEND-MOMENT END-B                - SHEAR -               AXIAL
       ID.         PLANE 1       PLANE 2        PLANE 1       PLANE 2        PLANE 1       PLANE 2         FORCE         TORQUE
           13     4.901266E+00 -2.152240E+01  -1.759619E+01 -1.760350E+01   2.249746E+01 -3.918899E+00   2.490097E+03   9.754824E-02
1    MSC.NASTRAN JOB                                                       FEBRUARY  13, 2014  MSC.NASTRAN  6/17/05   PAGE    18
     DEFAULT                                                                                                                        
0                                                                                                            SUBCASE 1              
 
                                 F O R C E S   I N   B E A M   E L E M E N T S        ( C B E A M )
                    STAT DIST/   - BENDING MOMENTS -            - WEB  SHEARS -           AXIAL          TOTAL          WARPING
   ELEMENT-ID  GRID   LENGTH    PLANE 1       PLANE 2        PLANE 1       PLANE 2        FORCE          TORQUE         TORQUE
0        12
                 14   0.000   -4.902161E-01 -2.046266E+01  -2.249746E+01  3.918899E+00   2.551888E+03   2.116731E+00   0.0
                 18   1.000    2.200724E+01 -2.438155E+01  -2.249746E+01  3.918899E+00   2.551888E+03   2.116731E+00   0.0
1    MSC.NASTRAN JOB                                                       FEBRUARY  13, 2014  MSC.NASTRAN  6/17/05   PAGE    19
     DEFAULT                                                                                                                        
0                                                                                                            SUBCASE 1              
 

                          F O R C E S   I N   Q U A D R I L A T E R A L   E L E M E N T S   ( Q U A D 4 )        OPTION = BILIN  
 
    ELEMENT                    - MEMBRANE  FORCES -                      - BENDING   MOMENTS -            - TRANSVERSE SHEAR FORCES -
      ID       GRID-ID     FX            FY            FXY           MX            MY            MXY           QX            QY
0         6    CEN/4  1.072685E+01  2.504399E+03 -2.455727E+01 -5.017930E+00 -2.081427E+01 -5.902618E-01 -9.126162E+00  4.194400E+01
                   4 -1.196436E+02  2.431343E+03 -2.455727E+01 -4.163437E+00 -2.236847E+01 -5.902618E-01 -9.126162E+00  4.194400E+01
                   1 -1.196436E+02  2.577456E+03 -2.455727E+01 -4.163437E+00 -1.926007E+01 -5.902618E-01 -9.126162E+00  4.194400E+01
                  14  1.410973E+02  2.577456E+03 -2.455727E+01 -5.872422E+00 -1.926007E+01 -5.902618E-01 -9.126162E+00  4.194400E+01
                  15  1.410973E+02  2.431343E+03 -2.455727E+01 -5.872422E+00 -2.236847E+01 -5.902618E-01 -9.126162E+00  4.194400E+01
0         7    CEN/4 -2.675325E+01  2.504154E+03  2.014026E+01 -4.355245E-01 -2.836723E-03 -8.553944E-01 -8.676423E+00  2.089208E-03
                   3 -9.557993E+01  2.576955E+03  2.014026E+01 -3.733045E-01 -7.038047E-03 -8.553944E-01 -8.676423E+00  2.089208E-03
                   2 -9.557993E+01  2.431352E+03  2.014026E+01 -3.733045E-01  1.364601E-03 -8.553944E-01 -8.676423E+00  2.089208E-03
                  17  4.207343E+01  2.431352E+03  2.014026E+01 -4.977445E-01  1.364601E-03 -8.553944E-01 -8.676423E+00  2.089208E-03
                  16  4.207343E+01  2.576955E+03  2.014026E+01 -4.977445E-01 -7.038047E-03 -8.553944E-01 -8.676423E+00  2.089208E-03
1    MSC.NASTRAN JOB                                                       FEBRUARY  13, 2014  MSC.NASTRAN  6/17/05   PAGE    20
     DEFAULT                                                                                                                        
0                                                                                                            SUBCASE 1              
 
                                           F O R C E S   I N   R O D   E L E M E N T S     ( C R O D )
       ELEMENT           AXIAL                                     ELEMENT           AXIAL
         ID.             FORCE          TORQUE                       ID.             FORCE          TORQUE
            14        2.514314E+03   1.489290E+00                       15        2.443701E+03   2.153298E-01
1    MSC.NASTRAN JOB                                                       FEBRUARY  13, 2014  MSC.NASTRAN  6/17/05   PAGE    21
     DEFAULT                                                                                                                        
0                                                                                                            SUBCASE 1              
 
                             F O R C E S   I N   T R I A N G U L A R   E L E M E N T S   ( T R I A 3 )
 
    ELEMENT                - MEMBRANE  FORCES -                        - BENDING  MOMENTS -              - TRANSVERSE SHEAR FORCES -
      ID              FX            FY            FXY             MX            MY            MXY             QX            QY
          8      -7.954568E+01  2.560061E+03 -4.476376E+01    1.925648E+00  1.914048E+00  3.593237E-01    8.491534E+00  5.596094E-01
          9       2.486347E+01  2.435867E+03 -3.966760E+01    1.489885E+00  2.959731E+00  2.022230E-01   -2.339164E+01  1.034654E+01
         10      -7.541787E+01  2.415780E+03  2.883593E+01   -1.401873E+00  4.828164E-01  7.386314E-01   -3.011050E+00  1.760453E+00
         11      -8.864300E+00  2.571187E+03 -2.833572E+01   -1.054261E+00 -9.751582E-01  1.024634E+00   -1.457085E+01  8.194581E-01
1    MSC.NASTRAN JOB                                                       FEBRUARY  13, 2014  MSC.NASTRAN  6/17/05   PAGE    22
     DEFAULT                                                                                                                        
0                                                                                                            SUBCASE 1              
 
                                  S T R A I N S    I N   B A R   E L E M E N T S          ( C B A R )
  ELEMENT        SA1            SA2            SA3            SA4           AXIAL          SA-MAX         SA-MIN     M.S.-T
    ID.          SB1            SB2            SB3            SB4           STRAIN         SB-MAX         SB-MIN     M.S.-C
0      13    0.0            0.0            0.0            0.0            3.434617E-04   3.434617E-04   3.434617E-04 
             0.0            0.0            0.0            0.0                           3.434617E-04   3.434617E-04 
1    MSC.NASTRAN JOB                                                       FEBRUARY  13, 2014  MSC.NASTRAN  6/17/05   PAGE    23
     DEFAULT                                                                                                                        
0                                                                                                            SUBCASE 1              
 
                                   S T R A I N S    I N   B E A M   E L E M E N T S        ( C B E A M )
                    STAT DIST/
   ELEMENT-ID  GRID   LENGTH    SXC           SXD           SXE           SXF           S-MAX         S-MIN         M.S.-T   M.S.-C
0        12
                 14   0.000    3.173037E-04  3.189265E-04  3.866654E-04  3.850426E-04  3.866654E-04  3.173037E-04          
                 18   1.000    3.507030E-04  3.480544E-04  2.751982E-04  3.559147E-04  3.559147E-04  2.751982E-04          
1    MSC.NASTRAN JOB                                                       FEBRUARY  13, 2014  MSC.NASTRAN  6/17/05   PAGE    24
     DEFAULT                                                                                                                        
0                                                                                                            SUBCASE 1              
 
                        S T R A I N S   I N   H E X A H E D R O N   S O L I D   E L E M E N T S   ( H E X A )
0                CORNER        ------CENTER AND CORNER POINT  STRAINS---------       DIR.  COSINES       MEAN                   
  ELEMENT-ID    GRID-ID        NORMAL              SHEAR             PRINCIPAL       -A-  -B-  -C-     PRESSURE       VON MISES 
0         1           0GRID CS  8 GP
0                CENTER  X  -9.935531E-05  XY  -5.046939E-05   A   3.353262E-04  LX 0.00 0.69-0.72  -4.494234E-05    2.918440E-04
                         Y  -1.011438E-04  YZ   8.673617E-19   B  -1.255001E-04  LY 0.00 0.72 0.69
                         Z   3.353262E-04  ZX  -1.246832E-18   C  -7.499904E-05  LZ 1.00 0.00 0.00
0                     2  X  -1.454293E-04  XY   8.874116E-06   A   4.474713E-04  LX 0.07-0.52-0.85  -4.800077E-05    3.995768E-04
                         Y  -1.526881E-04  YZ  -8.020025E-05   B  -1.597124E-04  LY-0.07 0.85-0.52
                         Z   4.421197E-04  ZX   8.020025E-05   C  -1.437566E-04  LZ 1.00 0.09 0.02
0                     3  X  -9.663392E-05  XY   8.874116E-06   A   2.788636E-04  LX-0.11 0.99-0.04  -2.626838E-05    2.525976E-04
                         Y  -9.473507E-05  YZ  -8.020025E-05   B  -1.009722E-04  LY-0.11-0.05-0.99
                         Z   2.701741E-04  ZX  -8.020025E-05   C  -9.908621E-05  LZ 0.99 0.10-0.11
0                     4  X  -1.513013E-04  XY   8.874116E-06   A   4.506976E-04  LX-0.07-0.64-0.77  -4.676865E-05    4.040143E-04
                         Y  -1.537980E-04  YZ   8.020025E-05   B  -1.623873E-04  LY 0.07 0.76-0.64
                         Z   4.454053E-04  ZX  -8.020025E-05   C  -1.480044E-04  LZ 1.00-0.09-0.01
0                     1  X  -8.863068E-05  XY   8.874116E-06   A   2.777661E-04  LX 0.11-0.01-0.99  -2.670130E-05    2.511529E-04
                         Y  -1.002851E-04  YZ   8.020025E-05   B  -1.045906E-04  LY 0.11 0.99 0.00
                         Z   2.690197E-04  ZX   8.020025E-05   C  -9.307161E-05  LZ 0.99-0.11 0.11
0                     8  X  -1.064333E-04  XY  -1.098129E-04   A   4.083166E-04  LX 0.09 0.71 0.70  -6.330377E-05    3.500825E-04
                         Y  -1.049671E-04  YZ  -8.020025E-05   B  -1.606118E-04  LY-0.09 0.70-0.71
                         Z   4.013117E-04  ZX   8.020025E-05   C  -5.779352E-05  LZ 0.99 0.00-0.12
0                     5  X  -4.977425E-05  XY  -1.098129E-04   A   2.362853E-04  LX-0.12 0.70 0.71  -4.251502E-05    2.056380E-04
                         Y  -4.953041E-05  YZ  -8.020025E-05   B  -1.139944E-04  LY-0.12 0.70-0.71
                         Z   2.268497E-04  ZX  -8.020025E-05   C   5.254237E-06  LZ 0.99 0.16 0.00
0                     6  X  -1.057234E-04  XY  -1.098129E-04   A   4.078201E-04  LX-0.09 0.71 0.70  -6.349593E-05    3.494018E-04
                         Y  -1.045881E-04  YZ   8.020025E-05   B  -1.600653E-04  LY 0.09 0.70-0.71
                         Z   4.007992E-04  ZX  -8.020025E-05   C  -5.726704E-05  LZ 0.99 0.00 0.12
0                     7  X  -5.091640E-05  XY  -1.098129E-04   A   2.363612E-04  LX 0.12 0.70 0.70  -4.248493E-05    2.057414E-04
                         Y  -4.855876E-05  YZ   8.020025E-05   B  -1.140864E-04  LY 0.12 0.69-0.71
                         Z   2.269300E-04  ZX   8.020025E-05   C   5.180048E-06  LZ 0.99-0.16 0.00
1    MSC.NASTRAN JOB                                                       FEBRUARY  13, 2014  MSC.NASTRAN  6/17/05   PAGE    25
     DEFAULT                                                                                                                        
0                                                                                                            SUBCASE 1              
 
                      S T R A I N S   I N   P E N T A H E D R O N   S O L I D   E L E M E N T S   ( P E N T A )
0                CORNER        ------CENTER AND CORNER POINT  STRAINS---------       DIR.  COSINES       MEAN                   
  ELEMENT-ID    GRID-ID        NORMAL              SHEAR             PRINCIPAL       -A-  -B-  -C-     PRESSURE       VON MISES 
0         2           0GRID CS  6 GP
0                CENTER  X  -1.532857E-04  XY   7.180308E-06   A   4.002606E-04  LX-0.12 0.71 0.70  -2.625622E-05    3.740323E-04
                         Y  -1.531135E-04  YZ  -1.288332E-04   B  -1.647030E-04  LY-0.12 0.69-0.71
                         Z   3.851679E-04  ZX  -1.288332E-04   C  -1.567889E-04  LZ 0.99 0.16 0.00
0                     6  X  -9.208214E-05  XY  -1.240209E-04   A   3.633778E-04  LX-0.12 0.73 0.67  -5.924500E-05    3.148508E-04
                         Y  -7.724874E-05  YZ  -1.290896E-04   B  -1.633601E-04  LY-0.13 0.66-0.74
                         Z   3.470659E-04  ZX  -1.288609E-04   C  -2.228261E-05  LZ 0.98 0.18-0.01
0                     8  X  -7.774880E-05  XY  -1.240209E-04   A   3.633065E-04  LX-0.13 0.66-0.74  -5.924500E-05    3.147581E-04
                         Y  -9.158208E-05  YZ  -1.288055E-04   B  -1.632444E-04  LY-0.12 0.73 0.67
                         Z   3.470659E-04  ZX  -1.285768E-04   C  -2.232718E-05  LZ 0.98 0.18-0.01
0                     5  X  -6.341547E-05  XY  -8.102087E-05   A   2.698466E-04  LX-0.17 0.69 0.71  -4.043250E-05    2.370310E-04
                         Y  -6.291541E-05  YZ  -1.286045E-04   B  -1.258948E-04  LY-0.17 0.69-0.71
                         Z   2.476284E-04  ZX  -1.290619E-04   C  -2.265427E-05  LZ 0.97 0.24 0.00
0                    10  X  -2.431560E-04  XY   1.097148E-04   A   5.017414E-04  LX-0.09 0.76-0.65  -5.809105E-06    4.991851E-04
                         Y  -2.289783E-04  YZ  -1.290896E-04   B  -2.914279E-04  LY-0.09-0.66-0.75
                         Z   4.895616E-04  ZX  -1.288609E-04   C  -1.928862E-04  LZ 0.99 0.01-0.13
0                    11  X  -2.288227E-04  XY   1.097148E-04   A   5.016885E-04  LX-0.09-0.65-0.75  -5.809105E-06    4.991391E-04
                         Y  -2.433116E-04  YZ  -1.288055E-04   B  -2.914527E-04  LY-0.09 0.76-0.65
                         Z   4.895616E-04  ZX  -1.285768E-04   C  -1.928085E-04  LZ 0.99 0.01-0.13
0                     9  X  -2.144893E-04  XY   1.527148E-04   A   4.053909E-04  LX-0.12-0.71-0.70   1.300339E-05    4.258534E-04
                         Y  -2.146450E-04  YZ  -1.286045E-04   B  -2.909246E-04  LY-0.12 0.71-0.70
                         Z   3.901241E-04  ZX  -1.290619E-04   C  -1.534764E-04  LZ 0.99 0.00-0.17
0         3           0GRID CS  6 GP
0                CENTER  X  -1.536490E-04  XY   7.084920E-06   A   4.002893E-04  LX 0.12 0.73 0.67  -2.623513E-05    3.740830E-04
                         Y  -1.528456E-04  YZ   1.288332E-04   B  -1.648137E-04  LY 0.12 0.66-0.74
                         Z   3.852000E-04  ZX   1.288332E-04   C  -1.567702E-04  LZ 0.99-0.16 0.01
0                     6  X  -7.867485E-05  XY  -1.242577E-04   A   3.634397E-04  LX 0.13 0.67-0.74  -5.919042E-05    3.149612E-04
                         Y  -9.089288E-05  YZ   1.288609E-04   B  -1.634657E-04  LY 0.12 0.73 0.68
                         Z   3.471390E-04  ZX   1.290896E-04   C  -2.240283E-05  LZ 0.98-0.18 0.01
0                     7  X  -6.435540E-05  XY  -8.129937E-05   A   2.699914E-04  LX 0.17 0.69 0.70  -4.039614E-05    2.372456E-04
                         Y  -6.225397E-05  YZ   1.290619E-04   B  -1.261568E-04  LY 0.17 0.68-0.71
                         Z   2.477978E-04  ZX   1.286045E-04   C  -2.264624E-05  LZ 0.97-0.24 0.00
0                     8  X  -9.299430E-05  XY  -1.242577E-04   A   3.633716E-04  LX 0.12 0.74 0.67  -5.919042E-05    3.149474E-04
                         Y  -7.657342E-05  YZ   1.285768E-04   B  -1.636057E-04  LY 0.13 0.65-0.75
                         Z   3.471390E-04  ZX   1.288055E-04   C  -2.219465E-05  LZ 0.98-0.18 0.01
1    MSC.NASTRAN JOB                                                       FEBRUARY  13, 2014  MSC.NASTRAN  6/17/05   PAGE    26
     DEFAULT                                                                                                                        
0                                                                                                            SUBCASE 1              
 
                      S T R A I N S   I N   P E N T A H E D R O N   S O L I D   E L E M E N T S   ( P E N T A )
0                CORNER        ------CENTER AND CORNER POINT  STRAINS---------       DIR.  COSINES       MEAN                   
  ELEMENT-ID    GRID-ID        NORMAL              SHEAR             PRINCIPAL       -A-  -B-  -C-     PRESSURE       VON MISES 
0                    10  X  -2.286231E-04  XY   1.097887E-04   A   5.016710E-04  LX 0.09-0.65-0.75  -5.809349E-06    4.991255E-04
                         Y  -2.434373E-04  YZ   1.288609E-04   B  -2.914736E-04  LY 0.09 0.76-0.65
                         Z   4.894885E-04  ZX   1.290896E-04   C  -1.927694E-04  LZ 0.99-0.01 0.13
0                    12  X  -2.143037E-04  XY   1.527470E-04   A   4.054143E-04  LX 0.12-0.71-0.70   1.298493E-05    4.258618E-04
                         Y  -2.147984E-04  YZ   1.290619E-04   B  -2.909251E-04  LY 0.12 0.71-0.70
                         Z   3.901473E-04  ZX   1.286045E-04   C  -1.534440E-04  LZ 0.99 0.00 0.17
0                    11  X  -2.429426E-04  XY   1.097887E-04   A   5.016178E-04  LX 0.09 0.75-0.65  -5.809349E-06    4.990672E-04
                         Y  -2.291179E-04  YZ   1.285768E-04   B  -2.914053E-04  LY 0.09-0.66-0.75
                         Z   4.894885E-04  ZX   1.288055E-04   C  -1.927845E-04  LZ 0.99-0.01 0.13
1    MSC.NASTRAN JOB                                                       FEBRUARY  13, 2014  MSC.NASTRAN  6/17/05   PAGE    27
     DEFAULT                                                                                                                        
0                                                                                                            SUBCASE 1              
 
                           S T R A I N S   I N   Q U A D R I L A T E R A L   E L E M E N T S   ( Q U A D 4 )        OPTION = BILIN  
 
    ELEMENT              STRAIN            STRAINS IN ELEMENT COORD SYSTEM         PRINCIPAL  STRAINS (ZERO SHEAR)               
      ID      GRID-ID   CURVATURE       NORMAL-X      NORMAL-Y      SHEAR-XY      ANGLE        MAJOR         MINOR       VON MISES 
0         6    CEN/4   0.0           -1.090594E-04  3.449610E-04 -8.942233E-06   -89.4358   3.450050E-04 -1.091035E-04  2.737178E-04
                      -1.000000E+00   4.350157E-05 -5.086950E-04 -4.126785E-05    -2.1370   4.427152E-05 -5.094649E-04  3.553210E-04

                   4   0.0           -1.238170E-04  3.406385E-04 -8.942233E-06   -89.4485   3.406816E-04 -1.238601E-04  2.777705E-04
                      -1.000000E+00   7.930193E-05 -5.570959E-04 -4.126785E-05    -1.8551   7.997024E-05 -5.577641E-04  4.011653E-04

                   1   0.0           -1.302661E-04  3.607919E-04 -8.942233E-06   -89.4784   3.608326E-04 -1.303068E-04  2.937868E-04
                      -1.000000E+00   5.295987E-05 -4.747769E-04 -4.126785E-05    -2.2357   5.376540E-05 -4.755824E-04  3.364120E-04

                  14   0.0           -9.430186E-05  3.492834E-04 -8.942233E-06   -89.4226   3.493284E-04 -9.434693E-05  2.698887E-04
                      -1.000000E+00   7.701219E-06 -4.602941E-04 -4.126785E-05    -2.5197   8.609207E-06 -4.612021E-04  3.103776E-04

                  15   0.0           -8.785277E-05  3.291300E-04 -8.942233E-06   -89.3857   3.291779E-04 -8.790071E-05  2.538762E-04
                      -1.000000E+00   3.404328E-05 -5.426131E-04 -4.126785E-05    -2.0467   3.478066E-05 -5.433505E-04  3.743661E-04

0         7    CEN/4   0.0           -1.142183E-04  3.465813E-04  7.333832E-06    89.5441   3.466105E-04 -1.142474E-04  2.771206E-04
                      -1.000000E+00  -1.150985E-05  3.615721E-06 -5.980446E-05   -52.0967   2.689672E-05 -3.479085E-05  3.571241E-05

                   3   0.0           -1.269249E-04  3.596607E-04  7.333832E-06    89.5683   3.596884E-04 -1.269525E-04  2.914759E-04
                      -1.000000E+00  -9.826490E-06  2.977176E-06 -5.980446E-05   -51.0421   2.715519E-05 -3.400450E-05  3.538429E-05

                   2   0.0           -1.204983E-04  3.395776E-04  7.333832E-06    89.5434   3.396068E-04 -1.205275E-04  2.755130E-04
                      -1.000000E+00  -9.897698E-06  3.199701E-06 -5.980446E-05   -51.1765   2.726193E-05 -3.395992E-05  3.541690E-05

                  17   0.0           -1.015116E-04  3.335019E-04  7.333832E-06    89.5171   3.335328E-04 -1.015425E-04  2.628246E-04
                      -1.000000E+00  -1.319321E-05  4.254266E-06 -5.980446E-05   -53.1321   2.667931E-05 -3.561826E-05  3.609073E-05

                  16   0.0           -1.079382E-04  3.535850E-04  7.333832E-06    89.5448   3.536141E-04 -1.079674E-04  2.787900E-04
                      -1.000000E+00  -1.312200E-05  4.031740E-06 -5.980446E-05   -53.0023   2.656284E-05 -3.565311E-05  3.604797E-05

1    MSC.NASTRAN JOB                                                       FEBRUARY  13, 2014  MSC.NASTRAN  6/17/05   PAGE    28
     DEFAULT                                                                                                                        
0                                                                                                            SUBCASE 1              
 
                                       S T R A I N S   I N   R O D   E L E M E N T S      ( C R O D )
       ELEMENT       AXIAL       SAFETY      TORSIONAL     SAFETY       ELEMENT       AXIAL       SAFETY      TORSIONAL     SAFETY
         ID.        STRAIN       MARGIN        STRAIN      MARGIN         ID.        STRAIN       MARGIN        STRAIN      MARGIN
            14    8.670047E-04              1.538156E-05                     15    8.426555E-04              2.223951E-06  
1    MSC.NASTRAN JOB                                                       FEBRUARY  13, 2014  MSC.NASTRAN  6/17/05   PAGE    29
     DEFAULT                                                                                                                        
0                                                                                                            SUBCASE 1              
 
                     S T R A I N S   I N    T E T R A H E D R O N   S O L I D   E L E M E N T S   ( C T E T R A )
0                CORNER        ------CENTER AND CORNER POINT  STRAINS---------       DIR.  COSINES       MEAN                   
  ELEMENT-ID    GRID-ID        NORMAL              SHEAR             PRINCIPAL       -A-  -B-  -C-     PRESSURE       VON MISES 
0         4           0GRID CS  4 GP
0                CENTER  X  -2.288227E-04  XY   1.240482E-04   A   9.631946E-04  LX-0.10-0.71-0.70  -1.601805E-04    8.050538E-04
                         Y  -2.289783E-04  YZ  -2.370006E-04   B  -2.909246E-04  LY-0.10 0.71-0.70
                         Z   9.383425E-04  ZX  -2.370006E-04   C  -1.917285E-04  LZ 0.99 0.00-0.15
0                    10  X  -2.288227E-04  XY   1.240482E-04   A   9.631946E-04  LX-0.10-0.71-0.70  -1.601805E-04    8.050538E-04
                         Y  -2.289783E-04  YZ  -2.370006E-04   B  -2.909246E-04  LY-0.10 0.71-0.70
                         Z   9.383425E-04  ZX  -2.370006E-04   C  -1.917285E-04  LZ 0.99 0.00-0.15
0                    11  X  -2.288227E-04  XY   1.240482E-04   A   9.631946E-04  LX-0.10-0.71-0.70  -1.601805E-04    8.050538E-04
                         Y  -2.289783E-04  YZ  -2.370006E-04   B  -2.909246E-04  LY-0.10 0.71-0.70
                         Z   9.383425E-04  ZX  -2.370006E-04   C  -1.917285E-04  LZ 0.99 0.00-0.15
0                     9  X  -2.288227E-04  XY   1.240482E-04   A   9.631946E-04  LX-0.10-0.71-0.70  -1.601805E-04    8.050538E-04
                         Y  -2.289783E-04  YZ  -2.370006E-04   B  -2.909246E-04  LY-0.10 0.71-0.70
                         Z   9.383425E-04  ZX  -2.370006E-04   C  -1.917285E-04  LZ 0.99 0.00-0.15
0                    13  X  -2.288227E-04  XY   1.240482E-04   A   9.631946E-04  LX-0.10-0.71-0.70  -1.601805E-04    8.050538E-04
                         Y  -2.289783E-04  YZ  -2.370006E-04   B  -2.909246E-04  LY-0.10 0.71-0.70
                         Z   9.383425E-04  ZX  -2.370006E-04   C  -1.917285E-04  LZ 0.99 0.00-0.15
0         5           0GRID CS  4 GP
0                CENTER  X  -2.286231E-04  XY   1.241081E-04   A   9.631959E-04  LX 0.10-0.71-0.70  -1.602005E-04    8.050376E-04
                         Y  -2.291179E-04  YZ   2.370006E-04   B  -2.909252E-04  LY 0.10 0.71-0.70
                         Z   9.383425E-04  ZX   2.370006E-04   C  -1.916693E-04  LZ 0.99 0.00 0.15
0                    10  X  -2.286231E-04  XY   1.241081E-04   A   9.631959E-04  LX 0.10-0.71-0.70  -1.602005E-04    8.050376E-04
                         Y  -2.291179E-04  YZ   2.370006E-04   B  -2.909252E-04  LY 0.10 0.71-0.70
                         Z   9.383425E-04  ZX   2.370006E-04   C  -1.916693E-04  LZ 0.99 0.00 0.15
0                    12  X  -2.286231E-04  XY   1.241081E-04   A   9.631959E-04  LX 0.10-0.71-0.70  -1.602005E-04    8.050376E-04
                         Y  -2.291179E-04  YZ   2.370006E-04   B  -2.909252E-04  LY 0.10 0.71-0.70
                         Z   9.383425E-04  ZX   2.370006E-04   C  -1.916693E-04  LZ 0.99 0.00 0.15
0                    11  X  -2.286231E-04  XY   1.241081E-04   A   9.631959E-04  LX 0.10-0.71-0.70  -1.602005E-04    8.050376E-04
                         Y  -2.291179E-04  YZ   2.370006E-04   B  -2.909252E-04  LY 0.10 0.71-0.70
                         Z   9.383425E-04  ZX   2.370006E-04   C  -1.916693E-04  LZ 0.99 0.00 0.15
0                    13  X  -2.286231E-04  XY   1.241081E-04   A   9.631959E-04  LX 0.10-0.71-0.70  -1.602005E-04    8.050376E-04
                         Y  -2.291179E-04  YZ   2.370006E-04   B  -2.909252E-04  LY 0.10 0.71-0.70
                         Z   9.383425E-04  ZX   2.370006E-04   C  -1.916693E-04  LZ 0.99 0.00 0.15
1    MSC.NASTRAN JOB                                                       FEBRUARY  13, 2014  MSC.NASTRAN  6/17/05   PAGE    30
     DEFAULT                                                                                                                        
0                                                                                                            SUBCASE 1              
 
                             S T R A I N S   I N   T R I A N G U L A R   E L E M E N T S   ( T R I A 3 )
  ELEMENT      STRAIN               STRAINS IN ELEMENT COORD SYSTEM             PRINCIPAL  STRAINS (ZERO SHEAR)                 
    ID.       CURVATURE          NORMAL-X       NORMAL-Y      SHEAR-XY       ANGLE         MAJOR           MINOR        VON MISES
0       8    0.0              -1.239676E-04   3.566229E-04  -1.630018E-05   -89.0287    3.567610E-04   -1.241058E-04   2.882567E-04
            -1.000000E+00      3.477590E-05   3.437040E-05   2.512193E-05    44.5376    4.713575E-05    2.201055E-05   2.723363E-05
0       9    0.0              -1.040847E-04   3.348842E-04  -1.444448E-05   -89.0577    3.350030E-04   -1.042035E-04   2.649896E-04
            -1.000000E+00      1.437407E-05   6.575584E-05   1.413832E-05    82.3076    6.671068E-05    1.341923E-05   4.074410E-05
0      10    0.0              -1.170300E-04   3.365398E-04   1.050025E-05    89.3369    3.366005E-04   -1.170907E-04   2.719664E-04
            -1.000000E+00     -4.121709E-05   2.466646E-05   5.164103E-05    70.9549    3.357991E-05   -5.013054E-05   4.864410E-05
0      11    0.0              -1.147095E-04   3.550377E-04  -1.031811E-05   -89.3708    3.550943E-04   -1.147662E-04   2.828553E-04
            -1.000000E+00     -1.965579E-05  -1.689056E-05   7.163674E-05    46.1053    1.757187E-05   -5.411822E-05   4.314581E-05
1    MSC.NASTRAN JOB                                                       FEBRUARY  13, 2014  MSC.NASTRAN  6/17/05   PAGE    31
                                                                                                                                    
0                                                                                                                                   
1    MSC.NASTRAN JOB                                                       FEBRUARY  13, 2014  MSC.NASTRAN  6/17/05   PAGE    32
                                                                                                                                    
0                                                                                                                                   
1    MSC.NASTRAN JOB                                                       FEBRUARY  13, 2014  MSC.NASTRAN  6/17/05   PAGE    33
     DEFAULT                                                                                                                        
0                                                                                                            SUBCASE 1              
 
                                 S T R E S S E S   I N   B A R   E L E M E N T S          ( C B A R )
  ELEMENT        SA1            SA2            SA3            SA4           AXIAL          SA-MAX         SA-MIN     M.S.-T
    ID.          SB1            SB2            SB3            SB4           STRESS         SB-MAX         SB-MIN     M.S.-C
0      13    0.0            0.0            0.0            0.0            9.960389E+03   9.960389E+03   9.960389E+03 
             0.0            0.0            0.0            0.0                           9.960389E+03   9.960389E+03 
1    MSC.NASTRAN JOB                                                       FEBRUARY  13, 2014  MSC.NASTRAN  6/17/05   PAGE    34
     DEFAULT                                                                                                                        
0                                                                                                            SUBCASE 1              
 
                                  S T R E S S E S   I N   B E A M   E L E M E N T S        ( C B E A M )
                    STAT DIST/
   ELEMENT-ID  GRID   LENGTH    SXC           SXD           SXE           SXF           S-MAX         S-MIN         M.S.-T   M.S.-C
0        12
                 14   0.000    9.201808E+03  9.248868E+03  1.121330E+04  1.116623E+04  1.121330E+04  9.201808E+03          
                 18   1.000    1.017039E+04  1.009358E+04  7.980747E+03  1.032153E+04  1.032153E+04  7.980747E+03          
1    MSC.NASTRAN JOB                                                       FEBRUARY  13, 2014  MSC.NASTRAN  6/17/05   PAGE    35
     DEFAULT                                                                                                                        
0                                                                                                            SUBCASE 1              
 
                      S T R E S S E S   I N   H E X A H E D R O N   S O L I D   E L E M E N T S   ( H E X A )
0                CORNER        ------CENTER AND CORNER POINT STRESSES---------       DIR.  COSINES       MEAN                   
  ELEMENT-ID    GRID-ID        NORMAL              SHEAR             PRINCIPAL       -A-  -B-  -C-     PRESSURE       VON MISES 
0         1           0GRID CS  8 GP
0                CENTER  X   4.501798E+02  XY  -5.543987E+02   A   1.000000E+04  LX 0.00 0.69-0.72  -3.620355E+03    9.617584E+03
                         Y   4.108866E+02  YZ   8.185452E-12   B  -1.242135E+02  LY 0.00 0.72 0.69
                         Z   1.000000E+04  ZX  -7.730705E-12   C   9.852799E+02  LZ 1.00 0.00 0.00
0                     2  X  -3.828706E+02  XY   9.748082E+01   A   1.264297E+04  LX 0.07-0.52-0.85  -3.866729E+03    1.316787E+04
                         Y  -5.423453E+02  YZ  -8.809876E+02   B  -6.966667E+02  LY-0.07 0.85-0.52
                         Z   1.252540E+04  ZX   8.809876E+02   C  -3.461231E+02  LZ 1.00 0.09 0.02
0                     3  X  -5.840625E+02  XY   9.748082E+01   A   7.665503E+03  LX-0.11 0.99-0.04  -2.116064E+03    8.324237E+03
                         Y  -5.423453E+02  YZ  -8.809876E+02   B  -6.793738E+02  LY-0.11-0.05-0.99
                         Z   7.474599E+03  ZX  -8.809876E+02   C  -6.379385E+02  LZ 0.99 0.10-0.11
0                     4  X  -5.840625E+02  XY   9.748082E+01   A   1.264167E+04  LX-0.07-0.64-0.77  -3.767475E+03    1.331411E+04
                         Y  -6.389147E+02  YZ   8.809876E+02   B  -8.276172E+02  LY 0.07 0.76-0.64
                         Z   1.252540E+04  ZX  -8.809876E+02   C  -5.116305E+02  LZ 1.00-0.09-0.01
0                     1  X  -3.828706E+02  XY   9.748082E+01   A   7.666756E+03  LX 0.11-0.01-0.99  -2.150938E+03    8.276629E+03
                         Y  -6.389147E+02  YZ   8.809876E+02   B  -7.335057E+02  LY 0.11 0.99 0.00
                         Z   7.474599E+03  ZX   8.809876E+02   C  -4.804364E+02  LZ 0.99-0.11 0.11
0                     8  X   1.370399E+03  XY  -1.206278E+03   A   1.267930E+04  LX 0.09 0.71 0.70  -5.099470E+03    1.153681E+04
                         Y   1.402611E+03  YZ  -8.809876E+02   B   1.801132E+02  LY-0.09 0.70-0.71
                         Z   1.252540E+04  ZX   8.809876E+02   C   2.439000E+03  LZ 0.99 0.00-0.12
0                     5  X   1.397254E+03  XY  -1.206278E+03   A   7.681895E+03  LX-0.12 0.70 0.71  -3.424821E+03    6.776707E+03
                         Y   1.402611E+03  YZ  -8.809876E+02   B  -1.364388E+01  LY-0.12 0.70-0.71
                         Z   7.474599E+03  ZX  -8.809876E+02   C   2.606213E+03  LZ 0.99 0.16 0.00
0                     6  X   1.397254E+03  XY  -1.206278E+03   A   1.267965E+04  LX-0.09 0.71 0.70  -5.114950E+03    1.151438E+04
                         Y   1.422195E+03  YZ   8.809876E+02   B   2.033784E+02  LY 0.09 0.70-0.71
                         Z   1.252540E+04  ZX  -8.809876E+02   C   2.461824E+03  LZ 0.99 0.00 0.12
0                     7  X   1.370399E+03  XY  -1.206278E+03   A   7.681800E+03  LX 0.12 0.70 0.70  -3.422397E+03    6.780112E+03
                         Y   1.422195E+03  YZ   8.809876E+02   B  -1.742798E+01  LY 0.12 0.69-0.71
                         Z   7.474599E+03  ZX   8.809876E+02   C   2.602821E+03  LZ 0.99-0.16 0.00
1    MSC.NASTRAN JOB                                                       FEBRUARY  13, 2014  MSC.NASTRAN  6/17/05   PAGE    36
     DEFAULT                                                                                                                        
0                                                                                                            SUBCASE 1              
 
                    S T R E S S E S   I N   P E N T A H E D R O N   S O L I D   E L E M E N T S   ( P E N T A )
0                CORNER        ------CENTER AND CORNER POINT STRESSES---------       DIR.  COSINES       MEAN                   
  ELEMENT-ID    GRID-ID        NORMAL              SHEAR             PRINCIPAL       -A-  -B-  -C-     PRESSURE       VON MISES 
0         2           0GRID CS  6 GP
0                CENTER  X  -1.829398E+03  XY   7.887460E+01   A   1.033185E+04  LX-0.12 0.71 0.70  -2.115084E+03    1.232606E+04
                         Y  -1.825614E+03  YZ  -1.415213E+03   B  -2.080232E+03  LY-0.12 0.69-0.71
                         Z   1.000027E+04  ZX  -1.415213E+03   C  -1.906361E+03  LZ 0.99 0.16 0.00
0                     6  X   1.447903E+03  XY  -1.362350E+03   A   1.145422E+04  LX-0.12 0.73 0.67  -4.772514E+03    1.037576E+04
                         Y   1.773788E+03  YZ  -1.418030E+03   B  -1.180534E+02  LY-0.13 0.66-0.74
                         Z   1.109585E+04  ZX  -1.415518E+03   C   2.981377E+03  LZ 0.98 0.18-0.01
0                     8  X   1.762802E+03  XY  -1.362350E+03   A   1.145265E+04  LX-0.13 0.66-0.74  -4.772514E+03    1.037271E+04
                         Y   1.458889E+03  YZ  -1.414909E+03   B  -1.155100E+02  LY-0.12 0.73 0.67
                         Z   1.109585E+04  ZX  -1.412396E+03   C   2.980398E+03  LZ 0.98 0.18-0.01
0                     5  X   9.755543E+02  XY  -8.900020E+02   A   8.297222E+03  LX-0.17 0.69 0.71  -3.257063E+03    7.811250E+03
                         Y   9.865405E+02  YZ  -1.412701E+03   B  -3.970986E+02  LY-0.17 0.69-0.71
                         Z   7.809093E+03  ZX  -1.417725E+03   C   1.871066E+03  LZ 0.97 0.24 0.00
0                    10  X  -5.001732E+03  XY   1.205201E+03   A   1.136344E+04  LX-0.09 0.76-0.65  -4.679557E+02    1.645042E+04
                         Y  -4.690252E+03  YZ  -1.418030E+03   B  -6.062251E+03  LY-0.09-0.66-0.75
                         Z   1.109585E+04  ZX  -1.415518E+03   C  -3.897320E+03  LZ 0.99 0.01-0.13
0                    11  X  -4.686833E+03  XY   1.205201E+03   A   1.136227E+04  LX-0.09-0.65-0.75  -4.679557E+02    1.644890E+04
                         Y  -5.005151E+03  YZ  -1.414909E+03   B  -6.062795E+03  LY-0.09 0.76-0.65
                         Z   1.109585E+04  ZX  -1.412396E+03   C  -3.895612E+03  LZ 0.99 0.01-0.13
0                     9  X  -5.474081E+03  XY   1.677549E+03   A   8.144500E+03  LX-0.12-0.71-0.70   1.047496E+03    1.403380E+04
                         Y  -5.477500E+03  YZ  -1.412701E+03   B  -7.153340E+03  LY-0.12 0.71-0.70
                         Z   7.809093E+03  ZX  -1.417725E+03   C  -4.133646E+03  LZ 0.99 0.00-0.17
0         3           0GRID CS  6 GP
0                CENTER  X  -1.838614E+03  XY   7.782677E+01   A   1.033124E+04  LX 0.12 0.73 0.67  -2.113385E+03    1.232773E+04
                         Y  -1.820965E+03  YZ   1.415213E+03   B  -2.083899E+03  LY 0.12 0.66-0.74
                         Z   9.999734E+03  ZX   1.415213E+03   C  -1.907187E+03  LZ 0.99-0.16 0.01
0                     6  X   1.739259E+03  XY  -1.364952E+03   A   1.145238E+04  LX 0.13 0.67-0.74  -4.768117E+03    1.037940E+04
                         Y   1.470833E+03  YZ   1.415518E+03   B  -1.235692E+02  LY 0.12 0.73 0.68
                         Z   1.109426E+04  ZX   1.418030E+03   C   2.975538E+03  LZ 0.98-0.18 0.01
0                     7  X   9.527742E+02  XY  -8.930613E+02   A   8.298272E+03  LX 0.17 0.69 0.70  -3.254134E+03    7.818321E+03
                         Y   9.989418E+02  YZ   1.417725E+03   B  -4.049835E+02  LY 0.17 0.68-0.71
                         Z   7.810685E+03  ZX   1.412701E+03   C   1.869112E+03  LZ 0.97-0.24 0.00
0                     8  X   1.424665E+03  XY  -1.364952E+03   A   1.145088E+04  LX 0.12 0.74 0.67  -4.768117E+03    1.037895E+04
                         Y   1.785427E+03  YZ   1.412396E+03   B  -1.266451E+02  LY 0.13 0.65-0.75
                         Z   1.109426E+04  ZX   1.414909E+03   C   2.980112E+03  LZ 0.98-0.18 0.01
1    MSC.NASTRAN JOB                                                       FEBRUARY  13, 2014  MSC.NASTRAN  6/17/05   PAGE    37
     DEFAULT                                                                                                                        
0                                                                                                            SUBCASE 1              
 
                    S T R E S S E S   I N   P E N T A H E D R O N   S O L I D   E L E M E N T S   ( P E N T A )
0                CORNER        ------CENTER AND CORNER POINT STRESSES---------       DIR.  COSINES       MEAN                   
  ELEMENT-ID    GRID-ID        NORMAL              SHEAR             PRINCIPAL       -A-  -B-  -C-     PRESSURE       VON MISES 
0                    10  X  -4.682435E+03  XY   1.206012E+03   A   1.136191E+04  LX 0.09-0.65-0.75  -4.679753E+02    1.644846E+04
                         Y  -5.007898E+03  YZ   1.415518E+03   B  -6.063239E+03  LY 0.09 0.76-0.65
                         Z   1.109426E+04  ZX   1.418030E+03   C  -3.894740E+03  LZ 0.99-0.01 0.13
0                    12  X  -5.468920E+03  XY   1.677903E+03   A   8.146096E+03  LX 0.12-0.71-0.70   1.046008E+03    1.403408E+04
                         Y  -5.479790E+03  YZ   1.417725E+03   B  -7.152270E+03  LY 0.12 0.71-0.70
                         Z   7.810685E+03  ZX   1.412701E+03   C  -4.131851E+03  LZ 0.99 0.00 0.17
0                    11  X  -4.997029E+03  XY   1.206012E+03   A   1.136074E+04  LX 0.09 0.75-0.65  -4.679753E+02    1.644653E+04
                         Y  -4.693304E+03  YZ   1.412396E+03   B  -6.061740E+03  LY 0.09-0.66-0.75
                         Z   1.109426E+04  ZX   1.414909E+03   C  -3.895070E+03  LZ 0.99-0.01 0.13
1    MSC.NASTRAN JOB                                                       FEBRUARY  13, 2014  MSC.NASTRAN  6/17/05   PAGE    38
     DEFAULT                                                                                                                        
0                                                                                                            SUBCASE 1              
 
                         S T R E S S E S   I N   Q U A D R I L A T E R A L   E L E M E N T S   ( Q U A D 4 )        OPTION = BILIN  
 
    ELEMENT              FIBER            STRESSES IN ELEMENT COORD SYSTEM         PRINCIPAL STRESSES (ZERO SHEAR)               
      ID      GRID-ID   DISTANCE        NORMAL-X      NORMAL-Y      SHEAR-XY      ANGLE        MAJOR         MINOR       VON MISES 
0         6    CEN/4  -1.250000E-01  -4.388138E+02  8.019428E+03 -1.548942E+02   -88.9512   8.022263E+03 -4.416494E+02  8.251957E+03
                       1.250000E-01   5.246287E+02  1.201577E+04 -4.156395E+01   -89.7928   1.201592E+04  5.244783E+02  1.176245E+04

                   4  -1.250000E-01  -8.782643E+02  7.578000E+03 -1.548942E+02   -88.9510   7.580836E+03 -8.811005E+02  8.057599E+03
                       1.250000E-01  -7.888438E+01  1.187275E+04 -4.156395E+01   -89.8007   1.187289E+04 -7.902892E+01  1.191260E+04

                   1  -1.250000E-01  -8.782643E+02  8.460855E+03 -1.548942E+02   -89.0501   8.463424E+03 -8.808326E+02  8.936457E+03
                       1.250000E-01  -7.888438E+01  1.215879E+04 -4.156395E+01   -89.8054   1.215893E+04 -7.902554E+01  1.219864E+04

                  14  -1.250000E-01   6.365684E-01  8.460855E+03 -1.548942E+02   -88.9515   8.463690E+03 -2.198368E+00  8.464790E+03
                       1.250000E-01   1.128142E+03  1.215879E+04 -4.156395E+01   -89.7841   1.215895E+04  1.127985E+03  1.163603E+04

                  15  -1.250000E-01   6.365684E-01  7.578000E+03 -1.548942E+02   -88.8294   7.581165E+03 -2.528411E+00  7.582430E+03
                       1.250000E-01   1.128142E+03  1.187275E+04 -4.156395E+01   -89.7784   1.187291E+04  1.127981E+03  1.135103E+04

0         7    CEN/4  -1.250000E-01  -1.488234E+02  1.001634E+04 -1.556825E+00   -89.9912   1.001634E+04 -1.488236E+02  1.009158E+04
                       1.250000E-01  -6.520266E+01  1.001689E+04  1.626789E+02    89.0758   1.001951E+04 -6.782687E+01  1.005360E+04

                   3  -1.250000E-01  -4.181570E+02  1.030714E+04 -1.556825E+00   -89.9917   1.030714E+04 -4.181572E+02  1.052246E+04
                       1.250000E-01  -3.464825E+02  1.030850E+04  1.626789E+02    89.1255   1.031098E+04 -3.489657E+02  1.048982E+04

                   2  -1.250000E-01  -4.181570E+02  9.725540E+03 -1.556825E+00   -89.9912   9.725540E+03 -4.181572E+02  9.941217E+03
                       1.250000E-01  -3.464825E+02  9.725277E+03  1.626789E+02    89.0749   9.727904E+03 -3.491094E+02  9.907073E+03

                  17  -1.250000E-01   1.205102E+02  9.725540E+03 -1.556825E+00   -89.9907   9.725540E+03  1.205100E+02  9.665849E+03
                       1.250000E-01   2.160772E+02  9.725277E+03  1.626789E+02    89.0202   9.728060E+03  2.132950E+02  9.623186E+03

                  16  -1.250000E-01   1.205102E+02  1.030714E+04 -1.556825E+00   -89.9912   1.030714E+04  1.205100E+02  1.024742E+04
                       1.250000E-01   2.160772E+02  1.030850E+04  1.626789E+02    89.0768   1.031112E+04  2.134556E+02  1.020606E+04

1    MSC.NASTRAN JOB                                                       FEBRUARY  13, 2014  MSC.NASTRAN  6/17/05   PAGE    39
     DEFAULT                                                                                                                        
0                                                                                                            SUBCASE 1              
 
                                     S T R E S S E S   I N   R O D   E L E M E N T S      ( C R O D )
       ELEMENT       AXIAL       SAFETY      TORSIONAL     SAFETY       ELEMENT       AXIAL       SAFETY      TORSIONAL     SAFETY
         ID.        STRESS       MARGIN        STRESS      MARGIN         ID.        STRESS       MARGIN        STRESS      MARGIN
            14    2.514314E+04              1.691971E+02                     15    2.443701E+04              2.446346E+01  
1    MSC.NASTRAN JOB                                                       FEBRUARY  13, 2014  MSC.NASTRAN  6/17/05   PAGE    40
     DEFAULT                                                                                                                        
0                                                                                                            SUBCASE 1              
 
                   S T R E S S E S   I N    T E T R A H E D R O N   S O L I D   E L E M E N T S   ( C T E T R A )
0                CORNER        ------CENTER AND CORNER POINT STRESSES---------       DIR.  COSINES       MEAN                   
  ELEMENT-ID    GRID-ID        NORMAL              SHEAR             PRINCIPAL       -A-  -B-  -C-     PRESSURE       VON MISES 
0         4           0GRID CS  4 GP
0                CENTER  X   4.357148E+03  XY   1.362650E+03   A   3.054541E+04  LX-0.10-0.71-0.70  -1.290343E+04    2.653018E+04
                         Y   4.353729E+03  YZ  -2.603416E+03   B   2.992787E+03  LY-0.10 0.71-0.70
                         Z   2.999941E+04  ZX  -2.603416E+03   C   5.172097E+03  LZ 0.99 0.00-0.15
0                    10  X   4.357148E+03  XY   1.362650E+03   A   3.054541E+04  LX-0.10-0.71-0.70  -1.290343E+04    2.653018E+04
                         Y   4.353729E+03  YZ  -2.603416E+03   B   2.992787E+03  LY-0.10 0.71-0.70
                         Z   2.999941E+04  ZX  -2.603416E+03   C   5.172097E+03  LZ 0.99 0.00-0.15
0                    11  X   4.357148E+03  XY   1.362650E+03   A   3.054541E+04  LX-0.10-0.71-0.70  -1.290343E+04    2.653018E+04
                         Y   4.353729E+03  YZ  -2.603416E+03   B   2.992787E+03  LY-0.10 0.71-0.70
                         Z   2.999941E+04  ZX  -2.603416E+03   C   5.172097E+03  LZ 0.99 0.00-0.15
0                     9  X   4.357148E+03  XY   1.362650E+03   A   3.054541E+04  LX-0.10-0.71-0.70  -1.290343E+04    2.653018E+04
                         Y   4.353729E+03  YZ  -2.603416E+03   B   2.992787E+03  LY-0.10 0.71-0.70
                         Z   2.999941E+04  ZX  -2.603416E+03   C   5.172097E+03  LZ 0.99 0.00-0.15
0                    13  X   4.357148E+03  XY   1.362650E+03   A   3.054541E+04  LX-0.10-0.71-0.70  -1.290343E+04    2.653018E+04
                         Y   4.353729E+03  YZ  -2.603416E+03   B   2.992787E+03  LY-0.10 0.71-0.70
                         Z   2.999941E+04  ZX  -2.603416E+03   C   5.172097E+03  LZ 0.99 0.00-0.15
0         5           0GRID CS  4 GP
0                CENTER  X   4.362702E+03  XY   1.363309E+03   A   3.054661E+04  LX 0.10-0.71-0.70  -1.290504E+04    2.652965E+04
                         Y   4.351833E+03  YZ   2.603416E+03   B   2.993946E+03  LY 0.10 0.71-0.70
                         Z   3.000059E+04  ZX   2.603416E+03   C   5.174568E+03  LZ 0.99 0.00 0.15
0                    10  X   4.362702E+03  XY   1.363309E+03   A   3.054661E+04  LX 0.10-0.71-0.70  -1.290504E+04    2.652965E+04
                         Y   4.351833E+03  YZ   2.603416E+03   B   2.993946E+03  LY 0.10 0.71-0.70
                         Z   3.000059E+04  ZX   2.603416E+03   C   5.174568E+03  LZ 0.99 0.00 0.15
0                    12  X   4.362702E+03  XY   1.363309E+03   A   3.054661E+04  LX 0.10-0.71-0.70  -1.290504E+04    2.652965E+04
                         Y   4.351833E+03  YZ   2.603416E+03   B   2.993946E+03  LY 0.10 0.71-0.70
                         Z   3.000059E+04  ZX   2.603416E+03   C   5.174568E+03  LZ 0.99 0.00 0.15
0                    11  X   4.362702E+03  XY   1.363309E+03   A   3.054661E+04  LX 0.10-0.71-0.70  -1.290504E+04    2.652965E+04
                         Y   4.351833E+03  YZ   2.603416E+03   B   2.993946E+03  LY 0.10 0.71-0.70
                         Z   3.000059E+04  ZX   2.603416E+03   C   5.174568E+03  LZ 0.99 0.00 0.15
0                    13  X   4.362702E+03  XY   1.363309E+03   A   3.054661E+04  LX 0.10-0.71-0.70  -1.290504E+04    2.652965E+04
                         Y   4.351833E+03  YZ   2.603416E+03   B   2.993946E+03  LY 0.10 0.71-0.70
                         Z   3.000059E+04  ZX   2.603416E+03   C   5.174568E+03  LZ 0.99 0.00 0.15
1    MSC.NASTRAN JOB                                                       FEBRUARY  13, 2014  MSC.NASTRAN  6/17/05   PAGE    41
     DEFAULT                                                                                                                        
0                                                                                                            SUBCASE 1              
 
                           S T R E S S E S   I N   T R I A N G U L A R   E L E M E N T S   ( T R I A 3 )
  ELEMENT      FIBER               STRESSES IN ELEMENT COORD SYSTEM             PRINCIPAL STRESSES (ZERO SHEAR)                 
    ID.       DISTANCE           NORMAL-X       NORMAL-Y      SHEAR-XY       ANGLE         MAJOR           MINOR        VON MISES
0       8   -1.250000E-01     -1.333205E+02   1.042399E+04  -1.445600E+02   -89.2157    1.042597E+04   -1.352996E+02   1.049428E+04
             1.250000E-01     -5.030449E+02   1.005650E+04  -2.135501E+02   -88.8419    1.006081E+04   -5.073618E+02   1.032385E+04
0       9   -1.250000E-01      2.424828E+02   1.002760E+04  -1.392570E+02   -89.1848    1.002958E+04    2.405014E+02   9.911521E+03
             1.250000E-01     -4.357507E+01   9.459334E+03  -1.780838E+02   -88.9268    9.462670E+03   -4.691117E+01   9.486213E+03
0      10   -1.250000E-01     -4.362513E+02   9.709469E+03   1.862523E+02    88.9487    9.712887E+03   -4.396693E+02   9.940017E+03
             1.250000E-01     -1.670916E+02   9.616768E+03   4.443509E+01    89.7398    9.616970E+03   -1.672935E+02   9.701698E+03
0      11   -1.250000E-01     -1.366663E+02   1.019113E+04  -1.497803E+01   -89.9169    1.019115E+04   -1.366880E+02   1.026018E+04
             1.250000E-01      6.575189E+01   1.037836E+04  -2.117077E+02   -88.8244    1.038271E+04    6.140757E+01   1.035214E+04
1    MSC.NASTRAN JOB                                                       FEBRUARY  13, 2014  MSC.NASTRAN  6/17/05   PAGE    42
                                                                                                                                    
0                                                                                                                                   
1    MSC.NASTRAN JOB                                                       FEBRUARY  13, 2014  MSC.NASTRAN  6/17/05   PAGE    43
     DEFAULT                                                                                                                        
0                                                                                                            SUBCASE 1              
 
                                          G R I D   P O I N T   F O R C E   B A L A N C E
 
   POINT-ID    ELEMENT-ID     SOURCE             T1             T2             T3             R1             R2             R3
          1             1    HEXA           2.909603E+01   5.990707E+00   2.576681E+03   0.0            0.0            0.0
          1             6    QUAD4          2.275261E+01  -4.075453E+00  -1.276649E+03   7.190563E-03  -7.388579E-02   6.219704E-01
          1            10    TRIA3         -3.770893E+01  -1.505525E+00  -1.443911E+01   6.852531E-01   3.805356E-02  -1.453699E+00
          1            11    TRIA3         -1.413970E+01  -4.097291E-01  -1.285593E+03  -6.924437E-01   3.583223E-02   8.317288E-01
          1                  *TOTALS*      -8.046896E-13   1.133094E-12  -2.728484E-12  -3.996803E-15  -2.149669E-14   1.221245E-14
0         2             1    HEXA          -5.081751E+01   3.253315E+01   2.423319E+03   0.0            0.0            0.0
          2             7    QUAD4         -1.288242E+00  -3.491890E+01  -1.229868E+03   3.731529E-03  -1.610599E-03  -1.552477E-03
          2            10    TRIA3          5.210575E+01   2.385752E+00  -1.193451E+03  -3.731529E-03   1.610599E-03   1.552477E-03
          2                  *TOTALS*       5.428547E-12  -4.201084E-13   7.503331E-12   2.223915E-15  -1.887379E-14  -1.131040E-15
0         3             1    HEXA          -1.866468E+01  -1.081167E+01   2.576681E+03   0.0            0.0            0.0
          3             7    QUAD4          1.290331E+00   1.477763E+01  -1.274285E+03   6.120054E-03   3.402717E-03  -4.163370E-01
          3             8    TRIA3          1.737435E+01  -3.965962E+00  -1.302396E+03  -6.120054E-03  -3.402717E-03   4.163370E-01
          3                  *TOTALS*      -6.643575E-13   2.238210E-13  -7.958079E-12  -2.161205E-14   1.187939E-14   1.881828E-14
0         4             1    HEXA           4.038616E+01  -2.771219E+01   2.423319E+03   0.0            0.0            0.0
          4             6    QUAD4          1.919139E+01   2.863969E+01  -1.227750E+03   3.722565E-03  -8.384148E-02  -4.111128E+00
          4             8    TRIA3         -3.977284E+01   4.245767E+00   2.236527E+01   1.103046E+00   3.906320E-02   3.085707E+00
          4             9    TRIA3         -1.980471E+01  -5.173269E+00  -1.217933E+03  -1.106769E+00   4.477828E-02   1.025421E+00
          4                  *TOTALS*      -1.591616E-12  -3.108624E-14  -1.136868E-12   7.549517E-15   3.622103E-15   2.842171E-14
0         5             1    HEXA           7.803812E+01   7.936000E+01  -2.283019E+03   0.0            0.0            0.0
          5             2    PENTA         -7.803812E+01  -7.936000E+01   2.283019E+03   0.0            0.0            0.0
          5                  *TOTALS*       8.128609E-12   4.490630E-12   1.364242E-12   0.0            0.0            0.0
0         6             1    HEXA           4.546391E+02  -4.517227E+02  -2.716981E+03   0.0            0.0            0.0
          6             2    PENTA         -5.424180E+02  -8.737476E+01   1.358557E+03   0.0            0.0            0.0
          6             3    PENTA          8.777892E+01   5.390975E+02   1.358424E+03   0.0            0.0            0.0
          6                  *TOTALS*      -8.299139E-12   2.728484E-12  -9.094947E-13   0.0            0.0            0.0
0         7             1    HEXA          -7.394142E+01  -8.095448E+01  -2.283019E+03   0.0            0.0            0.0
          7             3    PENTA          7.394142E+01   8.095448E+01   2.283019E+03   0.0            0.0            0.0
          7                  *TOTALS*       2.728484E-12   4.547474E-13  -5.911716E-12   0.0            0.0            0.0
0         8             1    HEXA          -4.587358E+02   4.533172E+02  -2.716981E+03   0.0            0.0            0.0
          8             2    PENTA         -8.715054E+01  -5.408719E+02   1.358557E+03   0.0            0.0            0.0
          8             3    PENTA          5.458863E+02   8.755470E+01   1.358424E+03   0.0            0.0            0.0
          8                  *TOTALS*       6.821210E-12  -5.798029E-12  -2.728484E-12   0.0            0.0            0.0
0         9             2    PENTA          9.532997E+02   9.527299E+02  -8.678054E+02   0.0            0.0            0.0
          9             4    TETRA         -9.532997E+02  -9.527299E+02   8.678054E+02   0.0            0.0            0.0
          9                  *TOTALS*      -9.094947E-13   9.094947E-13  -1.136868E-13   0.0            0.0            0.0
0        10             2    PENTA         -3.722809E+02   1.268120E+02  -2.066164E+03   0.0            0.0            0.0
         10             3    PENTA         -1.266923E+02   3.713851E+02  -2.066031E+03   0.0            0.0            0.0
         10             4    TETRA          5.092400E+02   1.015703E+01   2.066049E+03   0.0            0.0            0.0
         10             5    TETRA         -1.026678E+01  -5.083542E+02   2.066146E+03   0.0            0.0            0.0
         10                  *TOTALS*      -2.273737E-13   7.389644E-13   1.182343E-11   0.0            0.0            0.0
0        11             2    PENTA          1.265878E+02  -3.719352E+02  -2.066164E+03   0.0            0.0            0.0
1    MSC.NASTRAN JOB                                                       FEBRUARY  13, 2014  MSC.NASTRAN  6/17/05   PAGE    44
     DEFAULT                                                                                                                        
0                                                                                                            SUBCASE 1              
 
                                          G R I D   P O I N T   F O R C E   B A L A N C E
 
   POINT-ID    ELEMENT-ID     SOURCE             T1             T2             T3             R1             R2             R3
         11             3    PENTA          3.734208E+02  -1.264681E+02  -2.066031E+03   0.0            0.0            0.0
         11             4    TETRA          1.015703E+01   5.086701E+02   2.066049E+03   0.0            0.0            0.0
         11             5    TETRA         -5.101657E+02  -1.026678E+01   2.066146E+03   0.0            0.0            0.0
         11                  *TOTALS*       9.379164E-12   5.151435E-14   4.547474E-12   0.0            0.0            0.0
0        12             3    PENTA         -9.543352E+02  -9.525237E+02  -8.678054E+02   0.0            0.0            0.0
         12             5    TETRA          9.543352E+02   9.525237E+02   8.678054E+02   0.0            0.0            0.0
         12                  *TOTALS*      -6.821210E-13  -8.185452E-12  -1.705303E-12   0.0            0.0            0.0
0        13                  APP-LOAD       0.0            0.0            1.000000E+04   0.0            0.0            0.0
         13             4    TETRA          4.339027E+02   4.339027E+02  -4.999902E+03   0.0            0.0            0.0
         13             5    TETRA         -4.339027E+02  -4.339027E+02  -5.000098E+03   0.0            0.0            0.0
         13                  *TOTALS*      -1.136868E-12   8.526513E-13   7.275958E-12   0.0            0.0            0.0
0        14            12    BEAM           3.918899E+00  -2.249746E+01  -2.551888E+03  -4.902161E-01   2.046266E+01  -2.116731E+00
         14             6    QUAD4         -1.362645E+01   1.480230E+01   1.252099E+03   1.459635E-02  -2.037009E+01  -1.671212E-01
         14            11    TRIA3          9.707552E+00   7.695153E+00   1.299789E+03   4.756197E-01  -9.256295E-02   2.283852E+00
         14                  *TOTALS*      -1.989520E-13   1.740830E-13   1.364242E-12  -1.465494E-14   9.992007E-15   3.996803E-15
0        15            13    BAR           -3.918899E+00   2.249746E+01  -2.490097E+03   4.901266E+00   2.152240E+01  -9.754824E-02
         15             6    QUAD4         -2.831755E+01  -3.936654E+01   1.252301E+03  -1.156811E-02  -2.141618E+01  -5.469882E+00
         15             9    TRIA3          3.223645E+01   1.686909E+01   1.237796E+03  -4.889698E+00  -1.062234E-01   5.567430E+00
         15                  *TOTALS*       1.421085E-13  -1.172396E-13   1.364242E-12   1.776357E-14   3.794187E-14   6.217249E-15
0        16             7    QUAD4         -9.966754E+00   1.197562E+01   1.254146E+03  -6.076414E-03  -8.344469E-04  -4.357399E+00
         16            14    ROD            0.0            0.0           -2.514314E+03   0.0            0.0           -1.489290E+00
         16             8    TRIA3          2.239849E+01  -2.798047E-01   1.280031E+03  -8.171216E-01  -2.440319E-03   7.437227E-01
         16             9    TRIA3         -1.243173E+01  -1.169582E+01  -1.986288E+01   8.231980E-01   3.274766E-03   5.102966E+00
         16                  *TOTALS*       2.948752E-13   8.739676E-13   5.968559E-13  -3.086420E-14   1.590394E-14  -4.973799E-14
0        17             7    QUAD4          9.964664E+00   8.165650E+00   1.250007E+03  -5.800031E-03  -3.046880E-03  -3.901134E+00
         17            15    ROD            0.0            0.0           -2.443701E+03   0.0            0.0           -2.153298E-01
         17            10    TRIA3         -1.439681E+01  -8.802267E-01   1.207890E+03   1.987052E-01   2.634107E-03  -5.337832E-02
         17            11    TRIA3          4.432150E+00  -7.285424E+00  -1.419602E+01  -1.929051E-01   4.127731E-04   4.169843E+00
         17                  *TOTALS*      -1.296740E-13   1.446843E-12  -2.456702E-12   1.379452E-14  -2.209691E-14  -4.085621E-14
0        18                  F-OF-SPC       3.918899E+00  -2.249746E+01  -2.551888E+03   2.200724E+01   2.438155E+01  -2.116731E+00
         18            12    BEAM          -3.918899E+00   2.249746E+01   2.551888E+03  -2.200724E+01  -2.438155E+01   2.116731E+00
         18                  *TOTALS*       0.0            0.0            0.0            0.0            0.0            0.0
0        19                  F-OF-SPC      -3.918899E+00   2.249746E+01  -2.490097E+03  -1.759619E+01   1.760350E+01  -9.754824E-02
         19            13    BAR            3.918899E+00  -2.249746E+01   2.490097E+03   1.759619E+01  -1.760350E+01   9.754824E-02
         19                  *TOTALS*       0.0            0.0            0.0            0.0            0.0            0.0
0        20                  F-OF-SPC       0.0            0.0           -2.514314E+03   0.0            0.0           -1.489290E+00
         20            14    ROD            0.0            0.0            2.514314E+03   0.0            0.0            1.489290E+00
         20                  *TOTALS*       0.0            0.0            0.0            0.0            0.0            0.0
0        21                  F-OF-SPC       0.0            0.0           -2.443701E+03   0.0            0.0           -2.153298E-01
         21            15    ROD            0.0            0.0            2.443701E+03   0.0            0.0            2.153298E-01
1    MSC.NASTRAN JOB                                                       FEBRUARY  13, 2014  MSC.NASTRAN  6/17/05   PAGE    45
     DEFAULT                                                                                                                        
0                                                                                                            SUBCASE 1              
 
                                          G R I D   P O I N T   F O R C E   B A L A N C E
 
   POINT-ID    ELEMENT-ID     SOURCE             T1             T2             T3             R1             R2             R3
         21                  *TOTALS*       0.0            0.0            0.0            0.0            0.0            0.0
1    MSC.NASTRAN JOB                                                       FEBRUARY  13, 2014  MSC.NASTRAN  6/17/05   PAGE    46
                                                                                                                                    
0                                                                                                                                   
 *** USER INFORMATION MESSAGE 4114 (OUTPX2)
     DATA BLOCK OGPFB1   WRITTEN ON FORTRAN UNIT 12, TRL =
                    101                 0                 1                 0                 0                 0                 3
     NAME OF DATA BLOCK WRITTEN ON FORTRAN UNIT IS OGPFB1.
        (MAXIMUM POSSIBLE FORTRAN RECORD SIZE =       16386 WORDS.)
     (MAXIMUM SIZE OF FORTRAN RECORDS WRITTEN =         820 WORDS.)
           (NUMBER OF FORTRAN RECORDS WRITTEN =          20 RECORDS.)
           (TOTAL DATA WRITTEN FOR DATA BLOCK =         994 WORDS.)
 *** USER INFORMATION MESSAGE 4114 (OUTPX2)
     DATA BLOCK OEF1X    WRITTEN ON FORTRAN UNIT 12, TRL =
                    101                63                 2                13                14                 0                 3
     NAME OF DATA BLOCK WRITTEN ON FORTRAN UNIT IS OEF1X.
        (MAXIMUM POSSIBLE FORTRAN RECORD SIZE =       16386 WORDS.)
     (MAXIMUM SIZE OF FORTRAN RECORDS WRITTEN =         146 WORDS.)
           (NUMBER OF FORTRAN RECORDS WRITTEN =          60 RECORDS.)
           (TOTAL DATA WRITTEN FOR DATA BLOCK =        1040 WORDS.)
 *** USER INFORMATION MESSAGE 4114 (OUTPX2)
     DATA BLOCK OES1X1   WRITTEN ON FORTRAN UNIT 12, TRL =
                    101                63                 2                13                14                 0                 3
     NAME OF DATA BLOCK WRITTEN ON FORTRAN UNIT IS OES1X1.
        (MAXIMUM POSSIBLE FORTRAN RECORD SIZE =       16386 WORDS.)
     (MAXIMUM SIZE OF FORTRAN RECORDS WRITTEN =         302 WORDS.)
           (NUMBER OF FORTRAN RECORDS WRITTEN =          90 RECORDS.)
           (TOTAL DATA WRITTEN FOR DATA BLOCK =        2349 WORDS.)
 *** USER INFORMATION MESSAGE 4114 (OUTPX2)
     DATA BLOCK OSTR1X   WRITTEN ON FORTRAN UNIT 12, TRL =
                    101                63                 2                13                14                 0                 3
     NAME OF DATA BLOCK WRITTEN ON FORTRAN UNIT IS OSTR1X.
        (MAXIMUM POSSIBLE FORTRAN RECORD SIZE =       16386 WORDS.)
     (MAXIMUM SIZE OF FORTRAN RECORDS WRITTEN =         302 WORDS.)
           (NUMBER OF FORTRAN RECORDS WRITTEN =          90 RECORDS.)
           (TOTAL DATA WRITTEN FOR DATA BLOCK =        2349 WORDS.)
 *** USER INFORMATION MESSAGE 4114 (OUTPX2)
     DATA BLOCK OPG1     WRITTEN ON FORTRAN UNIT 12, TRL =
                    101                 0               168                 0                 0                 0                 3
     NAME OF DATA BLOCK WRITTEN ON FORTRAN UNIT IS OPG1.
        (MAXIMUM POSSIBLE FORTRAN RECORD SIZE =       16386 WORDS.)
     (MAXIMUM SIZE OF FORTRAN RECORDS WRITTEN =         168 WORDS.)
           (NUMBER OF FORTRAN RECORDS WRITTEN =          20 RECORDS.)
           (TOTAL DATA WRITTEN FOR DATA BLOCK =         347 WORDS.)
 *** USER INFORMATION MESSAGE 4110 (OUTPX2)
                                 END-OF-DATA SIMULATION ON FORTRAN UNIT 12
                                 (MAXIMUM SIZE OF FORTRAN RECORDS WRITTEN =      1 WORDS.)
                                       (NUMBER OF FORTRAN RECORDS WRITTEN =      1 RECORDS.)
                                       (TOTAL DATA WRITTEN FOR EOF MARKER =      1 WORDS.)
1    MSC.NASTRAN JOB                                                       FEBRUARY  13, 2014  MSC.NASTRAN  6/17/05   PAGE    47
                                                                                                                                    
0                                                                                                                                   
 * * * *  D B D I C T   P R I N T  * * * *      SUBDMAP = PRTSUM  ,  DMAP STATEMENT NO.     30



0                                   * * * *  A N A L Y S I S  S U M M A R Y  T A B L E  * * * *
0 SEID  PEID PROJ VERS APRCH      SEMG SEMR SEKR SELG SELR MODES DYNRED SOLLIN PVALID SOLNL LOOPID DESIGN CYCLE SENSITIVITY
 --------------------------------------------------------------------------------------------------------------------------
     0     0    1    1 '        '    T    T    T    T    T     F      F      T      0     F     -1            0           F
0SEID = SUPERELEMENT ID.
 PEID = PRIMARY SUPERELEMENT ID OF IMAGE SUPERELEMENT.
 PROJ = PROJECT ID NUMBER.
 VERS = VERSION ID.
 APRCH = BLANK FOR STRUCTURAL ANALYSIS.  HEAT FOR HEAT TRANSFER ANALYSIS.
 SEMG = STIFFNESS AND MASS MATRIX GENERATION STEP.
 SEMR = MASS MATRIX REDUCTION STEP (INCLUDES EIGENVALUE SOLUTION FOR MODES).
 SEKR = STIFFNESS MATRIX REDUCTION STEP.
 SELG = LOAD MATRIX GENERATION STEP.
 SELR = LOAD MATRIX REDUCTION STEP. 
 MODES = T (TRUE) IF NORMAL MODES OR BUCKLING MODES CALCULATED.
 DYNRED = T (TRUE) MEANS GENERALIZED DYNAMIC AND/OR COMPONENT MODE REDUCTION PERFORMED.
 SOLLIN = T (TRUE) IF LINEAR SOLUTION EXISTS IN DATABASE.
 PVALID = P-DISTRIBUTION ID OF P-VALUE FOR P-ELEMENTS
 LOOPID = THE LAST LOOPID VALUE USED IN THE NONLINEAR ANALYSIS.  USEFUL FOR RESTARTS.
 SOLNL = T (TRUE) IF NONLINEAR SOLUTION EXISTS IN DATABASE.
 DESIGN CYCLE = THE LAST DESIGN CYCLE (ONLY VALID IN OPTIMIZATION).
 SENSITIVITY = SENSITIVITY MATRIX GENERATION FLAG.
 
 No PARAM values were set in the Control File.
 
1                                        * * * END OF JOB * * *
 
 
