1
 
 
 
 
                                                             
                 Copyright 2011 Siemens Product Lifecycle    
                        Management Software Inc.             
                         All Rights Reserved.                
                                                             
               This software and related documentation are   
                 proprietary to Siemens Product Lifecycle    
                        Management Software Inc.             
                                                             
              Siemens and the Siemens logo are registered    
             trademarks of Siemens AG. NX is a trademark or  
                registered trademark of Siemens Product      
               Lifecycle Management Software Inc. or its     
             subsidiaries in the United States and in other  
             countries.  NASTRAN is a registered trademark   
                 of the National Aeronautics and Space       
                 Administration.  All other trademarks,      
              registered trademarks or service marks belong  
                      to their respective holders.           
                                                             
           LIMITATIONS TO U.S. GOVERNMENT RIGHTS. UNPUBLISHED
           - RIGHTS RESERVED UNDER THE COPYRIGHT LAWS OF THE 
            UNITED STATES. This computer software and related
               computer software documentation have been     
            developed exclusively at private expense and are 
           provided subject to the following rights:  If this
               computer software and computer  software      
            documentation qualify as "commercial items" (as  
             that term is defined in FAR 2.101), their use,  
            duplication or disclosure by the U.S. Government 
           is subject to the protections and restrictions as 
            set forth in the Siemens commercial license for  
            software and/or documentation, as prescribed in  
           FAR 12.212 and FAR 27.405(b)(2)(i) (for civilian  
             agencies) and in DFARS 227.7202-1(a) and DFARS  
           227.7202-3(a) (for the Department of Defense), or 
           any successor or similar regulation, as applicable
           or as amended from time to time.  If this computer
           software and computer documentation do not qualify
            as "commercial items", then they are "restricted 
           computer software" and are provided with "restric-
            tive rights", and their use, duplication or dis- 
            closure by the U.S. Government is subject to the 
            protections and restrictions as set forth in FAR 
           27.404(b) and FAR 52-227-14 (for civilian agencies
           ), and DFARS 227.7203-5(c) and DFARS 252.227-7014 
           (for the Department of Defense), or any successor 
           or similar regulation, as applicable or as amended
              from time to time.  Siemens PLM Software Inc.  
              5400 Legacy Drive, Plano, Texas 75024-3199.    

                * * * * * * * * * * * * * * * * * * * *
                * * * * * * * * * * * * * * * * * * * *
                * *                                 * *
                * *                                 * *
                * *                                 * *
                * *                                 * *
                * *       N X   N a s t r a n       * *
                * *                                 * *
                * *       VERSION -  8.5 MP1        * *
                * *                                 * *
                * *          JAN 24, 2013           * *
                * *                                 * *
                * *                                 * *
                * *Intel64 Family 6 Model 45 Steppi * *
                * *                                 * *
                * * Intel(R) Core(TM) i7-3820 CPU @ * *
                * *                                 * *
                * *            Windows 7            * *
                * *                                 * *
                * *       Compiled for X86-64       * *
                * *                                 * *
                * * * * * * * * * * * * * * * * * * * *
                * * * * * * * * * * * * * * * * * * * *
1                                                                            AUGUST  29, 2016  NX NASTRAN  1/24/13   PAGE     1
                                                                                                                                    
0        N A S T R A N    F I L E    A N D    S Y S T E M    P A R A M E T E R    E C H O                                           
0                                                                                                                                   
                                                                                                                                    
                                                                                                                                    
     NASTRAN BUFFSIZE=8193 $(F:/PROGRAM FILES (X86)/FEMAPV1101/NASTRAN/CONF/NAST8.RCF
     NASTRAN DIAGA=128 DIAGB=0 $(F:/PROGRAM FILES (X86)/FEMAPV1101/NASTRAN/CONF/NAST8
     NASTRAN REAL=2147483647 $(PROGRAM DEFAULT)                                      
1                                                                            AUGUST  29, 2016  NX NASTRAN  1/24/13   PAGE     2
                                                                                                                                    
0        N A S T R A N    E X E C U T I V E    C O N T R O L    E C H O                                                             
0                                                                                                                                   
                                                                                                                                    
                                                                                                                                    
     SOL 101                                                                                 
     CEND                                                                                    
1    MSC.NASTRAN JOB                                                         AUGUST  29, 2016  NX NASTRAN  1/24/13   PAGE     3
                                                                                                                                    
0                                                                                                                                   
0                                        C A S E    C O N T R O L    E C H O                                                        
                 COMMAND                                                                                                            
                 COUNT                                                                                                              
                  1      TITLE = MSC.NASTRAN JOB                                                                 
                  2      ECHO = NONE                                                                             
                  3      $ DIRECT TEXT INPUT FOR GLOBAL CASE CONTROL DATA                                        
                  4      SUBCASE 1                                                                               
                  5      $ SUBCASE NAME : DEFAULT                                                                
                  6         SUBTITLE=DEFAULT                                                                     
                  7         SPC = 2                                                                              
                  8         LOAD = 123458                                                                        
                  9         DISP(PLOT,PRINT) = ALL                                                               
                 10         GPFORCE(PLOT,PRINT) = ALL                                                            
                 11      BEGIN BULK                                                                              
 *** USER WARNING MESSAGE 324 (XSORSO)
     BLANK ENTRIES ENCOUNTERED WILL BE IGNORED.
0                             INPUT BULK DATA ENTRY COUNT =         130
0                       TOTAL COUNT=        88
 *** USER WARNING MESSAGE 4124 (IFS3P)
     THE SPCADD OR MPCADD UNION CONSISTS OF A SINGLE SET.


                                        M O D E L   S U M M A R Y

                                   NUMBER OF GRID     POINTS   =       25
 
 
                                   NUMBER OF CBAR     ELEMENTS =        1
                                   NUMBER OF CBEAM    ELEMENTS =        1
                                   NUMBER OF CHEXA    ELEMENTS =        1
                                   NUMBER OF CPENTA   ELEMENTS =        2
                                   NUMBER OF CQUAD4   ELEMENTS =        4
                                   NUMBER OF CROD     ELEMENTS =        2
                                   NUMBER OF CTETRA   ELEMENTS =        2
                                   NUMBER OF CTRIA3   ELEMENTS =        8
 
1    MSC.NASTRAN JOB                                                         AUGUST  29, 2016  NX NASTRAN  1/24/13   PAGE     4
                                                                                                                                    
0                                                                                                                                   
 *** USER INFORMATION MESSAGE 4109 (OUTPX2)
     THE LABEL IS NX8.5    FOR FORTRAN UNIT 12
     (MAXIMUM SIZE OF FORTRAN RECORDS WRITTEN =        7 WORDS.)
     (NUMBER OF FORTRAN RECORDS WRITTEN =        8 RECORDS.)
     (TOTAL DATA WRITTEN FOR TAPE LABEL =       17 WORDS.)
 *** USER INFORMATION MESSAGE 4114 (OUTPX2)
     DATA BLOCK PVT0     WRITTEN ON FORTRAN UNIT 12, TRL =
                    101                24                 0                 0                 0                 0                 0
     (MAXIMUM POSSIBLE FORTRAN RECORD SIZE =    16386 WORDS.)
     (MAXIMUM SIZE OF FORTRAN RECORDS WRITTEN =       24 WORDS.)
     (NUMBER OF FORTRAN RECORDS WRITTEN =       19 RECORDS.)
     (TOTAL DATA WRITTEN FOR DATA BLOCK =       48 WORDS.)
 *** USER INFORMATION MESSAGE 4114 (OUTPX2)
     DATA BLOCK CASECC   WRITTEN ON FORTRAN UNIT 12, TRL =
                    101                 1                 0               600                 0                 0                 0
     (MAXIMUM POSSIBLE FORTRAN RECORD SIZE =    16386 WORDS.)
     (MAXIMUM SIZE OF FORTRAN RECORDS WRITTEN =      600 WORDS.)
     (NUMBER OF FORTRAN RECORDS WRITTEN =       19 RECORDS.)
     (TOTAL DATA WRITTEN FOR DATA BLOCK =      624 WORDS.)
 *** USER INFORMATION MESSAGE 4114 (OUTPX2)
     DATA BLOCK GEOM1S   WRITTEN ON FORTRAN UNIT 12, TRL =
                    101                 0              7168                 8                 0                 0                 0
     (MAXIMUM POSSIBLE FORTRAN RECORD SIZE =    16386 WORDS.)
     (MAXIMUM SIZE OF FORTRAN RECORDS WRITTEN =      203 WORDS.)
     (NUMBER OF FORTRAN RECORDS WRITTEN =       39 RECORDS.)
     (TOTAL DATA WRITTEN FOR DATA BLOCK =      333 WORDS.)
 *** USER INFORMATION MESSAGE 4114 (OUTPX2)
     DATA BLOCK GEOM2S   WRITTEN ON FORTRAN UNIT 12, TRL =
                    102                 0               260               128              9760               128                 0
     (MAXIMUM POSSIBLE FORTRAN RECORD SIZE =    16386 WORDS.)
     (MAXIMUM SIZE OF FORTRAN RECORDS WRITTEN =      107 WORDS.)
     (NUMBER OF FORTRAN RECORDS WRITTEN =       59 RECORDS.)
     (TOTAL DATA WRITTEN FOR DATA BLOCK =      365 WORDS.)
 *** USER INFORMATION MESSAGE 4114 (OUTPX2)
     DATA BLOCK GEOM3S   WRITTEN ON FORTRAN UNIT 12, TRL =
                    103                 0                 0                64                 8                 0                 0
     (MAXIMUM POSSIBLE FORTRAN RECORD SIZE =    16386 WORDS.)
     (MAXIMUM SIZE OF FORTRAN RECORDS WRITTEN =       10 WORDS.)
     (NUMBER OF FORTRAN RECORDS WRITTEN =       29 RECORDS.)
     (TOTAL DATA WRITTEN FOR DATA BLOCK =       54 WORDS.)
1    MSC.NASTRAN JOB                                                         AUGUST  29, 2016  NX NASTRAN  1/24/13   PAGE     5
                                                                                                                                    
0                                                                                                                                   
0                                                                                                                                   
                                                                                                                                    
                                                                                                                                    
 *** USER INFORMATION MESSAGE 4114 (OUTPX2)
     DATA BLOCK GEOM4S   WRITTEN ON FORTRAN UNIT 12, TRL =
                    104                 0                 0                 0                96                 0                 0
     (MAXIMUM POSSIBLE FORTRAN RECORD SIZE =    16386 WORDS.)
     (MAXIMUM SIZE OF FORTRAN RECORDS WRITTEN =       16 WORDS.)
     (NUMBER OF FORTRAN RECORDS WRITTEN =       29 RECORDS.)
     (TOTAL DATA WRITTEN FOR DATA BLOCK =       57 WORDS.)
 *** USER INFORMATION MESSAGE 4114 (OUTPX2)
     DATA BLOCK EPTS     WRITTEN ON FORTRAN UNIT 12, TRL =
                    101               128              4896                 0              1024                 0                 0
     (MAXIMUM POSSIBLE FORTRAN RECORD SIZE =    16386 WORDS.)
     (MAXIMUM SIZE OF FORTRAN RECORDS WRITTEN =      200 WORDS.)
     (NUMBER OF FORTRAN RECORDS WRITTEN =       49 RECORDS.)
     (TOTAL DATA WRITTEN FOR DATA BLOCK =      383 WORDS.)
 *** USER INFORMATION MESSAGE 4114 (OUTPX2)
     DATA BLOCK MPTS     WRITTEN ON FORTRAN UNIT 12, TRL =
                    101             49152                 0                 0                 0                 0                 0
     (MAXIMUM POSSIBLE FORTRAN RECORD SIZE =    16386 WORDS.)
     (MAXIMUM SIZE OF FORTRAN RECORDS WRITTEN =      139 WORDS.)
     (NUMBER OF FORTRAN RECORDS WRITTEN =       29 RECORDS.)
     (TOTAL DATA WRITTEN FOR DATA BLOCK =      189 WORDS.)
 *** USER INFORMATION MESSAGE 4114 (OUTPX2)
     DATA BLOCK BGPDTS   WRITTEN ON FORTRAN UNIT 12, TRL =
                    101                25                 0                 0                 0                 0                 0
     (MAXIMUM POSSIBLE FORTRAN RECORD SIZE =    16386 WORDS.)
     (MAXIMUM SIZE OF FORTRAN RECORDS WRITTEN =      100 WORDS.)
     (NUMBER OF FORTRAN RECORDS WRITTEN =       19 RECORDS.)
     (TOTAL DATA WRITTEN FOR DATA BLOCK =      124 WORDS.)
 *** USER INFORMATION MESSAGE 4114 (OUTPX2)
     DATA BLOCK EQEXINS  WRITTEN ON FORTRAN UNIT 12, TRL =
                    101                25                 0                 0                 0                 0                 0
     (MAXIMUM POSSIBLE FORTRAN RECORD SIZE =    16386 WORDS.)
     (MAXIMUM SIZE OF FORTRAN RECORDS WRITTEN =       50 WORDS.)
     (NUMBER OF FORTRAN RECORDS WRITTEN =       24 RECORDS.)
     (TOTAL DATA WRITTEN FOR DATA BLOCK =      128 WORDS.)
1    MSC.NASTRAN JOB                                                         AUGUST  29, 2016  NX NASTRAN  1/24/13   PAGE     6
                                                                                                                                    
0                                                                                                                                   
 *** USER INFORMATION MESSAGE 7310 (VECPRN)
     ORIGIN OF SUPERELEMENT BASIC COORDINATE SYSTEM WILL BE USED AS REFERENCE LOCATION.
     RESULTANTS ABOUT ORIGIN OF SUPERELEMENT BASIC COORDINATE SYSTEM IN SUPERELEMENT BASIC SYSTEM COORDINATES.
0                                                  OLOAD    RESULTANT       
  SUBCASE/    LOAD
  DAREA ID    TYPE       T1            T2            T3            R1            R2            R3
0        1     FX    0.000000E+00     ----          ----          ----       0.000000E+00  0.000000E+00                             
               FY       ----       0.000000E+00     ----       0.000000E+00     ----       0.000000E+00                             
               FZ       ----          ----       1.000000E+04  5.000000E+03 -5.000000E+03     ----                                  
               MX       ----          ----          ----       0.000000E+00     ----          ----                                  
               MY       ----          ----          ----          ----       0.000000E+00     ----                                  
               MZ       ----          ----          ----          ----          ----       0.000000E+00                             
             TOTALS  0.000000E+00  0.000000E+00  1.000000E+04  5.000000E+03 -5.000000E+03  0.000000E+00
 *** USER INFORMATION MESSAGE - SINGULARITIES FOUND USING EIGENVALUE METHOD
 ***       0 SINGULARITIES FOUND         0 SINGULARITIES ELIMINATED
1    MSC.NASTRAN JOB                                                         AUGUST  29, 2016  NX NASTRAN  1/24/13   PAGE     7
                                                                                                                                    
0                                                                                                            SUBCASE 1              
 *** SYSTEM INFORMATION MESSAGE 6916 (DFMSYN)
     DECOMP ORDERING METHOD CHOSEN: BEND, ORDERING METHOD USED: BEND
 *** USER INFORMATION MESSAGE 5293 (SSG3A)
    FOR DATA BLOCK KLL     
    LOAD SEQ. NO.             EPSILON              EXTERNAL WORK      EPSILONS LARGER THAN 0.001 ARE FLAGGED WITH ASTERISKS
                1          1.1781264E-15          1.3833867E+01
1    MSC.NASTRAN JOB                                                         AUGUST  29, 2016  NX NASTRAN  1/24/13   PAGE     8
                                                                                                                                    
0                                                                                                                                   
 *** USER INFORMATION MESSAGE 7310 (VECPRN)
     ORIGIN OF SUPERELEMENT BASIC COORDINATE SYSTEM WILL BE USED AS REFERENCE LOCATION.
     RESULTANTS ABOUT ORIGIN OF SUPERELEMENT BASIC COORDINATE SYSTEM IN SUPERELEMENT BASIC SYSTEM COORDINATES.
0                                                  SPCFORCE RESULTANT       
  SUBCASE/    LOAD
  DAREA ID    TYPE       T1            T2            T3            R1            R2            R3
0        1     FX   -1.398348E-11     ----          ----          ----       4.195044E-11 -1.804034E-04                             
               FY       ----      -2.137313E-11     ----      -6.411938E-11     ----       2.273737E-13                             
               FZ       ----          ----      -1.000000E+04 -5.002901E+03  4.870398E+03     ----                                  
               MX       ----          ----          ----       2.901545E+00     ----          ----                                  
               MY       ----          ----          ----          ----       1.296021E+02     ----                                  
               MZ       ----          ----          ----          ----          ----       1.804034E-04                             
             TOTALS -1.398348E-11 -2.137313E-11 -1.000000E+04 -5.000000E+03  5.000000E+03  2.273737E-13
1    MSC.NASTRAN JOB                                                         AUGUST  29, 2016  NX NASTRAN  1/24/13   PAGE     9
                                                                                                                                    
0                                                                                                                                   
0                                                  MAXIMUM  SPCFORCES       
  SUBCASE/
  DAREA ID        T1             T2             T3             R1             R2             R3
0        1   1.8644580E-04  3.0903254E+00  2.5707161E+03  4.8104758E+00  6.4927948E+01  2.5131708E-01
1    MSC.NASTRAN JOB                                                         AUGUST  29, 2016  NX NASTRAN  1/24/13   PAGE    10
                                                                                                                                    
0                                                                                                                                   
0                                                  MAXIMUM  DISPLACEMENTS   
  SUBCASE/
  DAREA ID        T1             T2             T3             R1             R2             R3
0        1   2.6324212E-03  2.2710155E-04  2.7667736E-03  9.0602749E-05  5.3323706E-04  1.5155308E-05
1    MSC.NASTRAN JOB                                                         AUGUST  29, 2016  NX NASTRAN  1/24/13   PAGE    11
                                                                                                                                    
0                                                                                                                                   
0                                                  MAXIMUM  APPLIED LOADS   
  SUBCASE/
  DAREA ID        T1             T2             T3             R1             R2             R3
0        1   0.0000000E+00  0.0000000E+00  1.0000000E+04  0.0000000E+00  0.0000000E+00  0.0000000E+00
1    MSC.NASTRAN JOB                                                         AUGUST  29, 2016  NX NASTRAN  1/24/13   PAGE    12
                                                                                                                                    
0                                                                                                                                   
 *** USER INFORMATION MESSAGE 7310 (VECPRN)
     ORIGIN OF SUPERELEMENT BASIC COORDINATE SYSTEM WILL BE USED AS REFERENCE LOCATION.
     RESULTANTS ABOUT ORIGIN OF SUPERELEMENT BASIC COORDINATE SYSTEM IN SUPERELEMENT BASIC SYSTEM COORDINATES.
0                                                  MPCFORCE RESULTANT       
  SUBCASE/    LOAD
  DAREA ID    TYPE       T1            T2            T3            R1            R2            R3
0        1     FX    0.000000E+00     ----          ----          ----       0.000000E+00  0.000000E+00                             
               FY       ----       0.000000E+00     ----       0.000000E+00     ----       0.000000E+00                             
               FZ       ----          ----       0.000000E+00  0.000000E+00  0.000000E+00     ----                                  
               MX       ----          ----          ----       0.000000E+00     ----          ----                                  
               MY       ----          ----          ----          ----       0.000000E+00     ----                                  
               MZ       ----          ----          ----          ----          ----       0.000000E+00                             
             TOTALS  0.000000E+00  0.000000E+00  0.000000E+00  0.000000E+00  0.000000E+00  0.000000E+00
1    MSC.NASTRAN JOB                                                         AUGUST  29, 2016  NX NASTRAN  1/24/13   PAGE    13
                                                                                                                                    
0                                                                                                                                   
0                                                  MAXIMUM  MPCFORCES       
  SUBCASE/
  DAREA ID        T1             T2             T3             R1             R2             R3
0        1   0.0000000E+00  0.0000000E+00  0.0000000E+00  0.0000000E+00  0.0000000E+00  0.0000000E+00
 *** USER INFORMATION MESSAGE 4114 (OUTPX2)
     DATA BLOCK OUGV1    WRITTEN ON FORTRAN UNIT 12, TRL =
                    101                 0               200                 0                 0                 0                 0
     (MAXIMUM POSSIBLE FORTRAN RECORD SIZE =    16386 WORDS.)
     (MAXIMUM SIZE OF FORTRAN RECORDS WRITTEN =      200 WORDS.)
     (NUMBER OF FORTRAN RECORDS WRITTEN =       24 RECORDS.)
     (TOTAL DATA WRITTEN FOR DATA BLOCK =      379 WORDS.)
1    MSC.NASTRAN JOB                                                         AUGUST  29, 2016  NX NASTRAN  1/24/13   PAGE    14
     DEFAULT                                                                                                                        
0                                                                                                            SUBCASE 1              
 
                                             D I S P L A C E M E N T   V E C T O R
 
      POINT ID.   TYPE          T1             T2             T3             R1             R2             R3
             1      G     -4.819460E-04  -1.261893E-03  -2.204191E-04  -3.182921E-04   1.776653E-05   3.220596E-04
             2      G     -8.059019E-04  -1.476461E-03  -4.958708E-04  -3.755844E-04   3.721935E-05   3.624754E-04
             3      G     -9.053067E-04  -1.446313E-03  -4.021533E-04  -3.713990E-04   1.621072E-04   3.486138E-04
             4      G     -5.433564E-04  -1.216221E-03  -1.036346E-04  -2.960373E-04   1.363572E-04   2.780879E-04
             5      G     -1.067920E-03  -1.980368E-03  -4.271268E-04   0.0            0.0            0.0
             6      G     -7.822129E-04  -1.834909E-03  -2.549110E-04   0.0            0.0            0.0
             7      G     -6.482553E-04  -1.774400E-03  -2.457908E-04   0.0            0.0            0.0
             8      G     -1.127089E-03  -1.984380E-03  -5.991635E-04   0.0            0.0            0.0
             9      G     -1.292052E-03  -2.530653E-03  -4.716256E-04   0.0            0.0            0.0
            10      G     -1.158696E-03  -2.241732E-03  -3.394543E-04   0.0            0.0            0.0
            11      G     -1.312037E-03  -2.703512E-03  -7.764423E-04   0.0            0.0            0.0
            12      G     -8.440579E-04  -2.303086E-03  -3.285654E-04   0.0            0.0            0.0
            13      G     -2.632421E-03   1.026346E-04   2.766774E-03   0.0            0.0            0.0
            14      G     -2.912687E-04  -7.476153E-04  -9.996870E-05  -3.229035E-04   8.130880E-05   3.078928E-04
            15      G     -3.038896E-04  -7.369649E-04  -5.394404E-05  -3.215982E-04   1.096340E-04   3.016954E-04
            16      G     -6.318453E-04  -8.824540E-04  -3.573296E-04  -3.409657E-04   1.149273E-04   3.216515E-04
            17      G     -6.201886E-04  -9.021683E-04  -3.917194E-04  -3.396786E-04   9.072279E-05   3.329407E-04
            18      G     -2.397891E-04  -2.883112E-04  -1.731565E-04  -3.046224E-04   7.993304E-05   2.909436E-04
            19      G     -2.527842E-04  -2.855327E-04  -1.628032E-04  -3.045555E-04   1.033949E-04   2.852194E-04
            20      G     -5.930692E-04  -4.161999E-04  -4.818330E-04  -3.405198E-04   1.163492E-04   3.221128E-04
            21      G     -5.859353E-04  -4.226676E-04  -4.902306E-04  -3.407496E-04   9.245867E-05   3.318089E-04
            22      G      0.0            0.0            0.0            0.0            0.0            0.0
            23      G      0.0            0.0            0.0            0.0            0.0            0.0
            24      G      0.0            0.0            0.0            0.0            0.0            0.0
            25      G      0.0            0.0            0.0            0.0            0.0            0.0
1    MSC.NASTRAN JOB                                                         AUGUST  29, 2016  NX NASTRAN  1/24/13   PAGE    15
                                                                                                                                    
0                                                                                                                                   
1    MSC.NASTRAN JOB                                                         AUGUST  29, 2016  NX NASTRAN  1/24/13   PAGE    16
     DEFAULT                                                                                                                        
0                                                                                                            SUBCASE 1              
 
                                          G R I D   P O I N T   F O R C E   B A L A N C E
 
   POINT-ID    ELEMENT-ID     SOURCE             T1             T2             T3             R1             R2             R3
          1             1    HEXA          -1.853641E+03  -5.677420E+02  -1.717349E+03   0.0            0.0            0.0
          1             6    QUAD4          8.959470E+02   2.835002E+02   8.005621E+02   5.765024E-01   1.945136E-01   5.216123E-01
          1            10    TRIA3          4.285577E+01   2.714036E+00   4.307680E+01  -7.629890E-01  -5.795029E-01  -5.874792E-01
          1            11    TRIA3          9.148378E+02   2.815278E+02   8.737098E+02   1.864867E-01   3.849893E-01   6.586692E-02
          1                  *TOTALS*      -6.821210E-13  -2.273737E-13   1.364242E-12  -4.385381E-14  -1.332268E-15  -6.150636E-14
0         2             1    HEXA          -1.710673E+03  -6.346014E+02  -1.577033E+03   0.0            0.0            0.0
          2             7    QUAD4          8.970406E+02   2.939714E+02   8.279797E+02   1.982282E-02   2.339738E-02   2.552122E-02
          2            10    TRIA3          8.136324E+02   3.406299E+02   7.490536E+02  -1.982282E-02  -2.339738E-02  -2.552122E-02
          2                  *TOTALS*       1.023182E-12   4.547474E-13  -1.705303E-12  -6.221759E-14  -3.552714E-14   1.207923E-13
0         3             1    HEXA          -1.799792E+03  -6.455779E+02  -1.746945E+03   0.0            0.0            0.0
          3             7    QUAD4          8.957434E+02   3.223954E+02   9.056238E+02  -1.633498E-03  -3.349340E-03   7.818017E-03
          3             8    TRIA3          9.040485E+02   3.231826E+02   8.413207E+02   1.633498E-03   3.349340E-03  -7.818017E-03
          3                  *TOTALS*      -1.250555E-12   1.875833E-12   1.250555E-12   5.018208E-14  -2.797762E-14  -3.153033E-14
0         4             1    HEXA          -1.706962E+03  -5.091012E+02  -1.625340E+03   0.0            0.0            0.0
          4             6    QUAD4          8.313896E+02   2.736887E+02   7.809760E+02   1.014240E-01   7.301118E-03   5.924191E-02
          4             8    TRIA3          7.265085E+00  -1.074818E+01   1.149550E+01   1.467764E-01   3.939998E-01   5.183293E-02
          4             9    TRIA3          8.683076E+02   2.461607E+02   8.328686E+02  -2.482004E-01  -4.013009E-01  -1.110748E-01
          4                  *TOTALS*       4.433787E-12  -8.526513E-14   3.410605E-13   6.783463E-14   1.110223E-15  -2.570166E-14
0         5             1    HEXA           1.683225E+03   5.893815E+02   1.429742E+03   0.0            0.0            0.0
          5             2    PENTA         -1.683225E+03  -5.893815E+02  -1.429742E+03   0.0            0.0            0.0
          5                  *TOTALS*       2.273737E-13  -4.320100E-12  -2.273737E-12   0.0            0.0            0.0
0         6             1    HEXA           1.604091E+03   1.182819E+03   1.956966E+03   0.0            0.0            0.0
          6             2    PENTA         -1.019101E+03  -8.163451E+02  -6.691418E+02   0.0            0.0            0.0
          6             3    PENTA         -5.849905E+02  -3.664740E+02  -1.287824E+03   0.0            0.0            0.0
          6                  *TOTALS*      -2.501110E-12  -8.014922E-12   6.821210E-13   0.0            0.0            0.0
0         7             1    HEXA           1.548230E+03   4.898404E+02   1.608118E+03   0.0            0.0            0.0
          7             3    PENTA         -1.548230E+03  -4.898404E+02  -1.608118E+03   0.0            0.0            0.0
          7                  *TOTALS*       2.955858E-12   3.524292E-12   6.366463E-12   0.0            0.0            0.0
0         8             1    HEXA           2.235522E+03   9.498165E+01   1.671841E+03   0.0            0.0            0.0
          8             2    PENTA         -1.334102E+03  -2.734224E+02  -5.269847E+02   0.0            0.0            0.0
          8             3    PENTA         -9.014196E+02   1.784407E+02  -1.144857E+03   0.0            0.0            0.0
          8                  *TOTALS*       9.094947E-13  -3.410605E-12  -2.273737E-13   0.0            0.0            0.0
0         9             2    PENTA          1.282776E+03   8.793508E+02  -3.715202E+02   0.0            0.0            0.0
          9             4    TETRA         -1.282776E+03  -8.793508E+02   3.715202E+02   0.0            0.0            0.0
          9                  *TOTALS*       0.0            5.002221E-12  -3.637979E-12   0.0            0.0            0.0
0        10             2    PENTA          1.552216E+03   1.050068E+02   1.416925E+03   0.0            0.0            0.0
         10             3    PENTA          1.722193E+03   2.796287E+02   1.174084E+03   0.0            0.0            0.0
         10             4    TETRA         -1.454823E+03  -7.874295E+00  -1.553861E+03   0.0            0.0            0.0
         10             5    TETRA         -1.819587E+03  -3.767612E+02  -1.037148E+03   0.0            0.0            0.0
         10                  *TOTALS*      -6.366463E-12  -2.103206E-12  -3.183231E-12   0.0            0.0            0.0
0        11             2    PENTA          1.201436E+03   6.947914E+02   1.580463E+03   0.0            0.0            0.0
1    MSC.NASTRAN JOB                                                         AUGUST  29, 2016  NX NASTRAN  1/24/13   PAGE    17
     DEFAULT                                                                                                                        
0                                                                                                            SUBCASE 1              
 
                                          G R I D   P O I N T   F O R C E   B A L A N C E
 
   POINT-ID    ELEMENT-ID     SOURCE             T1             T2             T3             R1             R2             R3
         11             3    PENTA          1.370841E+03   8.701938E+02   1.337953E+03   0.0            0.0            0.0
         11             4    TETRA         -1.104058E+03  -5.975970E+02  -1.717404E+03   0.0            0.0            0.0
         11             5    TETRA         -1.468219E+03  -9.673882E+02  -1.201012E+03   0.0            0.0            0.0
         11                  *TOTALS*      -3.637979E-12   6.821210E-12   6.821210E-12   0.0            0.0            0.0
0        12             3    PENTA         -5.839431E+01  -4.719489E+02   1.528762E+03   0.0            0.0            0.0
         12             5    TETRA          5.839431E+01   4.719489E+02  -1.528762E+03   0.0            0.0            0.0
         12                  *TOTALS*      -5.229595E-12   5.002221E-12  -5.456968E-12   0.0            0.0            0.0
0        13                  APP-LOAD       0.0            0.0            1.000000E+04   0.0            0.0            0.0
         13             4    TETRA          4.333221E+02   4.333221E+02  -4.999601E+03   0.0            0.0            0.0
         13             5    TETRA         -4.333221E+02  -4.333221E+02  -5.000399E+03   0.0            0.0            0.0
         13                  *TOTALS*       1.136868E-12  -4.547474E-13  -7.275958E-12   0.0            0.0            0.0
0        14             6    QUAD4         -7.724411E+02  -3.078279E+02  -8.693612E+02   4.219865E-01  -2.320953E-01  -6.403944E-01
         14            16    QUAD4          8.146743E+02   3.732418E+02   8.865823E+02  -7.103796E+00  -2.002010E+00  -5.670135E+00
         14            11    TRIA3         -9.328781E+02  -6.239587E+01  -9.707571E+02  -4.946099E-01  -2.089284E+00   2.146204E-01
         14            18    TRIA3          8.906449E+02  -3.018061E+00   9.535360E+02   7.176419E+00   4.323389E+00   6.095909E+00
         14                  *TOTALS*      -3.410605E-13   3.076650E-12   5.684342E-13   7.638334E-14   2.007283E-13  -6.412648E-13
0        15             6    QUAD4         -9.548955E+02  -2.493610E+02  -7.121768E+02   2.105950E-01  -4.171960E-01  -1.177279E+00
         15            16    QUAD4          8.717616E+02   3.076854E+02   6.459388E+02   2.203142E+00   1.198582E+00   3.435514E+00
         15             9    TRIA3         -8.998165E+02  -1.003680E+01  -9.512379E+02   6.827269E-02   7.924711E-01  -2.088004E-01
         15            20    TRIA3          9.829504E+02  -4.828761E+01   1.017476E+03  -2.482010E+00  -1.573857E+00  -2.049435E+00
         15                  *TOTALS*      -3.524292E-12  -1.826095E-12   1.136868E-13   6.705747E-13  -2.773337E-13   1.034728E-13
0        16             7    QUAD4         -1.003070E+03  -2.720977E+02  -7.595778E+02  -6.880559E-01   5.872880E-01   1.657404E+00
         16            17    QUAD4          1.029237E+03   2.324647E+02   7.483070E+02   1.513626E+01   4.227197E+00   1.200842E+01
         16             8    TRIA3         -9.113136E+02  -3.124344E+02  -8.528163E+02  -1.719403E-01   1.691192E+00  -7.678135E-01
         16             9    TRIA3          3.150892E+01  -2.361239E+02   1.183692E+02  -5.098099E-01   5.650792E-02  -5.733829E-01
         16            20    TRIA3          1.935625E+01   3.308348E+02  -5.654306E+01  -1.253681E+01  -5.567815E+00  -1.137190E+01
         16            21    TRIA3          8.342812E+02   2.573565E+02   8.022609E+02  -1.229643E+00  -9.943701E-01  -9.527336E-01
         16                  *TOTALS*       6.821210E-13  -2.273737E-13  -1.023182E-12   6.039613E-14   8.641976E-13   3.694822E-13
0        17             7    QUAD4         -7.897145E+02  -3.442691E+02  -9.740258E+02  -7.354794E-01   4.586012E-01   1.314387E+00
         17            17    QUAD4          8.575709E+02   3.981017E+02   1.044737E+03   2.826867E+00   2.537489E-01   6.968584E-01
         17            10    TRIA3         -8.564882E+02  -3.433440E+02  -7.921304E+02   1.116289E-01  -2.811049E+00   1.112863E+00
         17            11    TRIA3          1.804022E+01  -2.191320E+02   9.704733E+01   1.051552E-01  -1.964963E-01   1.688869E-01
         17            18    TRIA3          2.797513E+01   2.773001E+02  -7.762014E+01  -3.191857E+00   1.126749E-01  -3.463312E+00
         17            19    TRIA3          7.426164E+02   2.313433E+02   7.019922E+02   8.836861E-01   2.182521E+00   1.703175E-01
         17                  *TOTALS*      -5.570655E-12   1.165290E-11  -4.206413E-12  -9.090506E-13   4.263256E-13   2.206235E-12
0        18            12    BEAM           1.807220E+03   6.038634E+02   1.707984E+03   4.590939E+01  -1.356285E+01  -4.352209E+01
         18            16    QUAD4         -8.735892E+02  -3.563075E+02  -8.146091E+02  -5.190566E+01   1.315036E+01   3.715892E+01
         18            18    TRIA3         -9.186200E+02  -2.742821E+02  -8.759158E+02   3.636534E-01  -2.063732E+00   1.168521E+00
         18            19    TRIA3         -1.501120E+01   2.672623E+01  -1.745920E+01   5.632618E+00   2.476218E+00   5.194652E+00
         18                  *TOTALS*       6.821210E-13   1.904255E-12  -1.421085E-12  -2.842171E-14   5.684342E-14   2.629008E-13
0        19            13    BAR            1.819956E+03   6.051954E+02   1.711751E+03   4.596814E+01  -1.417073E+01  -4.362497E+01
         19            16    QUAD4         -8.128467E+02  -3.246196E+02  -7.179121E+02  -4.160118E+01   1.667135E+01   4.715514E+01
1    MSC.NASTRAN JOB                                                         AUGUST  29, 2016  NX NASTRAN  1/24/13   PAGE    18
     DEFAULT                                                                                                                        
0                                                                                                            SUBCASE 1              
 
                                          G R I D   P O I N T   F O R C E   B A L A N C E
 
   POINT-ID    ELEMENT-ID     SOURCE             T1             T2             T3             R1             R2             R3
         19            20    TRIA3         -1.002307E+03  -2.825472E+02  -9.609328E+02  -3.820926E+00   2.316141E+00  -4.784325E+00
         19            21    TRIA3         -4.802685E+00   1.971421E+00  -3.290577E+01  -5.460238E-01  -4.816754E+00   1.254152E+00
         19                  *TOTALS*      -1.364242E-12  -1.847411E-12   2.103206E-12   6.181722E-13  -2.486900E-14   1.989520E-13
0        20            17    QUAD4         -8.903361E+02  -3.139437E+02  -8.521017E+02   1.116194E+01   3.716103E+00   1.052606E+01
         20            14    ROD            1.719815E+03   5.732715E+02   1.621457E+03  -9.460101E-02  -3.153367E-02  -8.919069E-02
         20            21    TRIA3         -8.294786E+02  -2.593279E+02  -7.693551E+02  -1.106734E+01  -3.684570E+00  -1.043687E+01
         20                  *TOTALS*       6.707523E-12   7.617018E-12   2.728484E-12   7.105427E-15  -1.216804E-13  -2.788880E-13
0        21            17    QUAD4         -9.964715E+02  -3.166227E+02  -9.409420E+02   2.976441E+00   1.007720E+00   2.796724E+00
         21            15    ROD            1.724077E+03   5.746923E+02   1.625475E+03  -1.405097E-01  -4.683657E-02  -1.324738E-01
         21            19    TRIA3         -7.276052E+02  -2.580695E+02  -6.845331E+02  -2.835932E+00  -9.608832E-01  -2.664250E+00
         21                  *TOTALS*      -3.979039E-12  -3.410605E-13   4.661160E-12  -5.062617E-13   4.476419E-13  -8.348877E-13
0        22                  F-OF-SPC       1.807220E+03   6.038634E+02   1.707984E+03   4.590926E+01  -1.064925E+01  -4.455207E+01
         22            12    BEAM          -1.807220E+03  -6.038634E+02  -1.707984E+03  -4.590926E+01   1.064925E+01   4.455207E+01
         22                  *TOTALS*       0.0            0.0           -2.273737E-13   0.0           -1.776357E-15  -7.105427E-15
0        23                  F-OF-SPC       1.819956E+03   6.051954E+02   1.711751E+03   4.596827E+01  -1.708433E+01  -4.259499E+01
         23            13    BAR           -1.819956E+03  -6.051954E+02  -1.711751E+03  -4.596827E+01   1.708433E+01   4.259499E+01
         23                  *TOTALS*       0.0            0.0            0.0           -1.421085E-14   0.0           -7.105427E-15
0        24                  F-OF-SPC       1.719815E+03   5.732715E+02   1.621457E+03  -9.460101E-02  -3.153367E-02  -8.919069E-02
         24            14    ROD           -1.719815E+03  -5.732715E+02  -1.621457E+03   9.460101E-02   3.153367E-02   8.919069E-02
         24                  *TOTALS*       2.273737E-13  -1.136868E-13   0.0            8.881784E-16   1.110223E-16  -8.881784E-16
0        25                  F-OF-SPC       1.724077E+03   5.746923E+02   1.625475E+03  -1.405097E-01  -4.683657E-02  -1.324738E-01
         25            15    ROD           -1.724077E+03  -5.746923E+02  -1.625475E+03   1.405097E-01   4.683657E-02   1.324738E-01
         25                  *TOTALS*       0.0            0.0            0.0            0.0            0.0            0.0
1    MSC.NASTRAN JOB                                                         AUGUST  29, 2016  NX NASTRAN  1/24/13   PAGE    19
                                                                                                                                    
0                                                                                                                                   
 *** USER INFORMATION MESSAGE 4114 (OUTPX2)
     DATA BLOCK OGPFB1   WRITTEN ON FORTRAN UNIT 12, TRL =
                    101               106                 1                 0                 0                 3                 0
     (MAXIMUM POSSIBLE FORTRAN RECORD SIZE =    16386 WORDS.)
     (MAXIMUM SIZE OF FORTRAN RECORDS WRITTEN =     1060 WORDS.)
     (NUMBER OF FORTRAN RECORDS WRITTEN =       24 RECORDS.)
     (TOTAL DATA WRITTEN FOR DATA BLOCK =     1234 WORDS.)
 *** USER INFORMATION MESSAGE 4110 (OUTPX2)
                                 END-OF-DATA SIMULATION ON FORTRAN UNIT 12
                                 (MAXIMUM SIZE OF FORTRAN RECORDS WRITTEN =      1 WORDS.)
                                       (NUMBER OF FORTRAN RECORDS WRITTEN =      1 RECORDS.)
                                       (TOTAL DATA WRITTEN FOR EOF MARKER =      1 WORDS.)
1    MSC.NASTRAN JOB                                                         AUGUST  29, 2016  NX NASTRAN  1/24/13   PAGE    20
                                                                                                                                    
0                                                                                                                                   
 * * * *  D B D I C T   P R I N T  * * * *      SUBDMAP = PRTSUM  ,  DMAP STATEMENT NO.     29



0                                   * * * *  A N A L Y S I S  S U M M A R Y  T A B L E  * * * *
0 SEID  PEID PROJ VERS APRCH      SEMG SEMR SEKR SELG SELR MODES DYNRED SOLLIN PVALID SOLNL LOOPID DESIGN CYCLE SENSITIVITY
 --------------------------------------------------------------------------------------------------------------------------
     0     0    1    1 '        '    T    T    T    T    T     F      F      T      0     F     -1            0           F
0SEID = SUPERELEMENT ID.
 PEID = PRIMARY SUPERELEMENT ID OF IMAGE SUPERELEMENT.
 PROJ = PROJECT ID NUMBER.
 VERS = VERSION ID.
 APRCH = BLANK FOR STRUCTURAL ANALYSIS.  HEAT FOR HEAT TRANSFER ANALYSIS.
 SEMG = STIFFNESS AND MASS MATRIX GENERATION STEP.
 SEMR = MASS MATRIX REDUCTION STEP (INCLUDES EIGENVALUE SOLUTION FOR MODES).
 SEKR = STIFFNESS MATRIX REDUCTION STEP.
 SELG = LOAD MATRIX GENERATION STEP.
 SELR = LOAD MATRIX REDUCTION STEP. 
 MODES = T (TRUE) IF NORMAL MODES OR BUCKLING MODES CALCULATED.
 DYNRED = T (TRUE) MEANS GENERALIZED DYNAMIC AND/OR COMPONENT MODE REDUCTION PERFORMED.
 SOLLIN = T (TRUE) IF LINEAR SOLUTION EXISTS IN DATABASE.
 PVALID = P-DISTRIBUTION ID OF P-VALUE FOR P-ELEMENTS
 LOOPID = THE LAST LOOPID VALUE USED IN THE NONLINEAR ANALYSIS.  USEFUL FOR RESTARTS.
 SOLNL = T (TRUE) IF NONLINEAR SOLUTION EXISTS IN DATABASE.
 DESIGN CYCLE = THE LAST DESIGN CYCLE (ONLY VALID IN OPTIMIZATION).
 SENSITIVITY = SENSITIVITY MATRIX GENERATION FLAG.
1                                        * * * END OF JOB * * *
 
 
