1
 
 
 
 
                     THIS PROGRAM IS CONFIDENTIAL AND A TRADE SECRET OF MSC.SOFTWARE CORPORATION.  THE RECEIPT OR    
                  POSSESSION OF THIS PROGRAM DOES NOT CONVEY ANY RIGHTS TO REPRODUCE OR DISCLOSE ITS CONTENTS, OR TO 
                 MANUFACTURE, USE, OR SELL ANYTHING HEREIN, IN WHOLE OR IN PART, WITHOUT THE SPECIFIC WRITTEN CONSENT
                                                    OF MSC.SOFTWARE CORPORATION.                                     
 
 
                                              * * * * * * * * * * * * * * * * * * * *
                                              * * * * * * * * * * * * * * * * * * * *
                                              * *                                 * *
                                              * *           MSC.SOFTWARE          * *
                                              * *               CORP              * *
                                              * *                                 * *
                                              * *      M S C . N a s t r a n      * *
                                              * *                                 * *
                                              * *                                 * *
                                              * *                                 * *
                                              * *        Version 2005.1.0         * *
                                              * *             2005R2              * *
                                              * *                                 * *
                                              * *                                 * *
                                              * *          JUN 17, 2005           * *
                                              * *                                 * *
                                              * *              Intel              * *
                                              * *MODEL PentiumIII/1442 (sdoyle-de * *
                                              * *   Windows XP 6.1 (Build 7601)   * *
                                              * *                                 * *
                                              * *                                 * *
                                              * * * * * * * * * * * * * * * * * * * *
                                              * * * * * * * * * * * * * * * * * * * *
1News file - (6/03/05):
  
 Thank you for choosing MSC.Nastran, the industry standard in FEA, and Welcome
 to MSC.Nastran 2005 r2.
  
 You can find version-specific online documentation, and online technical support
 at:
  
    http://www.mscsoftware.com/support/prod_support/nastran/
  
 Also at the technical support location is a searchable list of technical
 application notes and the current error/avoidance list. Please don't hesitate
 to contact your nearest technical support representative if you require
 assistance.
  
    http://www.mscsoftware.com/about/locate/
  
 The arbitrary beam cross section, explicit nonlinear (SOL 700), and the new
 nonlinear (SOL 400) solution sequences, are regarded as pre-release capabilities
 and are still undergoing testing and verification.  These capabilities should
 not be employed in any analysis except for the purpose of testing and verifying
 the functionality and working of the capabilities themselves.
  
 MSC.Nastran 2005 r2 is mainly focused on improving quality, accuracy and
 ease-of-use, but also introduces new capabilities, some of which were made
 available as pre-release functionality in MSC.Nastran 2005 r1. In addition,
 significant advancements have been made regarding performance and scalability of
 the program.  Some of the new features and enhancements are listed below.
  
 Nonlinear
 - MSC.Nastran Implicit Nonlinear (SOL 600) - We have addressed many known
   issues, improved memory usage, improved output options, added beam, bar, and
   shell offsets, and thermal contact
 - MSC.Nastran Explicit Nonlinear (SOL 700) pre-release - you can now
   execute LS-Dyna from inside MSC.Nastran to perform crash and impact
   analyses
  
 Numeric Enhancements
 - Multi-level DMP - an enhanced Lanczos modal extraction methodology that
   improves scalability and efficiently handles large normal modes analyses with
   very frequency ranges
 - MDACMS enhanced robustness, improved handling of large masses, and improved
   performance
 - Distributed memory parallel MPYAD
  
 Elements
 - CFAST - a new fastener element based on user defined stiffness values.
 - Arbitrary beam cross section pre-release capability - you can specify cross
   section shapes using POINT entries, and optimize them in SOL 200
 - Enhanced nonstructural mass element summary printout - ELSUM
1- spatially dependent heat transfer coefficient
 - Heat transfer coefficient as a function of two variables
 - Thermal analysis flux output
  
 Optimization
 - MSC.Nastran Topology Optimization - this addition to the existing SOL 200
   optimization solution sequence allows optimization analyses to be performed
   that require many design variables
  
 Further Enhancements
 - Larger XDB database support
 - MATMOD option 16 - we have removed many previous limitations with this
   matrix output capability
1                                                                           OCTOBER  25, 2013  MSC.NASTRAN  6/17/05   PAGE     1
                                                                                                                                    
0        N A S T R A N    F I L E    A N D    S Y S T E M    P A R A M E T E R    E C H O                                           
0                                                                                                                                   
                                                                                                                                    
                                                                                                                                    
     NASTRAN OP2NEW=0 $ MSC.NASTRAN .LCL FILE                                        
     NASTRAN BUFFSIZE=8193 $(C:/MSC.SOFTWARE/MSC.NASTRAN/CONF/NAST20051.RCF[2])      
     NASTRAN REAL=2144075776 $(PROGRAM DEFAULT)                                      
     $EXECUTIVE CONTROL DECK                                                         
1                                                                           OCTOBER  25, 2013  MSC.NASTRAN  6/17/05   PAGE     2
                                                                                                                                    
0        N A S T R A N    E X E C U T I V E    C O N T R O L    E C H O                                                             
0                                                                                                                                   
                                                                                                                                    
                                                                                                                                    
     SOL 101                                                                                 
     CEND                                                                                    
1    PYNASTRAN TEST                                                         OCTOBER  25, 2013  MSC.NASTRAN  6/17/05   PAGE     3
                                                                                                                                    
0                                                                                                                                   
0                                        C A S E    C O N T R O L    E C H O                                                        
                 COMMAND                                                                                                            
                 COUNT                                                                                                              
                  1      $CASE CONTROL DECK                                                                      
                  2      TITLE = PYNASTRAN TEST                                                                  
                  3      SUBCASE 1                                                                               
                  4          SUBTITLE = P.561 10.2.4                                                             
                  5          LOAD = 123                                                                          
                  6          SPCFORCE(PLOT,PRINT)  = ALL                                                         
                  7          FORCE(PLOT,PRINT)  = ALL                                                            
                  8          DISP(PLOT,PRINT)   = ALL                                                            
                  9          STRESS(PLOT,PRINT) = ALL                                                            
                 10          STRAIN(PLOT,PRINT) = ALL                                                            
                 11      BEGIN BULK                                                                              
 *** USER WARNING MESSAGE 324 (XSORSO)
     BLANK ENTRIES ENCOUNTERED WILL BE IGNORED.
0                             INPUT BULK DATA ENTRY COUNT =      11
1    PYNASTRAN TEST                                                         OCTOBER  25, 2013  MSC.NASTRAN  6/17/05   PAGE     4
                                                                                                                                    
0                                                                                                                                   
0                                                 S O R T E D   B U L K   D A T A   E C H O                                         
                 ENTRY                                                                                                              
                 COUNT        .   1  ..   2  ..   3  ..   4  ..   5  ..   6  ..   7  ..   8  ..   9  ..  10  .                      
                    1-        CELAS2  1       3.      1       1       2       1               7.0             
                    2-        FORCE   123     2               1000.   3.      5.      0.                      
                    3-        GRID    1               0.      20.     0.              123                     
                    4-        GRID    2               40.     20.     0.              23                      
                              ENDDATA 
0                       TOTAL COUNT=         5


                                        M O D E L   S U M M A R Y

                                   NUMBER OF GRID     POINTS   =        2
 
                                   NUMBER OF CELAS2   ELEMENTS =        1
 
1    PYNASTRAN TEST                                                         OCTOBER  25, 2013  MSC.NASTRAN  6/17/05   PAGE     5
                                                                                                                                    
0                                                                                                                                   
 *** USER INFORMATION MESSAGE 7310 (VECPRN)
     ORIGIN OF SUPERELEMENT BASIC COORDINATE SYSTEM WILL BE USED AS REFERENCE LOCATION.
     RESULTANTS ABOUT ORIGIN OF SUPERELEMENT BASIC COORDINATE SYSTEM IN SUPERELEMENT BASIC SYSTEM COORDINATES.
0                                                  OLOAD    RESULTANT       
  SUBCASE/    LOAD
  DAREA ID    TYPE       T1            T2            T3            R1            R2            R3
0        1     FX    3.000000E+03     ----          ----          ----       0.000000E+00 -6.000000E+04                             
               FY       ----       5.000000E+03     ----       0.000000E+00     ----       2.000000E+05                             
               FZ       ----          ----       0.000000E+00  0.000000E+00  0.000000E+00     ----                                  
               MX       ----          ----          ----       0.000000E+00     ----          ----                                  
               MY       ----          ----          ----          ----       0.000000E+00     ----                                  
               MZ       ----          ----          ----          ----          ----       0.000000E+00                             
             TOTALS  3.000000E+03  5.000000E+03  0.000000E+00  0.000000E+00  0.000000E+00  1.400000E+05
1    PYNASTRAN TEST                                                         OCTOBER  25, 2013  MSC.NASTRAN  6/17/05   PAGE     6
                                                                                                                                    
0                                                                                                            SUBCASE 1              
0                                         G R I D   P O I N T   S I N G U L A R I T Y   T A B L E
0                             POINT    TYPE   FAILED      STIFFNESS       OLD USET           NEW USET
                               ID            DIRECTION      RATIO     EXCLUSIVE  UNION   EXCLUSIVE  UNION
                                1        G      4         0.00E+00          B        F         SB       SB   *
                                1        G      5         0.00E+00          B        F         SB       SB   *
                                1        G      6         0.00E+00          B        F         SB       SB   *
                                2        G      4         0.00E+00          B        F         SB       SB   *
                                2        G      5         0.00E+00          B        F         SB       SB   *
                                2        G      6         0.00E+00          B        F         SB       SB   *
1    PYNASTRAN TEST                                                         OCTOBER  25, 2013  MSC.NASTRAN  6/17/05   PAGE     7
                                                                                                                                    
0                                                                                                            SUBCASE 1              
  
 *** SYSTEM INFORMATION MESSAGE 4159 (DFMSA)
     THE DECOMPOSITION OF KLL      YIELDS A MAXIMUM MATRIX-TO-FACTOR-DIAGONAL RATIO OF    1.000000E+00
 *** USER INFORMATION MESSAGE 5293 (SSG3A)
    FOR DATA BLOCK KLL     
    LOAD SEQ. NO.             EPSILON              EXTERNAL WORK      EPSILONS LARGER THAN 0.001 ARE FLAGGED WITH ASTERISKS
                1          0.0000000E+00          1.5000000E+06
1    PYNASTRAN TEST                                                         OCTOBER  25, 2013  MSC.NASTRAN  6/17/05   PAGE     8
                                                                                                                                    
0                                                                                                                                   
 *** USER INFORMATION MESSAGE 7310 (VECPRN)
     ORIGIN OF SUPERELEMENT BASIC COORDINATE SYSTEM WILL BE USED AS REFERENCE LOCATION.
     RESULTANTS ABOUT ORIGIN OF SUPERELEMENT BASIC COORDINATE SYSTEM IN SUPERELEMENT BASIC SYSTEM COORDINATES.
0                                                  SPCFORCE RESULTANT       
  SUBCASE/    LOAD
  DAREA ID    TYPE       T1            T2            T3            R1            R2            R3
0        1     FX   -3.000000E+03     ----          ----          ----       0.000000E+00  6.000000E+04                             
               FY       ----      -5.000000E+03     ----       0.000000E+00     ----      -2.000000E+05                             
               FZ       ----          ----       0.000000E+00  0.000000E+00  0.000000E+00     ----                                  
               MX       ----          ----          ----       0.000000E+00     ----          ----                                  
               MY       ----          ----          ----          ----       0.000000E+00     ----                                  
               MZ       ----          ----          ----          ----          ----       0.000000E+00                             
             TOTALS -3.000000E+03 -5.000000E+03  0.000000E+00  0.000000E+00  0.000000E+00 -1.400000E+05
1    PYNASTRAN TEST                                                         OCTOBER  25, 2013  MSC.NASTRAN  6/17/05   PAGE     9
      P.561 10.2.4                                                                                                                  
0                                                                                                            SUBCASE 1              
 
                                             D I S P L A C E M E N T   V E C T O R
 
      POINT ID.   TYPE          T1             T2             T3             R1             R2             R3
             1      G      0.0            0.0            0.0            0.0            0.0            0.0
             2      G      1.000000E+03   0.0            0.0            0.0            0.0            0.0
1    PYNASTRAN TEST                                                         OCTOBER  25, 2013  MSC.NASTRAN  6/17/05   PAGE    10
      P.561 10.2.4                                                                                                                  
0                                                                                                            SUBCASE 1              
 
                               F O R C E S   O F   S I N G L E - P O I N T   C O N S T R A I N T
 
      POINT ID.   TYPE          T1             T2             T3             R1             R2             R3
             1      G     -3.000000E+03   0.0            0.0            0.0            0.0            0.0
             2      G      0.0           -5.000000E+03   0.0            0.0            0.0            0.0
1    PYNASTRAN TEST                                                         OCTOBER  25, 2013  MSC.NASTRAN  6/17/05   PAGE    11
                                                                                                                                    
0                                                                                                                                   
1    PYNASTRAN TEST                                                         OCTOBER  25, 2013  MSC.NASTRAN  6/17/05   PAGE    12
      P.561 10.2.4                                                                                                                  
0                                                                                                            SUBCASE 1              
 
                              F O R C E S   I N   S C A L A R   S P R I N G S        ( C E L A S 2 )
      ELEMENT         FORCE            ELEMENT         FORCE            ELEMENT         FORCE            ELEMENT         FORCE
        ID.                              ID.                              ID.                              ID.
            1     -3.000000E+03
1    PYNASTRAN TEST                                                         OCTOBER  25, 2013  MSC.NASTRAN  6/17/05   PAGE    13
      P.561 10.2.4                                                                                                                  
0                                                                                                            SUBCASE 1              
 
                               S T R A I N S    I N   S C A L A R   S P R I N G S        ( C E L A S 2 )
      ELEMENT         STRAIN           ELEMENT         STRAIN           ELEMENT         STRAIN           ELEMENT         STRAIN
        ID.                              ID.                              ID.                              ID.
            1     -7.000000E+03
1    PYNASTRAN TEST                                                         OCTOBER  25, 2013  MSC.NASTRAN  6/17/05   PAGE    14
                                                                                                                                    
0                                                                                                                                   
1    PYNASTRAN TEST                                                         OCTOBER  25, 2013  MSC.NASTRAN  6/17/05   PAGE    15
      P.561 10.2.4                                                                                                                  
0                                                                                                            SUBCASE 1              
 
                              S T R E S S E S   I N   S C A L A R   S P R I N G S        ( C E L A S 2 )
      ELEMENT         STRESS           ELEMENT         STRESS           ELEMENT         STRESS           ELEMENT         STRESS
        ID.                              ID.                              ID.                              ID.
            1     -2.100000E+04
1    PYNASTRAN TEST                                                         OCTOBER  25, 2013  MSC.NASTRAN  6/17/05   PAGE    16
                                                                                                                                    
0                                                                                                                                   
1    PYNASTRAN TEST                                                         OCTOBER  25, 2013  MSC.NASTRAN  6/17/05   PAGE    17
                                                                                                                                    
0                                                                                                                                   
 * * * *  D B D I C T   P R I N T  * * * *      SUBDMAP = PRTSUM  ,  DMAP STATEMENT NO.     30



0                                   * * * *  A N A L Y S I S  S U M M A R Y  T A B L E  * * * *
0 SEID  PEID PROJ VERS APRCH      SEMG SEMR SEKR SELG SELR MODES DYNRED SOLLIN PVALID SOLNL LOOPID DESIGN CYCLE SENSITIVITY
 --------------------------------------------------------------------------------------------------------------------------
     0     0    1    1 '        '    T    T    T    T    T     F      F      T      0     F     -1            0           F
0SEID = SUPERELEMENT ID.
 PEID = PRIMARY SUPERELEMENT ID OF IMAGE SUPERELEMENT.
 PROJ = PROJECT ID NUMBER.
 VERS = VERSION ID.
 APRCH = BLANK FOR STRUCTURAL ANALYSIS.  HEAT FOR HEAT TRANSFER ANALYSIS.
 SEMG = STIFFNESS AND MASS MATRIX GENERATION STEP.
 SEMR = MASS MATRIX REDUCTION STEP (INCLUDES EIGENVALUE SOLUTION FOR MODES).
 SEKR = STIFFNESS MATRIX REDUCTION STEP.
 SELG = LOAD MATRIX GENERATION STEP.
 SELR = LOAD MATRIX REDUCTION STEP. 
 MODES = T (TRUE) IF NORMAL MODES OR BUCKLING MODES CALCULATED.
 DYNRED = T (TRUE) MEANS GENERALIZED DYNAMIC AND/OR COMPONENT MODE REDUCTION PERFORMED.
 SOLLIN = T (TRUE) IF LINEAR SOLUTION EXISTS IN DATABASE.
 PVALID = P-DISTRIBUTION ID OF P-VALUE FOR P-ELEMENTS
 LOOPID = THE LAST LOOPID VALUE USED IN THE NONLINEAR ANALYSIS.  USEFUL FOR RESTARTS.
 SOLNL = T (TRUE) IF NONLINEAR SOLUTION EXISTS IN DATABASE.
 DESIGN CYCLE = THE LAST DESIGN CYCLE (ONLY VALID IN OPTIMIZATION).
 SENSITIVITY = SENSITIVITY MATRIX GENERATION FLAG.
 
 No PARAM values were set in the Control File.
 
1                                        * * * END OF JOB * * *
 
 
