                                                                                                                                    
0                                                                                                                                   
0                                                       FLUTTER  SUMMARY
                         CONFIGURATION = AEROSG2D     XY-SYMMETRY = ASYMMETRIC     XZ-SYMMETRY = ASYMMETRIC
       POINT =   27     METHOD = PKNL


    KFREQ          1./KFREQ       DENSITY     MACH NO.      VELOCITY       DAMPING     FREQUENCY      COMPLEX   EIGENVALUE
   0.8548       1.16987E+00   1.44900E-11   1.00000E-01   0.08158E+02  -1.13007E-06   3.56452E+01  -1.26548E-04   2.23966E+02
   0.7977       1.25368E+00   4.24200E-11   1.00000E-01   0.15907E+02  -3.60742E-06   3.56453E+01  -4.03970E-04   2.23966E+02
   0.7743       1.29149E+00   8.45700E-11   1.00000E-01   0.19403E+02  -7.42232E-06   3.56454E+01  -8.31176E-04   2.23966E+02
   0.7759       1.28881E+00   1.46300E-10   1.00000E-01   0.19155E+02  -1.25521E-05   3.56455E+01  -1.40563E-03   2.23967E+02
   0.7906       1.26486E+00   2.32800E-10   1.00000E-01   0.16941E+02  -1.89459E-05   3.56456E+01  -2.12164E-03   2.23968E+02
   0.8029       1.24547E+00   3.41400E-10   1.00000E-01   0.15149E+02  -2.64105E-05   3.56458E+01  -2.95756E-03   2.23969E+02
   0.8135       1.22921E+00   4.72600E-10   1.00000E-01   0.13647E+02  -3.47786E-05   3.56459E+01  -3.89469E-03   2.23970E+02
   0.8229       1.21525E+00   6.27200E-10   1.00000E-01   0.12356E+02  -4.39120E-05   3.56461E+01  -4.91751E-03   2.23971E+02
   0.8312       1.20303E+00   8.05600E-10   1.00000E-01   0.11227E+02  -5.36625E-05   3.56463E+01  -6.00946E-03   2.23972E+02
   0.8388       1.19217E+00   1.00830E-09   1.00000E-01   0.10224E+02  -6.39130E-05   3.56465E+01  -7.15742E-03   2.23974E+02
   0.8457       1.18241E+00   1.23580E-09   1.00000E-01   0.09322E+02  -7.45739E-05   3.56468E+01  -8.35136E-03   2.23975E+02
   0.8521       1.17356E+00   1.48860E-09   1.00000E-01   0.08504E+02  -8.55838E-05   3.56470E+01  -9.58439E-03   2.23977E+02
   0.8580       1.16546E+00   1.76690E-09   1.00000E-01   0.07756E+02  -9.68963E-05   3.56473E+01  -1.08513E-02   2.23978E+02
   0.8636       1.15800E+00   2.07110E-09   1.00000E-01   0.07067E+02  -1.08500E-04   3.56475E+01  -1.21509E-02   2.23980E+02
   0.8687       1.15109E+00   2.40160E-09   1.00000E-01   0.06429E+02  -1.20404E-04   3.56477E+01  -1.34841E-02   2.23981E+02
   0.8736       1.14466E+00   2.75870E-09   1.00000E-01   0.05836E+02  -1.32629E-04   3.56480E+01  -1.48533E-02   2.23983E+02
   0.8782       1.13865E+00   3.14270E-09   1.00000E-01   0.05280E+02  -1.45209E-04   3.56483E+01  -1.62622E-02   2.23985E+02
   0.8826       1.13300E+00   3.55380E-09   1.00000E-01   0.04759E+02  -1.58181E-04   3.56485E+01  -1.77151E-02   2.23986E+02
   0.8845       1.13060E+00   3.97190E-09   1.00000E-01   0.04538E+02  -1.71173E-04   3.56487E+01  -1.91704E-02   2.23988E+02
   0.8845       1.13059E+00   4.39640E-09   1.00000E-01   0.04538E+02  -1.84243E-04   3.56490E+01  -2.06342E-02   2.23989E+02
   0.8845       1.13058E+00   4.84250E-09   1.00000E-01   0.04538E+02  -1.97756E-04   3.56492E+01  -2.21478E-02   2.23991E+02
   0.8845       1.13057E+00   5.31010E-09   1.00000E-01   0.04538E+02  -2.11758E-04   3.56495E+01  -2.37160E-02   2.23992E+02
   0.8845       1.13057E+00   5.79920E-09   1.00000E-01   0.04538E+02  -2.26291E-04   3.56497E+01  -2.53439E-02   2.23994E+02
   0.8845       1.13056E+00   6.31000E-09   1.00000E-01   0.04538E+02  -2.41406E-04   3.56500E+01  -2.70369E-02   2.23995E+02
   0.8845       1.13055E+00   6.84220E-09   1.00000E-01   0.04538E+02  -2.57133E-04   3.56502E+01  -2.87985E-02   2.23997E+02
   0.8845       1.13054E+00   7.39600E-09   1.00000E-01   0.04538E+02  -2.73517E-04   3.56505E+01  -3.06336E-02   2.23998E+02
   0.8845       1.13054E+00   7.97140E-09   1.00000E-01   0.04538E+02  -2.90591E-04   3.56507E+01  -3.25462E-02   2.24000E+02
   0.8845       1.13053E+00   8.56830E-09   1.00000E-01   0.04538E+02  -3.08386E-04   3.56510E+01  -3.45395E-02   2.24002E+02
   0.8845       1.13052E+00   9.18670E-09   1.00000E-01   0.04538E+02  -3.26931E-04   3.56512E+01  -3.66168E-02   2.24003E+02
   0.8846       1.13051E+00   9.82670E-09   1.00000E-01   0.04538E+02  -3.46254E-04   3.56515E+01  -3.87814E-02   2.24005E+02
   0.8846       1.13050E+00   1.04880E-08   1.00000E-01   0.04538E+02  -3.66368E-04   3.56518E+01  -4.10345E-02   2.24007E+02
   0.8846       1.13049E+00   1.11710E-08   1.00000E-01   0.04538E+02  -3.87302E-04   3.56521E+01  -4.33795E-02   2.24009E+02
   0.8846       1.13048E+00   1.18760E-08   1.00000E-01   0.04538E+02  -4.09076E-04   3.56524E+01  -4.58187E-02   2.24010E+02
   0.8846       1.13047E+00   1.26020E-08   1.00000E-01   0.04538E+02  -4.31665E-04   3.56527E+01  -4.83491E-02   2.24012E+02
   0.8846       1.13046E+00   1.33500E-08   1.00000E-01   0.04538E+02  -4.55094E-04   3.56530E+01  -5.09739E-02   2.24014E+02
   0.8846       1.13045E+00   1.41190E-08   1.00000E-01   0.04538E+02  -4.79322E-04   3.56534E+01  -5.36880E-02   2.24017E+02
   0.8846       1.13044E+00   1.49100E-08   1.00000E-01   0.04538E+02  -5.04353E-04   3.56537E+01  -5.64924E-02   2.24019E+02
   0.8846       1.13043E+00   1.57230E-08   1.00000E-01   0.04538E+02  -5.30152E-04   3.56541E+01  -5.93827E-02   2.24021E+02
   0.8846       1.13041E+00   1.65560E-08   1.00000E-01   0.04538E+02  -5.56602E-04   3.56545E+01  -6.23461E-02   2.24024E+02
   0.8846       1.13040E+00   1.74120E-08   1.00000E-01   0.04538E+02  -5.83726E-04   3.56550E+01  -6.53852E-02   2.24027E+02
   0.8847       1.13038E+00   1.82890E-08   1.00000E-01   0.04538E+02  -6.11370E-04   3.56555E+01  -6.84826E-02   2.24030E+02
   0.8847       1.13037E+00   1.91880E-08   1.00000E-01   0.04538E+02  -6.39449E-04   3.56560E+01  -7.16289E-02   2.24033E+02
   0.8847       1.13035E+00   2.01080E-08   1.00000E-01   0.04538E+02  -6.67790E-04   3.56565E+01  -7.48047E-02   2.24037E+02
   0.8847       1.13033E+00   2.10490E-08   1.00000E-01   0.04538E+02  -6.96220E-04   3.56571E+01  -7.79907E-02   2.24040E+02
   0.8847       1.13031E+00   2.20130E-08   1.00000E-01   0.04538E+02  -7.24593E-04   3.56578E+01  -8.11705E-02   2.24044E+02
   0.8847       1.13029E+00   2.29970E-08   1.00000E-01   0.04538E+02  -7.52580E-04   3.56585E+01  -8.43074E-02   2.24049E+02
   0.8847       1.13027E+00   2.40040E-08   1.00000E-01   0.04538E+02  -7.79988E-04   3.56592E+01  -8.73795E-02   2.24053E+02
   0.8848       1.13024E+00   2.50320E-08   1.00000E-01   0.04538E+02  -8.06444E-04   3.56600E+01  -9.03453E-02   2.24058E+02
   0.8848       1.13021E+00   2.60810E-08   1.00000E-01   0.04538E+02  -8.31596E-04   3.56608E+01  -9.31652E-02   2.24064E+02
   0.8848       1.13019E+00   2.71520E-08   1.00000E-01   0.04538E+02  -8.55079E-04   3.56617E+01  -9.57984E-02   2.24069E+02
   0.8848       1.13016E+00   2.82450E-08   1.00000E-01   0.04538E+02  -8.76471E-04   3.56627E+01  -9.81977E-02   2.24075E+02
   0.8849       1.13012E+00   2.93590E-08   1.00000E-01   0.04538E+02  -8.95313E-04   3.56637E+01  -1.00311E-01   2.24081E+02
   0.8849       1.13009E+00   3.04940E-08   1.00000E-01   0.04538E+02  -9.11161E-04   3.56647E+01  -1.02090E-01   2.24088E+02
   0.8849       1.13006E+00   3.16510E-08   1.00000E-01   0.04538E+02  -9.23586E-04   3.56658E+01  -1.03485E-01   2.24095E+02
   0.8849       1.13002E+00   3.28300E-08   1.00000E-01   0.04538E+02  -9.32164E-04   3.56669E+01  -1.04450E-01   2.24102E+02
   0.8850       1.12999E+00   3.40300E-08   1.00000E-01   0.04538E+02  -9.36511E-04   3.56681E+01  -1.04940E-01   2.24109E+02
   0.8829       1.13265E+00   3.50840E-08   1.00000E-01   0.04788E+02  -9.36181E-04   3.56692E+01  -1.04907E-01   2.24116E+02
   0.8800       1.13636E+00   3.60820E-08   1.00000E-01   0.05134E+02  -9.31109E-04   3.56704E+01  -1.04342E-01   2.24124E+02
   0.8772       1.14002E+00   3.70910E-08   1.00000E-01   0.05476E+02  -9.21134E-04   3.56716E+01  -1.03228E-01   2.24131E+02
   0.8744       1.14363E+00   3.81110E-08   1.00000E-01   0.05814E+02  -9.06115E-04   3.56728E+01  -1.01548E-01   2.24139E+02
   0.8717       1.14719E+00   3.91410E-08   1.00000E-01   0.06146E+02  -8.86030E-04   3.56740E+01  -9.93001E-02   2.24146E+02
   0.8690       1.15070E+00   4.01820E-08   1.00000E-01   0.06475E+02  -8.60947E-04   3.56751E+01  -9.64921E-02   2.24153E+02
   0.8664       1.15417E+00   4.12330E-08   1.00000E-01   0.06799E+02  -8.31075E-04   3.56762E+01  -9.31470E-02   2.24160E+02
   0.8639       1.15759E+00   4.22940E-08   1.00000E-01   0.07119E+02  -7.96722E-04   3.56773E+01  -8.92993E-02   2.24167E+02
   0.8613       1.16097E+00   4.33660E-08   1.00000E-01   0.07435E+02  -7.58255E-04   3.56783E+01  -8.49903E-02   2.24173E+02
   0.8589       1.16431E+00   4.44470E-08   1.00000E-01   0.07747E+02  -7.16207E-04   3.56792E+01  -8.02793E-02   2.24179E+02
   0.8564       1.16762E+00   4.55390E-08   1.00000E-01   0.08055E+02  -6.71051E-04   3.56801E+01  -7.52196E-02   2.24184E+02
   0.8541       1.17088E+00   4.66410E-08   1.00000E-01   0.08360E+02  -6.23376E-04   3.56809E+01  -6.98771E-02   2.24189E+02
   0.8517       1.17411E+00   4.77540E-08   1.00000E-01   0.08661E+02  -5.73729E-04   3.56816E+01  -6.43133E-02   2.24194E+02
   0.8494       1.17731E+00   4.88760E-08   1.00000E-01   0.08958E+02  -5.22757E-04   3.56822E+01  -5.86004E-02   2.24198E+02
   0.8471       1.18047E+00   5.00080E-08   1.00000E-01   0.09252E+02  -4.70974E-04   3.56827E+01  -5.27965E-02   2.24201E+02
   0.8449       1.18359E+00   5.11500E-08   1.00000E-01   0.09543E+02  -4.18901E-04   3.56832E+01  -4.69596E-02   2.24204E+02
   0.8427       1.18669E+00   5.23020E-08   1.00000E-01   0.09831E+02  -3.67012E-04   3.56836E+01  -4.11432E-02   2.24206E+02
   0.8405       1.18975E+00   5.34630E-08   1.00000E-01   0.10115E+02  -3.15764E-04   3.56839E+01  -3.53984E-02   2.24208E+02
   0.8384       1.19278E+00   5.46340E-08   1.00000E-01   0.10396E+02  -2.65483E-04   3.56841E+01  -2.97620E-02   2.24210E+02
   0.8363       1.19578E+00   5.58150E-08   1.00000E-01   0.10674E+02  -2.16491E-04   3.56843E+01  -2.42698E-02   2.24211E+02
   0.8342       1.19875E+00   5.70060E-08   1.00000E-01   0.10950E+02  -1.69039E-04   3.56844E+01  -1.89503E-02   2.24212E+02
   0.8322       1.20169E+00   5.82060E-08   1.00000E-01   0.11222E+02  -1.23360E-04   3.56845E+01  -1.38295E-02   2.24212E+02
   0.8301       1.20460E+00   5.94160E-08   1.00000E-01   0.11492E+02  -7.95881E-05   3.56845E+01  -8.92232E-03   2.24212E+02
   0.8282       1.20749E+00   6.06350E-08   1.00000E-01   0.11759E+02  -3.78534E-05   3.56845E+01  -4.24360E-03   2.24212E+02
   0.8262       1.21034E+00   6.18640E-08   1.00000E-01   0.12023E+02   1.79594E-06   3.56845E+01   2.01335E-04   2.24212E+02
   0.8243       1.21317E+00   6.31020E-08   1.00000E-01   0.12284E+02   3.92990E-05   3.56844E+01   4.40565E-03   2.24212E+02
   0.8224       1.21597E+00   6.43500E-08   1.00000E-01   0.12544E+02   7.46825E-05   3.56843E+01   8.37231E-03   2.24211E+02
   0.8205       1.21875E+00   6.56060E-08   1.00000E-01   0.12800E+02   1.07918E-04   3.56841E+01   1.20982E-02   2.24210E+02
   0.8187       1.22150E+00   6.68720E-08   1.00000E-01   0.13054E+02   1.39089E-04   3.56840E+01   1.55925E-02   2.24209E+02
   0.8168       1.22422E+00   6.81480E-08   1.00000E-01   0.13306E+02   1.68253E-04   3.56838E+01   1.88618E-02   2.24208E+02
   0.8150       1.22692E+00   6.94320E-08   1.00000E-01   0.13555E+02   1.95451E-04   3.56836E+01   2.19107E-02   2.24207E+02
   0.8133       1.22960E+00   7.07260E-08   1.00000E-01   0.13802E+02   2.20792E-04   3.56835E+01   2.47515E-02   2.24206E+02
   0.8115       1.23225E+00   7.20280E-08   1.00000E-01   0.14047E+02   2.44336E-04   3.56833E+01   2.73906E-02   2.24205E+02
   0.8098       1.23488E+00   7.33400E-08   1.00000E-01   0.14289E+02   2.66197E-04   3.56831E+01   2.98411E-02   2.24203E+02
   0.8081       1.23748E+00   7.46610E-08   1.00000E-01   0.14530E+02   2.86457E-04   3.56829E+01   3.21121E-02   2.24202E+02
   0.8064       1.24006E+00   7.59910E-08   1.00000E-01   0.14768E+02   3.05201E-04   3.56827E+01   3.42131E-02   2.24201E+02
   0.8048       1.24262E+00   7.73300E-08   1.00000E-01   0.15004E+02   3.22520E-04   3.56825E+01   3.61544E-02   2.24200E+02
   0.8031       1.24515E+00   7.86770E-08   1.00000E-01   0.15238E+02   3.38493E-04   3.56823E+01   3.79448E-02   2.24198E+02
   0.8015       1.24767E+00   8.00340E-08   1.00000E-01   0.15470E+02   3.53215E-04   3.56821E+01   3.95948E-02   2.24197E+02
   0.7999       1.25016E+00   8.13990E-08   1.00000E-01   0.15700E+02   3.66748E-04   3.56819E+01   4.11117E-02   2.24196E+02
   0.7983       1.25263E+00   8.27740E-08   1.00000E-01   0.15928E+02   3.79179E-04   3.56817E+01   4.25049E-02   2.24195E+02
   0.7968       1.25509E+00   8.41570E-08   1.00000E-01   0.16155E+02   3.90562E-04   3.56815E+01   4.37807E-02   2.24194E+02
   0.7952       1.25752E+00   8.55490E-08   1.00000E-01   0.16379E+02   4.00968E-04   3.56813E+01   4.49469E-02   2.24192E+02
   0.7937       1.25993E+00   8.69490E-08   1.00000E-01   0.16602E+02   4.10447E-04   3.56811E+01   4.60093E-02   2.24191E+02
   0.7922       1.26232E+00   8.83580E-08   1.00000E-01   0.16822E+02   4.19059E-04   3.56810E+01   4.69745E-02   2.24190E+02
   0.7907       1.26469E+00   8.97760E-08   1.00000E-01   0.17041E+02   4.26853E-04   3.56808E+01   4.78479E-02   2.24189E+02
   0.7892       1.26705E+00   9.12030E-08   1.00000E-01   0.17259E+02   4.33877E-04   3.56806E+01   4.86350E-02   2.24188E+02
   0.7878       1.26939E+00   9.26380E-08   1.00000E-01   0.17475E+02   4.40167E-04   3.56805E+01   4.93399E-02   2.24187E+02
   0.7863       1.27170E+00   9.40810E-08   1.00000E-01   0.17689E+02   4.45766E-04   3.56803E+01   4.99672E-02   2.24186E+02
   0.7849       1.27400E+00   9.55330E-08   1.00000E-01   0.17901E+02   4.50708E-04   3.56802E+01   5.05210E-02   2.24185E+02
   0.7835       1.27628E+00   9.69940E-08   1.00000E-01   0.18111E+02   4.55027E-04   3.56800E+01   5.10049E-02   2.24184E+02
   0.7821       1.27855E+00   9.84630E-08   1.00000E-01   0.18321E+02   4.58752E-04   3.56799E+01   5.14223E-02   2.24183E+02
   0.7808       1.28080E+00   9.99400E-08   1.00000E-01   0.18528E+02   4.61914E-04   3.56797E+01   5.17765E-02   2.24182E+02
   0.7794       1.28303E+00   1.01430E-07   1.00000E-01   0.18734E+02   4.64533E-04   3.56796E+01   5.20698E-02   2.24182E+02
   0.7781       1.28524E+00   1.02920E-07   1.00000E-01   0.18939E+02   4.66643E-04   3.56795E+01   5.23062E-02   2.24181E+02
   0.7767       1.28744E+00   1.04420E-07   1.00000E-01   0.19142E+02   4.68262E-04   3.56793E+01   5.24874E-02   2.24180E+02
   0.7754       1.28962E+00   1.05930E-07   1.00000E-01   0.19343E+02   4.69405E-04   3.56792E+01   5.26154E-02   2.24179E+02
   0.7741       1.29179E+00   1.07450E-07   1.00000E-01   0.19544E+02   4.70095E-04   3.56791E+01   5.26926E-02   2.24178E+02
   0.7728       1.29394E+00   1.08980E-07   1.00000E-01   0.19742E+02   4.70346E-04   3.56790E+01   5.27205E-02   2.24178E+02
   0.7716       1.29608E+00   1.10520E-07   1.00000E-01   0.19940E+02   4.70174E-04   3.56789E+01   5.27010E-02   2.24177E+02
   0.7703       1.29820E+00   1.12060E-07   1.00000E-01   0.20135E+02   4.69617E-04   3.56788E+01   5.26385E-02   2.24176E+02
   0.7690       1.30031E+00   1.13610E-07   1.00000E-01   0.20330E+02   4.68668E-04   3.56787E+01   5.25320E-02   2.24176E+02
   0.7678       1.30240E+00   1.15170E-07   1.00000E-01   0.20523E+02   4.67342E-04   3.56785E+01   5.23832E-02   2.24175E+02
   0.7666       1.30448E+00   1.16740E-07   1.00000E-01   0.20715E+02   4.65648E-04   3.56784E+01   5.21931E-02   2.24174E+02
   0.7654       1.30654E+00   1.18320E-07   1.00000E-01   0.20906E+02   4.63599E-04   3.56784E+01   5.19633E-02   2.24174E+02
   0.7642       1.30859E+00   1.19900E-07   1.00000E-01   0.21095E+02   4.61236E-04   3.56783E+01   5.16983E-02   2.24173E+02
   0.7630       1.31063E+00   1.21490E-07   1.00000E-01   0.21284E+02   4.58540E-04   3.56782E+01   5.13960E-02   2.24173E+02
   0.7618       1.31265E+00   1.23100E-07   1.00000E-01   0.21470E+02   4.55486E-04   3.56781E+01   5.10536E-02   2.24172E+02
   0.7607       1.31466E+00   1.24700E-07   1.00000E-01   0.21656E+02   4.52186E-04   3.56780E+01   5.06835E-02   2.24171E+02
   0.7595       1.31666E+00   1.26320E-07   1.00000E-01   0.21841E+02   4.48544E-04   3.56779E+01   5.02753E-02   2.24171E+02
   0.7584       1.31864E+00   1.27940E-07   1.00000E-01   0.22024E+02   4.44642E-04   3.56778E+01   4.98377E-02   2.24170E+02
   0.7572       1.32062E+00   1.29580E-07   1.00000E-01   0.22206E+02   4.40409E-04   3.56777E+01   4.93632E-02   2.24170E+02
   0.7561       1.32258E+00   1.31220E-07   1.00000E-01   0.22387E+02   4.35933E-04   3.56776E+01   4.88614E-02   2.24169E+02
   0.7550       1.32452E+00   1.32870E-07   1.00000E-01   0.22567E+02   4.31180E-04   3.56776E+01   4.83285E-02   2.24169E+02
   0.7539       1.32646E+00   1.34520E-07   1.00000E-01   0.22746E+02   4.26197E-04   3.56775E+01   4.77699E-02   2.24168E+02
   0.7528       1.32838E+00   1.36190E-07   1.00000E-01   0.22924E+02   4.20910E-04   3.56774E+01   4.71773E-02   2.24168E+02
   0.7517       1.33029E+00   1.37860E-07   1.00000E-01   0.23100E+02   4.15408E-04   3.56773E+01   4.65605E-02   2.24167E+02
   0.7506       1.33219E+00   1.39540E-07   1.00000E-01   0.23276E+02   4.09654E-04   3.56773E+01   4.59155E-02   2.24167E+02
   0.7496       1.33408E+00   1.41220E-07   1.00000E-01   0.23450E+02   4.03700E-04   3.56772E+01   4.52480E-02   2.24166E+02
   0.7485       1.33596E+00   1.42920E-07   1.00000E-01   0.23624E+02   3.97460E-04   3.56771E+01   4.45485E-02   2.24166E+02
   0.7475       1.33782E+00   1.44620E-07   1.00000E-01   0.23796E+02   3.91030E-04   3.56770E+01   4.38277E-02   2.24165E+02
   0.7464       1.33968E+00   1.46330E-07   1.00000E-01   0.23967E+02   3.84370E-04   3.56770E+01   4.30812E-02   2.24165E+02
   0.7454       1.34152E+00   1.48050E-07   1.00000E-01   0.24138E+02   3.77484E-04   3.56769E+01   4.23092E-02   2.24165E+02
   0.7444       1.34335E+00   1.49780E-07   1.00000E-01   0.24307E+02   3.70377E-04   3.56768E+01   4.15126E-02   2.24164E+02
   0.7434       1.34518E+00   1.51510E-07   1.00000E-01   0.24475E+02   3.63103E-04   3.56767E+01   4.06972E-02   2.24164E+02
   0.7424       1.34699E+00   1.53250E-07   1.00000E-01   0.24643E+02   3.55618E-04   3.56767E+01   3.98582E-02   2.24163E+02
   0.7414       1.34879E+00   1.55000E-07   1.00000E-01   0.24810E+02   3.47926E-04   3.56766E+01   3.89960E-02   2.24163E+02
   0.7404       1.35058E+00   1.56760E-07   1.00000E-01   0.24975E+02   3.40030E-04   3.56765E+01   3.81109E-02   2.24162E+02
   0.7394       1.35236E+00   1.58520E-07   1.00000E-01   0.25140E+02   3.31989E-04   3.56765E+01   3.72096E-02   2.24162E+02
   0.7385       1.35414E+00   1.60290E-07   1.00000E-01   0.25303E+02   3.23753E-04   3.56764E+01   3.62865E-02   2.24161E+02
   0.7375       1.35590E+00   1.62070E-07   1.00000E-01   0.25466E+02   3.15328E-04   3.56763E+01   3.53421E-02   2.24161E+02
   0.7366       1.35765E+00   1.63860E-07   1.00000E-01   0.25628E+02   3.06718E-04   3.56762E+01   3.43770E-02   2.24160E+02
   0.7356       1.35940E+00   1.65650E-07   1.00000E-01   0.25789E+02   2.97980E-04   3.56761E+01   3.33976E-02   2.24160E+02
   0.7347       1.36113E+00   1.67450E-07   1.00000E-01   0.25949E+02   2.89066E-04   3.56761E+01   3.23984E-02   2.24159E+02
   0.7338       1.36285E+00   1.69260E-07   1.00000E-01   0.26109E+02   2.79979E-04   3.56760E+01   3.13799E-02   2.24159E+02
   0.7328       1.36457E+00   1.71080E-07   1.00000E-01   0.26267E+02   2.70724E-04   3.56759E+01   3.03425E-02   2.24158E+02
   0.7319       1.36628E+00   1.72900E-07   1.00000E-01   0.26425E+02   2.61360E-04   3.56758E+01   2.92930E-02   2.24158E+02
   0.7310       1.36797E+00   1.74730E-07   1.00000E-01   0.26581E+02   2.51837E-04   3.56757E+01   2.82255E-02   2.24157E+02
   0.7301       1.36966E+00   1.76570E-07   1.00000E-01   0.26737E+02   2.42158E-04   3.56756E+01   2.71406E-02   2.24157E+02
   0.7292       1.37134E+00   1.78410E-07   1.00000E-01   0.26893E+02   2.32384E-04   3.56755E+01   2.60452E-02   2.24156E+02
   0.7283       1.37301E+00   1.80270E-07   1.00000E-01   0.27047E+02   2.22407E-04   3.56755E+01   2.49268E-02   2.24155E+02
   0.7274       1.37468E+00   1.82130E-07   1.00000E-01   0.27200E+02   2.12343E-04   3.56754E+01   2.37989E-02   2.24155E+02
   0.7266       1.37633E+00   1.83990E-07   1.00000E-01   0.27353E+02   2.02199E-04   3.56753E+01   2.26618E-02   2.24154E+02
   0.7257       1.37798E+00   1.85870E-07   1.00000E-01   0.27505E+02   1.91862E-04   3.56752E+01   2.15033E-02   2.24154E+02
   0.7248       1.37962E+00   1.87750E-07   1.00000E-01   0.27656E+02   1.81453E-04   3.56751E+01   2.03366E-02   2.24153E+02
   0.7240       1.38125E+00   1.89640E-07   1.00000E-01   0.27807E+02   1.70918E-04   3.56749E+01   1.91558E-02   2.24152E+02
   0.7231       1.38287E+00   1.91540E-07   1.00000E-01   0.27957E+02   1.60261E-04   3.56748E+01   1.79614E-02   2.24152E+02
   0.7223       1.38448E+00   1.93440E-07   1.00000E-01   0.28106E+02   1.49544E-04   3.56747E+01   1.67602E-02   2.24151E+02
   0.7215       1.38609E+00   1.95350E-07   1.00000E-01   0.28254E+02   1.38713E-04   3.56746E+01   1.55463E-02   2.24150E+02
   0.7206       1.38769E+00   1.97270E-07   1.00000E-01   0.28401E+02   1.27772E-04   3.56745E+01   1.43200E-02   2.24149E+02
   0.7198       1.38928E+00   1.99200E-07   1.00000E-01   0.28548E+02   1.16725E-04   3.56744E+01   1.30819E-02   2.24149E+02
   0.7190       1.39086E+00   2.01130E-07   1.00000E-01   0.28694E+02   1.05633E-04   3.56742E+01   1.18387E-02   2.24148E+02
   0.7182       1.39244E+00   2.03070E-07   1.00000E-01   0.28840E+02   9.44419E-05   3.56741E+01   1.05844E-02   2.24147E+02
   0.7174       1.39401E+00   2.05010E-07   1.00000E-01   0.28984E+02   8.32133E-05   3.56740E+01   9.32598E-03   2.24146E+02
   0.7166       1.39557E+00   2.06970E-07   1.00000E-01   0.29128E+02   7.18342E-05   3.56738E+01   8.05065E-03   2.24145E+02
   0.7158       1.39713E+00   2.08930E-07   1.00000E-01   0.29272E+02   6.04235E-05   3.56737E+01   6.77179E-03   2.24144E+02
   0.7150       1.39867E+00   2.10900E-07   1.00000E-01   0.29414E+02   4.89261E-05   3.56736E+01   5.48323E-03   2.24144E+02
   0.7142       1.40021E+00   2.12870E-07   1.00000E-01   0.29556E+02   3.74023E-05   3.56734E+01   4.19173E-03   2.24143E+02
   0.7134       1.40175E+00   2.14850E-07   1.00000E-01   0.29698E+02   2.57966E-05   3.56732E+01   2.89104E-03   2.24142E+02
   0.7126       1.40327E+00   2.16840E-07   1.00000E-01   0.29838E+02   1.41108E-05   3.56731E+01   1.58140E-03   2.24141E+02
   0.7118       1.40479E+00   2.18840E-07   1.00000E-01   0.29978E+02   2.34676E-06   3.56729E+01   2.63001E-04   2.24140E+02
   0.7111       1.40631E+00   2.20840E-07   1.00000E-01   0.30118E+02  -9.43701E-06   3.56728E+01  -1.05760E-03   2.24139E+02
   0.7103       1.40781E+00   2.22850E-07   1.00000E-01   0.30256E+02  -2.12971E-05   3.56726E+01  -2.38674E-03   2.24137E+02
   0.7096       1.40931E+00   2.24870E-07   1.00000E-01   0.30395E+02  -3.32327E-05   3.56724E+01  -3.72433E-03   2.24136E+02
   0.7088       1.41081E+00   2.26890E-07   1.00000E-01   0.30532E+02  -4.51876E-05   3.56722E+01  -5.06407E-03   2.24135E+02
   0.7081       1.41230E+00   2.28920E-07   1.00000E-01   0.30669E+02  -5.72186E-05   3.56720E+01  -6.41232E-03   2.24134E+02
   0.7073       1.41378E+00   2.30960E-07   1.00000E-01   0.30805E+02  -6.93270E-05   3.56718E+01  -7.76923E-03   2.24133E+02
   0.7066       1.41525E+00   2.33010E-07   1.00000E-01   0.30941E+02  -8.15142E-05   3.56716E+01  -9.13495E-03   2.24132E+02
   0.7059       1.41672E+00   2.35060E-07   1.00000E-01   0.31076E+02  -9.37264E-05   3.56714E+01  -1.05035E-02   2.24130E+02
   0.7051       1.41818E+00   2.37120E-07   1.00000E-01   0.31211E+02  -1.06023E-04   3.56712E+01  -1.18814E-02   2.24129E+02
   0.7044       1.41964E+00   2.39180E-07   1.00000E-01   0.31345E+02  -1.18351E-04   3.56710E+01  -1.32629E-02   2.24128E+02
   0.7037       1.42109E+00   2.41250E-07   1.00000E-01   0.31478E+02  -1.30772E-04   3.56708E+01  -1.46547E-02   2.24126E+02
   0.7030       1.42253E+00   2.43330E-07   1.00000E-01   0.31611E+02  -1.43290E-04   3.56706E+01  -1.60574E-02   2.24125E+02
   0.7023       1.42397E+00   2.45420E-07   1.00000E-01   0.31743E+02  -1.55912E-04   3.56703E+01  -1.74718E-02   2.24123E+02
   0.7016       1.42540E+00   2.47510E-07   1.00000E-01   0.31875E+02  -1.68590E-04   3.56701E+01  -1.88923E-02   2.24122E+02
   0.7009       1.42683E+00   2.49610E-07   1.00000E-01   0.32006E+02  -1.81385E-04   3.56699E+01  -2.03261E-02   2.24120E+02
   1.1063       9.03905E-01   2.51720E-07   1.00000E-01   0.32136E+02  -4.51655E-03   5.63611E+01  -7.99717E-01   3.54127E+02
   0.6623       1.50978E+00   2.53830E-07   1.00000E-01   0.32266E+02   1.07738E-01   3.37767E+01   1.14324E+01   2.12225E+02
   0.1901       5.26143E+00   2.55950E-07   1.00000E-01   0.32396E+02  -1.26643E-01   9.70174E+00  -3.85995E+00   6.09579E+01
   1.0836       9.22891E-01   2.58070E-07   1.00000E-01   0.32525E+02  -2.67920E-03   5.53639E+01  -4.65996E-01   3.47862E+02
   1.4872       6.72385E-01   2.60210E-07   1.00000E-01   0.32653E+02  -3.61580E-01   7.60640E+01  -8.64038E+01   4.77924E+02
   1.1793       8.47935E-01   2.62350E-07   1.00000E-01   0.32781E+02  -3.82718E-03   6.03744E+01  -7.25909E-01   3.79344E+02
   0.0596       1.67889E+01   2.64490E-07   1.00000E-01   0.32908E+02  -1.93783E+00   3.05217E+00  -1.85812E+01   1.91773E+01
   1.3567       7.37058E-01   2.66650E-07   1.00000E-01   0.33035E+02  -1.30637E-03   6.95896E+01  -2.85602E-01   4.37245E+02
1                                                                         SEPTEMBER  18, 2025  SIMCENTER NASTRAN  8/25/23   PAGE    42
                                                                                                                                    
0                                                                                                                                   
 *** USER INFORMATION MESSAGE 4114 (OUTPBN2)
     DATA BLOCK OVG      WRITTEN ON FORTRAN UNIT  12, TRL =
                    101                 1                 0                 0                 0                 0                 0
     (MAXIMUM POSSIBLE FORTRAN RECORD SIZE =    65538 WORDS.)
     (MAXIMUM SIZE OF FORTRAN RECORDS WRITTEN =      146 WORDS.)
     (NUMBER OF FORTRAN RECORDS WRITTEN =   166844 RECORDS.)
     (TOTAL DATA WRITTEN FOR DATA BLOCK =  2635936 WORDS.)
 *** USER INFORMATION MESSAGE 4110 (OUTPBN2)
                                 END-OF-DATA SIMULATION ON FORTRAN UNIT 12
                                 (MAXIMUM SIZE OF FORTRAN RECORDS WRITTEN =      1 WORDS.)
                                       (NUMBER OF FORTRAN RECORDS WRITTEN =      1 RECORDS.)
                                       (TOTAL DATA WRITTEN FOR EOF MARKER =      1 WORDS.)
1                                                                         SEPTEMBER  18, 2025  SIMCENTER NASTRAN  8/25/23   PAGE    98
                                                                                                                                    
0                                                                                                                                   
 * * * *  D B D I C T   P R I N T  * * * *      SUBDMAP = PRTSUM  ,  DMAP STATEMENT NO.     28



0                                   * * * *  A N A L Y S I S  S U M M A R Y  T A B L E  * * * *
0 SEID  PEID PROJ VERS APRCH      SEMG SEMR SEKR SELG SELR MODES DYNRED SOLLIN PVALID SOLNL LOOPID DESIGN CYCLE SENSITIVITY
 --------------------------------------------------------------------------------------------------------------------------
     0     0    1    1 '        '    T    T    T    F    F     T      F      T      0     F     -1            0           F
0SEID = SUPERELEMENT ID.
 PEID = PRIMARY SUPERELEMENT ID OF IMAGE SUPERELEMENT.
 PROJ = PROJECT ID NUMBER.
 VERS = VERSION ID.
 APRCH = BLANK FOR STRUCTURAL ANALYSIS.  HEAT FOR HEAT TRANSFER ANALYSIS.
 SEMG = STIFFNESS AND MASS MATRIX GENERATION STEP.
 SEMR = MASS MATRIX REDUCTION STEP (INCLUDES EIGENVALUE SOLUTION FOR MODES).
 SEKR = STIFFNESS MATRIX REDUCTION STEP.
 SELG = LOAD MATRIX GENERATION STEP.
 SELR = LOAD MATRIX REDUCTION STEP. 
 MODES = T (TRUE) IF NORMAL MODES OR BUCKLING MODES CALCULATED.
 DYNRED = T (TRUE) MEANS GENERALIZED DYNAMIC AND/OR COMPONENT MODE REDUCTION PERFORMED.
 SOLLIN = T (TRUE) IF LINEAR SOLUTION EXISTS IN DATABASE.
 PVALID = P-DISTRIBUTION ID OF P-VALUE FOR P-ELEMENTS
 LOOPID = THE LAST LOOPID VALUE USED IN THE NONLINEAR ANALYSIS.  USEFUL FOR RESTARTS.
 SOLNL = T (TRUE) IF NONLINEAR SOLUTION EXISTS IN DATABASE.
 DESIGN CYCLE = THE LAST DESIGN CYCLE (ONLY VALID IN OPTIMIZATION).
 SENSITIVITY = SENSITIVITY MATRIX GENERATION FLAG.
1                                        * * * END OF JOB * * *
